[2m2020-04-16 12:13:08.393[0;39m [32m INFO [vt.qlkdtt-yte-ws,,,][0;39m [35m7400[0;39m [2m---[0;39m [2m[  restartedMain][0;39m [36m.e.DevToolsPropertyDefaultsPostProcessor[0;39m [2m:[0;39m Devtools property defaults active! Set 'spring.devtools.add-properties' to 'false' to disable
[2m2020-04-16 12:13:09.054[0;39m [32m INFO [vt.qlkdtt-yte-ws,,,][0;39m [35m7400[0;39m [2m---[0;39m [2m[  restartedMain][0;39m [36mvt.qlkdtt.yte.Application               [0;39m [2m:[0;39m No active profile set, falling back to default profiles: default
[2m2020-04-16 12:13:11.172[0;39m [32m INFO [vt.qlkdtt-yte-ws,,,][0;39m [35m7400[0;39m [2m---[0;39m [2m[  restartedMain][0;39m [36m.s.d.r.c.RepositoryConfigurationDelegate[0;39m [2m:[0;39m Bootstrapping Spring Data JPA repositories in DEFAULT mode.
[2m2020-04-16 12:13:11.272[0;39m [32m INFO [vt.qlkdtt-yte-ws,,,][0;39m [35m7400[0;39m [2m---[0;39m [2m[  restartedMain][0;39m [36m.s.d.r.c.RepositoryConfigurationDelegate[0;39m [2m:[0;39m Finished Spring Data repository scanning in 93ms. Found 2 JPA repository interfaces.
[2m2020-04-16 12:13:11.861[0;39m [32m INFO [vt.qlkdtt-yte-ws,,,][0;39m [35m7400[0;39m [2m---[0;39m [2m[  restartedMain][0;39m [36mo.s.cloud.context.scope.GenericScope    [0;39m [2m:[0;39m BeanFactory id=5e655e68-d9de-3b5f-b302-5d5e6abd33c6
[2m2020-04-16 12:13:12.199[0;39m [32m INFO [vt.qlkdtt-yte-ws,,,][0;39m [35m7400[0;39m [2m---[0;39m [2m[  restartedMain][0;39m [36mtrationDelegate$BeanPostProcessorChecker[0;39m [2m:[0;39m Bean 'org.springframework.transaction.annotation.ProxyTransactionManagementConfiguration' of type [org.springframework.transaction.annotation.ProxyTransactionManagementConfiguration$$EnhancerBySpringCGLIB$$a96770c1] is not eligible for getting processed by all BeanPostProcessors (for example: not eligible for auto-proxying)
[2m2020-04-16 12:13:12.260[0;39m [32m INFO [vt.qlkdtt-yte-ws,,,][0;39m [35m7400[0;39m [2m---[0;39m [2m[  restartedMain][0;39m [36mtrationDelegate$BeanPostProcessorChecker[0;39m [2m:[0;39m Bean 'org.springframework.hateoas.config.HateoasConfiguration' of type [org.springframework.hateoas.config.HateoasConfiguration$$EnhancerBySpringCGLIB$$28e7bdf3] is not eligible for getting processed by all BeanPostProcessors (for example: not eligible for auto-proxying)
[2m2020-04-16 12:13:13.488[0;39m [32m INFO [vt.qlkdtt-yte-ws,,,][0;39m [35m7400[0;39m [2m---[0;39m [2m[  restartedMain][0;39m [36mo.s.b.w.embedded.tomcat.TomcatWebServer [0;39m [2m:[0;39m Tomcat initialized with port(s): 8998 (http)
[2m2020-04-16 12:13:13.523[0;39m [32m INFO [vt.qlkdtt-yte-ws,,,][0;39m [35m7400[0;39m [2m---[0;39m [2m[  restartedMain][0;39m [36mo.apache.catalina.core.StandardService  [0;39m [2m:[0;39m Starting service [Tomcat]
[2m2020-04-16 12:13:13.523[0;39m [32m INFO [vt.qlkdtt-yte-ws,,,][0;39m [35m7400[0;39m [2m---[0;39m [2m[  restartedMain][0;39m [36morg.apache.catalina.core.StandardEngine [0;39m [2m:[0;39m Starting Servlet engine: [Apache Tomcat/9.0.30]
[2m2020-04-16 12:13:13.698[0;39m [32m INFO [vt.qlkdtt-yte-ws,,,][0;39m [35m7400[0;39m [2m---[0;39m [2m[  restartedMain][0;39m [36mo.a.c.c.C.[Tomcat].[localhost].[/]      [0;39m [2m:[0;39m Initializing Spring embedded WebApplicationContext
[2m2020-04-16 12:13:13.699[0;39m [32m INFO [vt.qlkdtt-yte-ws,,,][0;39m [35m7400[0;39m [2m---[0;39m [2m[  restartedMain][0;39m [36mo.s.web.context.ContextLoader           [0;39m [2m:[0;39m Root WebApplicationContext: initialization completed in 4630 ms
[2m2020-04-16 12:13:16.473[0;39m [32mDEBUG [vt.qlkdtt-yte-ws,,,][0;39m [35m7400[0;39m [2m---[0;39m [2m[  restartedMain][0;39m [36mme.coong.web.filter.WebTracingFilter    [0;39m [2m:[0;39m Filter 'webTracingFilter' configured for use
[2m2020-04-16 12:13:16.672[0;39m [32m INFO [vt.qlkdtt-yte-ws,,,][0;39m [35m7400[0;39m [2m---[0;39m [2m[  restartedMain][0;39m [36mcom.zaxxer.hikari.HikariDataSource      [0;39m [2m:[0;39m HikariPool-1 - Starting...
[2m2020-04-16 12:13:16.899[0;39m [32m INFO [vt.qlkdtt-yte-ws,,,][0;39m [35m7400[0;39m [2m---[0;39m [2m[  restartedMain][0;39m [36mcom.zaxxer.hikari.HikariDataSource      [0;39m [2m:[0;39m HikariPool-1 - Start completed.
[2m2020-04-16 12:13:16.996[0;39m [32m INFO [vt.qlkdtt-yte-ws,,,][0;39m [35m7400[0;39m [2m---[0;39m [2m[  restartedMain][0;39m [36mo.hibernate.jpa.internal.util.LogHelper [0;39m [2m:[0;39m HHH000204: Processing PersistenceUnitInfo [
	name: default
	...]
[2m2020-04-16 12:13:17.078[0;39m [32m INFO [vt.qlkdtt-yte-ws,,,][0;39m [35m7400[0;39m [2m---[0;39m [2m[  restartedMain][0;39m [36morg.hibernate.Version                   [0;39m [2m:[0;39m HHH000412: Hibernate Core {5.3.15.Final}
[2m2020-04-16 12:13:17.080[0;39m [32m INFO [vt.qlkdtt-yte-ws,,,][0;39m [35m7400[0;39m [2m---[0;39m [2m[  restartedMain][0;39m [36morg.hibernate.cfg.Environment           [0;39m [2m:[0;39m HHH000206: hibernate.properties not found
[2m2020-04-16 12:13:17.234[0;39m [32m INFO [vt.qlkdtt-yte-ws,,,][0;39m [35m7400[0;39m [2m---[0;39m [2m[  restartedMain][0;39m [36mo.hibernate.annotations.common.Version  [0;39m [2m:[0;39m HCANN000001: Hibernate Commons Annotations {5.0.4.Final}
[2m2020-04-16 12:13:17.421[0;39m [32m INFO [vt.qlkdtt-yte-ws,,,][0;39m [35m7400[0;39m [2m---[0;39m [2m[  restartedMain][0;39m [36morg.hibernate.dialect.Dialect           [0;39m [2m:[0;39m HHH000400: Using dialect: org.hibernate.dialect.MariaDB103Dialect
[2m2020-04-16 12:13:18.381[0;39m [32m INFO [vt.qlkdtt-yte-ws,,,][0;39m [35m7400[0;39m [2m---[0;39m [2m[  restartedMain][0;39m [36mj.LocalContainerEntityManagerFactoryBean[0;39m [2m:[0;39m Initialized JPA EntityManagerFactory for persistence unit 'default'
[2m2020-04-16 12:13:18.593[0;39m [32m INFO [vt.qlkdtt-yte-ws,,,][0;39m [35m7400[0;39m [2m---[0;39m [2m[  restartedMain][0;39m [36mo.s.b.d.a.OptionalLiveReloadServer      [0;39m [2m:[0;39m LiveReload server is running on port 35729
[2m2020-04-16 12:13:19.262[0;39m [32m INFO [vt.qlkdtt-yte-ws,,,][0;39m [35m7400[0;39m [2m---[0;39m [2m[  restartedMain][0;39m [36mo.h.h.i.QueryTranslatorFactoryInitiator [0;39m [2m:[0;39m HHH000397: Using ASTQueryTranslatorFactory
[2m2020-04-16 12:13:21.130[0;39m [32m INFO [vt.qlkdtt-yte-ws,,,][0;39m [35m7400[0;39m [2m---[0;39m [2m[  restartedMain][0;39m [36mo.s.b.a.e.web.EndpointLinksResolver     [0;39m [2m:[0;39m Exposing 17 endpoint(s) beneath base path '/actuator'
[2m2020-04-16 12:13:21.720[0;39m [32m INFO [vt.qlkdtt-yte-ws,,,][0;39m [35m7400[0;39m [2m---[0;39m [2m[  restartedMain][0;39m [36mpertySourcedRequestMappingHandlerMapping[0;39m [2m:[0;39m Mapped URL path [/v2/api-docs] onto method [public org.springframework.http.ResponseEntity<springfox.documentation.spring.web.json.Json> springfox.documentation.swagger2.web.Swagger2Controller.getDocumentation(java.lang.String,javax.servlet.http.HttpServletRequest)]
[2m2020-04-16 12:13:22.255[0;39m [32m INFO [vt.qlkdtt-yte-ws,,,][0;39m [35m7400[0;39m [2m---[0;39m [2m[  restartedMain][0;39m [36mo.s.s.concurrent.ThreadPoolTaskExecutor [0;39m [2m:[0;39m Initializing ExecutorService 'applicationTaskExecutor'
[2m2020-04-16 12:13:24.424[0;39m [32m INFO [vt.qlkdtt-yte-ws,,,][0;39m [35m7400[0;39m [2m---[0;39m [2m[  restartedMain][0;39m [36md.s.w.p.DocumentationPluginsBootstrapper[0;39m [2m:[0;39m Context refreshed
[2m2020-04-16 12:13:24.448[0;39m [32m INFO [vt.qlkdtt-yte-ws,,,][0;39m [35m7400[0;39m [2m---[0;39m [2m[  restartedMain][0;39m [36md.s.w.p.DocumentationPluginsBootstrapper[0;39m [2m:[0;39m Found 1 custom documentation plugin(s)
[2m2020-04-16 12:13:24.503[0;39m [32m INFO [vt.qlkdtt-yte-ws,,,][0;39m [35m7400[0;39m [2m---[0;39m [2m[  restartedMain][0;39m [36ms.d.s.w.s.ApiListingReferenceScanner    [0;39m [2m:[0;39m Scanning for api listing references
[2m2020-04-16 12:13:24.823[0;39m [32m INFO [vt.qlkdtt-yte-ws,,,][0;39m [35m7400[0;39m [2m---[0;39m [2m[  restartedMain][0;39m [36mo.s.b.w.embedded.tomcat.TomcatWebServer [0;39m [2m:[0;39m Tomcat started on port(s): 8998 (http) with context path ''
[2m2020-04-16 12:13:25.043[0;39m [32m INFO [vt.qlkdtt-yte-ws,,,][0;39m [35m7400[0;39m [2m---[0;39m [2m[  restartedMain][0;39m [36mvt.qlkdtt.yte.Application               [0;39m [2m:[0;39m Started Application in 17.756 seconds (JVM running for 19.714)
[2m2020-04-16 12:13:25.377[0;39m [32m INFO [vt.qlkdtt-yte-ws,,,][0;39m [35m7400[0;39m [2m---[0;39m [2m[n(5)-10.61.5.80][0;39m [36mo.a.c.c.C.[Tomcat].[localhost].[/]      [0;39m [2m:[0;39m Initializing Spring DispatcherServlet 'dispatcherServlet'
[2m2020-04-16 12:13:25.379[0;39m [32m INFO [vt.qlkdtt-yte-ws,,,][0;39m [35m7400[0;39m [2m---[0;39m [2m[n(5)-10.61.5.80][0;39m [36mo.s.web.servlet.DispatcherServlet       [0;39m [2m:[0;39m Initializing Servlet 'dispatcherServlet'
[2m2020-04-16 12:13:25.421[0;39m [32m INFO [vt.qlkdtt-yte-ws,,,][0;39m [35m7400[0;39m [2m---[0;39m [2m[n(5)-10.61.5.80][0;39m [36mo.s.web.servlet.DispatcherServlet       [0;39m [2m:[0;39m Completed initialization in 42 ms
[2m2020-04-16 13:58:59.176[0;39m [32mDEBUG [vt.qlkdtt-yte-ws,dfc081990ffe46b6,dfc081990ffe46b6,false][0;39m [35m7400[0;39m [2m---[0;39m [2m[nio-8998-exec-1][0;39m [36mme.coong.web.filter.WebTracingFilter    [0;39m [2m:[0;39m GET /
[2m2020-04-16 13:58:59.329[0;39m [32mDEBUG [vt.qlkdtt-yte-ws,dfc081990ffe46b6,dfc081990ffe46b6,false][0;39m [35m7400[0;39m [2m---[0;39m [2m[nio-8998-exec-1][0;39m [36mme.coong.web.filter.WebTracingFilter    [0;39m [2m:[0;39m 200//153 ms
[2m2020-04-16 13:59:10.111[0;39m [32mDEBUG [vt.qlkdtt-yte-ws,806946715ba71e2f,806946715ba71e2f,false][0;39m [35m7400[0;39m [2m---[0;39m [2m[nio-8998-exec-4][0;39m [36mme.coong.web.filter.WebTracingFilter    [0;39m [2m:[0;39m GET /swagger-ui.html
[2m2020-04-16 13:59:10.158[0;39m [32mDEBUG [vt.qlkdtt-yte-ws,806946715ba71e2f,806946715ba71e2f,false][0;39m [35m7400[0;39m [2m---[0;39m [2m[nio-8998-exec-4][0;39m [36mme.coong.web.filter.WebTracingFilter    [0;39m [2m:[0;39m 200//47 ms
[2m2020-04-16 13:59:10.799[0;39m [32mDEBUG [vt.qlkdtt-yte-ws,18fd4fc8a699a7e7,18fd4fc8a699a7e7,false][0;39m [35m7400[0;39m [2m---[0;39m [2m[nio-8998-exec-8][0;39m [36mme.coong.web.filter.WebTracingFilter    [0;39m [2m:[0;39m GET /swagger-ui.html
[2m2020-04-16 13:59:10.818[0;39m [32mDEBUG [vt.qlkdtt-yte-ws,18fd4fc8a699a7e7,18fd4fc8a699a7e7,false][0;39m [35m7400[0;39m [2m---[0;39m [2m[nio-8998-exec-8][0;39m [36mme.coong.web.filter.WebTracingFilter    [0;39m [2m:[0;39m 200//20 ms
[2m2020-04-16 13:59:12.325[0;39m [32mDEBUG [vt.qlkdtt-yte-ws,4250db3b845704f8,4250db3b845704f8,false][0;39m [35m7400[0;39m [2m---[0;39m [2m[nio-8998-exec-2][0;39m [36mme.coong.web.filter.WebTracingFilter    [0;39m [2m:[0;39m GET /swagger-resources
[2m2020-04-16 13:59:12.338[0;39m [32mDEBUG [vt.qlkdtt-yte-ws,4250db3b845704f8,4250db3b845704f8,false][0;39m [35m7400[0;39m [2m---[0;39m [2m[nio-8998-exec-2][0;39m [36mme.coong.web.filter.WebTracingFilter    [0;39m [2m:[0;39m 200//12 ms
[2m2020-04-16 13:59:12.441[0;39m [32mDEBUG [vt.qlkdtt-yte-ws,813538e2bce05406,813538e2bce05406,false][0;39m [35m7400[0;39m [2m---[0;39m [2m[nio-8998-exec-4][0;39m [36mme.coong.web.filter.WebTracingFilter    [0;39m [2m:[0;39m GET /v2/api-docs
[2m2020-04-16 13:59:12.442[0;39m [32mDEBUG [vt.qlkdtt-yte-ws,051bfe21f98be353,051bfe21f98be353,false][0;39m [35m7400[0;39m [2m---[0;39m [2m[nio-8998-exec-8][0;39m [36mme.coong.web.filter.WebTracingFilter    [0;39m [2m:[0;39m GET /
[2m2020-04-16 13:59:12.451[0;39m [32mDEBUG [vt.qlkdtt-yte-ws,051bfe21f98be353,051bfe21f98be353,false][0;39m [35m7400[0;39m [2m---[0;39m [2m[nio-8998-exec-8][0;39m [36mme.coong.web.filter.WebTracingFilter    [0;39m [2m:[0;39m 200//9 ms
[2m2020-04-16 13:59:12.657[0;39m [32mDEBUG [vt.qlkdtt-yte-ws,813538e2bce05406,813538e2bce05406,false][0;39m [35m7400[0;39m [2m---[0;39m [2m[nio-8998-exec-4][0;39m [36mme.coong.web.filter.WebTracingFilter    [0;39m [2m:[0;39m 200//216 ms
[2m2020-04-16 13:59:12.855[0;39m [32mDEBUG [vt.qlkdtt-yte-ws,e78bd47fc1b74e2f,e78bd47fc1b74e2f,false][0;39m [35m7400[0;39m [2m---[0;39m [2m[io-8998-exec-10][0;39m [36mme.coong.web.filter.WebTracingFilter    [0;39m [2m:[0;39m GET /csrf
[2m2020-04-16 13:59:12.867[0;39m [32mDEBUG [vt.qlkdtt-yte-ws,e78bd47fc1b74e2f,e78bd47fc1b74e2f,false][0;39m [35m7400[0;39m [2m---[0;39m [2m[io-8998-exec-10][0;39m [36mme.coong.web.filter.WebTracingFilter    [0;39m [2m:[0;39m 404//12 ms
[2m2020-04-16 14:00:38.756[0;39m [32mDEBUG [vt.qlkdtt-yte-ws,27d954c53dad8ea7,27d954c53dad8ea7,false][0;39m [35m7400[0;39m [2m---[0;39m [2m[nio-8998-exec-6][0;39m [36mme.coong.web.filter.WebTracingFilter    [0;39m [2m:[0;39m GET /partner/searchPartner
[2m2020-04-16 14:02:10.450[0;39m [33m WARN [vt.qlkdtt-yte-ws,,,][0;39m [35m7400[0;39m [2m---[0;39m [2m[l-1 housekeeper][0;39m [36mcom.zaxxer.hikari.pool.HikariPool       [0;39m [2m:[0;39m HikariPool-1 - Thread starvation or clock leap detected (housekeeper delta=45s766ms251µs901ns).
[2m2020-04-16 14:03:19.482[0;39m [33m WARN [vt.qlkdtt-yte-ws,,,][0;39m [35m7400[0;39m [2m---[0;39m [2m[l-1 housekeeper][0;39m [36mcom.zaxxer.hikari.pool.HikariPool       [0;39m [2m:[0;39m HikariPool-1 - Thread starvation or clock leap detected (housekeeper delta=1m9s30ms190µs300ns).
[2m2020-04-16 14:04:10.228[0;39m [32mDEBUG [vt.qlkdtt-yte-ws,27d954c53dad8ea7,27d954c53dad8ea7,false][0;39m [35m7400[0;39m [2m---[0;39m [2m[nio-8998-exec-6][0;39m [36mme.coong.web.filter.WebTracingFilter    [0;39m [2m:[0;39m 200//211472 ms
[2m2020-04-16 17:21:51.695[0;39m [32mDEBUG [vt.qlkdtt-yte-ws,86a4d0c5262c2643,86a4d0c5262c2643,false][0;39m [35m7400[0;39m [2m---[0;39m [2m[nio-8998-exec-1][0;39m [36mme.coong.web.filter.WebTracingFilter    [0;39m [2m:[0;39m GET /partner/searchPartner
