[2m2020-05-20 11:50:22.023[0;39m [32m INFO [vt.qlkdtt-yte-ws,,,][0;39m [35m11864[0;39m [2m---[0;39m [2m[  restartedMain][0;39m [36m.e.DevToolsPropertyDefaultsPostProcessor[0;39m [2m:[0;39m Devtools property defaults active! Set 'spring.devtools.add-properties' to 'false' to disable
[2m2020-05-20 11:50:22.958[0;39m [32m INFO [vt.qlkdtt-yte-ws,,,][0;39m [35m11864[0;39m [2m---[0;39m [2m[  restartedMain][0;39m [36mvt.qlkdtt.yte.Application               [0;39m [2m:[0;39m No active profile set, falling back to default profiles: default
[2m2020-05-20 11:50:27.904[0;39m [32m INFO [vt.qlkdtt-yte-ws,,,][0;39m [35m11864[0;39m [2m---[0;39m [2m[  restartedMain][0;39m [36m.s.d.r.c.RepositoryConfigurationDelegate[0;39m [2m:[0;39m Bootstrapping Spring Data JPA repositories in DEFAULT mode.
[2m2020-05-20 11:50:28.267[0;39m [32m INFO [vt.qlkdtt-yte-ws,,,][0;39m [35m11864[0;39m [2m---[0;39m [2m[  restartedMain][0;39m [36m.s.d.r.c.RepositoryConfigurationDelegate[0;39m [2m:[0;39m Finished Spring Data repository scanning in 347ms. Found 20 JPA repository interfaces.
[2m2020-05-20 11:50:28.944[0;39m [32m INFO [vt.qlkdtt-yte-ws,,,][0;39m [35m11864[0;39m [2m---[0;39m [2m[  restartedMain][0;39m [36mo.s.cloud.context.scope.GenericScope    [0;39m [2m:[0;39m BeanFactory id=6953ab9e-7770-35c1-8284-313542102f03
[2m2020-05-20 11:50:29.530[0;39m [32m INFO [vt.qlkdtt-yte-ws,,,][0;39m [35m11864[0;39m [2m---[0;39m [2m[  restartedMain][0;39m [36mtrationDelegate$BeanPostProcessorChecker[0;39m [2m:[0;39m Bean 'org.springframework.transaction.annotation.ProxyTransactionManagementConfiguration' of type [org.springframework.transaction.annotation.ProxyTransactionManagementConfiguration$$EnhancerBySpringCGLIB$$965535f7] is not eligible for getting processed by all BeanPostProcessors (for example: not eligible for auto-proxying)
[2m2020-05-20 11:50:29.591[0;39m [32m INFO [vt.qlkdtt-yte-ws,,,][0;39m [35m11864[0;39m [2m---[0;39m [2m[  restartedMain][0;39m [36mtrationDelegate$BeanPostProcessorChecker[0;39m [2m:[0;39m Bean 'org.springframework.hateoas.config.HateoasConfiguration' of type [org.springframework.hateoas.config.HateoasConfiguration$$EnhancerBySpringCGLIB$$15d58329] is not eligible for getting processed by all BeanPostProcessors (for example: not eligible for auto-proxying)
[2m2020-05-20 11:50:30.766[0;39m [32m INFO [vt.qlkdtt-yte-ws,,,][0;39m [35m11864[0;39m [2m---[0;39m [2m[  restartedMain][0;39m [36mo.s.b.w.embedded.tomcat.TomcatWebServer [0;39m [2m:[0;39m Tomcat initialized with port(s): 8998 (http)
[2m2020-05-20 11:50:30.800[0;39m [32m INFO [vt.qlkdtt-yte-ws,,,][0;39m [35m11864[0;39m [2m---[0;39m [2m[  restartedMain][0;39m [36mo.apache.catalina.core.StandardService  [0;39m [2m:[0;39m Starting service [Tomcat]
[2m2020-05-20 11:50:30.801[0;39m [32m INFO [vt.qlkdtt-yte-ws,,,][0;39m [35m11864[0;39m [2m---[0;39m [2m[  restartedMain][0;39m [36morg.apache.catalina.core.StandardEngine [0;39m [2m:[0;39m Starting Servlet engine: [Apache Tomcat/9.0.30]
[2m2020-05-20 11:50:31.015[0;39m [32m INFO [vt.qlkdtt-yte-ws,,,][0;39m [35m11864[0;39m [2m---[0;39m [2m[  restartedMain][0;39m [36mo.a.c.c.C.[Tomcat].[localhost].[/]      [0;39m [2m:[0;39m Initializing Spring embedded WebApplicationContext
[2m2020-05-20 11:50:31.016[0;39m [32m INFO [vt.qlkdtt-yte-ws,,,][0;39m [35m11864[0;39m [2m---[0;39m [2m[  restartedMain][0;39m [36mo.s.web.context.ContextLoader           [0;39m [2m:[0;39m Root WebApplicationContext: initialization completed in 8034 ms
[2m2020-05-20 11:50:36.319[0;39m [32mDEBUG [vt.qlkdtt-yte-ws,,,][0;39m [35m11864[0;39m [2m---[0;39m [2m[  restartedMain][0;39m [36mme.coong.web.filter.WebTracingFilter    [0;39m [2m:[0;39m Filter 'webTracingFilter' configured for use
[2m2020-05-20 11:50:36.839[0;39m [32m INFO [vt.qlkdtt-yte-ws,,,][0;39m [35m11864[0;39m [2m---[0;39m [2m[  restartedMain][0;39m [36mcom.zaxxer.hikari.HikariDataSource      [0;39m [2m:[0;39m HikariPool-1 - Starting...
[2m2020-05-20 11:50:37.292[0;39m [32m INFO [vt.qlkdtt-yte-ws,,,][0;39m [35m11864[0;39m [2m---[0;39m [2m[  restartedMain][0;39m [36mcom.zaxxer.hikari.HikariDataSource      [0;39m [2m:[0;39m HikariPool-1 - Start completed.
[2m2020-05-20 11:50:37.557[0;39m [32m INFO [vt.qlkdtt-yte-ws,,,][0;39m [35m11864[0;39m [2m---[0;39m [2m[  restartedMain][0;39m [36mo.hibernate.jpa.internal.util.LogHelper [0;39m [2m:[0;39m HHH000204: Processing PersistenceUnitInfo [
	name: default
	...]
[2m2020-05-20 11:50:37.791[0;39m [32m INFO [vt.qlkdtt-yte-ws,,,][0;39m [35m11864[0;39m [2m---[0;39m [2m[  restartedMain][0;39m [36morg.hibernate.Version                   [0;39m [2m:[0;39m HHH000412: Hibernate Core {5.3.15.Final}
[2m2020-05-20 11:50:37.796[0;39m [32m INFO [vt.qlkdtt-yte-ws,,,][0;39m [35m11864[0;39m [2m---[0;39m [2m[  restartedMain][0;39m [36morg.hibernate.cfg.Environment           [0;39m [2m:[0;39m HHH000206: hibernate.properties not found
[2m2020-05-20 11:50:38.264[0;39m [32m INFO [vt.qlkdtt-yte-ws,,,][0;39m [35m11864[0;39m [2m---[0;39m [2m[  restartedMain][0;39m [36mo.hibernate.annotations.common.Version  [0;39m [2m:[0;39m HCANN000001: Hibernate Commons Annotations {5.0.4.Final}
[2m2020-05-20 11:50:38.839[0;39m [32m INFO [vt.qlkdtt-yte-ws,,,][0;39m [35m11864[0;39m [2m---[0;39m [2m[  restartedMain][0;39m [36morg.hibernate.dialect.Dialect           [0;39m [2m:[0;39m HHH000400: Using dialect: org.hibernate.dialect.MariaDB103Dialect
[2m2020-05-20 11:50:42.781[0;39m [32m INFO [vt.qlkdtt-yte-ws,,,][0;39m [35m11864[0;39m [2m---[0;39m [2m[  restartedMain][0;39m [36mj.LocalContainerEntityManagerFactoryBean[0;39m [2m:[0;39m Initialized JPA EntityManagerFactory for persistence unit 'default'
[2m2020-05-20 11:50:43.007[0;39m [32m INFO [vt.qlkdtt-yte-ws,,,][0;39m [35m11864[0;39m [2m---[0;39m [2m[  restartedMain][0;39m [36mo.s.b.d.a.OptionalLiveReloadServer      [0;39m [2m:[0;39m LiveReload server is running on port 35729
[2m2020-05-20 11:50:46.969[0;39m [32m INFO [vt.qlkdtt-yte-ws,,,][0;39m [35m11864[0;39m [2m---[0;39m [2m[  restartedMain][0;39m [36mo.s.b.a.e.web.EndpointLinksResolver     [0;39m [2m:[0;39m Exposing 17 endpoint(s) beneath base path '/actuator'
[2m2020-05-20 11:50:47.703[0;39m [32m INFO [vt.qlkdtt-yte-ws,,,][0;39m [35m11864[0;39m [2m---[0;39m [2m[  restartedMain][0;39m [36mpertySourcedRequestMappingHandlerMapping[0;39m [2m:[0;39m Mapped URL path [/v2/api-docs] onto method [public org.springframework.http.ResponseEntity<springfox.documentation.spring.web.json.Json> springfox.documentation.swagger2.web.Swagger2Controller.getDocumentation(java.lang.String,javax.servlet.http.HttpServletRequest)]
[2m2020-05-20 11:50:48.362[0;39m [32m INFO [vt.qlkdtt-yte-ws,,,][0;39m [35m11864[0;39m [2m---[0;39m [2m[  restartedMain][0;39m [36mo.s.s.web.DefaultSecurityFilterChain    [0;39m [2m:[0;39m Creating filter chain: any request, [org.springframework.security.web.context.request.async.WebAsyncManagerIntegrationFilter@3708b61b, org.springframework.security.web.context.SecurityContextPersistenceFilter@cce229e, org.springframework.security.web.header.HeaderWriterFilter@2075f148, org.springframework.web.filter.CorsFilter@6373dfbb, org.springframework.security.web.authentication.logout.LogoutFilter@452cfa2b, vt.qlkdtt.yte.security.jwt.JwtAuthenticationFilter@2810119e, org.springframework.security.web.savedrequest.RequestCacheAwareFilter@2eadddce, org.springframework.security.web.servletapi.SecurityContextHolderAwareRequestFilter@3de8698d, org.springframework.security.web.authentication.AnonymousAuthenticationFilter@5dae4b2, org.springframework.security.web.session.SessionManagementFilter@b0eb441, org.springframework.security.web.access.ExceptionTranslationFilter@19a07800, org.springframework.security.web.access.intercept.FilterSecurityInterceptor@3cd8ac3b]
[2m2020-05-20 11:50:48.380[0;39m [32m INFO [vt.qlkdtt-yte-ws,,,][0;39m [35m11864[0;39m [2m---[0;39m [2m[  restartedMain][0;39m [36mo.s.aop.framework.CglibAopProxy         [0;39m [2m:[0;39m Unable to proxy interface-implementing method [public final void org.springframework.web.filter.GenericFilterBean.init(javax.servlet.FilterConfig) throws javax.servlet.ServletException] because it is marked as final: Consider using interface-based JDK proxies instead!
[2m2020-05-20 11:50:48.879[0;39m [32m INFO [vt.qlkdtt-yte-ws,,,][0;39m [35m11864[0;39m [2m---[0;39m [2m[  restartedMain][0;39m [36mo.s.s.concurrent.ThreadPoolTaskExecutor [0;39m [2m:[0;39m Initializing ExecutorService 'applicationTaskExecutor'
[2m2020-05-20 11:50:51.582[0;39m [32m INFO [vt.qlkdtt-yte-ws,,,][0;39m [35m11864[0;39m [2m---[0;39m [2m[  restartedMain][0;39m [36md.s.w.p.DocumentationPluginsBootstrapper[0;39m [2m:[0;39m Context refreshed
[2m2020-05-20 11:50:51.623[0;39m [32m INFO [vt.qlkdtt-yte-ws,,,][0;39m [35m11864[0;39m [2m---[0;39m [2m[  restartedMain][0;39m [36md.s.w.p.DocumentationPluginsBootstrapper[0;39m [2m:[0;39m Found 1 custom documentation plugin(s)
[2m2020-05-20 11:50:51.688[0;39m [32m INFO [vt.qlkdtt-yte-ws,,,][0;39m [35m11864[0;39m [2m---[0;39m [2m[  restartedMain][0;39m [36ms.d.s.w.s.ApiListingReferenceScanner    [0;39m [2m:[0;39m Scanning for api listing references
[2m2020-05-20 11:50:52.040[0;39m [32m INFO [vt.qlkdtt-yte-ws,,,][0;39m [35m11864[0;39m [2m---[0;39m [2m[  restartedMain][0;39m [36m.d.s.w.r.o.CachingOperationNameGenerator[0;39m [2m:[0;39m Generating unique operation named: findByIdUsingGET_1
[2m2020-05-20 11:50:52.125[0;39m [32m INFO [vt.qlkdtt-yte-ws,,,][0;39m [35m11864[0;39m [2m---[0;39m [2m[  restartedMain][0;39m [36m.d.s.w.r.o.CachingOperationNameGenerator[0;39m [2m:[0;39m Generating unique operation named: findByIdUsingGET_2
[2m2020-05-20 11:50:52.132[0;39m [32m INFO [vt.qlkdtt-yte-ws,,,][0;39m [35m11864[0;39m [2m---[0;39m [2m[  restartedMain][0;39m [36m.d.s.w.r.o.CachingOperationNameGenerator[0;39m [2m:[0;39m Generating unique operation named: updateUsingPOST_1
[2m2020-05-20 11:50:52.187[0;39m [32m INFO [vt.qlkdtt-yte-ws,,,][0;39m [35m11864[0;39m [2m---[0;39m [2m[  restartedMain][0;39m [36m.d.s.w.r.o.CachingOperationNameGenerator[0;39m [2m:[0;39m Generating unique operation named: findByIdUsingGET_3
[2m2020-05-20 11:50:52.223[0;39m [32m INFO [vt.qlkdtt-yte-ws,,,][0;39m [35m11864[0;39m [2m---[0;39m [2m[  restartedMain][0;39m [36m.d.s.w.r.o.CachingOperationNameGenerator[0;39m [2m:[0;39m Generating unique operation named: findByIdUsingGET_4
[2m2020-05-20 11:50:52.250[0;39m [32m INFO [vt.qlkdtt-yte-ws,,,][0;39m [35m11864[0;39m [2m---[0;39m [2m[  restartedMain][0;39m [36m.d.s.w.r.o.CachingOperationNameGenerator[0;39m [2m:[0;39m Generating unique operation named: changeProductStatusUsingPOST_1
[2m2020-05-20 11:50:52.284[0;39m [32m INFO [vt.qlkdtt-yte-ws,,,][0;39m [35m11864[0;39m [2m---[0;39m [2m[  restartedMain][0;39m [36m.d.s.w.r.o.CachingOperationNameGenerator[0;39m [2m:[0;39m Generating unique operation named: findByIdUsingGET_5
[2m2020-05-20 11:50:52.319[0;39m [32m INFO [vt.qlkdtt-yte-ws,,,][0;39m [35m11864[0;39m [2m---[0;39m [2m[  restartedMain][0;39m [36m.d.s.w.r.o.CachingOperationNameGenerator[0;39m [2m:[0;39m Generating unique operation named: findByIdUsingGET_6
[2m2020-05-20 11:50:52.420[0;39m [32m INFO [vt.qlkdtt-yte-ws,,,][0;39m [35m11864[0;39m [2m---[0;39m [2m[  restartedMain][0;39m [36mo.s.b.w.embedded.tomcat.TomcatWebServer [0;39m [2m:[0;39m Tomcat started on port(s): 8998 (http) with context path ''
[2m2020-05-20 11:50:52.799[0;39m [32m INFO [vt.qlkdtt-yte-ws,,,][0;39m [35m11864[0;39m [2m---[0;39m [2m[  restartedMain][0;39m [36mvt.qlkdtt.yte.Application               [0;39m [2m:[0;39m Started Application in 32.129 seconds (JVM running for 34.809)
[2m2020-05-20 11:50:53.031[0;39m [32m INFO [vt.qlkdtt-yte-ws,,,][0;39m [35m11864[0;39m [2m---[0;39m [2m[)-192.168.1.110][0;39m [36mo.a.c.c.C.[Tomcat].[localhost].[/]      [0;39m [2m:[0;39m Initializing Spring DispatcherServlet 'dispatcherServlet'
[2m2020-05-20 11:50:53.032[0;39m [32m INFO [vt.qlkdtt-yte-ws,,,][0;39m [35m11864[0;39m [2m---[0;39m [2m[)-192.168.1.110][0;39m [36mo.s.web.servlet.DispatcherServlet       [0;39m [2m:[0;39m Initializing Servlet 'dispatcherServlet'
[2m2020-05-20 11:50:53.115[0;39m [32m INFO [vt.qlkdtt-yte-ws,,,][0;39m [35m11864[0;39m [2m---[0;39m [2m[)-192.168.1.110][0;39m [36mo.s.web.servlet.DispatcherServlet       [0;39m [2m:[0;39m Completed initialization in 83 ms
[2m2020-05-20 11:52:22.531[0;39m [32mDEBUG [vt.qlkdtt-yte-ws,84e942c8c32c6488,84e942c8c32c6488,false][0;39m [35m11864[0;39m [2m---[0;39m [2m[nio-8998-exec-1][0;39m [36mme.coong.web.filter.WebTracingFilter    [0;39m [2m:[0;39m GET /swagger-ui.html
[2m2020-05-20 11:52:22.604[0;39m [32mDEBUG [vt.qlkdtt-yte-ws,84e942c8c32c6488,84e942c8c32c6488,false][0;39m [35m11864[0;39m [2m---[0;39m [2m[nio-8998-exec-1][0;39m [36mme.coong.web.filter.WebTracingFilter    [0;39m [2m:[0;39m 200//73 ms
[2m2020-05-20 11:52:23.151[0;39m [32mDEBUG [vt.qlkdtt-yte-ws,64982937af8bb605,64982937af8bb605,false][0;39m [35m11864[0;39m [2m---[0;39m [2m[nio-8998-exec-9][0;39m [36mme.coong.web.filter.WebTracingFilter    [0;39m [2m:[0;39m GET /swagger-resources
[2m2020-05-20 11:52:23.158[0;39m [32mDEBUG [vt.qlkdtt-yte-ws,64982937af8bb605,64982937af8bb605,false][0;39m [35m11864[0;39m [2m---[0;39m [2m[nio-8998-exec-9][0;39m [36mme.coong.web.filter.WebTracingFilter    [0;39m [2m:[0;39m 200//6 ms
[2m2020-05-20 11:52:23.210[0;39m [32mDEBUG [vt.qlkdtt-yte-ws,9f9d53cdcb2fa50d,9f9d53cdcb2fa50d,false][0;39m [35m11864[0;39m [2m---[0;39m [2m[io-8998-exec-10][0;39m [36mme.coong.web.filter.WebTracingFilter    [0;39m [2m:[0;39m GET /v2/api-docs
[2m2020-05-20 11:52:23.210[0;39m [32mDEBUG [vt.qlkdtt-yte-ws,50661c20f2382832,50661c20f2382832,false][0;39m [35m11864[0;39m [2m---[0;39m [2m[nio-8998-exec-1][0;39m [36mme.coong.web.filter.WebTracingFilter    [0;39m [2m:[0;39m GET /
[2m2020-05-20 11:52:23.263[0;39m [32mDEBUG [vt.qlkdtt-yte-ws,50661c20f2382832,50661c20f2382832,false][0;39m [35m11864[0;39m [2m---[0;39m [2m[nio-8998-exec-1][0;39m [36mme.coong.web.filter.WebTracingFilter    [0;39m [2m:[0;39m 200//53 ms
[2m2020-05-20 11:52:23.272[0;39m [32mDEBUG [vt.qlkdtt-yte-ws,16e023ad0f93b91e,16e023ad0f93b91e,false][0;39m [35m11864[0;39m [2m---[0;39m [2m[nio-8998-exec-6][0;39m [36mme.coong.web.filter.WebTracingFilter    [0;39m [2m:[0;39m GET /csrf
[2m2020-05-20 11:52:23.281[0;39m [32mDEBUG [vt.qlkdtt-yte-ws,16e023ad0f93b91e,16e023ad0f93b91e,false][0;39m [35m11864[0;39m [2m---[0;39m [2m[nio-8998-exec-6][0;39m [36mme.coong.web.filter.WebTracingFilter    [0;39m [2m:[0;39m 404//8 ms
[2m2020-05-20 11:52:23.524[0;39m [32mDEBUG [vt.qlkdtt-yte-ws,9f9d53cdcb2fa50d,9f9d53cdcb2fa50d,false][0;39m [35m11864[0;39m [2m---[0;39m [2m[io-8998-exec-10][0;39m [36mme.coong.web.filter.WebTracingFilter    [0;39m [2m:[0;39m 200//314 ms
[2m2020-05-20 11:52:30.776[0;39m [32mDEBUG [vt.qlkdtt-yte-ws,b28f0971c52852ea,b28f0971c52852ea,false][0;39m [35m11864[0;39m [2m---[0;39m [2m[nio-8998-exec-9][0;39m [36mme.coong.web.filter.WebTracingFilter    [0;39m [2m:[0;39m GET /partner/searchPartner
[2m2020-05-20 11:52:53.021[0;39m [32mDEBUG [vt.qlkdtt-yte-ws,b28f0971c52852ea,b28f0971c52852ea,false][0;39m [35m11864[0;39m [2m---[0;39m [2m[nio-8998-exec-9][0;39m [36mme.coong.web.filter.WebTracingFilter    [0;39m [2m:[0;39m 200//22245 ms
[2m2020-05-20 11:53:06.795[0;39m [32m INFO [vt.qlkdtt-yte-ws,,,][0;39m [35m11864[0;39m [2m---[0;39m [2m[      Thread-69][0;39m [36mo.s.s.concurrent.ThreadPoolTaskExecutor [0;39m [2m:[0;39m Shutting down ExecutorService 'applicationTaskExecutor'
[2m2020-05-20 11:53:06.814[0;39m [32m INFO [vt.qlkdtt-yte-ws,,,][0;39m [35m11864[0;39m [2m---[0;39m [2m[      Thread-69][0;39m [36mj.LocalContainerEntityManagerFactoryBean[0;39m [2m:[0;39m Closing JPA EntityManagerFactory for persistence unit 'default'
[2m2020-05-20 11:53:06.825[0;39m [32m INFO [vt.qlkdtt-yte-ws,,,][0;39m [35m11864[0;39m [2m---[0;39m [2m[      Thread-69][0;39m [36mcom.zaxxer.hikari.HikariDataSource      [0;39m [2m:[0;39m HikariPool-1 - Shutdown initiated...
[2m2020-05-20 11:53:06.837[0;39m [32m INFO [vt.qlkdtt-yte-ws,,,][0;39m [35m11864[0;39m [2m---[0;39m [2m[      Thread-69][0;39m [36mcom.zaxxer.hikari.HikariDataSource      [0;39m [2m:[0;39m HikariPool-1 - Shutdown completed.
