[2m2020-05-04 09:58:48.382[0;39m [32m INFO [vt.qlkdtt-yte-ws,,,][0;39m [35m9412[0;39m [2m---[0;39m [2m[  restartedMain][0;39m [36m.e.DevToolsPropertyDefaultsPostProcessor[0;39m [2m:[0;39m Devtools property defaults active! Set 'spring.devtools.add-properties' to 'false' to disable
[2m2020-05-04 09:58:49.133[0;39m [32m INFO [vt.qlkdtt-yte-ws,,,][0;39m [35m9412[0;39m [2m---[0;39m [2m[  restartedMain][0;39m [36mvt.qlkdtt.yte.Application               [0;39m [2m:[0;39m No active profile set, falling back to default profiles: default
[2m2020-05-04 09:58:51.939[0;39m [32m INFO [vt.qlkdtt-yte-ws,,,][0;39m [35m9412[0;39m [2m---[0;39m [2m[  restartedMain][0;39m [36m.s.d.r.c.RepositoryConfigurationDelegate[0;39m [2m:[0;39m Bootstrapping Spring Data JPA repositories in DEFAULT mode.
[2m2020-05-04 09:58:52.090[0;39m [32m INFO [vt.qlkdtt-yte-ws,,,][0;39m [35m9412[0;39m [2m---[0;39m [2m[  restartedMain][0;39m [36m.s.d.r.c.RepositoryConfigurationDelegate[0;39m [2m:[0;39m Finished Spring Data repository scanning in 141ms. Found 9 JPA repository interfaces.
[2m2020-05-04 09:58:52.668[0;39m [32m INFO [vt.qlkdtt-yte-ws,,,][0;39m [35m9412[0;39m [2m---[0;39m [2m[  restartedMain][0;39m [36mo.s.cloud.context.scope.GenericScope    [0;39m [2m:[0;39m BeanFactory id=f8ffae7e-8706-3583-845c-78b4da72adad
[2m2020-05-04 09:58:53.107[0;39m [32m INFO [vt.qlkdtt-yte-ws,,,][0;39m [35m9412[0;39m [2m---[0;39m [2m[  restartedMain][0;39m [36mtrationDelegate$BeanPostProcessorChecker[0;39m [2m:[0;39m Bean 'org.springframework.transaction.annotation.ProxyTransactionManagementConfiguration' of type [org.springframework.transaction.annotation.ProxyTransactionManagementConfiguration$$EnhancerBySpringCGLIB$$57a14f5a] is not eligible for getting processed by all BeanPostProcessors (for example: not eligible for auto-proxying)
[2m2020-05-04 09:58:53.159[0;39m [32m INFO [vt.qlkdtt-yte-ws,,,][0;39m [35m9412[0;39m [2m---[0;39m [2m[  restartedMain][0;39m [36mtrationDelegate$BeanPostProcessorChecker[0;39m [2m:[0;39m Bean 'org.springframework.hateoas.config.HateoasConfiguration' of type [org.springframework.hateoas.config.HateoasConfiguration$$EnhancerBySpringCGLIB$$d7219c8c] is not eligible for getting processed by all BeanPostProcessors (for example: not eligible for auto-proxying)
[2m2020-05-04 09:58:54.084[0;39m [32m INFO [vt.qlkdtt-yte-ws,,,][0;39m [35m9412[0;39m [2m---[0;39m [2m[  restartedMain][0;39m [36mo.s.b.w.embedded.tomcat.TomcatWebServer [0;39m [2m:[0;39m Tomcat initialized with port(s): 8998 (http)
[2m2020-05-04 09:58:54.120[0;39m [32m INFO [vt.qlkdtt-yte-ws,,,][0;39m [35m9412[0;39m [2m---[0;39m [2m[  restartedMain][0;39m [36mo.apache.catalina.core.StandardService  [0;39m [2m:[0;39m Starting service [Tomcat]
[2m2020-05-04 09:58:54.121[0;39m [32m INFO [vt.qlkdtt-yte-ws,,,][0;39m [35m9412[0;39m [2m---[0;39m [2m[  restartedMain][0;39m [36morg.apache.catalina.core.StandardEngine [0;39m [2m:[0;39m Starting Servlet engine: [Apache Tomcat/9.0.30]
[2m2020-05-04 09:58:54.345[0;39m [32m INFO [vt.qlkdtt-yte-ws,,,][0;39m [35m9412[0;39m [2m---[0;39m [2m[  restartedMain][0;39m [36mo.a.c.c.C.[Tomcat].[localhost].[/]      [0;39m [2m:[0;39m Initializing Spring embedded WebApplicationContext
[2m2020-05-04 09:58:54.345[0;39m [32m INFO [vt.qlkdtt-yte-ws,,,][0;39m [35m9412[0;39m [2m---[0;39m [2m[  restartedMain][0;39m [36mo.s.web.context.ContextLoader           [0;39m [2m:[0;39m Root WebApplicationContext: initialization completed in 5197 ms
[2m2020-05-04 09:58:57.629[0;39m [32mDEBUG [vt.qlkdtt-yte-ws,,,][0;39m [35m9412[0;39m [2m---[0;39m [2m[  restartedMain][0;39m [36mme.coong.web.filter.WebTracingFilter    [0;39m [2m:[0;39m Filter 'webTracingFilter' configured for use
[2m2020-05-04 09:58:57.838[0;39m [32m INFO [vt.qlkdtt-yte-ws,,,][0;39m [35m9412[0;39m [2m---[0;39m [2m[  restartedMain][0;39m [36mcom.zaxxer.hikari.HikariDataSource      [0;39m [2m:[0;39m HikariPool-1 - Starting...
[2m2020-05-04 09:58:58.089[0;39m [32m INFO [vt.qlkdtt-yte-ws,,,][0;39m [35m9412[0;39m [2m---[0;39m [2m[  restartedMain][0;39m [36mcom.zaxxer.hikari.HikariDataSource      [0;39m [2m:[0;39m HikariPool-1 - Start completed.
[2m2020-05-04 09:58:58.182[0;39m [32m INFO [vt.qlkdtt-yte-ws,,,][0;39m [35m9412[0;39m [2m---[0;39m [2m[  restartedMain][0;39m [36mo.hibernate.jpa.internal.util.LogHelper [0;39m [2m:[0;39m HHH000204: Processing PersistenceUnitInfo [
	name: default
	...]
[2m2020-05-04 09:58:58.296[0;39m [32m INFO [vt.qlkdtt-yte-ws,,,][0;39m [35m9412[0;39m [2m---[0;39m [2m[  restartedMain][0;39m [36morg.hibernate.Version                   [0;39m [2m:[0;39m HHH000412: Hibernate Core {5.3.15.Final}
[2m2020-05-04 09:58:58.298[0;39m [32m INFO [vt.qlkdtt-yte-ws,,,][0;39m [35m9412[0;39m [2m---[0;39m [2m[  restartedMain][0;39m [36morg.hibernate.cfg.Environment           [0;39m [2m:[0;39m HHH000206: hibernate.properties not found
[2m2020-05-04 09:58:58.529[0;39m [32m INFO [vt.qlkdtt-yte-ws,,,][0;39m [35m9412[0;39m [2m---[0;39m [2m[  restartedMain][0;39m [36mo.hibernate.annotations.common.Version  [0;39m [2m:[0;39m HCANN000001: Hibernate Commons Annotations {5.0.4.Final}
[2m2020-05-04 09:58:58.774[0;39m [32m INFO [vt.qlkdtt-yte-ws,,,][0;39m [35m9412[0;39m [2m---[0;39m [2m[  restartedMain][0;39m [36morg.hibernate.dialect.Dialect           [0;39m [2m:[0;39m HHH000400: Using dialect: org.hibernate.dialect.MariaDB103Dialect
[2m2020-05-04 09:59:00.879[0;39m [32m INFO [vt.qlkdtt-yte-ws,,,][0;39m [35m9412[0;39m [2m---[0;39m [2m[  restartedMain][0;39m [36mj.LocalContainerEntityManagerFactoryBean[0;39m [2m:[0;39m Initialized JPA EntityManagerFactory for persistence unit 'default'
[2m2020-05-04 09:59:01.035[0;39m [32m INFO [vt.qlkdtt-yte-ws,,,][0;39m [35m9412[0;39m [2m---[0;39m [2m[  restartedMain][0;39m [36mo.s.b.d.a.OptionalLiveReloadServer      [0;39m [2m:[0;39m LiveReload server is running on port 35729
[2m2020-05-04 09:59:03.007[0;39m [32m INFO [vt.qlkdtt-yte-ws,,,][0;39m [35m9412[0;39m [2m---[0;39m [2m[  restartedMain][0;39m [36mo.s.b.a.e.web.EndpointLinksResolver     [0;39m [2m:[0;39m Exposing 17 endpoint(s) beneath base path '/actuator'
[2m2020-05-04 09:59:03.548[0;39m [32m INFO [vt.qlkdtt-yte-ws,,,][0;39m [35m9412[0;39m [2m---[0;39m [2m[  restartedMain][0;39m [36mpertySourcedRequestMappingHandlerMapping[0;39m [2m:[0;39m Mapped URL path [/v2/api-docs] onto method [public org.springframework.http.ResponseEntity<springfox.documentation.spring.web.json.Json> springfox.documentation.swagger2.web.Swagger2Controller.getDocumentation(java.lang.String,javax.servlet.http.HttpServletRequest)]
[2m2020-05-04 09:59:04.039[0;39m [32m INFO [vt.qlkdtt-yte-ws,,,][0;39m [35m9412[0;39m [2m---[0;39m [2m[  restartedMain][0;39m [36mo.s.s.web.DefaultSecurityFilterChain    [0;39m [2m:[0;39m Creating filter chain: any request, [org.springframework.security.web.context.request.async.WebAsyncManagerIntegrationFilter@68d406d4, org.springframework.security.web.context.SecurityContextPersistenceFilter@3c6ca7cd, org.springframework.security.web.header.HeaderWriterFilter@1e0f6791, org.springframework.web.filter.CorsFilter@78ee5940, org.springframework.security.web.authentication.logout.LogoutFilter@7dc8b271, JwtAuthenticationFilter@2fce55cc, org.springframework.security.web.savedrequest.RequestCacheAwareFilter@5f74b86f, org.springframework.security.web.servletapi.SecurityContextHolderAwareRequestFilter@6f22e10e, org.springframework.security.web.authentication.AnonymousAuthenticationFilter@5507ee90, org.springframework.security.web.session.SessionManagementFilter@210afd35, org.springframework.security.web.access.ExceptionTranslationFilter@3812b90b, org.springframework.security.web.access.intercept.FilterSecurityInterceptor@4db1d83a]
[2m2020-05-04 09:59:04.053[0;39m [32m INFO [vt.qlkdtt-yte-ws,,,][0;39m [35m9412[0;39m [2m---[0;39m [2m[  restartedMain][0;39m [36mo.s.aop.framework.CglibAopProxy         [0;39m [2m:[0;39m Unable to proxy interface-implementing method [public final void org.springframework.web.filter.GenericFilterBean.init(javax.servlet.FilterConfig) throws javax.servlet.ServletException] because it is marked as final: Consider using interface-based JDK proxies instead!
[2m2020-05-04 09:59:04.418[0;39m [32m INFO [vt.qlkdtt-yte-ws,,,][0;39m [35m9412[0;39m [2m---[0;39m [2m[  restartedMain][0;39m [36mo.s.s.concurrent.ThreadPoolTaskExecutor [0;39m [2m:[0;39m Initializing ExecutorService 'applicationTaskExecutor'
[2m2020-05-04 09:59:06.395[0;39m [32m INFO [vt.qlkdtt-yte-ws,,,][0;39m [35m9412[0;39m [2m---[0;39m [2m[  restartedMain][0;39m [36md.s.w.p.DocumentationPluginsBootstrapper[0;39m [2m:[0;39m Context refreshed
[2m2020-05-04 09:59:06.421[0;39m [32m INFO [vt.qlkdtt-yte-ws,,,][0;39m [35m9412[0;39m [2m---[0;39m [2m[  restartedMain][0;39m [36md.s.w.p.DocumentationPluginsBootstrapper[0;39m [2m:[0;39m Found 1 custom documentation plugin(s)
[2m2020-05-04 09:59:06.473[0;39m [32m INFO [vt.qlkdtt-yte-ws,,,][0;39m [35m9412[0;39m [2m---[0;39m [2m[  restartedMain][0;39m [36ms.d.s.w.s.ApiListingReferenceScanner    [0;39m [2m:[0;39m Scanning for api listing references
[2m2020-05-04 09:59:06.737[0;39m [32m INFO [vt.qlkdtt-yte-ws,,,][0;39m [35m9412[0;39m [2m---[0;39m [2m[  restartedMain][0;39m [36m.d.s.w.r.o.CachingOperationNameGenerator[0;39m [2m:[0;39m Generating unique operation named: findByIdUsingGET_1
[2m2020-05-04 09:59:06.754[0;39m [32m INFO [vt.qlkdtt-yte-ws,,,][0;39m [35m9412[0;39m [2m---[0;39m [2m[  restartedMain][0;39m [36m.d.s.w.r.o.CachingOperationNameGenerator[0;39m [2m:[0;39m Generating unique operation named: changeProductStatusUsingPOST_1
[2m2020-05-04 09:59:06.766[0;39m [32m INFO [vt.qlkdtt-yte-ws,,,][0;39m [35m9412[0;39m [2m---[0;39m [2m[  restartedMain][0;39m [36m.d.s.w.r.o.CachingOperationNameGenerator[0;39m [2m:[0;39m Generating unique operation named: findByIdUsingGET_2
[2m2020-05-04 09:59:06.858[0;39m [32m INFO [vt.qlkdtt-yte-ws,,,][0;39m [35m9412[0;39m [2m---[0;39m [2m[  restartedMain][0;39m [36mo.s.b.w.embedded.tomcat.TomcatWebServer [0;39m [2m:[0;39m Tomcat started on port(s): 8998 (http) with context path ''
[2m2020-05-04 09:59:07.215[0;39m [32m INFO [vt.qlkdtt-yte-ws,,,][0;39m [35m9412[0;39m [2m---[0;39m [2m[  restartedMain][0;39m [36mvt.qlkdtt.yte.Application               [0;39m [2m:[0;39m Started Application in 20.009 seconds (JVM running for 21.523)
[2m2020-05-04 09:59:08.003[0;39m [32m INFO [vt.qlkdtt-yte-ws,,,][0;39m [35m9412[0;39m [2m---[0;39m [2m[)-192.168.1.106][0;39m [36mo.a.c.c.C.[Tomcat].[localhost].[/]      [0;39m [2m:[0;39m Initializing Spring DispatcherServlet 'dispatcherServlet'
[2m2020-05-04 09:59:08.003[0;39m [32m INFO [vt.qlkdtt-yte-ws,,,][0;39m [35m9412[0;39m [2m---[0;39m [2m[)-192.168.1.106][0;39m [36mo.s.web.servlet.DispatcherServlet       [0;39m [2m:[0;39m Initializing Servlet 'dispatcherServlet'
[2m2020-05-04 09:59:08.048[0;39m [32m INFO [vt.qlkdtt-yte-ws,,,][0;39m [35m9412[0;39m [2m---[0;39m [2m[)-192.168.1.106][0;39m [36mo.s.web.servlet.DispatcherServlet       [0;39m [2m:[0;39m Completed initialization in 44 ms
[2m2020-05-04 09:59:12.374[0;39m [32mDEBUG [vt.qlkdtt-yte-ws,b77b3b3023a9216b,b77b3b3023a9216b,false][0;39m [35m9412[0;39m [2m---[0;39m [2m[nio-8998-exec-1][0;39m [36mme.coong.web.filter.WebTracingFilter    [0;39m [2m:[0;39m GET /swagger-ui.html
[2m2020-05-04 09:59:12.444[0;39m [32mDEBUG [vt.qlkdtt-yte-ws,b77b3b3023a9216b,b77b3b3023a9216b,false][0;39m [35m9412[0;39m [2m---[0;39m [2m[nio-8998-exec-1][0;39m [36mme.coong.web.filter.WebTracingFilter    [0;39m [2m:[0;39m 200//70 ms
[2m2020-05-04 09:59:12.861[0;39m [32mDEBUG [vt.qlkdtt-yte-ws,a5130d13118a6179,a5130d13118a6179,false][0;39m [35m9412[0;39m [2m---[0;39m [2m[nio-8998-exec-7][0;39m [36mme.coong.web.filter.WebTracingFilter    [0;39m [2m:[0;39m GET /swagger-ui.html
[2m2020-05-04 09:59:12.874[0;39m [32mDEBUG [vt.qlkdtt-yte-ws,a5130d13118a6179,a5130d13118a6179,false][0;39m [35m9412[0;39m [2m---[0;39m [2m[nio-8998-exec-7][0;39m [36mme.coong.web.filter.WebTracingFilter    [0;39m [2m:[0;39m 200//13 ms
[2m2020-05-04 09:59:13.392[0;39m [32mDEBUG [vt.qlkdtt-yte-ws,a916fdcdcc7e0077,a916fdcdcc7e0077,false][0;39m [35m9412[0;39m [2m---[0;39m [2m[nio-8998-exec-6][0;39m [36mme.coong.web.filter.WebTracingFilter    [0;39m [2m:[0;39m GET /swagger-resources
[2m2020-05-04 09:59:13.398[0;39m [32mDEBUG [vt.qlkdtt-yte-ws,a916fdcdcc7e0077,a916fdcdcc7e0077,false][0;39m [35m9412[0;39m [2m---[0;39m [2m[nio-8998-exec-6][0;39m [36mme.coong.web.filter.WebTracingFilter    [0;39m [2m:[0;39m 200//6 ms
[2m2020-05-04 09:59:13.448[0;39m [32mDEBUG [vt.qlkdtt-yte-ws,f6ca05c6a238afa3,f6ca05c6a238afa3,false][0;39m [35m9412[0;39m [2m---[0;39m [2m[nio-8998-exec-5][0;39m [36mme.coong.web.filter.WebTracingFilter    [0;39m [2m:[0;39m GET /v2/api-docs
[2m2020-05-04 09:59:13.448[0;39m [32mDEBUG [vt.qlkdtt-yte-ws,49cde012e0245687,49cde012e0245687,false][0;39m [35m9412[0;39m [2m---[0;39m [2m[nio-8998-exec-7][0;39m [36mme.coong.web.filter.WebTracingFilter    [0;39m [2m:[0;39m GET /
[2m2020-05-04 09:59:13.486[0;39m [32mDEBUG [vt.qlkdtt-yte-ws,49cde012e0245687,49cde012e0245687,false][0;39m [35m9412[0;39m [2m---[0;39m [2m[nio-8998-exec-7][0;39m [36mme.coong.web.filter.WebTracingFilter    [0;39m [2m:[0;39m 200//38 ms
[2m2020-05-04 09:59:13.507[0;39m [32mDEBUG [vt.qlkdtt-yte-ws,9f3913b525488f16,9f3913b525488f16,false][0;39m [35m9412[0;39m [2m---[0;39m [2m[nio-8998-exec-3][0;39m [36mme.coong.web.filter.WebTracingFilter    [0;39m [2m:[0;39m GET /csrf
[2m2020-05-04 09:59:13.512[0;39m [32mDEBUG [vt.qlkdtt-yte-ws,9f3913b525488f16,9f3913b525488f16,false][0;39m [35m9412[0;39m [2m---[0;39m [2m[nio-8998-exec-3][0;39m [36mme.coong.web.filter.WebTracingFilter    [0;39m [2m:[0;39m 404//5 ms
[2m2020-05-04 09:59:13.617[0;39m [32mDEBUG [vt.qlkdtt-yte-ws,f6ca05c6a238afa3,f6ca05c6a238afa3,false][0;39m [35m9412[0;39m [2m---[0;39m [2m[nio-8998-exec-5][0;39m [36mme.coong.web.filter.WebTracingFilter    [0;39m [2m:[0;39m 200//169 ms
