[2m2020-10-14 17:55:09.287[0;39m [32m INFO [vt.qlkdtt-yte-ws,,,][0;39m [35m3764[0;39m [2m---[0;39m [2m[  restartedMain][0;39m [36m.e.DevToolsPropertyDefaultsPostProcessor[0;39m [2m:[0;39m Devtools property defaults active! Set 'spring.devtools.add-properties' to 'false' to disable
[2m2020-10-14 17:55:10.006[0;39m [32m INFO [vt.qlkdtt-yte-ws,,,][0;39m [35m3764[0;39m [2m---[0;39m [2m[  restartedMain][0;39m [36mvt.qlkdtt.yte.Application               [0;39m [2m:[0;39m No active profile set, falling back to default profiles: default
[2m2020-10-14 17:55:13.506[0;39m [32m INFO [vt.qlkdtt-yte-ws,,,][0;39m [35m3764[0;39m [2m---[0;39m [2m[  restartedMain][0;39m [36m.s.d.r.c.RepositoryConfigurationDelegate[0;39m [2m:[0;39m Bootstrapping Spring Data JPA repositories in DEFAULT mode.
[2m2020-10-14 17:55:13.959[0;39m [32m INFO [vt.qlkdtt-yte-ws,,,][0;39m [35m3764[0;39m [2m---[0;39m [2m[  restartedMain][0;39m [36m.s.d.r.c.RepositoryConfigurationDelegate[0;39m [2m:[0;39m Finished Spring Data repository scanning in 407ms. Found 30 JPA repository interfaces.
[2m2020-10-14 17:55:14.552[0;39m [32m INFO [vt.qlkdtt-yte-ws,,,][0;39m [35m3764[0;39m [2m---[0;39m [2m[  restartedMain][0;39m [36mo.s.cloud.context.scope.GenericScope    [0;39m [2m:[0;39m BeanFactory id=223f0ea7-1f33-3db0-9bd0-a5acab7ccf1a
[2m2020-10-14 17:55:14.849[0;39m [32m INFO [vt.qlkdtt-yte-ws,,,][0;39m [35m3764[0;39m [2m---[0;39m [2m[  restartedMain][0;39m [36mtrationDelegate$BeanPostProcessorChecker[0;39m [2m:[0;39m Bean 'org.springframework.transaction.annotation.ProxyTransactionManagementConfiguration' of type [org.springframework.transaction.annotation.ProxyTransactionManagementConfiguration$$EnhancerBySpringCGLIB$$2c7b86a1] is not eligible for getting processed by all BeanPostProcessors (for example: not eligible for auto-proxying)
[2m2020-10-14 17:55:14.896[0;39m [32m INFO [vt.qlkdtt-yte-ws,,,][0;39m [35m3764[0;39m [2m---[0;39m [2m[  restartedMain][0;39m [36mtrationDelegate$BeanPostProcessorChecker[0;39m [2m:[0;39m Bean 'org.springframework.hateoas.config.HateoasConfiguration' of type [org.springframework.hateoas.config.HateoasConfiguration$$EnhancerBySpringCGLIB$$abfbd3d3] is not eligible for getting processed by all BeanPostProcessors (for example: not eligible for auto-proxying)
[2m2020-10-14 17:55:15.833[0;39m [32m INFO [vt.qlkdtt-yte-ws,,,][0;39m [35m3764[0;39m [2m---[0;39m [2m[  restartedMain][0;39m [36mo.s.b.w.embedded.tomcat.TomcatWebServer [0;39m [2m:[0;39m Tomcat initialized with port(s): 8998 (http)
[2m2020-10-14 17:55:15.880[0;39m [32m INFO [vt.qlkdtt-yte-ws,,,][0;39m [35m3764[0;39m [2m---[0;39m [2m[  restartedMain][0;39m [36mo.apache.catalina.core.StandardService  [0;39m [2m:[0;39m Starting service [Tomcat]
[2m2020-10-14 17:55:15.880[0;39m [32m INFO [vt.qlkdtt-yte-ws,,,][0;39m [35m3764[0;39m [2m---[0;39m [2m[  restartedMain][0;39m [36morg.apache.catalina.core.StandardEngine [0;39m [2m:[0;39m Starting Servlet engine: [Apache Tomcat/9.0.30]
[2m2020-10-14 17:55:16.021[0;39m [32m INFO [vt.qlkdtt-yte-ws,,,][0;39m [35m3764[0;39m [2m---[0;39m [2m[  restartedMain][0;39m [36mo.a.c.c.C.[Tomcat].[localhost].[/]      [0;39m [2m:[0;39m Initializing Spring embedded WebApplicationContext
[2m2020-10-14 17:55:16.021[0;39m [32m INFO [vt.qlkdtt-yte-ws,,,][0;39m [35m3764[0;39m [2m---[0;39m [2m[  restartedMain][0;39m [36mo.s.web.context.ContextLoader           [0;39m [2m:[0;39m Root WebApplicationContext: initialization completed in 5968 ms
[2m2020-10-14 17:55:18.818[0;39m [32mDEBUG [vt.qlkdtt-yte-ws,,,][0;39m [35m3764[0;39m [2m---[0;39m [2m[  restartedMain][0;39m [36mme.coong.web.filter.WebTracingFilter    [0;39m [2m:[0;39m Filter 'webTracingFilter' configured for use
[2m2020-10-14 17:55:19.115[0;39m [32m INFO [vt.qlkdtt-yte-ws,,,][0;39m [35m3764[0;39m [2m---[0;39m [2m[  restartedMain][0;39m [36mcom.zaxxer.hikari.HikariDataSource      [0;39m [2m:[0;39m HikariPool-1 - Starting...
[2m2020-10-14 17:55:19.318[0;39m [32m INFO [vt.qlkdtt-yte-ws,,,][0;39m [35m3764[0;39m [2m---[0;39m [2m[  restartedMain][0;39m [36mcom.zaxxer.hikari.HikariDataSource      [0;39m [2m:[0;39m HikariPool-1 - Start completed.
[2m2020-10-14 17:55:19.505[0;39m [32m INFO [vt.qlkdtt-yte-ws,,,][0;39m [35m3764[0;39m [2m---[0;39m [2m[  restartedMain][0;39m [36mo.hibernate.jpa.internal.util.LogHelper [0;39m [2m:[0;39m HHH000204: Processing PersistenceUnitInfo [
	name: default
	...]
[2m2020-10-14 17:55:19.708[0;39m [32m INFO [vt.qlkdtt-yte-ws,,,][0;39m [35m3764[0;39m [2m---[0;39m [2m[  restartedMain][0;39m [36morg.hibernate.Version                   [0;39m [2m:[0;39m HHH000412: Hibernate Core {5.3.15.Final}
[2m2020-10-14 17:55:19.708[0;39m [32m INFO [vt.qlkdtt-yte-ws,,,][0;39m [35m3764[0;39m [2m---[0;39m [2m[  restartedMain][0;39m [36morg.hibernate.cfg.Environment           [0;39m [2m:[0;39m HHH000206: hibernate.properties not found
[2m2020-10-14 17:55:20.239[0;39m [32m INFO [vt.qlkdtt-yte-ws,,,][0;39m [35m3764[0;39m [2m---[0;39m [2m[  restartedMain][0;39m [36mo.hibernate.annotations.common.Version  [0;39m [2m:[0;39m HCANN000001: Hibernate Commons Annotations {5.0.4.Final}
[2m2020-10-14 17:55:20.677[0;39m [32m INFO [vt.qlkdtt-yte-ws,,,][0;39m [35m3764[0;39m [2m---[0;39m [2m[  restartedMain][0;39m [36morg.hibernate.dialect.Dialect           [0;39m [2m:[0;39m HHH000400: Using dialect: org.hibernate.dialect.MariaDB103Dialect
[2m2020-10-14 17:55:22.817[0;39m [32m INFO [vt.qlkdtt-yte-ws,,,][0;39m [35m3764[0;39m [2m---[0;39m [2m[  restartedMain][0;39m [36mj.LocalContainerEntityManagerFactoryBean[0;39m [2m:[0;39m Initialized JPA EntityManagerFactory for persistence unit 'default'
[2m2020-10-14 17:55:22.958[0;39m [32m INFO [vt.qlkdtt-yte-ws,,,][0;39m [35m3764[0;39m [2m---[0;39m [2m[  restartedMain][0;39m [36mo.s.b.d.a.OptionalLiveReloadServer      [0;39m [2m:[0;39m LiveReload server is running on port 35729
[2m2020-10-14 17:55:25.583[0;39m [32m INFO [vt.qlkdtt-yte-ws,,,][0;39m [35m3764[0;39m [2m---[0;39m [2m[  restartedMain][0;39m [36mo.s.b.a.e.web.EndpointLinksResolver     [0;39m [2m:[0;39m Exposing 17 endpoint(s) beneath base path '/actuator'
[2m2020-10-14 17:55:26.051[0;39m [32m INFO [vt.qlkdtt-yte-ws,,,][0;39m [35m3764[0;39m [2m---[0;39m [2m[  restartedMain][0;39m [36mpertySourcedRequestMappingHandlerMapping[0;39m [2m:[0;39m Mapped URL path [/v2/api-docs] onto method [public org.springframework.http.ResponseEntity<springfox.documentation.spring.web.json.Json> springfox.documentation.swagger2.web.Swagger2Controller.getDocumentation(java.lang.String,javax.servlet.http.HttpServletRequest)]
[2m2020-10-14 17:55:26.489[0;39m [32m INFO [vt.qlkdtt-yte-ws,,,][0;39m [35m3764[0;39m [2m---[0;39m [2m[  restartedMain][0;39m [36mo.s.s.web.DefaultSecurityFilterChain    [0;39m [2m:[0;39m Creating filter chain: any request, [org.springframework.security.web.context.request.async.WebAsyncManagerIntegrationFilter@12c9b37f, org.springframework.security.web.context.SecurityContextPersistenceFilter@3788766c, org.springframework.security.web.header.HeaderWriterFilter@13e2a5fe, org.springframework.web.filter.CorsFilter@15b3552d, org.springframework.web.filter.CharacterEncodingFilter@50cb78be, org.springframework.security.web.authentication.logout.LogoutFilter@44d246fa, vt.qlkdtt.yte.security.jwt.JwtAuthenticationFilter@2211abd5, org.springframework.security.web.savedrequest.RequestCacheAwareFilter@e40f3e0, org.springframework.security.web.servletapi.SecurityContextHolderAwareRequestFilter@58a4d45f, org.springframework.security.web.authentication.AnonymousAuthenticationFilter@7362d93f, org.springframework.security.web.session.SessionManagementFilter@56b6b031, org.springframework.security.web.access.ExceptionTranslationFilter@399e19b1, org.springframework.security.web.access.intercept.FilterSecurityInterceptor@5366f26]
[2m2020-10-14 17:55:26.505[0;39m [32m INFO [vt.qlkdtt-yte-ws,,,][0;39m [35m3764[0;39m [2m---[0;39m [2m[  restartedMain][0;39m [36mo.s.aop.framework.CglibAopProxy         [0;39m [2m:[0;39m Unable to proxy interface-implementing method [public final void org.springframework.web.filter.GenericFilterBean.init(javax.servlet.FilterConfig) throws javax.servlet.ServletException] because it is marked as final: Consider using interface-based JDK proxies instead!
[2m2020-10-14 17:55:26.911[0;39m [32m INFO [vt.qlkdtt-yte-ws,,,][0;39m [35m3764[0;39m [2m---[0;39m [2m[  restartedMain][0;39m [36mo.s.s.concurrent.ThreadPoolTaskExecutor [0;39m [2m:[0;39m Initializing ExecutorService 'applicationTaskExecutor'
[2m2020-10-14 17:55:28.708[0;39m [32m INFO [vt.qlkdtt-yte-ws,,,][0;39m [35m3764[0;39m [2m---[0;39m [2m[  restartedMain][0;39m [36md.s.w.p.DocumentationPluginsBootstrapper[0;39m [2m:[0;39m Context refreshed
[2m2020-10-14 17:55:28.770[0;39m [32m INFO [vt.qlkdtt-yte-ws,,,][0;39m [35m3764[0;39m [2m---[0;39m [2m[  restartedMain][0;39m [36md.s.w.p.DocumentationPluginsBootstrapper[0;39m [2m:[0;39m Found 1 custom documentation plugin(s)
[2m2020-10-14 17:55:28.801[0;39m [32m INFO [vt.qlkdtt-yte-ws,,,][0;39m [35m3764[0;39m [2m---[0;39m [2m[  restartedMain][0;39m [36ms.d.s.w.s.ApiListingReferenceScanner    [0;39m [2m:[0;39m Scanning for api listing references
[2m2020-10-14 17:55:29.036[0;39m [32m INFO [vt.qlkdtt-yte-ws,,,][0;39m [35m3764[0;39m [2m---[0;39m [2m[  restartedMain][0;39m [36m.d.s.w.r.o.CachingOperationNameGenerator[0;39m [2m:[0;39m Generating unique operation named: findByIdUsingGET_1
[2m2020-10-14 17:55:29.114[0;39m [32m INFO [vt.qlkdtt-yte-ws,,,][0;39m [35m3764[0;39m [2m---[0;39m [2m[  restartedMain][0;39m [36m.d.s.w.r.o.CachingOperationNameGenerator[0;39m [2m:[0;39m Generating unique operation named: findByIdUsingGET_2
[2m2020-10-14 17:55:29.114[0;39m [32m INFO [vt.qlkdtt-yte-ws,,,][0;39m [35m3764[0;39m [2m---[0;39m [2m[  restartedMain][0;39m [36m.d.s.w.r.o.CachingOperationNameGenerator[0;39m [2m:[0;39m Generating unique operation named: updateUsingPOST_1
[2m2020-10-14 17:55:29.145[0;39m [32m INFO [vt.qlkdtt-yte-ws,,,][0;39m [35m3764[0;39m [2m---[0;39m [2m[  restartedMain][0;39m [36m.d.s.w.r.o.CachingOperationNameGenerator[0;39m [2m:[0;39m Generating unique operation named: updateUsingPOST_2
[2m2020-10-14 17:55:29.161[0;39m [32m INFO [vt.qlkdtt-yte-ws,,,][0;39m [35m3764[0;39m [2m---[0;39m [2m[  restartedMain][0;39m [36m.d.s.w.r.o.CachingOperationNameGenerator[0;39m [2m:[0;39m Generating unique operation named: createUsingPOST_1
[2m2020-10-14 17:55:29.161[0;39m [32m INFO [vt.qlkdtt-yte-ws,,,][0;39m [35m3764[0;39m [2m---[0;39m [2m[  restartedMain][0;39m [36m.d.s.w.r.o.CachingOperationNameGenerator[0;39m [2m:[0;39m Generating unique operation named: deleteUsingDELETE_1
[2m2020-10-14 17:55:29.161[0;39m [32m INFO [vt.qlkdtt-yte-ws,,,][0;39m [35m3764[0;39m [2m---[0;39m [2m[  restartedMain][0;39m [36m.d.s.w.r.o.CachingOperationNameGenerator[0;39m [2m:[0;39m Generating unique operation named: updateUsingPOST_3
[2m2020-10-14 17:55:29.161[0;39m [32m INFO [vt.qlkdtt-yte-ws,,,][0;39m [35m3764[0;39m [2m---[0;39m [2m[  restartedMain][0;39m [36m.d.s.w.r.o.CachingOperationNameGenerator[0;39m [2m:[0;39m Generating unique operation named: findByCodeUsingGET_1
[2m2020-10-14 17:55:29.192[0;39m [32m INFO [vt.qlkdtt-yte-ws,,,][0;39m [35m3764[0;39m [2m---[0;39m [2m[  restartedMain][0;39m [36m.d.s.w.r.o.CachingOperationNameGenerator[0;39m [2m:[0;39m Generating unique operation named: findByIdUsingGET_3
[2m2020-10-14 17:55:29.223[0;39m [32m INFO [vt.qlkdtt-yte-ws,,,][0;39m [35m3764[0;39m [2m---[0;39m [2m[  restartedMain][0;39m [36m.d.s.w.r.o.CachingOperationNameGenerator[0;39m [2m:[0;39m Generating unique operation named: findByIdUsingGET_4
[2m2020-10-14 17:55:29.239[0;39m [32m INFO [vt.qlkdtt-yte-ws,,,][0;39m [35m3764[0;39m [2m---[0;39m [2m[  restartedMain][0;39m [36m.d.s.w.r.o.CachingOperationNameGenerator[0;39m [2m:[0;39m Generating unique operation named: changeProductStatusUsingPOST_1
[2m2020-10-14 17:55:29.254[0;39m [32m INFO [vt.qlkdtt-yte-ws,,,][0;39m [35m3764[0;39m [2m---[0;39m [2m[  restartedMain][0;39m [36m.d.s.w.r.o.CachingOperationNameGenerator[0;39m [2m:[0;39m Generating unique operation named: findByIdUsingGET_5
[2m2020-10-14 17:55:29.270[0;39m [32m INFO [vt.qlkdtt-yte-ws,,,][0;39m [35m3764[0;39m [2m---[0;39m [2m[  restartedMain][0;39m [36m.d.s.w.r.o.CachingOperationNameGenerator[0;39m [2m:[0;39m Generating unique operation named: deleteUsingDELETE_2
[2m2020-10-14 17:55:29.286[0;39m [32m INFO [vt.qlkdtt-yte-ws,,,][0;39m [35m3764[0;39m [2m---[0;39m [2m[  restartedMain][0;39m [36m.d.s.w.r.o.CachingOperationNameGenerator[0;39m [2m:[0;39m Generating unique operation named: deleteUsingDELETE_3
[2m2020-10-14 17:55:29.286[0;39m [32m INFO [vt.qlkdtt-yte-ws,,,][0;39m [35m3764[0;39m [2m---[0;39m [2m[  restartedMain][0;39m [36m.d.s.w.r.o.CachingOperationNameGenerator[0;39m [2m:[0;39m Generating unique operation named: insertUsingPOST_1
[2m2020-10-14 17:55:29.286[0;39m [32m INFO [vt.qlkdtt-yte-ws,,,][0;39m [35m3764[0;39m [2m---[0;39m [2m[  restartedMain][0;39m [36m.d.s.w.r.o.CachingOperationNameGenerator[0;39m [2m:[0;39m Generating unique operation named: updateUsingPUT_1
[2m2020-10-14 17:55:29.286[0;39m [32m INFO [vt.qlkdtt-yte-ws,,,][0;39m [35m3764[0;39m [2m---[0;39m [2m[  restartedMain][0;39m [36m.d.s.w.r.o.CachingOperationNameGenerator[0;39m [2m:[0;39m Generating unique operation named: findByIdUsingGET_6
[2m2020-10-14 17:55:29.348[0;39m [32m INFO [vt.qlkdtt-yte-ws,,,][0;39m [35m3764[0;39m [2m---[0;39m [2m[  restartedMain][0;39m [36mo.s.b.w.embedded.tomcat.TomcatWebServer [0;39m [2m:[0;39m Tomcat started on port(s): 8998 (http) with context path ''
[2m2020-10-14 17:55:29.629[0;39m [32m INFO [vt.qlkdtt-yte-ws,,,][0;39m [35m3764[0;39m [2m---[0;39m [2m[  restartedMain][0;39m [36mvt.qlkdtt.yte.Application               [0;39m [2m:[0;39m Started Application in 21.779 seconds (JVM running for 24.091)
[2m2020-10-14 17:55:29.864[0;39m [32m INFO [vt.qlkdtt-yte-ws,,,][0;39m [35m3764[0;39m [2m---[0;39m [2m[)-192.168.0.118][0;39m [36mo.a.c.c.C.[Tomcat].[localhost].[/]      [0;39m [2m:[0;39m Initializing Spring DispatcherServlet 'dispatcherServlet'
[2m2020-10-14 17:55:29.864[0;39m [32m INFO [vt.qlkdtt-yte-ws,,,][0;39m [35m3764[0;39m [2m---[0;39m [2m[)-192.168.0.118][0;39m [36mo.s.web.servlet.DispatcherServlet       [0;39m [2m:[0;39m Initializing Servlet 'dispatcherServlet'
[2m2020-10-14 17:55:29.895[0;39m [32m INFO [vt.qlkdtt-yte-ws,,,][0;39m [35m3764[0;39m [2m---[0;39m [2m[)-192.168.0.118][0;39m [36mo.s.web.servlet.DispatcherServlet       [0;39m [2m:[0;39m Completed initialization in 31 ms
[2m2020-10-14 17:56:03.854[0;39m [32mDEBUG [vt.qlkdtt-yte-ws,f6db0462317fd01b,f6db0462317fd01b,false][0;39m [35m3764[0;39m [2m---[0;39m [2m[nio-8998-exec-1][0;39m [36mme.coong.web.filter.WebTracingFilter    [0;39m [2m:[0;39m GET /swagger-ui.html
[2m2020-10-14 17:56:03.956[0;39m [32mDEBUG [vt.qlkdtt-yte-ws,f6db0462317fd01b,f6db0462317fd01b,false][0;39m [35m3764[0;39m [2m---[0;39m [2m[nio-8998-exec-1][0;39m [36mme.coong.web.filter.WebTracingFilter    [0;39m [2m:[0;39m 200//102 ms
[2m2020-10-14 17:56:04.378[0;39m [32mDEBUG [vt.qlkdtt-yte-ws,1ef95b7f9c0d28ab,1ef95b7f9c0d28ab,false][0;39m [35m3764[0;39m [2m---[0;39m [2m[io-8998-exec-10][0;39m [36mme.coong.web.filter.WebTracingFilter    [0;39m [2m:[0;39m GET /swagger-resources
[2m2020-10-14 17:56:04.383[0;39m [32mDEBUG [vt.qlkdtt-yte-ws,1ef95b7f9c0d28ab,1ef95b7f9c0d28ab,false][0;39m [35m3764[0;39m [2m---[0;39m [2m[io-8998-exec-10][0;39m [36mme.coong.web.filter.WebTracingFilter    [0;39m [2m:[0;39m 200//5 ms
[2m2020-10-14 17:56:04.414[0;39m [32mDEBUG [vt.qlkdtt-yte-ws,7ff99c417c7be66a,7ff99c417c7be66a,false][0;39m [35m3764[0;39m [2m---[0;39m [2m[nio-8998-exec-3][0;39m [36mme.coong.web.filter.WebTracingFilter    [0;39m [2m:[0;39m GET /
[2m2020-10-14 17:56:04.414[0;39m [32mDEBUG [vt.qlkdtt-yte-ws,df7e874b0d7ca763,df7e874b0d7ca763,false][0;39m [35m3764[0;39m [2m---[0;39m [2m[nio-8998-exec-1][0;39m [36mme.coong.web.filter.WebTracingFilter    [0;39m [2m:[0;39m GET /v2/api-docs
[2m2020-10-14 17:56:04.453[0;39m [32mDEBUG [vt.qlkdtt-yte-ws,7ff99c417c7be66a,7ff99c417c7be66a,false][0;39m [35m3764[0;39m [2m---[0;39m [2m[nio-8998-exec-3][0;39m [36mme.coong.web.filter.WebTracingFilter    [0;39m [2m:[0;39m 200//39 ms
[2m2020-10-14 17:56:04.458[0;39m [32mDEBUG [vt.qlkdtt-yte-ws,cb02a2ad725fd1ba,cb02a2ad725fd1ba,false][0;39m [35m3764[0;39m [2m---[0;39m [2m[nio-8998-exec-2][0;39m [36mme.coong.web.filter.WebTracingFilter    [0;39m [2m:[0;39m GET /csrf
[2m2020-10-14 17:56:04.465[0;39m [32mDEBUG [vt.qlkdtt-yte-ws,cb02a2ad725fd1ba,cb02a2ad725fd1ba,false][0;39m [35m3764[0;39m [2m---[0;39m [2m[nio-8998-exec-2][0;39m [36mme.coong.web.filter.WebTracingFilter    [0;39m [2m:[0;39m 404//7 ms
[2m2020-10-14 17:56:04.601[0;39m [32mDEBUG [vt.qlkdtt-yte-ws,df7e874b0d7ca763,df7e874b0d7ca763,false][0;39m [35m3764[0;39m [2m---[0;39m [2m[nio-8998-exec-1][0;39m [36mme.coong.web.filter.WebTracingFilter    [0;39m [2m:[0;39m 200//186 ms
[2m2020-10-14 17:56:22.068[0;39m [32mDEBUG [vt.qlkdtt-yte-ws,5680d74aafc49e3b,5680d74aafc49e3b,false][0;39m [35m3764[0;39m [2m---[0;39m [2m[nio-8998-exec-6][0;39m [36mme.coong.web.filter.WebTracingFilter    [0;39m [2m:[0;39m POST /stock/insert
[2m2020-10-14 17:56:22.310[0;39m [33m WARN [vt.qlkdtt-yte-ws,5680d74aafc49e3b,5680d74aafc49e3b,false][0;39m [35m3764[0;39m [2m---[0;39m [2m[nio-8998-exec-6][0;39m [36m.m.m.a.ExceptionHandlerExceptionResolver[0;39m [2m:[0;39m Resolved [org.springframework.web.util.NestedServletException: Handler dispatch failed; nested exception is java.lang.NoSuchFieldError: RETURN_NULL_AND_BLANK]
[2m2020-10-14 17:56:22.311[0;39m [32mDEBUG [vt.qlkdtt-yte-ws,5680d74aafc49e3b,5680d74aafc49e3b,false][0;39m [35m3764[0;39m [2m---[0;39m [2m[nio-8998-exec-6][0;39m [36mme.coong.web.filter.WebTracingFilter    [0;39m [2m:[0;39m 500//242 ms
[2m2020-10-14 18:13:47.669[0;39m [32m INFO [vt.qlkdtt-yte-ws,,,][0;39m [35m3764[0;39m [2m---[0;39m [2m[      Thread-53][0;39m [36mo.s.s.concurrent.ThreadPoolTaskExecutor [0;39m [2m:[0;39m Shutting down ExecutorService 'applicationTaskExecutor'
[2m2020-10-14 18:13:47.685[0;39m [32m INFO [vt.qlkdtt-yte-ws,,,][0;39m [35m3764[0;39m [2m---[0;39m [2m[      Thread-53][0;39m [36mj.LocalContainerEntityManagerFactoryBean[0;39m [2m:[0;39m Closing JPA EntityManagerFactory for persistence unit 'default'
[2m2020-10-14 18:13:47.685[0;39m [32m INFO [vt.qlkdtt-yte-ws,,,][0;39m [35m3764[0;39m [2m---[0;39m [2m[      Thread-53][0;39m [36mcom.zaxxer.hikari.HikariDataSource      [0;39m [2m:[0;39m HikariPool-1 - Shutdown initiated...
[2m2020-10-14 18:13:47.685[0;39m [32m INFO [vt.qlkdtt-yte-ws,,,][0;39m [35m3764[0;39m [2m---[0;39m [2m[      Thread-53][0;39m [36mcom.zaxxer.hikari.HikariDataSource      [0;39m [2m:[0;39m HikariPool-1 - Shutdown completed.
