[2m2020-10-29 13:38:49.892[0;39m [32m INFO [vt.qlkdtt-yte-ws,,,][0;39m [35m1500[0;39m [2m---[0;39m [2m[  restartedMain][0;39m [36m.e.DevToolsPropertyDefaultsPostProcessor[0;39m [2m:[0;39m Devtools property defaults active! Set 'spring.devtools.add-properties' to 'false' to disable
[2m2020-10-29 13:38:50.797[0;39m [32m INFO [vt.qlkdtt-yte-ws,,,][0;39m [35m1500[0;39m [2m---[0;39m [2m[  restartedMain][0;39m [36mvt.qlkdtt.yte.Application               [0;39m [2m:[0;39m No active profile set, falling back to default profiles: default
[2m2020-10-29 13:38:55.913[0;39m [32m INFO [vt.qlkdtt-yte-ws,,,][0;39m [35m1500[0;39m [2m---[0;39m [2m[  restartedMain][0;39m [36m.s.d.r.c.RepositoryConfigurationDelegate[0;39m [2m:[0;39m Bootstrapping Spring Data JPA repositories in DEFAULT mode.
[2m2020-10-29 13:38:56.424[0;39m [32m INFO [vt.qlkdtt-yte-ws,,,][0;39m [35m1500[0;39m [2m---[0;39m [2m[  restartedMain][0;39m [36m.s.d.r.c.RepositoryConfigurationDelegate[0;39m [2m:[0;39m Finished Spring Data repository scanning in 471ms. Found 31 JPA repository interfaces.
[2m2020-10-29 13:38:57.222[0;39m [32m INFO [vt.qlkdtt-yte-ws,,,][0;39m [35m1500[0;39m [2m---[0;39m [2m[  restartedMain][0;39m [36mo.s.cloud.context.scope.GenericScope    [0;39m [2m:[0;39m BeanFactory id=e11aae32-0079-3415-ad50-e6f3c4b678b5
[2m2020-10-29 13:38:57.606[0;39m [32m INFO [vt.qlkdtt-yte-ws,,,][0;39m [35m1500[0;39m [2m---[0;39m [2m[  restartedMain][0;39m [36mtrationDelegate$BeanPostProcessorChecker[0;39m [2m:[0;39m Bean 'org.springframework.transaction.annotation.ProxyTransactionManagementConfiguration' of type [org.springframework.transaction.annotation.ProxyTransactionManagementConfiguration$$EnhancerBySpringCGLIB$$f0394501] is not eligible for getting processed by all BeanPostProcessors (for example: not eligible for auto-proxying)
[2m2020-10-29 13:38:57.661[0;39m [32m INFO [vt.qlkdtt-yte-ws,,,][0;39m [35m1500[0;39m [2m---[0;39m [2m[  restartedMain][0;39m [36mtrationDelegate$BeanPostProcessorChecker[0;39m [2m:[0;39m Bean 'org.springframework.hateoas.config.HateoasConfiguration' of type [org.springframework.hateoas.config.HateoasConfiguration$$EnhancerBySpringCGLIB$$6fb99233] is not eligible for getting processed by all BeanPostProcessors (for example: not eligible for auto-proxying)
[2m2020-10-29 13:38:58.538[0;39m [32m INFO [vt.qlkdtt-yte-ws,,,][0;39m [35m1500[0;39m [2m---[0;39m [2m[  restartedMain][0;39m [36mo.s.b.w.embedded.tomcat.TomcatWebServer [0;39m [2m:[0;39m Tomcat initialized with port(s): 8998 (http)
[2m2020-10-29 13:38:58.596[0;39m [32m INFO [vt.qlkdtt-yte-ws,,,][0;39m [35m1500[0;39m [2m---[0;39m [2m[  restartedMain][0;39m [36mo.apache.catalina.core.StandardService  [0;39m [2m:[0;39m Starting service [Tomcat]
[2m2020-10-29 13:38:58.596[0;39m [32m INFO [vt.qlkdtt-yte-ws,,,][0;39m [35m1500[0;39m [2m---[0;39m [2m[  restartedMain][0;39m [36morg.apache.catalina.core.StandardEngine [0;39m [2m:[0;39m Starting Servlet engine: [Apache Tomcat/9.0.30]
[2m2020-10-29 13:38:58.759[0;39m [32m INFO [vt.qlkdtt-yte-ws,,,][0;39m [35m1500[0;39m [2m---[0;39m [2m[  restartedMain][0;39m [36mo.a.c.c.C.[Tomcat].[localhost].[/]      [0;39m [2m:[0;39m Initializing Spring embedded WebApplicationContext
[2m2020-10-29 13:38:58.760[0;39m [32m INFO [vt.qlkdtt-yte-ws,,,][0;39m [35m1500[0;39m [2m---[0;39m [2m[  restartedMain][0;39m [36mo.s.web.context.ContextLoader           [0;39m [2m:[0;39m Root WebApplicationContext: initialization completed in 7933 ms
[2m2020-10-29 13:39:01.868[0;39m [32mDEBUG [vt.qlkdtt-yte-ws,,,][0;39m [35m1500[0;39m [2m---[0;39m [2m[  restartedMain][0;39m [36mme.coong.web.filter.WebTracingFilter    [0;39m [2m:[0;39m Filter 'webTracingFilter' configured for use
[2m2020-10-29 13:39:02.274[0;39m [32m INFO [vt.qlkdtt-yte-ws,,,][0;39m [35m1500[0;39m [2m---[0;39m [2m[  restartedMain][0;39m [36mcom.zaxxer.hikari.HikariDataSource      [0;39m [2m:[0;39m HikariPool-1 - Starting...
[2m2020-10-29 13:39:02.484[0;39m [32m INFO [vt.qlkdtt-yte-ws,,,][0;39m [35m1500[0;39m [2m---[0;39m [2m[  restartedMain][0;39m [36mcom.zaxxer.hikari.HikariDataSource      [0;39m [2m:[0;39m HikariPool-1 - Start completed.
[2m2020-10-29 13:39:02.693[0;39m [32m INFO [vt.qlkdtt-yte-ws,,,][0;39m [35m1500[0;39m [2m---[0;39m [2m[  restartedMain][0;39m [36mo.hibernate.jpa.internal.util.LogHelper [0;39m [2m:[0;39m HHH000204: Processing PersistenceUnitInfo [
	name: default
	...]
[2m2020-10-29 13:39:02.907[0;39m [32m INFO [vt.qlkdtt-yte-ws,,,][0;39m [35m1500[0;39m [2m---[0;39m [2m[  restartedMain][0;39m [36morg.hibernate.Version                   [0;39m [2m:[0;39m HHH000412: Hibernate Core {5.3.15.Final}
[2m2020-10-29 13:39:02.909[0;39m [32m INFO [vt.qlkdtt-yte-ws,,,][0;39m [35m1500[0;39m [2m---[0;39m [2m[  restartedMain][0;39m [36morg.hibernate.cfg.Environment           [0;39m [2m:[0;39m HHH000206: hibernate.properties not found
[2m2020-10-29 13:39:03.438[0;39m [32m INFO [vt.qlkdtt-yte-ws,,,][0;39m [35m1500[0;39m [2m---[0;39m [2m[  restartedMain][0;39m [36mo.hibernate.annotations.common.Version  [0;39m [2m:[0;39m HCANN000001: Hibernate Commons Annotations {5.0.4.Final}
[2m2020-10-29 13:39:03.872[0;39m [32m INFO [vt.qlkdtt-yte-ws,,,][0;39m [35m1500[0;39m [2m---[0;39m [2m[  restartedMain][0;39m [36morg.hibernate.dialect.Dialect           [0;39m [2m:[0;39m HHH000400: Using dialect: org.hibernate.dialect.MariaDB103Dialect
[2m2020-10-29 13:39:06.317[0;39m [32m INFO [vt.qlkdtt-yte-ws,,,][0;39m [35m1500[0;39m [2m---[0;39m [2m[  restartedMain][0;39m [36mj.LocalContainerEntityManagerFactoryBean[0;39m [2m:[0;39m Initialized JPA EntityManagerFactory for persistence unit 'default'
[2m2020-10-29 13:39:06.477[0;39m [32m INFO [vt.qlkdtt-yte-ws,,,][0;39m [35m1500[0;39m [2m---[0;39m [2m[  restartedMain][0;39m [36mo.s.b.d.a.OptionalLiveReloadServer      [0;39m [2m:[0;39m LiveReload server is running on port 35729
[2m2020-10-29 13:39:09.513[0;39m [32m INFO [vt.qlkdtt-yte-ws,,,][0;39m [35m1500[0;39m [2m---[0;39m [2m[  restartedMain][0;39m [36mo.s.b.a.e.web.EndpointLinksResolver     [0;39m [2m:[0;39m Exposing 17 endpoint(s) beneath base path '/actuator'
[2m2020-10-29 13:39:10.032[0;39m [32m INFO [vt.qlkdtt-yte-ws,,,][0;39m [35m1500[0;39m [2m---[0;39m [2m[  restartedMain][0;39m [36mpertySourcedRequestMappingHandlerMapping[0;39m [2m:[0;39m Mapped URL path [/v2/api-docs] onto method [public org.springframework.http.ResponseEntity<springfox.documentation.spring.web.json.Json> springfox.documentation.swagger2.web.Swagger2Controller.getDocumentation(java.lang.String,javax.servlet.http.HttpServletRequest)]
[2m2020-10-29 13:39:10.572[0;39m [32m INFO [vt.qlkdtt-yte-ws,,,][0;39m [35m1500[0;39m [2m---[0;39m [2m[  restartedMain][0;39m [36mo.s.s.web.DefaultSecurityFilterChain    [0;39m [2m:[0;39m Creating filter chain: any request, [org.springframework.security.web.context.request.async.WebAsyncManagerIntegrationFilter@52b9193b, org.springframework.security.web.context.SecurityContextPersistenceFilter@1692e2f3, org.springframework.security.web.header.HeaderWriterFilter@54c3915e, org.springframework.web.filter.CorsFilter@3f72357b, org.springframework.web.filter.CharacterEncodingFilter@23f54e62, org.springframework.security.web.authentication.logout.LogoutFilter@6bb39c1d, vt.qlkdtt.yte.security.jwt.JwtAuthenticationFilter@19919202, org.springframework.security.web.savedrequest.RequestCacheAwareFilter@4a013a8f, org.springframework.security.web.servletapi.SecurityContextHolderAwareRequestFilter@7fd33fd8, org.springframework.security.web.authentication.AnonymousAuthenticationFilter@3d4c06c7, org.springframework.security.web.session.SessionManagementFilter@d4e127a, org.springframework.security.web.access.ExceptionTranslationFilter@4132a3a, org.springframework.security.web.access.intercept.FilterSecurityInterceptor@38c0b021]
[2m2020-10-29 13:39:10.587[0;39m [32m INFO [vt.qlkdtt-yte-ws,,,][0;39m [35m1500[0;39m [2m---[0;39m [2m[  restartedMain][0;39m [36mo.s.aop.framework.CglibAopProxy         [0;39m [2m:[0;39m Unable to proxy interface-implementing method [public final void org.springframework.web.filter.GenericFilterBean.init(javax.servlet.FilterConfig) throws javax.servlet.ServletException] because it is marked as final: Consider using interface-based JDK proxies instead!
[2m2020-10-29 13:39:10.995[0;39m [32m INFO [vt.qlkdtt-yte-ws,,,][0;39m [35m1500[0;39m [2m---[0;39m [2m[  restartedMain][0;39m [36mo.s.s.concurrent.ThreadPoolTaskExecutor [0;39m [2m:[0;39m Initializing ExecutorService 'applicationTaskExecutor'
[2m2020-10-29 13:39:12.861[0;39m [32m INFO [vt.qlkdtt-yte-ws,,,][0;39m [35m1500[0;39m [2m---[0;39m [2m[  restartedMain][0;39m [36md.s.w.p.DocumentationPluginsBootstrapper[0;39m [2m:[0;39m Context refreshed
[2m2020-10-29 13:39:12.915[0;39m [32m INFO [vt.qlkdtt-yte-ws,,,][0;39m [35m1500[0;39m [2m---[0;39m [2m[  restartedMain][0;39m [36md.s.w.p.DocumentationPluginsBootstrapper[0;39m [2m:[0;39m Found 1 custom documentation plugin(s)
[2m2020-10-29 13:39:12.967[0;39m [32m INFO [vt.qlkdtt-yte-ws,,,][0;39m [35m1500[0;39m [2m---[0;39m [2m[  restartedMain][0;39m [36ms.d.s.w.s.ApiListingReferenceScanner    [0;39m [2m:[0;39m Scanning for api listing references
[2m2020-10-29 13:39:13.252[0;39m [32m INFO [vt.qlkdtt-yte-ws,,,][0;39m [35m1500[0;39m [2m---[0;39m [2m[  restartedMain][0;39m [36m.d.s.w.r.o.CachingOperationNameGenerator[0;39m [2m:[0;39m Generating unique operation named: findByIdUsingGET_1
[2m2020-10-29 13:39:13.323[0;39m [32m INFO [vt.qlkdtt-yte-ws,,,][0;39m [35m1500[0;39m [2m---[0;39m [2m[  restartedMain][0;39m [36m.d.s.w.r.o.CachingOperationNameGenerator[0;39m [2m:[0;39m Generating unique operation named: findByIdUsingGET_2
[2m2020-10-29 13:39:13.328[0;39m [32m INFO [vt.qlkdtt-yte-ws,,,][0;39m [35m1500[0;39m [2m---[0;39m [2m[  restartedMain][0;39m [36m.d.s.w.r.o.CachingOperationNameGenerator[0;39m [2m:[0;39m Generating unique operation named: updateUsingPOST_1
[2m2020-10-29 13:39:13.364[0;39m [32m INFO [vt.qlkdtt-yte-ws,,,][0;39m [35m1500[0;39m [2m---[0;39m [2m[  restartedMain][0;39m [36m.d.s.w.r.o.CachingOperationNameGenerator[0;39m [2m:[0;39m Generating unique operation named: updateUsingPOST_2
[2m2020-10-29 13:39:13.367[0;39m [32m INFO [vt.qlkdtt-yte-ws,,,][0;39m [35m1500[0;39m [2m---[0;39m [2m[  restartedMain][0;39m [36m.d.s.w.r.o.CachingOperationNameGenerator[0;39m [2m:[0;39m Generating unique operation named: createUsingPOST_1
[2m2020-10-29 13:39:13.368[0;39m [32m INFO [vt.qlkdtt-yte-ws,,,][0;39m [35m1500[0;39m [2m---[0;39m [2m[  restartedMain][0;39m [36m.d.s.w.r.o.CachingOperationNameGenerator[0;39m [2m:[0;39m Generating unique operation named: deleteUsingDELETE_1
[2m2020-10-29 13:39:13.371[0;39m [32m INFO [vt.qlkdtt-yte-ws,,,][0;39m [35m1500[0;39m [2m---[0;39m [2m[  restartedMain][0;39m [36m.d.s.w.r.o.CachingOperationNameGenerator[0;39m [2m:[0;39m Generating unique operation named: updateUsingPOST_3
[2m2020-10-29 13:39:13.378[0;39m [32m INFO [vt.qlkdtt-yte-ws,,,][0;39m [35m1500[0;39m [2m---[0;39m [2m[  restartedMain][0;39m [36m.d.s.w.r.o.CachingOperationNameGenerator[0;39m [2m:[0;39m Generating unique operation named: findByCodeUsingGET_1
[2m2020-10-29 13:39:13.404[0;39m [32m INFO [vt.qlkdtt-yte-ws,,,][0;39m [35m1500[0;39m [2m---[0;39m [2m[  restartedMain][0;39m [36m.d.s.w.r.o.CachingOperationNameGenerator[0;39m [2m:[0;39m Generating unique operation named: deleteUsingDELETE_2
[2m2020-10-29 13:39:13.422[0;39m [32m INFO [vt.qlkdtt-yte-ws,,,][0;39m [35m1500[0;39m [2m---[0;39m [2m[  restartedMain][0;39m [36m.d.s.w.r.o.CachingOperationNameGenerator[0;39m [2m:[0;39m Generating unique operation named: findByIdUsingGET_3
[2m2020-10-29 13:39:13.445[0;39m [32m INFO [vt.qlkdtt-yte-ws,,,][0;39m [35m1500[0;39m [2m---[0;39m [2m[  restartedMain][0;39m [36m.d.s.w.r.o.CachingOperationNameGenerator[0;39m [2m:[0;39m Generating unique operation named: findByIdUsingGET_4
[2m2020-10-29 13:39:13.463[0;39m [32m INFO [vt.qlkdtt-yte-ws,,,][0;39m [35m1500[0;39m [2m---[0;39m [2m[  restartedMain][0;39m [36m.d.s.w.r.o.CachingOperationNameGenerator[0;39m [2m:[0;39m Generating unique operation named: changeProductStatusUsingPOST_1
[2m2020-10-29 13:39:13.483[0;39m [32m INFO [vt.qlkdtt-yte-ws,,,][0;39m [35m1500[0;39m [2m---[0;39m [2m[  restartedMain][0;39m [36m.d.s.w.r.o.CachingOperationNameGenerator[0;39m [2m:[0;39m Generating unique operation named: findByIdUsingGET_5
[2m2020-10-29 13:39:13.502[0;39m [32m INFO [vt.qlkdtt-yte-ws,,,][0;39m [35m1500[0;39m [2m---[0;39m [2m[  restartedMain][0;39m [36m.d.s.w.r.o.CachingOperationNameGenerator[0;39m [2m:[0;39m Generating unique operation named: deleteUsingDELETE_3
[2m2020-10-29 13:39:13.507[0;39m [32m INFO [vt.qlkdtt-yte-ws,,,][0;39m [35m1500[0;39m [2m---[0;39m [2m[  restartedMain][0;39m [36m.d.s.w.r.o.CachingOperationNameGenerator[0;39m [2m:[0;39m Generating unique operation named: insertUsingPOST_1
[2m2020-10-29 13:39:13.509[0;39m [32m INFO [vt.qlkdtt-yte-ws,,,][0;39m [35m1500[0;39m [2m---[0;39m [2m[  restartedMain][0;39m [36m.d.s.w.r.o.CachingOperationNameGenerator[0;39m [2m:[0;39m Generating unique operation named: updateUsingPUT_1
[2m2020-10-29 13:39:13.512[0;39m [32m INFO [vt.qlkdtt-yte-ws,,,][0;39m [35m1500[0;39m [2m---[0;39m [2m[  restartedMain][0;39m [36m.d.s.w.r.o.CachingOperationNameGenerator[0;39m [2m:[0;39m Generating unique operation named: deleteUsingDELETE_4
[2m2020-10-29 13:39:13.514[0;39m [32m INFO [vt.qlkdtt-yte-ws,,,][0;39m [35m1500[0;39m [2m---[0;39m [2m[  restartedMain][0;39m [36m.d.s.w.r.o.CachingOperationNameGenerator[0;39m [2m:[0;39m Generating unique operation named: insertUsingPOST_2
[2m2020-10-29 13:39:13.517[0;39m [32m INFO [vt.qlkdtt-yte-ws,,,][0;39m [35m1500[0;39m [2m---[0;39m [2m[  restartedMain][0;39m [36m.d.s.w.r.o.CachingOperationNameGenerator[0;39m [2m:[0;39m Generating unique operation named: updateUsingPUT_2
[2m2020-10-29 13:39:13.524[0;39m [32m INFO [vt.qlkdtt-yte-ws,,,][0;39m [35m1500[0;39m [2m---[0;39m [2m[  restartedMain][0;39m [36m.d.s.w.r.o.CachingOperationNameGenerator[0;39m [2m:[0;39m Generating unique operation named: findByIdUsingGET_6
[2m2020-10-29 13:39:13.607[0;39m [32m INFO [vt.qlkdtt-yte-ws,,,][0;39m [35m1500[0;39m [2m---[0;39m [2m[  restartedMain][0;39m [36mo.s.b.w.embedded.tomcat.TomcatWebServer [0;39m [2m:[0;39m Tomcat started on port(s): 8998 (http) with context path ''
[2m2020-10-29 13:39:13.897[0;39m [32m INFO [vt.qlkdtt-yte-ws,,,][0;39m [35m1500[0;39m [2m---[0;39m [2m[  restartedMain][0;39m [36mvt.qlkdtt.yte.Application               [0;39m [2m:[0;39m Started Application in 25.89 seconds (JVM running for 28.218)
[2m2020-10-29 13:39:14.299[0;39m [32m INFO [vt.qlkdtt-yte-ws,,,][0;39m [35m1500[0;39m [2m---[0;39m [2m[)-192.168.0.119][0;39m [36mo.a.c.c.C.[Tomcat].[localhost].[/]      [0;39m [2m:[0;39m Initializing Spring DispatcherServlet 'dispatcherServlet'
[2m2020-10-29 13:39:14.300[0;39m [32m INFO [vt.qlkdtt-yte-ws,,,][0;39m [35m1500[0;39m [2m---[0;39m [2m[)-192.168.0.119][0;39m [36mo.s.web.servlet.DispatcherServlet       [0;39m [2m:[0;39m Initializing Servlet 'dispatcherServlet'
[2m2020-10-29 13:39:14.328[0;39m [32m INFO [vt.qlkdtt-yte-ws,,,][0;39m [35m1500[0;39m [2m---[0;39m [2m[)-192.168.0.119][0;39m [36mo.s.web.servlet.DispatcherServlet       [0;39m [2m:[0;39m Completed initialization in 28 ms
[2m2020-10-29 13:39:38.436[0;39m [32mDEBUG [vt.qlkdtt-yte-ws,ad5d5edeedeaeb49,ad5d5edeedeaeb49,false][0;39m [35m1500[0;39m [2m---[0;39m [2m[nio-8998-exec-1][0;39m [36mme.coong.web.filter.WebTracingFilter    [0;39m [2m:[0;39m GET /swagger-ui.html
[2m2020-10-29 13:39:38.549[0;39m [32mDEBUG [vt.qlkdtt-yte-ws,ad5d5edeedeaeb49,ad5d5edeedeaeb49,false][0;39m [35m1500[0;39m [2m---[0;39m [2m[nio-8998-exec-1][0;39m [36mme.coong.web.filter.WebTracingFilter    [0;39m [2m:[0;39m 200//113 ms
[2m2020-10-29 13:39:38.948[0;39m [32mDEBUG [vt.qlkdtt-yte-ws,630424c5ad56445e,630424c5ad56445e,false][0;39m [35m1500[0;39m [2m---[0;39m [2m[io-8998-exec-10][0;39m [36mme.coong.web.filter.WebTracingFilter    [0;39m [2m:[0;39m GET /swagger-resources
[2m2020-10-29 13:39:38.952[0;39m [32mDEBUG [vt.qlkdtt-yte-ws,630424c5ad56445e,630424c5ad56445e,false][0;39m [35m1500[0;39m [2m---[0;39m [2m[io-8998-exec-10][0;39m [36mme.coong.web.filter.WebTracingFilter    [0;39m [2m:[0;39m 200//4 ms
[2m2020-10-29 13:39:38.986[0;39m [32mDEBUG [vt.qlkdtt-yte-ws,39f0b0184fa66aa2,39f0b0184fa66aa2,false][0;39m [35m1500[0;39m [2m---[0;39m [2m[nio-8998-exec-1][0;39m [36mme.coong.web.filter.WebTracingFilter    [0;39m [2m:[0;39m GET /v2/api-docs
[2m2020-10-29 13:39:38.986[0;39m [32mDEBUG [vt.qlkdtt-yte-ws,0901e611e3b50439,0901e611e3b50439,false][0;39m [35m1500[0;39m [2m---[0;39m [2m[nio-8998-exec-2][0;39m [36mme.coong.web.filter.WebTracingFilter    [0;39m [2m:[0;39m GET /
[2m2020-10-29 13:39:39.041[0;39m [32mDEBUG [vt.qlkdtt-yte-ws,0901e611e3b50439,0901e611e3b50439,false][0;39m [35m1500[0;39m [2m---[0;39m [2m[nio-8998-exec-2][0;39m [36mme.coong.web.filter.WebTracingFilter    [0;39m [2m:[0;39m 200//55 ms
[2m2020-10-29 13:39:39.046[0;39m [32mDEBUG [vt.qlkdtt-yte-ws,5bb6877eac654049,5bb6877eac654049,false][0;39m [35m1500[0;39m [2m---[0;39m [2m[nio-8998-exec-6][0;39m [36mme.coong.web.filter.WebTracingFilter    [0;39m [2m:[0;39m GET /csrf
[2m2020-10-29 13:39:39.051[0;39m [32mDEBUG [vt.qlkdtt-yte-ws,5bb6877eac654049,5bb6877eac654049,false][0;39m [35m1500[0;39m [2m---[0;39m [2m[nio-8998-exec-6][0;39m [36mme.coong.web.filter.WebTracingFilter    [0;39m [2m:[0;39m 404//5 ms
[2m2020-10-29 13:39:39.189[0;39m [32mDEBUG [vt.qlkdtt-yte-ws,39f0b0184fa66aa2,39f0b0184fa66aa2,false][0;39m [35m1500[0;39m [2m---[0;39m [2m[nio-8998-exec-1][0;39m [36mme.coong.web.filter.WebTracingFilter    [0;39m [2m:[0;39m 200//203 ms
[2m2020-10-29 13:41:16.683[0;39m [32mDEBUG [vt.qlkdtt-yte-ws,496821d9d6c290f6,496821d9d6c290f6,false][0;39m [35m1500[0;39m [2m---[0;39m [2m[io-8998-exec-10][0;39m [36mme.coong.web.filter.WebTracingFilter    [0;39m [2m:[0;39m GET /search
[2m2020-10-29 13:41:16.938[0;39m [32mDEBUG [vt.qlkdtt-yte-ws,496821d9d6c290f6,496821d9d6c290f6,false][0;39m [35m1500[0;39m [2m---[0;39m [2m[io-8998-exec-10][0;39m [36mme.coong.web.filter.WebTracingFilter    [0;39m [2m:[0;39m 200//256 ms
[2m2020-10-29 13:45:21.800[0;39m [32m INFO [vt.qlkdtt-yte-ws,,,][0;39m [35m1500[0;39m [2m---[0;39m [2m[      Thread-63][0;39m [36mo.s.s.concurrent.ThreadPoolTaskExecutor [0;39m [2m:[0;39m Shutting down ExecutorService 'applicationTaskExecutor'
[2m2020-10-29 13:45:21.813[0;39m [32m INFO [vt.qlkdtt-yte-ws,,,][0;39m [35m1500[0;39m [2m---[0;39m [2m[      Thread-63][0;39m [36mj.LocalContainerEntityManagerFactoryBean[0;39m [2m:[0;39m Closing JPA EntityManagerFactory for persistence unit 'default'
[2m2020-10-29 13:45:21.819[0;39m [32m INFO [vt.qlkdtt-yte-ws,,,][0;39m [35m1500[0;39m [2m---[0;39m [2m[      Thread-63][0;39m [36mcom.zaxxer.hikari.HikariDataSource      [0;39m [2m:[0;39m HikariPool-1 - Shutdown initiated...
[2m2020-10-29 13:45:21.825[0;39m [32m INFO [vt.qlkdtt-yte-ws,,,][0;39m [35m1500[0;39m [2m---[0;39m [2m[      Thread-63][0;39m [36mcom.zaxxer.hikari.HikariDataSource      [0;39m [2m:[0;39m HikariPool-1 - Shutdown completed.
[2m2020-10-29 13:45:29.206[0;39m [32m INFO [vt.qlkdtt-yte-ws,,,][0;39m [35m6852[0;39m [2m---[0;39m [2m[  restartedMain][0;39m [36m.e.DevToolsPropertyDefaultsPostProcessor[0;39m [2m:[0;39m Devtools property defaults active! Set 'spring.devtools.add-properties' to 'false' to disable
[2m2020-10-29 13:45:29.792[0;39m [32m INFO [vt.qlkdtt-yte-ws,,,][0;39m [35m6852[0;39m [2m---[0;39m [2m[  restartedMain][0;39m [36mvt.qlkdtt.yte.Application               [0;39m [2m:[0;39m No active profile set, falling back to default profiles: default
[2m2020-10-29 13:45:31.823[0;39m [32m INFO [vt.qlkdtt-yte-ws,,,][0;39m [35m6852[0;39m [2m---[0;39m [2m[  restartedMain][0;39m [36m.s.d.r.c.RepositoryConfigurationDelegate[0;39m [2m:[0;39m Bootstrapping Spring Data JPA repositories in DEFAULT mode.
[2m2020-10-29 13:45:32.298[0;39m [32m INFO [vt.qlkdtt-yte-ws,,,][0;39m [35m6852[0;39m [2m---[0;39m [2m[  restartedMain][0;39m [36m.s.d.r.c.RepositoryConfigurationDelegate[0;39m [2m:[0;39m Finished Spring Data repository scanning in 466ms. Found 31 JPA repository interfaces.
[2m2020-10-29 13:45:32.880[0;39m [32m INFO [vt.qlkdtt-yte-ws,,,][0;39m [35m6852[0;39m [2m---[0;39m [2m[  restartedMain][0;39m [36mo.s.cloud.context.scope.GenericScope    [0;39m [2m:[0;39m BeanFactory id=e11aae32-0079-3415-ad50-e6f3c4b678b5
[2m2020-10-29 13:45:33.184[0;39m [32m INFO [vt.qlkdtt-yte-ws,,,][0;39m [35m6852[0;39m [2m---[0;39m [2m[  restartedMain][0;39m [36mtrationDelegate$BeanPostProcessorChecker[0;39m [2m:[0;39m Bean 'org.springframework.transaction.annotation.ProxyTransactionManagementConfiguration' of type [org.springframework.transaction.annotation.ProxyTransactionManagementConfiguration$$EnhancerBySpringCGLIB$$4ba2a8fd] is not eligible for getting processed by all BeanPostProcessors (for example: not eligible for auto-proxying)
[2m2020-10-29 13:45:33.224[0;39m [32m INFO [vt.qlkdtt-yte-ws,,,][0;39m [35m6852[0;39m [2m---[0;39m [2m[  restartedMain][0;39m [36mtrationDelegate$BeanPostProcessorChecker[0;39m [2m:[0;39m Bean 'org.springframework.hateoas.config.HateoasConfiguration' of type [org.springframework.hateoas.config.HateoasConfiguration$$EnhancerBySpringCGLIB$$cb22f62f] is not eligible for getting processed by all BeanPostProcessors (for example: not eligible for auto-proxying)
[2m2020-10-29 13:45:33.912[0;39m [32m INFO [vt.qlkdtt-yte-ws,,,][0;39m [35m6852[0;39m [2m---[0;39m [2m[  restartedMain][0;39m [36mo.s.b.w.embedded.tomcat.TomcatWebServer [0;39m [2m:[0;39m Tomcat initialized with port(s): 8998 (http)
[2m2020-10-29 13:45:33.934[0;39m [32m INFO [vt.qlkdtt-yte-ws,,,][0;39m [35m6852[0;39m [2m---[0;39m [2m[  restartedMain][0;39m [36mo.apache.catalina.core.StandardService  [0;39m [2m:[0;39m Starting service [Tomcat]
[2m2020-10-29 13:45:33.934[0;39m [32m INFO [vt.qlkdtt-yte-ws,,,][0;39m [35m6852[0;39m [2m---[0;39m [2m[  restartedMain][0;39m [36morg.apache.catalina.core.StandardEngine [0;39m [2m:[0;39m Starting Servlet engine: [Apache Tomcat/9.0.30]
[2m2020-10-29 13:45:34.072[0;39m [32m INFO [vt.qlkdtt-yte-ws,,,][0;39m [35m6852[0;39m [2m---[0;39m [2m[  restartedMain][0;39m [36mo.a.c.c.C.[Tomcat].[localhost].[/]      [0;39m [2m:[0;39m Initializing Spring embedded WebApplicationContext
[2m2020-10-29 13:45:34.072[0;39m [32m INFO [vt.qlkdtt-yte-ws,,,][0;39m [35m6852[0;39m [2m---[0;39m [2m[  restartedMain][0;39m [36mo.s.web.context.ContextLoader           [0;39m [2m:[0;39m Root WebApplicationContext: initialization completed in 4269 ms
[2m2020-10-29 13:45:36.638[0;39m [32mDEBUG [vt.qlkdtt-yte-ws,,,][0;39m [35m6852[0;39m [2m---[0;39m [2m[  restartedMain][0;39m [36mme.coong.web.filter.WebTracingFilter    [0;39m [2m:[0;39m Filter 'webTracingFilter' configured for use
[2m2020-10-29 13:45:36.791[0;39m [32m INFO [vt.qlkdtt-yte-ws,,,][0;39m [35m6852[0;39m [2m---[0;39m [2m[  restartedMain][0;39m [36mcom.zaxxer.hikari.HikariDataSource      [0;39m [2m:[0;39m HikariPool-1 - Starting...
[2m2020-10-29 13:45:36.916[0;39m [32m INFO [vt.qlkdtt-yte-ws,,,][0;39m [35m6852[0;39m [2m---[0;39m [2m[  restartedMain][0;39m [36mcom.zaxxer.hikari.HikariDataSource      [0;39m [2m:[0;39m HikariPool-1 - Start completed.
[2m2020-10-29 13:45:37.034[0;39m [32m INFO [vt.qlkdtt-yte-ws,,,][0;39m [35m6852[0;39m [2m---[0;39m [2m[  restartedMain][0;39m [36mo.hibernate.jpa.internal.util.LogHelper [0;39m [2m:[0;39m HHH000204: Processing PersistenceUnitInfo [
	name: default
	...]
[2m2020-10-29 13:45:37.100[0;39m [32m INFO [vt.qlkdtt-yte-ws,,,][0;39m [35m6852[0;39m [2m---[0;39m [2m[  restartedMain][0;39m [36morg.hibernate.Version                   [0;39m [2m:[0;39m HHH000412: Hibernate Core {5.3.15.Final}
[2m2020-10-29 13:45:37.101[0;39m [32m INFO [vt.qlkdtt-yte-ws,,,][0;39m [35m6852[0;39m [2m---[0;39m [2m[  restartedMain][0;39m [36morg.hibernate.cfg.Environment           [0;39m [2m:[0;39m HHH000206: hibernate.properties not found
[2m2020-10-29 13:45:37.235[0;39m [32m INFO [vt.qlkdtt-yte-ws,,,][0;39m [35m6852[0;39m [2m---[0;39m [2m[  restartedMain][0;39m [36mo.hibernate.annotations.common.Version  [0;39m [2m:[0;39m HCANN000001: Hibernate Commons Annotations {5.0.4.Final}
[2m2020-10-29 13:45:37.526[0;39m [32m INFO [vt.qlkdtt-yte-ws,,,][0;39m [35m6852[0;39m [2m---[0;39m [2m[  restartedMain][0;39m [36morg.hibernate.dialect.Dialect           [0;39m [2m:[0;39m HHH000400: Using dialect: org.hibernate.dialect.MariaDB103Dialect
[2m2020-10-29 13:45:39.286[0;39m [32m INFO [vt.qlkdtt-yte-ws,,,][0;39m [35m6852[0;39m [2m---[0;39m [2m[  restartedMain][0;39m [36mj.LocalContainerEntityManagerFactoryBean[0;39m [2m:[0;39m Initialized JPA EntityManagerFactory for persistence unit 'default'
[2m2020-10-29 13:45:39.416[0;39m [32m INFO [vt.qlkdtt-yte-ws,,,][0;39m [35m6852[0;39m [2m---[0;39m [2m[  restartedMain][0;39m [36mo.s.b.d.a.OptionalLiveReloadServer      [0;39m [2m:[0;39m LiveReload server is running on port 35729
[2m2020-10-29 13:45:41.904[0;39m [32m INFO [vt.qlkdtt-yte-ws,,,][0;39m [35m6852[0;39m [2m---[0;39m [2m[  restartedMain][0;39m [36mo.s.b.a.e.web.EndpointLinksResolver     [0;39m [2m:[0;39m Exposing 17 endpoint(s) beneath base path '/actuator'
[2m2020-10-29 13:45:42.462[0;39m [32m INFO [vt.qlkdtt-yte-ws,,,][0;39m [35m6852[0;39m [2m---[0;39m [2m[  restartedMain][0;39m [36mpertySourcedRequestMappingHandlerMapping[0;39m [2m:[0;39m Mapped URL path [/v2/api-docs] onto method [public org.springframework.http.ResponseEntity<springfox.documentation.spring.web.json.Json> springfox.documentation.swagger2.web.Swagger2Controller.getDocumentation(java.lang.String,javax.servlet.http.HttpServletRequest)]
[2m2020-10-29 13:45:42.863[0;39m [32m INFO [vt.qlkdtt-yte-ws,,,][0;39m [35m6852[0;39m [2m---[0;39m [2m[  restartedMain][0;39m [36mo.s.s.web.DefaultSecurityFilterChain    [0;39m [2m:[0;39m Creating filter chain: any request, [org.springframework.security.web.context.request.async.WebAsyncManagerIntegrationFilter@2b82b3c4, org.springframework.security.web.context.SecurityContextPersistenceFilter@2da480e, org.springframework.security.web.header.HeaderWriterFilter@3b4d582c, org.springframework.web.filter.CorsFilter@26b889c9, org.springframework.web.filter.CharacterEncodingFilter@291c063d, org.springframework.security.web.authentication.logout.LogoutFilter@11bf683c, vt.qlkdtt.yte.security.jwt.JwtAuthenticationFilter@e6fd702, org.springframework.security.web.savedrequest.RequestCacheAwareFilter@23f63bb4, org.springframework.security.web.servletapi.SecurityContextHolderAwareRequestFilter@557c7950, org.springframework.security.web.authentication.AnonymousAuthenticationFilter@278f24ec, org.springframework.security.web.session.SessionManagementFilter@52aeba26, org.springframework.security.web.access.ExceptionTranslationFilter@7d404617, org.springframework.security.web.access.intercept.FilterSecurityInterceptor@11f35712]
[2m2020-10-29 13:45:42.876[0;39m [32m INFO [vt.qlkdtt-yte-ws,,,][0;39m [35m6852[0;39m [2m---[0;39m [2m[  restartedMain][0;39m [36mo.s.aop.framework.CglibAopProxy         [0;39m [2m:[0;39m Unable to proxy interface-implementing method [public final void org.springframework.web.filter.GenericFilterBean.init(javax.servlet.FilterConfig) throws javax.servlet.ServletException] because it is marked as final: Consider using interface-based JDK proxies instead!
[2m2020-10-29 13:45:43.269[0;39m [32m INFO [vt.qlkdtt-yte-ws,,,][0;39m [35m6852[0;39m [2m---[0;39m [2m[  restartedMain][0;39m [36mo.s.s.concurrent.ThreadPoolTaskExecutor [0;39m [2m:[0;39m Initializing ExecutorService 'applicationTaskExecutor'
[2m2020-10-29 13:45:45.076[0;39m [32m INFO [vt.qlkdtt-yte-ws,,,][0;39m [35m6852[0;39m [2m---[0;39m [2m[  restartedMain][0;39m [36md.s.w.p.DocumentationPluginsBootstrapper[0;39m [2m:[0;39m Context refreshed
[2m2020-10-29 13:45:45.095[0;39m [32m INFO [vt.qlkdtt-yte-ws,,,][0;39m [35m6852[0;39m [2m---[0;39m [2m[  restartedMain][0;39m [36md.s.w.p.DocumentationPluginsBootstrapper[0;39m [2m:[0;39m Found 1 custom documentation plugin(s)
[2m2020-10-29 13:45:45.132[0;39m [32m INFO [vt.qlkdtt-yte-ws,,,][0;39m [35m6852[0;39m [2m---[0;39m [2m[  restartedMain][0;39m [36ms.d.s.w.s.ApiListingReferenceScanner    [0;39m [2m:[0;39m Scanning for api listing references
[2m2020-10-29 13:45:45.357[0;39m [32m INFO [vt.qlkdtt-yte-ws,,,][0;39m [35m6852[0;39m [2m---[0;39m [2m[  restartedMain][0;39m [36m.d.s.w.r.o.CachingOperationNameGenerator[0;39m [2m:[0;39m Generating unique operation named: findByIdUsingGET_1
[2m2020-10-29 13:45:45.430[0;39m [32m INFO [vt.qlkdtt-yte-ws,,,][0;39m [35m6852[0;39m [2m---[0;39m [2m[  restartedMain][0;39m [36m.d.s.w.r.o.CachingOperationNameGenerator[0;39m [2m:[0;39m Generating unique operation named: findByIdUsingGET_2
[2m2020-10-29 13:45:45.434[0;39m [32m INFO [vt.qlkdtt-yte-ws,,,][0;39m [35m6852[0;39m [2m---[0;39m [2m[  restartedMain][0;39m [36m.d.s.w.r.o.CachingOperationNameGenerator[0;39m [2m:[0;39m Generating unique operation named: updateUsingPOST_1
[2m2020-10-29 13:45:45.470[0;39m [32m INFO [vt.qlkdtt-yte-ws,,,][0;39m [35m6852[0;39m [2m---[0;39m [2m[  restartedMain][0;39m [36m.d.s.w.r.o.CachingOperationNameGenerator[0;39m [2m:[0;39m Generating unique operation named: updateUsingPOST_2
[2m2020-10-29 13:45:45.473[0;39m [32m INFO [vt.qlkdtt-yte-ws,,,][0;39m [35m6852[0;39m [2m---[0;39m [2m[  restartedMain][0;39m [36m.d.s.w.r.o.CachingOperationNameGenerator[0;39m [2m:[0;39m Generating unique operation named: createUsingPOST_1
[2m2020-10-29 13:45:45.474[0;39m [32m INFO [vt.qlkdtt-yte-ws,,,][0;39m [35m6852[0;39m [2m---[0;39m [2m[  restartedMain][0;39m [36m.d.s.w.r.o.CachingOperationNameGenerator[0;39m [2m:[0;39m Generating unique operation named: deleteUsingDELETE_1
[2m2020-10-29 13:45:45.476[0;39m [32m INFO [vt.qlkdtt-yte-ws,,,][0;39m [35m6852[0;39m [2m---[0;39m [2m[  restartedMain][0;39m [36m.d.s.w.r.o.CachingOperationNameGenerator[0;39m [2m:[0;39m Generating unique operation named: updateUsingPOST_3
[2m2020-10-29 13:45:45.484[0;39m [32m INFO [vt.qlkdtt-yte-ws,,,][0;39m [35m6852[0;39m [2m---[0;39m [2m[  restartedMain][0;39m [36m.d.s.w.r.o.CachingOperationNameGenerator[0;39m [2m:[0;39m Generating unique operation named: findByCodeUsingGET_1
[2m2020-10-29 13:45:45.509[0;39m [32m INFO [vt.qlkdtt-yte-ws,,,][0;39m [35m6852[0;39m [2m---[0;39m [2m[  restartedMain][0;39m [36m.d.s.w.r.o.CachingOperationNameGenerator[0;39m [2m:[0;39m Generating unique operation named: deleteUsingDELETE_2
[2m2020-10-29 13:45:45.527[0;39m [32m INFO [vt.qlkdtt-yte-ws,,,][0;39m [35m6852[0;39m [2m---[0;39m [2m[  restartedMain][0;39m [36m.d.s.w.r.o.CachingOperationNameGenerator[0;39m [2m:[0;39m Generating unique operation named: findByIdUsingGET_3
[2m2020-10-29 13:45:45.551[0;39m [32m INFO [vt.qlkdtt-yte-ws,,,][0;39m [35m6852[0;39m [2m---[0;39m [2m[  restartedMain][0;39m [36m.d.s.w.r.o.CachingOperationNameGenerator[0;39m [2m:[0;39m Generating unique operation named: findByIdUsingGET_4
[2m2020-10-29 13:45:45.569[0;39m [32m INFO [vt.qlkdtt-yte-ws,,,][0;39m [35m6852[0;39m [2m---[0;39m [2m[  restartedMain][0;39m [36m.d.s.w.r.o.CachingOperationNameGenerator[0;39m [2m:[0;39m Generating unique operation named: changeProductStatusUsingPOST_1
[2m2020-10-29 13:45:45.590[0;39m [32m INFO [vt.qlkdtt-yte-ws,,,][0;39m [35m6852[0;39m [2m---[0;39m [2m[  restartedMain][0;39m [36m.d.s.w.r.o.CachingOperationNameGenerator[0;39m [2m:[0;39m Generating unique operation named: findByIdUsingGET_5
[2m2020-10-29 13:45:45.612[0;39m [32m INFO [vt.qlkdtt-yte-ws,,,][0;39m [35m6852[0;39m [2m---[0;39m [2m[  restartedMain][0;39m [36m.d.s.w.r.o.CachingOperationNameGenerator[0;39m [2m:[0;39m Generating unique operation named: deleteUsingDELETE_3
[2m2020-10-29 13:45:45.617[0;39m [32m INFO [vt.qlkdtt-yte-ws,,,][0;39m [35m6852[0;39m [2m---[0;39m [2m[  restartedMain][0;39m [36m.d.s.w.r.o.CachingOperationNameGenerator[0;39m [2m:[0;39m Generating unique operation named: insertUsingPOST_1
[2m2020-10-29 13:45:45.618[0;39m [32m INFO [vt.qlkdtt-yte-ws,,,][0;39m [35m6852[0;39m [2m---[0;39m [2m[  restartedMain][0;39m [36m.d.s.w.r.o.CachingOperationNameGenerator[0;39m [2m:[0;39m Generating unique operation named: updateUsingPUT_1
[2m2020-10-29 13:45:45.622[0;39m [32m INFO [vt.qlkdtt-yte-ws,,,][0;39m [35m6852[0;39m [2m---[0;39m [2m[  restartedMain][0;39m [36m.d.s.w.r.o.CachingOperationNameGenerator[0;39m [2m:[0;39m Generating unique operation named: deleteUsingDELETE_4
[2m2020-10-29 13:45:45.625[0;39m [32m INFO [vt.qlkdtt-yte-ws,,,][0;39m [35m6852[0;39m [2m---[0;39m [2m[  restartedMain][0;39m [36m.d.s.w.r.o.CachingOperationNameGenerator[0;39m [2m:[0;39m Generating unique operation named: insertUsingPOST_2
[2m2020-10-29 13:45:45.627[0;39m [32m INFO [vt.qlkdtt-yte-ws,,,][0;39m [35m6852[0;39m [2m---[0;39m [2m[  restartedMain][0;39m [36m.d.s.w.r.o.CachingOperationNameGenerator[0;39m [2m:[0;39m Generating unique operation named: updateUsingPUT_2
[2m2020-10-29 13:45:45.634[0;39m [32m INFO [vt.qlkdtt-yte-ws,,,][0;39m [35m6852[0;39m [2m---[0;39m [2m[  restartedMain][0;39m [36m.d.s.w.r.o.CachingOperationNameGenerator[0;39m [2m:[0;39m Generating unique operation named: findByIdUsingGET_6
[2m2020-10-29 13:45:45.680[0;39m [32m INFO [vt.qlkdtt-yte-ws,,,][0;39m [35m6852[0;39m [2m---[0;39m [2m[  restartedMain][0;39m [36mo.s.b.w.embedded.tomcat.TomcatWebServer [0;39m [2m:[0;39m Tomcat started on port(s): 8998 (http) with context path ''
[2m2020-10-29 13:45:45.965[0;39m [32m INFO [vt.qlkdtt-yte-ws,,,][0;39m [35m6852[0;39m [2m---[0;39m [2m[  restartedMain][0;39m [36mvt.qlkdtt.yte.Application               [0;39m [2m:[0;39m Started Application in 17.711 seconds (JVM running for 18.886)
[2m2020-10-29 13:45:46.839[0;39m [32m INFO [vt.qlkdtt-yte-ws,,,][0;39m [35m6852[0;39m [2m---[0;39m [2m[)-192.168.0.119][0;39m [36mo.a.c.c.C.[Tomcat].[localhost].[/]      [0;39m [2m:[0;39m Initializing Spring DispatcherServlet 'dispatcherServlet'
[2m2020-10-29 13:45:46.839[0;39m [32m INFO [vt.qlkdtt-yte-ws,,,][0;39m [35m6852[0;39m [2m---[0;39m [2m[)-192.168.0.119][0;39m [36mo.s.web.servlet.DispatcherServlet       [0;39m [2m:[0;39m Initializing Servlet 'dispatcherServlet'
[2m2020-10-29 13:45:46.868[0;39m [32m INFO [vt.qlkdtt-yte-ws,,,][0;39m [35m6852[0;39m [2m---[0;39m [2m[)-192.168.0.119][0;39m [36mo.s.web.servlet.DispatcherServlet       [0;39m [2m:[0;39m Completed initialization in 29 ms
[2m2020-10-29 13:45:54.575[0;39m [32mDEBUG [vt.qlkdtt-yte-ws,18700675a6cd629d,18700675a6cd629d,false][0;39m [35m6852[0;39m [2m---[0;39m [2m[nio-8998-exec-1][0;39m [36mme.coong.web.filter.WebTracingFilter    [0;39m [2m:[0;39m GET /swagger-ui.html
[2m2020-10-29 13:45:54.624[0;39m [32mDEBUG [vt.qlkdtt-yte-ws,18700675a6cd629d,18700675a6cd629d,false][0;39m [35m6852[0;39m [2m---[0;39m [2m[nio-8998-exec-1][0;39m [36mme.coong.web.filter.WebTracingFilter    [0;39m [2m:[0;39m 200//50 ms
[2m2020-10-29 13:45:54.981[0;39m [32mDEBUG [vt.qlkdtt-yte-ws,7285eadb62eb5aa6,7285eadb62eb5aa6,false][0;39m [35m6852[0;39m [2m---[0;39m [2m[io-8998-exec-10][0;39m [36mme.coong.web.filter.WebTracingFilter    [0;39m [2m:[0;39m GET /swagger-resources
[2m2020-10-29 13:45:54.986[0;39m [32mDEBUG [vt.qlkdtt-yte-ws,7285eadb62eb5aa6,7285eadb62eb5aa6,false][0;39m [35m6852[0;39m [2m---[0;39m [2m[io-8998-exec-10][0;39m [36mme.coong.web.filter.WebTracingFilter    [0;39m [2m:[0;39m 200//5 ms
[2m2020-10-29 13:45:55.029[0;39m [32mDEBUG [vt.qlkdtt-yte-ws,c104a16587c59112,c104a16587c59112,false][0;39m [35m6852[0;39m [2m---[0;39m [2m[nio-8998-exec-1][0;39m [36mme.coong.web.filter.WebTracingFilter    [0;39m [2m:[0;39m GET /v2/api-docs
[2m2020-10-29 13:45:55.029[0;39m [32mDEBUG [vt.qlkdtt-yte-ws,3530a6f18eace66d,3530a6f18eace66d,false][0;39m [35m6852[0;39m [2m---[0;39m [2m[nio-8998-exec-2][0;39m [36mme.coong.web.filter.WebTracingFilter    [0;39m [2m:[0;39m GET /
[2m2020-10-29 13:45:55.090[0;39m [32mDEBUG [vt.qlkdtt-yte-ws,3530a6f18eace66d,3530a6f18eace66d,false][0;39m [35m6852[0;39m [2m---[0;39m [2m[nio-8998-exec-2][0;39m [36mme.coong.web.filter.WebTracingFilter    [0;39m [2m:[0;39m 200//61 ms
[2m2020-10-29 13:45:55.095[0;39m [32mDEBUG [vt.qlkdtt-yte-ws,cb816dd929aaa4de,cb816dd929aaa4de,false][0;39m [35m6852[0;39m [2m---[0;39m [2m[nio-8998-exec-6][0;39m [36mme.coong.web.filter.WebTracingFilter    [0;39m [2m:[0;39m GET /csrf
[2m2020-10-29 13:45:55.099[0;39m [32mDEBUG [vt.qlkdtt-yte-ws,cb816dd929aaa4de,cb816dd929aaa4de,false][0;39m [35m6852[0;39m [2m---[0;39m [2m[nio-8998-exec-6][0;39m [36mme.coong.web.filter.WebTracingFilter    [0;39m [2m:[0;39m 404//4 ms
[2m2020-10-29 13:45:55.218[0;39m [32mDEBUG [vt.qlkdtt-yte-ws,c104a16587c59112,c104a16587c59112,false][0;39m [35m6852[0;39m [2m---[0;39m [2m[nio-8998-exec-1][0;39m [36mme.coong.web.filter.WebTracingFilter    [0;39m [2m:[0;39m 200//189 ms
[2m2020-10-29 13:46:35.403[0;39m [32mDEBUG [vt.qlkdtt-yte-ws,37e1122f7c833aeb,37e1122f7c833aeb,false][0;39m [35m6852[0;39m [2m---[0;39m [2m[nio-8998-exec-6][0;39m [36mme.coong.web.filter.WebTracingFilter    [0;39m [2m:[0;39m POST /insert
[2m2020-10-29 13:46:35.415[0;39m [32mDEBUG [vt.qlkdtt-yte-ws,37e1122f7c833aeb,37e1122f7c833aeb,false][0;39m [35m6852[0;39m [2m---[0;39m [2m[nio-8998-exec-6][0;39m [36mme.coong.web.filter.WebTracingFilter    [0;39m [2m:[0;39m 200//12 ms
[2m2020-10-29 13:46:42.440[0;39m [32mDEBUG [vt.qlkdtt-yte-ws,d6d07a86f201d091,d6d07a86f201d091,false][0;39m [35m6852[0;39m [2m---[0;39m [2m[nio-8998-exec-5][0;39m [36mme.coong.web.filter.WebTracingFilter    [0;39m [2m:[0;39m POST /insert
[2m2020-10-29 13:46:42.442[0;39m [32mDEBUG [vt.qlkdtt-yte-ws,d6d07a86f201d091,d6d07a86f201d091,false][0;39m [35m6852[0;39m [2m---[0;39m [2m[nio-8998-exec-5][0;39m [36mme.coong.web.filter.WebTracingFilter    [0;39m [2m:[0;39m 200//2 ms
[2m2020-10-29 13:46:49.529[0;39m [32mDEBUG [vt.qlkdtt-yte-ws,dd8b31a124fe2812,dd8b31a124fe2812,false][0;39m [35m6852[0;39m [2m---[0;39m [2m[nio-8998-exec-8][0;39m [36mme.coong.web.filter.WebTracingFilter    [0;39m [2m:[0;39m POST /insert
[2m2020-10-29 13:46:49.655[0;39m [32mDEBUG [vt.qlkdtt-yte-ws,dd8b31a124fe2812,dd8b31a124fe2812,false][0;39m [35m6852[0;39m [2m---[0;39m [2m[nio-8998-exec-8][0;39m [36mme.coong.web.filter.WebTracingFilter    [0;39m [2m:[0;39m 200//127 ms
[2m2020-10-29 16:03:19.993[0;39m [32m INFO [vt.qlkdtt-yte-ws,,,][0;39m [35m6852[0;39m [2m---[0;39m [2m[      Thread-46][0;39m [36mo.s.s.concurrent.ThreadPoolTaskExecutor [0;39m [2m:[0;39m Shutting down ExecutorService 'applicationTaskExecutor'
[2m2020-10-29 16:03:20.043[0;39m [32m INFO [vt.qlkdtt-yte-ws,,,][0;39m [35m6852[0;39m [2m---[0;39m [2m[      Thread-46][0;39m [36mj.LocalContainerEntityManagerFactoryBean[0;39m [2m:[0;39m Closing JPA EntityManagerFactory for persistence unit 'default'
[2m2020-10-29 16:03:22.190[0;39m [32m INFO [vt.qlkdtt-yte-ws,,,][0;39m [35m6852[0;39m [2m---[0;39m [2m[      Thread-46][0;39m [36mcom.zaxxer.hikari.HikariDataSource      [0;39m [2m:[0;39m HikariPool-1 - Shutdown initiated...
[2m2020-10-29 16:03:22.193[0;39m [32m INFO [vt.qlkdtt-yte-ws,,,][0;39m [35m6852[0;39m [2m---[0;39m [2m[      Thread-46][0;39m [36mcom.zaxxer.hikari.HikariDataSource      [0;39m [2m:[0;39m HikariPool-1 - Shutdown completed.
