2020-10-11 11:28:00.771  INFO [vt.qlkdtt-yte-ws,,,] 6928 --- [  restartedMain] .e.DevToolsPropertyDefaultsPostProcessor : Devtools property defaults active! Set 'spring.devtools.add-properties' to 'false' to disable
2020-10-11 11:28:01.648  INFO [vt.qlkdtt-yte-ws,,,] 6928 --- [  restartedMain] vt.qlkdtt.yte.Application                : No active profile set, falling back to default profiles: default
2020-10-11 11:28:05.968  INFO [vt.qlkdtt-yte-ws,,,] 6928 --- [  restartedMain] .s.d.r.c.RepositoryConfigurationDelegate : Bootstrapping Spring Data JPA repositories in DEFAULT mode.
2020-10-11 11:28:06.554  INFO [vt.qlkdtt-yte-ws,,,] 6928 --- [  restartedMain] .s.d.r.c.RepositoryConfigurationDelegate : Finished Spring Data repository scanning in 561ms. Found 30 JPA repository interfaces.
2020-10-11 11:28:07.520  INFO [vt.qlkdtt-yte-ws,,,] 6928 --- [  restartedMain] o.s.cloud.context.scope.GenericScope     : BeanFactory id=4c2cb3e6-cdc8-314c-8161-67e3a92dbf89
2020-10-11 11:28:08.087  INFO [vt.qlkdtt-yte-ws,,,] 6928 --- [  restartedMain] trationDelegate$BeanPostProcessorChecker : Bean 'org.springframework.transaction.annotation.ProxyTransactionManagementConfiguration' of type [org.springframework.transaction.annotation.ProxyTransactionManagementConfiguration$$EnhancerBySpringCGLIB$$8ea5a5ca] is not eligible for getting processed by all BeanPostProcessors (for example: not eligible for auto-proxying)
2020-10-11 11:28:08.180  INFO [vt.qlkdtt-yte-ws,,,] 6928 --- [  restartedMain] trationDelegate$BeanPostProcessorChecker : Bean 'org.springframework.hateoas.config.HateoasConfiguration' of type [org.springframework.hateoas.config.HateoasConfiguration$$EnhancerBySpringCGLIB$$e25f2fc] is not eligible for getting processed by all BeanPostProcessors (for example: not eligible for auto-proxying)
2020-10-11 11:28:09.620  INFO [vt.qlkdtt-yte-ws,,,] 6928 --- [  restartedMain] o.s.b.w.embedded.tomcat.TomcatWebServer  : Tomcat initialized with port(s): 8998 (http)
2020-10-11 11:28:09.683  INFO [vt.qlkdtt-yte-ws,,,] 6928 --- [  restartedMain] o.apache.catalina.core.StandardService   : Starting service [Tomcat]
2020-10-11 11:28:09.683  INFO [vt.qlkdtt-yte-ws,,,] 6928 --- [  restartedMain] org.apache.catalina.core.StandardEngine  : Starting Servlet engine: [Apache Tomcat/9.0.30]
2020-10-11 11:28:09.890  INFO [vt.qlkdtt-yte-ws,,,] 6928 --- [  restartedMain] o.a.c.c.C.[Tomcat].[localhost].[/]       : Initializing Spring embedded WebApplicationContext
2020-10-11 11:28:09.890  INFO [vt.qlkdtt-yte-ws,,,] 6928 --- [  restartedMain] o.s.web.context.ContextLoader            : Root WebApplicationContext: initialization completed in 8195 ms
2020-10-11 11:28:13.541 DEBUG [vt.qlkdtt-yte-ws,,,] 6928 --- [  restartedMain] me.coong.web.filter.WebTracingFilter     : Filter 'webTracingFilter' configured for use
2020-10-11 11:28:13.849  INFO [vt.qlkdtt-yte-ws,,,] 6928 --- [  restartedMain] com.zaxxer.hikari.HikariDataSource       : HikariPool-1 - Starting...
2020-10-11 11:28:14.114  INFO [vt.qlkdtt-yte-ws,,,] 6928 --- [  restartedMain] com.zaxxer.hikari.HikariDataSource       : HikariPool-1 - Start completed.
2020-10-11 11:28:14.364  INFO [vt.qlkdtt-yte-ws,,,] 6928 --- [  restartedMain] o.hibernate.jpa.internal.util.LogHelper  : HHH000204: Processing PersistenceUnitInfo [
	name: default
	...]
2020-10-11 11:28:14.583  INFO [vt.qlkdtt-yte-ws,,,] 6928 --- [  restartedMain] org.hibernate.Version                    : HHH000412: Hibernate Core {5.3.15.Final}
2020-10-11 11:28:14.583  INFO [vt.qlkdtt-yte-ws,,,] 6928 --- [  restartedMain] org.hibernate.cfg.Environment            : HHH000206: hibernate.properties not found
2020-10-11 11:28:15.148  INFO [vt.qlkdtt-yte-ws,,,] 6928 --- [  restartedMain] o.hibernate.annotations.common.Version   : HCANN000001: Hibernate Commons Annotations {5.0.4.Final}
2020-10-11 11:28:15.813  INFO [vt.qlkdtt-yte-ws,,,] 6928 --- [  restartedMain] org.hibernate.dialect.Dialect            : HHH000400: Using dialect: org.hibernate.dialect.MariaDB103Dialect
2020-10-11 11:28:18.511  INFO [vt.qlkdtt-yte-ws,,,] 6928 --- [  restartedMain] j.LocalContainerEntityManagerFactoryBean : Initialized JPA EntityManagerFactory for persistence unit 'default'
2020-10-11 11:28:18.573  INFO [vt.qlkdtt-yte-ws,,,] 6928 --- [  restartedMain] o.s.b.d.a.OptionalLiveReloadServer       : LiveReload server is running on port 35729
2020-10-11 11:28:21.883  INFO [vt.qlkdtt-yte-ws,,,] 6928 --- [  restartedMain] o.s.b.a.e.web.EndpointLinksResolver      : Exposing 17 endpoint(s) beneath base path '/actuator'
2020-10-11 11:28:22.477  INFO [vt.qlkdtt-yte-ws,,,] 6928 --- [  restartedMain] pertySourcedRequestMappingHandlerMapping : Mapped URL path [/v2/api-docs] onto method [public org.springframework.http.ResponseEntity<springfox.documentation.spring.web.json.Json> springfox.documentation.swagger2.web.Swagger2Controller.getDocumentation(java.lang.String,javax.servlet.http.HttpServletRequest)]
2020-10-11 11:28:23.044  INFO [vt.qlkdtt-yte-ws,,,] 6928 --- [  restartedMain] o.s.s.web.DefaultSecurityFilterChain     : Creating filter chain: any request, [org.springframework.security.web.context.request.async.WebAsyncManagerIntegrationFilter@454e4349, org.springframework.security.web.context.SecurityContextPersistenceFilter@35c76460, org.springframework.security.web.header.HeaderWriterFilter@708495ae, org.springframework.web.filter.CorsFilter@66c27be3, org.springframework.web.filter.CharacterEncodingFilter@404eb6a9, org.springframework.security.web.authentication.logout.LogoutFilter@9e30a7d, vt.qlkdtt.yte.security.jwt.JwtAuthenticationFilter@3c131163, org.springframework.security.web.savedrequest.RequestCacheAwareFilter@1e6071f9, org.springframework.security.web.servletapi.SecurityContextHolderAwareRequestFilter@16b10147, org.springframework.security.web.authentication.AnonymousAuthenticationFilter@3e04328d, org.springframework.security.web.session.SessionManagementFilter@c9b2f44, org.springframework.security.web.access.ExceptionTranslationFilter@61003913, org.springframework.security.web.access.intercept.FilterSecurityInterceptor@32ead39e]
2020-10-11 11:28:23.060  INFO [vt.qlkdtt-yte-ws,,,] 6928 --- [  restartedMain] o.s.aop.framework.CglibAopProxy          : Unable to proxy interface-implementing method [public final void org.springframework.web.filter.GenericFilterBean.init(javax.servlet.FilterConfig) throws javax.servlet.ServletException] because it is marked as final: Consider using interface-based JDK proxies instead!
2020-10-11 11:28:23.450  INFO [vt.qlkdtt-yte-ws,,,] 6928 --- [  restartedMain] o.s.s.concurrent.ThreadPoolTaskExecutor  : Initializing ExecutorService 'applicationTaskExecutor'
2020-10-11 11:28:25.532  INFO [vt.qlkdtt-yte-ws,,,] 6928 --- [  restartedMain] d.s.w.p.DocumentationPluginsBootstrapper : Context refreshed
2020-10-11 11:28:25.579  INFO [vt.qlkdtt-yte-ws,,,] 6928 --- [  restartedMain] d.s.w.p.DocumentationPluginsBootstrapper : Found 1 custom documentation plugin(s)
2020-10-11 11:28:25.626  INFO [vt.qlkdtt-yte-ws,,,] 6928 --- [  restartedMain] s.d.s.w.s.ApiListingReferenceScanner     : Scanning for api listing references
2020-10-11 11:28:25.944  INFO [vt.qlkdtt-yte-ws,,,] 6928 --- [  restartedMain] .d.s.w.r.o.CachingOperationNameGenerator : Generating unique operation named: findByIdUsingGET_1
2020-10-11 11:28:26.052  INFO [vt.qlkdtt-yte-ws,,,] 6928 --- [  restartedMain] .d.s.w.r.o.CachingOperationNameGenerator : Generating unique operation named: findByIdUsingGET_2
2020-10-11 11:28:26.067  INFO [vt.qlkdtt-yte-ws,,,] 6928 --- [  restartedMain] .d.s.w.r.o.CachingOperationNameGenerator : Generating unique operation named: updateUsingPOST_1
2020-10-11 11:28:26.130  INFO [vt.qlkdtt-yte-ws,,,] 6928 --- [  restartedMain] .d.s.w.r.o.CachingOperationNameGenerator : Generating unique operation named: updateUsingPOST_2
2020-10-11 11:28:26.145  INFO [vt.qlkdtt-yte-ws,,,] 6928 --- [  restartedMain] .d.s.w.r.o.CachingOperationNameGenerator : Generating unique operation named: createUsingPOST_1
2020-10-11 11:28:26.145  INFO [vt.qlkdtt-yte-ws,,,] 6928 --- [  restartedMain] .d.s.w.r.o.CachingOperationNameGenerator : Generating unique operation named: deleteUsingDELETE_1
2020-10-11 11:28:26.145  INFO [vt.qlkdtt-yte-ws,,,] 6928 --- [  restartedMain] .d.s.w.r.o.CachingOperationNameGenerator : Generating unique operation named: updateUsingPOST_3
2020-10-11 11:28:26.161  INFO [vt.qlkdtt-yte-ws,,,] 6928 --- [  restartedMain] .d.s.w.r.o.CachingOperationNameGenerator : Generating unique operation named: findByCodeUsingGET_1
2020-10-11 11:28:26.223  INFO [vt.qlkdtt-yte-ws,,,] 6928 --- [  restartedMain] .d.s.w.r.o.CachingOperationNameGenerator : Generating unique operation named: findByIdUsingGET_3
2020-10-11 11:28:26.270  INFO [vt.qlkdtt-yte-ws,,,] 6928 --- [  restartedMain] .d.s.w.r.o.CachingOperationNameGenerator : Generating unique operation named: findByIdUsingGET_4
2020-10-11 11:28:26.302  INFO [vt.qlkdtt-yte-ws,,,] 6928 --- [  restartedMain] .d.s.w.r.o.CachingOperationNameGenerator : Generating unique operation named: changeProductStatusUsingPOST_1
2020-10-11 11:28:26.333  INFO [vt.qlkdtt-yte-ws,,,] 6928 --- [  restartedMain] .d.s.w.r.o.CachingOperationNameGenerator : Generating unique operation named: findByIdUsingGET_5
2020-10-11 11:28:26.364  INFO [vt.qlkdtt-yte-ws,,,] 6928 --- [  restartedMain] .d.s.w.r.o.CachingOperationNameGenerator : Generating unique operation named: deleteUsingPOST_1
2020-10-11 11:28:26.364  INFO [vt.qlkdtt-yte-ws,,,] 6928 --- [  restartedMain] .d.s.w.r.o.CachingOperationNameGenerator : Generating unique operation named: updateUsingPOST_4
2020-10-11 11:28:26.364  INFO [vt.qlkdtt-yte-ws,,,] 6928 --- [  restartedMain] .d.s.w.r.o.CachingOperationNameGenerator : Generating unique operation named: deleteUsingPOST_2
2020-10-11 11:28:26.364  INFO [vt.qlkdtt-yte-ws,,,] 6928 --- [  restartedMain] .d.s.w.r.o.CachingOperationNameGenerator : Generating unique operation named: insertUsingPOST_1
2020-10-11 11:28:26.380  INFO [vt.qlkdtt-yte-ws,,,] 6928 --- [  restartedMain] .d.s.w.r.o.CachingOperationNameGenerator : Generating unique operation named: updateUsingPOST_5
2020-10-11 11:28:26.380  INFO [vt.qlkdtt-yte-ws,,,] 6928 --- [  restartedMain] .d.s.w.r.o.CachingOperationNameGenerator : Generating unique operation named: findByIdUsingGET_6
2020-10-11 11:28:26.458  INFO [vt.qlkdtt-yte-ws,,,] 6928 --- [  restartedMain] o.s.b.w.embedded.tomcat.TomcatWebServer  : Tomcat started on port(s): 8998 (http) with context path ''
2020-10-11 11:28:26.787  INFO [vt.qlkdtt-yte-ws,,,] 6928 --- [  restartedMain] vt.qlkdtt.yte.Application                : Started Application in 28.031 seconds (JVM running for 33.815)
2020-10-11 11:28:45.169  INFO [vt.qlkdtt-yte-ws,,,] 6928 --- [nio-8998-exec-1] o.a.c.c.C.[Tomcat].[localhost].[/]       : Initializing Spring DispatcherServlet 'dispatcherServlet'
2020-10-11 11:28:45.169  INFO [vt.qlkdtt-yte-ws,,,] 6928 --- [nio-8998-exec-1] o.s.web.servlet.DispatcherServlet        : Initializing Servlet 'dispatcherServlet'
2020-10-11 11:28:45.199  INFO [vt.qlkdtt-yte-ws,,,] 6928 --- [nio-8998-exec-1] o.s.web.servlet.DispatcherServlet        : Completed initialization in 30 ms
2020-10-11 11:28:45.240 DEBUG [vt.qlkdtt-yte-ws,0fbcd5eb99b0ade5,0fbcd5eb99b0ade5,false] 6928 --- [nio-8998-exec-1] me.coong.web.filter.WebTracingFilter     : GET /swagger-ui.html
2020-10-11 11:28:45.331 DEBUG [vt.qlkdtt-yte-ws,0fbcd5eb99b0ade5,0fbcd5eb99b0ade5,false] 6928 --- [nio-8998-exec-1] me.coong.web.filter.WebTracingFilter     : 200//92 ms
2020-10-11 11:28:45.824 DEBUG [vt.qlkdtt-yte-ws,ebfded582a4c0fdb,ebfded582a4c0fdb,false] 6928 --- [io-8998-exec-10] me.coong.web.filter.WebTracingFilter     : GET /swagger-resources
2020-10-11 11:28:45.829 DEBUG [vt.qlkdtt-yte-ws,ebfded582a4c0fdb,ebfded582a4c0fdb,false] 6928 --- [io-8998-exec-10] me.coong.web.filter.WebTracingFilter     : 200//5 ms
2020-10-11 11:28:45.860 DEBUG [vt.qlkdtt-yte-ws,fef7eccfaf132cf5,fef7eccfaf132cf5,false] 6928 --- [nio-8998-exec-1] me.coong.web.filter.WebTracingFilter     : GET /v2/api-docs
2020-10-11 11:28:45.860 DEBUG [vt.qlkdtt-yte-ws,f078d2b2a5d53615,f078d2b2a5d53615,false] 6928 --- [nio-8998-exec-2] me.coong.web.filter.WebTracingFilter     : GET /
2020-10-11 11:28:45.978 DEBUG [vt.qlkdtt-yte-ws,f078d2b2a5d53615,f078d2b2a5d53615,false] 6928 --- [nio-8998-exec-2] me.coong.web.filter.WebTracingFilter     : 200//90 ms
2020-10-11 11:28:45.985 DEBUG [vt.qlkdtt-yte-ws,bb7ec24fa100aff0,bb7ec24fa100aff0,false] 6928 --- [nio-8998-exec-3] me.coong.web.filter.WebTracingFilter     : GET /csrf
2020-10-11 11:28:45.991 DEBUG [vt.qlkdtt-yte-ws,bb7ec24fa100aff0,bb7ec24fa100aff0,false] 6928 --- [nio-8998-exec-3] me.coong.web.filter.WebTracingFilter     : 404//6 ms
2020-10-11 11:28:46.159 DEBUG [vt.qlkdtt-yte-ws,fef7eccfaf132cf5,fef7eccfaf132cf5,false] 6928 --- [nio-8998-exec-1] me.coong.web.filter.WebTracingFilter     : 200//299 ms
2020-10-11 11:32:57.752  INFO [vt.qlkdtt-yte-ws,,,] 6928 --- [      Thread-12] o.s.s.concurrent.ThreadPoolTaskExecutor  : Shutting down ExecutorService 'applicationTaskExecutor'
2020-10-11 11:32:57.767  INFO [vt.qlkdtt-yte-ws,,,] 6928 --- [      Thread-12] j.LocalContainerEntityManagerFactoryBean : Closing JPA EntityManagerFactory for persistence unit 'default'
2020-10-11 11:32:57.775  INFO [vt.qlkdtt-yte-ws,,,] 6928 --- [      Thread-12] com.zaxxer.hikari.HikariDataSource       : HikariPool-1 - Shutdown initiated...
2020-10-11 11:32:57.788  INFO [vt.qlkdtt-yte-ws,,,] 6928 --- [      Thread-12] com.zaxxer.hikari.HikariDataSource       : HikariPool-1 - Shutdown completed.
2020-10-11 16:17:24.053  INFO [vt.qlkdtt-yte-ws,,,] 9688 --- [  restartedMain] .e.DevToolsPropertyDefaultsPostProcessor : Devtools property defaults active! Set 'spring.devtools.add-properties' to 'false' to disable
2020-10-11 16:17:24.860  INFO [vt.qlkdtt-yte-ws,,,] 9688 --- [  restartedMain] vt.qlkdtt.yte.Application                : No active profile set, falling back to default profiles: default
2020-10-11 16:17:28.673  INFO [vt.qlkdtt-yte-ws,,,] 9688 --- [  restartedMain] .s.d.r.c.RepositoryConfigurationDelegate : Bootstrapping Spring Data JPA repositories in DEFAULT mode.
2020-10-11 16:17:29.111  INFO [vt.qlkdtt-yte-ws,,,] 9688 --- [  restartedMain] .s.d.r.c.RepositoryConfigurationDelegate : Finished Spring Data repository scanning in 422ms. Found 30 JPA repository interfaces.
2020-10-11 16:17:30.020  INFO [vt.qlkdtt-yte-ws,,,] 9688 --- [  restartedMain] o.s.cloud.context.scope.GenericScope     : BeanFactory id=4c2cb3e6-cdc8-314c-8161-67e3a92dbf89
2020-10-11 16:17:30.477  INFO [vt.qlkdtt-yte-ws,,,] 9688 --- [  restartedMain] trationDelegate$BeanPostProcessorChecker : Bean 'org.springframework.transaction.annotation.ProxyTransactionManagementConfiguration' of type [org.springframework.transaction.annotation.ProxyTransactionManagementConfiguration$$EnhancerBySpringCGLIB$$8f914624] is not eligible for getting processed by all BeanPostProcessors (for example: not eligible for auto-proxying)
2020-10-11 16:17:30.523  INFO [vt.qlkdtt-yte-ws,,,] 9688 --- [  restartedMain] trationDelegate$BeanPostProcessorChecker : Bean 'org.springframework.hateoas.config.HateoasConfiguration' of type [org.springframework.hateoas.config.HateoasConfiguration$$EnhancerBySpringCGLIB$$f119356] is not eligible for getting processed by all BeanPostProcessors (for example: not eligible for auto-proxying)
2020-10-11 16:17:31.823  INFO [vt.qlkdtt-yte-ws,,,] 9688 --- [  restartedMain] o.s.b.w.embedded.tomcat.TomcatWebServer  : Tomcat initialized with port(s): 8998 (http)
2020-10-11 16:17:31.885  INFO [vt.qlkdtt-yte-ws,,,] 9688 --- [  restartedMain] o.apache.catalina.core.StandardService   : Starting service [Tomcat]
2020-10-11 16:17:31.885  INFO [vt.qlkdtt-yte-ws,,,] 9688 --- [  restartedMain] org.apache.catalina.core.StandardEngine  : Starting Servlet engine: [Apache Tomcat/9.0.30]
2020-10-11 16:17:32.089  INFO [vt.qlkdtt-yte-ws,,,] 9688 --- [  restartedMain] o.a.c.c.C.[Tomcat].[localhost].[/]       : Initializing Spring embedded WebApplicationContext
2020-10-11 16:17:32.089  INFO [vt.qlkdtt-yte-ws,,,] 9688 --- [  restartedMain] o.s.web.context.ContextLoader            : Root WebApplicationContext: initialization completed in 7188 ms
2020-10-11 16:17:36.582 DEBUG [vt.qlkdtt-yte-ws,,,] 9688 --- [  restartedMain] me.coong.web.filter.WebTracingFilter     : Filter 'webTracingFilter' configured for use
2020-10-11 16:17:36.911  INFO [vt.qlkdtt-yte-ws,,,] 9688 --- [  restartedMain] com.zaxxer.hikari.HikariDataSource       : HikariPool-1 - Starting...
2020-10-11 16:17:37.404  INFO [vt.qlkdtt-yte-ws,,,] 9688 --- [  restartedMain] com.zaxxer.hikari.HikariDataSource       : HikariPool-1 - Start completed.
2020-10-11 16:17:37.655  INFO [vt.qlkdtt-yte-ws,,,] 9688 --- [  restartedMain] o.hibernate.jpa.internal.util.LogHelper  : HHH000204: Processing PersistenceUnitInfo [
	name: default
	...]
2020-10-11 16:17:37.882  INFO [vt.qlkdtt-yte-ws,,,] 9688 --- [  restartedMain] org.hibernate.Version                    : HHH000412: Hibernate Core {5.3.15.Final}
2020-10-11 16:17:37.884  INFO [vt.qlkdtt-yte-ws,,,] 9688 --- [  restartedMain] org.hibernate.cfg.Environment            : HHH000206: hibernate.properties not found
2020-10-11 16:17:38.408  INFO [vt.qlkdtt-yte-ws,,,] 9688 --- [  restartedMain] o.hibernate.annotations.common.Version   : HCANN000001: Hibernate Commons Annotations {5.0.4.Final}
2020-10-11 16:17:39.153  INFO [vt.qlkdtt-yte-ws,,,] 9688 --- [  restartedMain] org.hibernate.dialect.Dialect            : HHH000400: Using dialect: org.hibernate.dialect.MariaDB103Dialect
2020-10-11 16:17:41.883  INFO [vt.qlkdtt-yte-ws,,,] 9688 --- [  restartedMain] j.LocalContainerEntityManagerFactoryBean : Initialized JPA EntityManagerFactory for persistence unit 'default'
2020-10-11 16:17:41.980  INFO [vt.qlkdtt-yte-ws,,,] 9688 --- [  restartedMain] o.s.b.d.a.OptionalLiveReloadServer       : LiveReload server is running on port 35729
2020-10-11 16:17:45.473  INFO [vt.qlkdtt-yte-ws,,,] 9688 --- [  restartedMain] o.s.b.a.e.web.EndpointLinksResolver      : Exposing 17 endpoint(s) beneath base path '/actuator'
2020-10-11 16:17:46.066  INFO [vt.qlkdtt-yte-ws,,,] 9688 --- [  restartedMain] pertySourcedRequestMappingHandlerMapping : Mapped URL path [/v2/api-docs] onto method [public org.springframework.http.ResponseEntity<springfox.documentation.spring.web.json.Json> springfox.documentation.swagger2.web.Swagger2Controller.getDocumentation(java.lang.String,javax.servlet.http.HttpServletRequest)]
2020-10-11 16:17:46.611  INFO [vt.qlkdtt-yte-ws,,,] 9688 --- [  restartedMain] o.s.s.web.DefaultSecurityFilterChain     : Creating filter chain: any request, [org.springframework.security.web.context.request.async.WebAsyncManagerIntegrationFilter@7a9b221a, org.springframework.security.web.context.SecurityContextPersistenceFilter@a9e1010, org.springframework.security.web.header.HeaderWriterFilter@3da4e23f, org.springframework.web.filter.CorsFilter@459e4270, org.springframework.web.filter.CharacterEncodingFilter@1e5e14f8, org.springframework.security.web.authentication.logout.LogoutFilter@672673e6, vt.qlkdtt.yte.security.jwt.JwtAuthenticationFilter@581bfc88, org.springframework.security.web.savedrequest.RequestCacheAwareFilter@4775affd, org.springframework.security.web.servletapi.SecurityContextHolderAwareRequestFilter@55a02d8c, org.springframework.security.web.authentication.AnonymousAuthenticationFilter@19773823, org.springframework.security.web.session.SessionManagementFilter@1afffca1, org.springframework.security.web.access.ExceptionTranslationFilter@6228f11c, org.springframework.security.web.access.intercept.FilterSecurityInterceptor@71f290d2]
2020-10-11 16:17:46.624  INFO [vt.qlkdtt-yte-ws,,,] 9688 --- [  restartedMain] o.s.aop.framework.CglibAopProxy          : Unable to proxy interface-implementing method [public final void org.springframework.web.filter.GenericFilterBean.init(javax.servlet.FilterConfig) throws javax.servlet.ServletException] because it is marked as final: Consider using interface-based JDK proxies instead!
2020-10-11 16:17:46.991  INFO [vt.qlkdtt-yte-ws,,,] 9688 --- [  restartedMain] o.s.s.concurrent.ThreadPoolTaskExecutor  : Initializing ExecutorService 'applicationTaskExecutor'
2020-10-11 16:17:49.160  INFO [vt.qlkdtt-yte-ws,,,] 9688 --- [  restartedMain] d.s.w.p.DocumentationPluginsBootstrapper : Context refreshed
2020-10-11 16:17:49.221  INFO [vt.qlkdtt-yte-ws,,,] 9688 --- [  restartedMain] d.s.w.p.DocumentationPluginsBootstrapper : Found 1 custom documentation plugin(s)
2020-10-11 16:17:49.289  INFO [vt.qlkdtt-yte-ws,,,] 9688 --- [  restartedMain] s.d.s.w.s.ApiListingReferenceScanner     : Scanning for api listing references
2020-10-11 16:17:49.609  INFO [vt.qlkdtt-yte-ws,,,] 9688 --- [  restartedMain] .d.s.w.r.o.CachingOperationNameGenerator : Generating unique operation named: findByIdUsingGET_1
2020-10-11 16:17:49.714  INFO [vt.qlkdtt-yte-ws,,,] 9688 --- [  restartedMain] .d.s.w.r.o.CachingOperationNameGenerator : Generating unique operation named: findByIdUsingGET_2
2020-10-11 16:17:49.721  INFO [vt.qlkdtt-yte-ws,,,] 9688 --- [  restartedMain] .d.s.w.r.o.CachingOperationNameGenerator : Generating unique operation named: updateUsingPOST_1
2020-10-11 16:17:49.787  INFO [vt.qlkdtt-yte-ws,,,] 9688 --- [  restartedMain] .d.s.w.r.o.CachingOperationNameGenerator : Generating unique operation named: updateUsingPOST_2
2020-10-11 16:17:49.792  INFO [vt.qlkdtt-yte-ws,,,] 9688 --- [  restartedMain] .d.s.w.r.o.CachingOperationNameGenerator : Generating unique operation named: createUsingPOST_1
2020-10-11 16:17:49.793  INFO [vt.qlkdtt-yte-ws,,,] 9688 --- [  restartedMain] .d.s.w.r.o.CachingOperationNameGenerator : Generating unique operation named: deleteUsingDELETE_1
2020-10-11 16:17:49.797  INFO [vt.qlkdtt-yte-ws,,,] 9688 --- [  restartedMain] .d.s.w.r.o.CachingOperationNameGenerator : Generating unique operation named: updateUsingPOST_3
2020-10-11 16:17:49.808  INFO [vt.qlkdtt-yte-ws,,,] 9688 --- [  restartedMain] .d.s.w.r.o.CachingOperationNameGenerator : Generating unique operation named: findByCodeUsingGET_1
2020-10-11 16:17:49.864  INFO [vt.qlkdtt-yte-ws,,,] 9688 --- [  restartedMain] .d.s.w.r.o.CachingOperationNameGenerator : Generating unique operation named: findByIdUsingGET_3
2020-10-11 16:17:49.906  INFO [vt.qlkdtt-yte-ws,,,] 9688 --- [  restartedMain] .d.s.w.r.o.CachingOperationNameGenerator : Generating unique operation named: findByIdUsingGET_4
2020-10-11 16:17:49.934  INFO [vt.qlkdtt-yte-ws,,,] 9688 --- [  restartedMain] .d.s.w.r.o.CachingOperationNameGenerator : Generating unique operation named: changeProductStatusUsingPOST_1
2020-10-11 16:17:49.959  INFO [vt.qlkdtt-yte-ws,,,] 9688 --- [  restartedMain] .d.s.w.r.o.CachingOperationNameGenerator : Generating unique operation named: findByIdUsingGET_5
2020-10-11 16:17:49.986  INFO [vt.qlkdtt-yte-ws,,,] 9688 --- [  restartedMain] .d.s.w.r.o.CachingOperationNameGenerator : Generating unique operation named: deleteUsingDELETE_2
2020-10-11 16:17:49.989  INFO [vt.qlkdtt-yte-ws,,,] 9688 --- [  restartedMain] .d.s.w.r.o.CachingOperationNameGenerator : Generating unique operation named: updateUsingPOST_4
2020-10-11 16:17:49.991  INFO [vt.qlkdtt-yte-ws,,,] 9688 --- [  restartedMain] .d.s.w.r.o.CachingOperationNameGenerator : Generating unique operation named: deleteUsingPOST_1
2020-10-11 16:17:49.996  INFO [vt.qlkdtt-yte-ws,,,] 9688 --- [  restartedMain] .d.s.w.r.o.CachingOperationNameGenerator : Generating unique operation named: insertUsingPOST_1
2020-10-11 16:17:50.001  INFO [vt.qlkdtt-yte-ws,,,] 9688 --- [  restartedMain] .d.s.w.r.o.CachingOperationNameGenerator : Generating unique operation named: updateUsingPOST_5
2020-10-11 16:17:50.011  INFO [vt.qlkdtt-yte-ws,,,] 9688 --- [  restartedMain] .d.s.w.r.o.CachingOperationNameGenerator : Generating unique operation named: findByIdUsingGET_6
2020-10-11 16:17:50.090  INFO [vt.qlkdtt-yte-ws,,,] 9688 --- [  restartedMain] o.s.b.w.embedded.tomcat.TomcatWebServer  : Tomcat started on port(s): 8998 (http) with context path ''
2020-10-11 16:17:50.391  INFO [vt.qlkdtt-yte-ws,,,] 9688 --- [  restartedMain] vt.qlkdtt.yte.Application                : Started Application in 28.033 seconds (JVM running for 29.906)
2020-10-11 16:18:14.897  INFO [vt.qlkdtt-yte-ws,,,] 9688 --- [nio-8998-exec-1] o.a.c.c.C.[Tomcat].[localhost].[/]       : Initializing Spring DispatcherServlet 'dispatcherServlet'
2020-10-11 16:18:14.897  INFO [vt.qlkdtt-yte-ws,,,] 9688 --- [nio-8998-exec-1] o.s.web.servlet.DispatcherServlet        : Initializing Servlet 'dispatcherServlet'
2020-10-11 16:18:14.932  INFO [vt.qlkdtt-yte-ws,,,] 9688 --- [nio-8998-exec-1] o.s.web.servlet.DispatcherServlet        : Completed initialization in 35 ms
2020-10-11 16:18:14.972 DEBUG [vt.qlkdtt-yte-ws,620a0c4375a85500,620a0c4375a85500,false] 9688 --- [nio-8998-exec-1] me.coong.web.filter.WebTracingFilter     : GET /swagger-ui.html
2020-10-11 16:18:15.064 DEBUG [vt.qlkdtt-yte-ws,620a0c4375a85500,620a0c4375a85500,false] 9688 --- [nio-8998-exec-1] me.coong.web.filter.WebTracingFilter     : 200//92 ms
2020-10-11 16:18:15.524 DEBUG [vt.qlkdtt-yte-ws,51d642c54a56b0ab,51d642c54a56b0ab,false] 9688 --- [nio-8998-exec-8] me.coong.web.filter.WebTracingFilter     : GET /swagger-resources
2020-10-11 16:18:15.529 DEBUG [vt.qlkdtt-yte-ws,51d642c54a56b0ab,51d642c54a56b0ab,false] 9688 --- [nio-8998-exec-8] me.coong.web.filter.WebTracingFilter     : 200//5 ms
2020-10-11 16:18:15.560 DEBUG [vt.qlkdtt-yte-ws,20bcfc4eab3db2a2,20bcfc4eab3db2a2,false] 9688 --- [nio-8998-exec-2] me.coong.web.filter.WebTracingFilter     : GET /
2020-10-11 16:18:15.560 DEBUG [vt.qlkdtt-yte-ws,5ca5514b8d7c492b,5ca5514b8d7c492b,false] 9688 --- [nio-8998-exec-1] me.coong.web.filter.WebTracingFilter     : GET /v2/api-docs
2020-10-11 16:18:15.632 DEBUG [vt.qlkdtt-yte-ws,20bcfc4eab3db2a2,20bcfc4eab3db2a2,false] 9688 --- [nio-8998-exec-2] me.coong.web.filter.WebTracingFilter     : 200//72 ms
2020-10-11 16:18:15.636 DEBUG [vt.qlkdtt-yte-ws,d4d74ea7fa3954f6,d4d74ea7fa3954f6,false] 9688 --- [nio-8998-exec-3] me.coong.web.filter.WebTracingFilter     : GET /csrf
2020-10-11 16:18:15.644 DEBUG [vt.qlkdtt-yte-ws,d4d74ea7fa3954f6,d4d74ea7fa3954f6,false] 9688 --- [nio-8998-exec-3] me.coong.web.filter.WebTracingFilter     : 404//6 ms
2020-10-11 16:18:15.785 DEBUG [vt.qlkdtt-yte-ws,5ca5514b8d7c492b,5ca5514b8d7c492b,false] 9688 --- [nio-8998-exec-1] me.coong.web.filter.WebTracingFilter     : 200//225 ms
2020-10-11 16:20:44.727  INFO [vt.qlkdtt-yte-ws,,,] 9688 --- [      Thread-12] o.s.s.concurrent.ThreadPoolTaskExecutor  : Shutting down ExecutorService 'applicationTaskExecutor'
2020-10-11 16:20:44.742  INFO [vt.qlkdtt-yte-ws,,,] 9688 --- [      Thread-12] j.LocalContainerEntityManagerFactoryBean : Closing JPA EntityManagerFactory for persistence unit 'default'
2020-10-11 16:20:44.749  INFO [vt.qlkdtt-yte-ws,,,] 9688 --- [      Thread-12] com.zaxxer.hikari.HikariDataSource       : HikariPool-1 - Shutdown initiated...
2020-10-11 16:20:44.758  INFO [vt.qlkdtt-yte-ws,,,] 9688 --- [      Thread-12] com.zaxxer.hikari.HikariDataSource       : HikariPool-1 - Shutdown completed.
2020-10-11 16:20:51.316  INFO [vt.qlkdtt-yte-ws,,,] 12104 --- [  restartedMain] .e.DevToolsPropertyDefaultsPostProcessor : Devtools property defaults active! Set 'spring.devtools.add-properties' to 'false' to disable
2020-10-11 16:20:52.084  INFO [vt.qlkdtt-yte-ws,,,] 12104 --- [  restartedMain] vt.qlkdtt.yte.Application                : No active profile set, falling back to default profiles: default
2020-10-11 16:20:54.882  INFO [vt.qlkdtt-yte-ws,,,] 12104 --- [  restartedMain] .s.d.r.c.RepositoryConfigurationDelegate : Bootstrapping Spring Data JPA repositories in DEFAULT mode.
2020-10-11 16:20:55.572  INFO [vt.qlkdtt-yte-ws,,,] 12104 --- [  restartedMain] .s.d.r.c.RepositoryConfigurationDelegate : Finished Spring Data repository scanning in 675ms. Found 30 JPA repository interfaces.
2020-10-11 16:20:56.398  INFO [vt.qlkdtt-yte-ws,,,] 12104 --- [  restartedMain] o.s.cloud.context.scope.GenericScope     : BeanFactory id=4c2cb3e6-cdc8-314c-8161-67e3a92dbf89
2020-10-11 16:20:56.964  INFO [vt.qlkdtt-yte-ws,,,] 12104 --- [  restartedMain] trationDelegate$BeanPostProcessorChecker : Bean 'org.springframework.transaction.annotation.ProxyTransactionManagementConfiguration' of type [org.springframework.transaction.annotation.ProxyTransactionManagementConfiguration$$EnhancerBySpringCGLIB$$4d5d5cf5] is not eligible for getting processed by all BeanPostProcessors (for example: not eligible for auto-proxying)
2020-10-11 16:20:57.057  INFO [vt.qlkdtt-yte-ws,,,] 12104 --- [  restartedMain] trationDelegate$BeanPostProcessorChecker : Bean 'org.springframework.hateoas.config.HateoasConfiguration' of type [org.springframework.hateoas.config.HateoasConfiguration$$EnhancerBySpringCGLIB$$ccddaa27] is not eligible for getting processed by all BeanPostProcessors (for example: not eligible for auto-proxying)
2020-10-11 16:20:58.322  INFO [vt.qlkdtt-yte-ws,,,] 12104 --- [  restartedMain] o.s.b.w.embedded.tomcat.TomcatWebServer  : Tomcat initialized with port(s): 8998 (http)
2020-10-11 16:20:58.361  INFO [vt.qlkdtt-yte-ws,,,] 12104 --- [  restartedMain] o.apache.catalina.core.StandardService   : Starting service [Tomcat]
2020-10-11 16:20:58.362  INFO [vt.qlkdtt-yte-ws,,,] 12104 --- [  restartedMain] org.apache.catalina.core.StandardEngine  : Starting Servlet engine: [Apache Tomcat/9.0.30]
2020-10-11 16:20:58.564  INFO [vt.qlkdtt-yte-ws,,,] 12104 --- [  restartedMain] o.a.c.c.C.[Tomcat].[localhost].[/]       : Initializing Spring embedded WebApplicationContext
2020-10-11 16:20:58.564  INFO [vt.qlkdtt-yte-ws,,,] 12104 --- [  restartedMain] o.s.web.context.ContextLoader            : Root WebApplicationContext: initialization completed in 6460 ms
2020-10-11 16:21:02.478 DEBUG [vt.qlkdtt-yte-ws,,,] 12104 --- [  restartedMain] me.coong.web.filter.WebTracingFilter     : Filter 'webTracingFilter' configured for use
2020-10-11 16:21:02.704  INFO [vt.qlkdtt-yte-ws,,,] 12104 --- [  restartedMain] com.zaxxer.hikari.HikariDataSource       : HikariPool-1 - Starting...
2020-10-11 16:21:02.954  INFO [vt.qlkdtt-yte-ws,,,] 12104 --- [  restartedMain] com.zaxxer.hikari.HikariDataSource       : HikariPool-1 - Start completed.
2020-10-11 16:21:03.157  INFO [vt.qlkdtt-yte-ws,,,] 12104 --- [  restartedMain] o.hibernate.jpa.internal.util.LogHelper  : HHH000204: Processing PersistenceUnitInfo [
	name: default
	...]
2020-10-11 16:21:03.270  INFO [vt.qlkdtt-yte-ws,,,] 12104 --- [  restartedMain] org.hibernate.Version                    : HHH000412: Hibernate Core {5.3.15.Final}
2020-10-11 16:21:03.272  INFO [vt.qlkdtt-yte-ws,,,] 12104 --- [  restartedMain] org.hibernate.cfg.Environment            : HHH000206: hibernate.properties not found
2020-10-11 16:21:03.457  INFO [vt.qlkdtt-yte-ws,,,] 12104 --- [  restartedMain] o.hibernate.annotations.common.Version   : HCANN000001: Hibernate Commons Annotations {5.0.4.Final}
2020-10-11 16:21:03.958  INFO [vt.qlkdtt-yte-ws,,,] 12104 --- [  restartedMain] org.hibernate.dialect.Dialect            : HHH000400: Using dialect: org.hibernate.dialect.MariaDB103Dialect
2020-10-11 16:21:05.743  INFO [vt.qlkdtt-yte-ws,,,] 12104 --- [  restartedMain] j.LocalContainerEntityManagerFactoryBean : Initialized JPA EntityManagerFactory for persistence unit 'default'
2020-10-11 16:21:05.798  INFO [vt.qlkdtt-yte-ws,,,] 12104 --- [  restartedMain] o.s.b.d.a.OptionalLiveReloadServer       : LiveReload server is running on port 35729
2020-10-11 16:21:08.830  INFO [vt.qlkdtt-yte-ws,,,] 12104 --- [  restartedMain] o.s.b.a.e.web.EndpointLinksResolver      : Exposing 17 endpoint(s) beneath base path '/actuator'
2020-10-11 16:21:09.431  INFO [vt.qlkdtt-yte-ws,,,] 12104 --- [  restartedMain] pertySourcedRequestMappingHandlerMapping : Mapped URL path [/v2/api-docs] onto method [public org.springframework.http.ResponseEntity<springfox.documentation.spring.web.json.Json> springfox.documentation.swagger2.web.Swagger2Controller.getDocumentation(java.lang.String,javax.servlet.http.HttpServletRequest)]
2020-10-11 16:21:09.914  INFO [vt.qlkdtt-yte-ws,,,] 12104 --- [  restartedMain] o.s.s.web.DefaultSecurityFilterChain     : Creating filter chain: any request, [org.springframework.security.web.context.request.async.WebAsyncManagerIntegrationFilter@44bcb8ad, org.springframework.security.web.context.SecurityContextPersistenceFilter@63521f54, org.springframework.security.web.header.HeaderWriterFilter@779d589e, org.springframework.web.filter.CorsFilter@437faf98, org.springframework.web.filter.CharacterEncodingFilter@74bfaee5, org.springframework.security.web.authentication.logout.LogoutFilter@742db7c0, vt.qlkdtt.yte.security.jwt.JwtAuthenticationFilter@27ba2728, org.springframework.security.web.savedrequest.RequestCacheAwareFilter@29303c82, org.springframework.security.web.servletapi.SecurityContextHolderAwareRequestFilter@46caa34c, org.springframework.security.web.authentication.AnonymousAuthenticationFilter@447e36c5, org.springframework.security.web.session.SessionManagementFilter@41e40116, org.springframework.security.web.access.ExceptionTranslationFilter@517be5b6, org.springframework.security.web.access.intercept.FilterSecurityInterceptor@355df3b0]
2020-10-11 16:21:09.926  INFO [vt.qlkdtt-yte-ws,,,] 12104 --- [  restartedMain] o.s.aop.framework.CglibAopProxy          : Unable to proxy interface-implementing method [public final void org.springframework.web.filter.GenericFilterBean.init(javax.servlet.FilterConfig) throws javax.servlet.ServletException] because it is marked as final: Consider using interface-based JDK proxies instead!
2020-10-11 16:21:10.280  INFO [vt.qlkdtt-yte-ws,,,] 12104 --- [  restartedMain] o.s.s.concurrent.ThreadPoolTaskExecutor  : Initializing ExecutorService 'applicationTaskExecutor'
2020-10-11 16:21:12.414  INFO [vt.qlkdtt-yte-ws,,,] 12104 --- [  restartedMain] d.s.w.p.DocumentationPluginsBootstrapper : Context refreshed
2020-10-11 16:21:12.450  INFO [vt.qlkdtt-yte-ws,,,] 12104 --- [  restartedMain] d.s.w.p.DocumentationPluginsBootstrapper : Found 1 custom documentation plugin(s)
2020-10-11 16:21:12.517  INFO [vt.qlkdtt-yte-ws,,,] 12104 --- [  restartedMain] s.d.s.w.s.ApiListingReferenceScanner     : Scanning for api listing references
2020-10-11 16:21:12.800  INFO [vt.qlkdtt-yte-ws,,,] 12104 --- [  restartedMain] .d.s.w.r.o.CachingOperationNameGenerator : Generating unique operation named: findByIdUsingGET_1
2020-10-11 16:21:12.912  INFO [vt.qlkdtt-yte-ws,,,] 12104 --- [  restartedMain] .d.s.w.r.o.CachingOperationNameGenerator : Generating unique operation named: findByIdUsingGET_2
2020-10-11 16:21:12.918  INFO [vt.qlkdtt-yte-ws,,,] 12104 --- [  restartedMain] .d.s.w.r.o.CachingOperationNameGenerator : Generating unique operation named: updateUsingPOST_1
2020-10-11 16:21:12.968  INFO [vt.qlkdtt-yte-ws,,,] 12104 --- [  restartedMain] .d.s.w.r.o.CachingOperationNameGenerator : Generating unique operation named: updateUsingPOST_2
2020-10-11 16:21:12.972  INFO [vt.qlkdtt-yte-ws,,,] 12104 --- [  restartedMain] .d.s.w.r.o.CachingOperationNameGenerator : Generating unique operation named: createUsingPOST_1
2020-10-11 16:21:12.973  INFO [vt.qlkdtt-yte-ws,,,] 12104 --- [  restartedMain] .d.s.w.r.o.CachingOperationNameGenerator : Generating unique operation named: deleteUsingDELETE_1
2020-10-11 16:21:12.976  INFO [vt.qlkdtt-yte-ws,,,] 12104 --- [  restartedMain] .d.s.w.r.o.CachingOperationNameGenerator : Generating unique operation named: updateUsingPOST_3
2020-10-11 16:21:12.988  INFO [vt.qlkdtt-yte-ws,,,] 12104 --- [  restartedMain] .d.s.w.r.o.CachingOperationNameGenerator : Generating unique operation named: findByCodeUsingGET_1
2020-10-11 16:21:13.039  INFO [vt.qlkdtt-yte-ws,,,] 12104 --- [  restartedMain] .d.s.w.r.o.CachingOperationNameGenerator : Generating unique operation named: findByIdUsingGET_3
2020-10-11 16:21:13.075  INFO [vt.qlkdtt-yte-ws,,,] 12104 --- [  restartedMain] .d.s.w.r.o.CachingOperationNameGenerator : Generating unique operation named: findByIdUsingGET_4
2020-10-11 16:21:13.104  INFO [vt.qlkdtt-yte-ws,,,] 12104 --- [  restartedMain] .d.s.w.r.o.CachingOperationNameGenerator : Generating unique operation named: changeProductStatusUsingPOST_1
2020-10-11 16:21:13.133  INFO [vt.qlkdtt-yte-ws,,,] 12104 --- [  restartedMain] .d.s.w.r.o.CachingOperationNameGenerator : Generating unique operation named: findByIdUsingGET_5
2020-10-11 16:21:13.158  INFO [vt.qlkdtt-yte-ws,,,] 12104 --- [  restartedMain] .d.s.w.r.o.CachingOperationNameGenerator : Generating unique operation named: deleteUsingDELETE_2
2020-10-11 16:21:13.163  INFO [vt.qlkdtt-yte-ws,,,] 12104 --- [  restartedMain] .d.s.w.r.o.CachingOperationNameGenerator : Generating unique operation named: deleteUsingPOST_1
2020-10-11 16:21:13.167  INFO [vt.qlkdtt-yte-ws,,,] 12104 --- [  restartedMain] .d.s.w.r.o.CachingOperationNameGenerator : Generating unique operation named: insertUsingPOST_1
2020-10-11 16:21:13.171  INFO [vt.qlkdtt-yte-ws,,,] 12104 --- [  restartedMain] .d.s.w.r.o.CachingOperationNameGenerator : Generating unique operation named: updateUsingPOST_4
2020-10-11 16:21:13.178  INFO [vt.qlkdtt-yte-ws,,,] 12104 --- [  restartedMain] .d.s.w.r.o.CachingOperationNameGenerator : Generating unique operation named: findByIdUsingGET_6
2020-10-11 16:21:13.242  INFO [vt.qlkdtt-yte-ws,,,] 12104 --- [  restartedMain] o.s.b.w.embedded.tomcat.TomcatWebServer  : Tomcat started on port(s): 8998 (http) with context path ''
2020-10-11 16:21:13.536  INFO [vt.qlkdtt-yte-ws,,,] 12104 --- [  restartedMain] vt.qlkdtt.yte.Application                : Started Application in 23.611 seconds (JVM running for 24.494)
2020-10-11 16:22:13.694  INFO [vt.qlkdtt-yte-ws,,,] 12104 --- [nio-8998-exec-1] o.a.c.c.C.[Tomcat].[localhost].[/]       : Initializing Spring DispatcherServlet 'dispatcherServlet'
2020-10-11 16:22:13.694  INFO [vt.qlkdtt-yte-ws,,,] 12104 --- [nio-8998-exec-1] o.s.web.servlet.DispatcherServlet        : Initializing Servlet 'dispatcherServlet'
2020-10-11 16:22:13.727  INFO [vt.qlkdtt-yte-ws,,,] 12104 --- [nio-8998-exec-1] o.s.web.servlet.DispatcherServlet        : Completed initialization in 33 ms
2020-10-11 16:22:13.762 DEBUG [vt.qlkdtt-yte-ws,98e9942ae6c23e9e,98e9942ae6c23e9e,false] 12104 --- [nio-8998-exec-1] me.coong.web.filter.WebTracingFilter     : GET /swagger-ui.html
2020-10-11 16:22:13.823 DEBUG [vt.qlkdtt-yte-ws,98e9942ae6c23e9e,98e9942ae6c23e9e,false] 12104 --- [nio-8998-exec-1] me.coong.web.filter.WebTracingFilter     : 200//61 ms
2020-10-11 16:22:14.223 DEBUG [vt.qlkdtt-yte-ws,13247aade9353646,13247aade9353646,false] 12104 --- [io-8998-exec-10] me.coong.web.filter.WebTracingFilter     : GET /swagger-resources
2020-10-11 16:22:14.228 DEBUG [vt.qlkdtt-yte-ws,13247aade9353646,13247aade9353646,false] 12104 --- [io-8998-exec-10] me.coong.web.filter.WebTracingFilter     : 200//5 ms
2020-10-11 16:22:14.267 DEBUG [vt.qlkdtt-yte-ws,45a056df9bf7a103,45a056df9bf7a103,false] 12104 --- [nio-8998-exec-1] me.coong.web.filter.WebTracingFilter     : GET /v2/api-docs
2020-10-11 16:22:14.269 DEBUG [vt.qlkdtt-yte-ws,5ea35ebd3d57b324,5ea35ebd3d57b324,false] 12104 --- [nio-8998-exec-6] me.coong.web.filter.WebTracingFilter     : GET /
2020-10-11 16:22:14.338 DEBUG [vt.qlkdtt-yte-ws,5ea35ebd3d57b324,5ea35ebd3d57b324,false] 12104 --- [nio-8998-exec-6] me.coong.web.filter.WebTracingFilter     : 200//69 ms
2020-10-11 16:22:14.343 DEBUG [vt.qlkdtt-yte-ws,7167c65b2470a3be,7167c65b2470a3be,false] 12104 --- [nio-8998-exec-3] me.coong.web.filter.WebTracingFilter     : GET /csrf
2020-10-11 16:22:14.350 DEBUG [vt.qlkdtt-yte-ws,7167c65b2470a3be,7167c65b2470a3be,false] 12104 --- [nio-8998-exec-3] me.coong.web.filter.WebTracingFilter     : 404//7 ms
2020-10-11 16:22:14.476 DEBUG [vt.qlkdtt-yte-ws,45a056df9bf7a103,45a056df9bf7a103,false] 12104 --- [nio-8998-exec-1] me.coong.web.filter.WebTracingFilter     : 200//209 ms
2020-10-11 16:22:55.899 DEBUG [vt.qlkdtt-yte-ws,0963c44f280ea537,0963c44f280ea537,false] 12104 --- [nio-8998-exec-6] me.coong.web.filter.WebTracingFilter     : POST /stock/insert
2020-10-11 16:22:56.085 DEBUG [vt.qlkdtt-yte-ws,0963c44f280ea537,0963c44f280ea537,false] 12104 --- [nio-8998-exec-6] me.coong.web.filter.WebTracingFilter     : 200//186 ms
2020-10-11 16:24:49.220  INFO [vt.qlkdtt-yte-ws,,,] 12104 --- [      Thread-12] o.s.s.concurrent.ThreadPoolTaskExecutor  : Shutting down ExecutorService 'applicationTaskExecutor'
2020-10-11 16:24:49.235  INFO [vt.qlkdtt-yte-ws,,,] 12104 --- [      Thread-12] j.LocalContainerEntityManagerFactoryBean : Closing JPA EntityManagerFactory for persistence unit 'default'
2020-10-11 16:24:49.244  INFO [vt.qlkdtt-yte-ws,,,] 12104 --- [      Thread-12] com.zaxxer.hikari.HikariDataSource       : HikariPool-1 - Shutdown initiated...
2020-10-11 16:24:49.254  INFO [vt.qlkdtt-yte-ws,,,] 12104 --- [      Thread-12] com.zaxxer.hikari.HikariDataSource       : HikariPool-1 - Shutdown completed.
2020-10-11 16:24:55.076  INFO [vt.qlkdtt-yte-ws,,,] 11220 --- [  restartedMain] .e.DevToolsPropertyDefaultsPostProcessor : Devtools property defaults active! Set 'spring.devtools.add-properties' to 'false' to disable
2020-10-11 16:24:55.769  INFO [vt.qlkdtt-yte-ws,,,] 11220 --- [  restartedMain] vt.qlkdtt.yte.Application                : No active profile set, falling back to default profiles: default
2020-10-11 16:24:58.217  INFO [vt.qlkdtt-yte-ws,,,] 11220 --- [  restartedMain] .s.d.r.c.RepositoryConfigurationDelegate : Bootstrapping Spring Data JPA repositories in DEFAULT mode.
2020-10-11 16:24:58.854  INFO [vt.qlkdtt-yte-ws,,,] 11220 --- [  restartedMain] .s.d.r.c.RepositoryConfigurationDelegate : Finished Spring Data repository scanning in 628ms. Found 30 JPA repository interfaces.
2020-10-11 16:24:59.529  INFO [vt.qlkdtt-yte-ws,,,] 11220 --- [  restartedMain] o.s.cloud.context.scope.GenericScope     : BeanFactory id=4c2cb3e6-cdc8-314c-8161-67e3a92dbf89
2020-10-11 16:24:59.999  INFO [vt.qlkdtt-yte-ws,,,] 11220 --- [  restartedMain] trationDelegate$BeanPostProcessorChecker : Bean 'org.springframework.transaction.annotation.ProxyTransactionManagementConfiguration' of type [org.springframework.transaction.annotation.ProxyTransactionManagementConfiguration$$EnhancerBySpringCGLIB$$ee4ebfe2] is not eligible for getting processed by all BeanPostProcessors (for example: not eligible for auto-proxying)
2020-10-11 16:25:00.068  INFO [vt.qlkdtt-yte-ws,,,] 11220 --- [  restartedMain] trationDelegate$BeanPostProcessorChecker : Bean 'org.springframework.hateoas.config.HateoasConfiguration' of type [org.springframework.hateoas.config.HateoasConfiguration$$EnhancerBySpringCGLIB$$6dcf0d14] is not eligible for getting processed by all BeanPostProcessors (for example: not eligible for auto-proxying)
2020-10-11 16:25:01.212  INFO [vt.qlkdtt-yte-ws,,,] 11220 --- [  restartedMain] o.s.b.w.embedded.tomcat.TomcatWebServer  : Tomcat initialized with port(s): 8998 (http)
2020-10-11 16:25:01.249  INFO [vt.qlkdtt-yte-ws,,,] 11220 --- [  restartedMain] o.apache.catalina.core.StandardService   : Starting service [Tomcat]
2020-10-11 16:25:01.250  INFO [vt.qlkdtt-yte-ws,,,] 11220 --- [  restartedMain] org.apache.catalina.core.StandardEngine  : Starting Servlet engine: [Apache Tomcat/9.0.30]
2020-10-11 16:25:01.437  INFO [vt.qlkdtt-yte-ws,,,] 11220 --- [  restartedMain] o.a.c.c.C.[Tomcat].[localhost].[/]       : Initializing Spring embedded WebApplicationContext
2020-10-11 16:25:01.437  INFO [vt.qlkdtt-yte-ws,,,] 11220 --- [  restartedMain] o.s.web.context.ContextLoader            : Root WebApplicationContext: initialization completed in 5653 ms
2020-10-11 16:25:04.763 DEBUG [vt.qlkdtt-yte-ws,,,] 11220 --- [  restartedMain] me.coong.web.filter.WebTracingFilter     : Filter 'webTracingFilter' configured for use
2020-10-11 16:25:04.946  INFO [vt.qlkdtt-yte-ws,,,] 11220 --- [  restartedMain] com.zaxxer.hikari.HikariDataSource       : HikariPool-1 - Starting...
2020-10-11 16:25:05.171  INFO [vt.qlkdtt-yte-ws,,,] 11220 --- [  restartedMain] com.zaxxer.hikari.HikariDataSource       : HikariPool-1 - Start completed.
2020-10-11 16:25:05.309  INFO [vt.qlkdtt-yte-ws,,,] 11220 --- [  restartedMain] o.hibernate.jpa.internal.util.LogHelper  : HHH000204: Processing PersistenceUnitInfo [
	name: default
	...]
2020-10-11 16:25:05.424  INFO [vt.qlkdtt-yte-ws,,,] 11220 --- [  restartedMain] org.hibernate.Version                    : HHH000412: Hibernate Core {5.3.15.Final}
2020-10-11 16:25:05.427  INFO [vt.qlkdtt-yte-ws,,,] 11220 --- [  restartedMain] org.hibernate.cfg.Environment            : HHH000206: hibernate.properties not found
2020-10-11 16:25:05.616  INFO [vt.qlkdtt-yte-ws,,,] 11220 --- [  restartedMain] o.hibernate.annotations.common.Version   : HCANN000001: Hibernate Commons Annotations {5.0.4.Final}
2020-10-11 16:25:06.084  INFO [vt.qlkdtt-yte-ws,,,] 11220 --- [  restartedMain] org.hibernate.dialect.Dialect            : HHH000400: Using dialect: org.hibernate.dialect.MariaDB103Dialect
2020-10-11 16:25:07.946  INFO [vt.qlkdtt-yte-ws,,,] 11220 --- [  restartedMain] j.LocalContainerEntityManagerFactoryBean : Initialized JPA EntityManagerFactory for persistence unit 'default'
2020-10-11 16:25:08.004  INFO [vt.qlkdtt-yte-ws,,,] 11220 --- [  restartedMain] o.s.b.d.a.OptionalLiveReloadServer       : LiveReload server is running on port 35729
2020-10-11 16:25:10.819  INFO [vt.qlkdtt-yte-ws,,,] 11220 --- [  restartedMain] o.s.b.a.e.web.EndpointLinksResolver      : Exposing 17 endpoint(s) beneath base path '/actuator'
2020-10-11 16:25:11.274  INFO [vt.qlkdtt-yte-ws,,,] 11220 --- [  restartedMain] pertySourcedRequestMappingHandlerMapping : Mapped URL path [/v2/api-docs] onto method [public org.springframework.http.ResponseEntity<springfox.documentation.spring.web.json.Json> springfox.documentation.swagger2.web.Swagger2Controller.getDocumentation(java.lang.String,javax.servlet.http.HttpServletRequest)]
2020-10-11 16:25:11.663  INFO [vt.qlkdtt-yte-ws,,,] 11220 --- [  restartedMain] o.s.s.web.DefaultSecurityFilterChain     : Creating filter chain: any request, [org.springframework.security.web.context.request.async.WebAsyncManagerIntegrationFilter@64221735, org.springframework.security.web.context.SecurityContextPersistenceFilter@71e1e6e4, org.springframework.security.web.header.HeaderWriterFilter@6988bfa8, org.springframework.web.filter.CorsFilter@655ef99, org.springframework.web.filter.CharacterEncodingFilter@4770f68b, org.springframework.security.web.authentication.logout.LogoutFilter@6e34c9c7, vt.qlkdtt.yte.security.jwt.JwtAuthenticationFilter@6e320036, org.springframework.security.web.savedrequest.RequestCacheAwareFilter@380082fa, org.springframework.security.web.servletapi.SecurityContextHolderAwareRequestFilter@683e8fac, org.springframework.security.web.authentication.AnonymousAuthenticationFilter@face40b, org.springframework.security.web.session.SessionManagementFilter@1e23aa47, org.springframework.security.web.access.ExceptionTranslationFilter@60ac5b7e, org.springframework.security.web.access.intercept.FilterSecurityInterceptor@4ba5d623]
2020-10-11 16:25:11.676  INFO [vt.qlkdtt-yte-ws,,,] 11220 --- [  restartedMain] o.s.aop.framework.CglibAopProxy          : Unable to proxy interface-implementing method [public final void org.springframework.web.filter.GenericFilterBean.init(javax.servlet.FilterConfig) throws javax.servlet.ServletException] because it is marked as final: Consider using interface-based JDK proxies instead!
2020-10-11 16:25:11.962  INFO [vt.qlkdtt-yte-ws,,,] 11220 --- [  restartedMain] o.s.s.concurrent.ThreadPoolTaskExecutor  : Initializing ExecutorService 'applicationTaskExecutor'
2020-10-11 16:25:14.037  INFO [vt.qlkdtt-yte-ws,,,] 11220 --- [  restartedMain] d.s.w.p.DocumentationPluginsBootstrapper : Context refreshed
2020-10-11 16:25:14.066  INFO [vt.qlkdtt-yte-ws,,,] 11220 --- [  restartedMain] d.s.w.p.DocumentationPluginsBootstrapper : Found 1 custom documentation plugin(s)
2020-10-11 16:25:14.111  INFO [vt.qlkdtt-yte-ws,,,] 11220 --- [  restartedMain] s.d.s.w.s.ApiListingReferenceScanner     : Scanning for api listing references
2020-10-11 16:25:14.380  INFO [vt.qlkdtt-yte-ws,,,] 11220 --- [  restartedMain] .d.s.w.r.o.CachingOperationNameGenerator : Generating unique operation named: findByIdUsingGET_1
2020-10-11 16:25:14.499  INFO [vt.qlkdtt-yte-ws,,,] 11220 --- [  restartedMain] .d.s.w.r.o.CachingOperationNameGenerator : Generating unique operation named: findByIdUsingGET_2
2020-10-11 16:25:14.508  INFO [vt.qlkdtt-yte-ws,,,] 11220 --- [  restartedMain] .d.s.w.r.o.CachingOperationNameGenerator : Generating unique operation named: updateUsingPOST_1
2020-10-11 16:25:14.570  INFO [vt.qlkdtt-yte-ws,,,] 11220 --- [  restartedMain] .d.s.w.r.o.CachingOperationNameGenerator : Generating unique operation named: updateUsingPOST_2
2020-10-11 16:25:14.575  INFO [vt.qlkdtt-yte-ws,,,] 11220 --- [  restartedMain] .d.s.w.r.o.CachingOperationNameGenerator : Generating unique operation named: createUsingPOST_1
2020-10-11 16:25:14.577  INFO [vt.qlkdtt-yte-ws,,,] 11220 --- [  restartedMain] .d.s.w.r.o.CachingOperationNameGenerator : Generating unique operation named: deleteUsingDELETE_1
2020-10-11 16:25:14.581  INFO [vt.qlkdtt-yte-ws,,,] 11220 --- [  restartedMain] .d.s.w.r.o.CachingOperationNameGenerator : Generating unique operation named: updateUsingPOST_3
2020-10-11 16:25:14.596  INFO [vt.qlkdtt-yte-ws,,,] 11220 --- [  restartedMain] .d.s.w.r.o.CachingOperationNameGenerator : Generating unique operation named: findByCodeUsingGET_1
2020-10-11 16:25:14.658  INFO [vt.qlkdtt-yte-ws,,,] 11220 --- [  restartedMain] .d.s.w.r.o.CachingOperationNameGenerator : Generating unique operation named: findByIdUsingGET_3
2020-10-11 16:25:14.702  INFO [vt.qlkdtt-yte-ws,,,] 11220 --- [  restartedMain] .d.s.w.r.o.CachingOperationNameGenerator : Generating unique operation named: findByIdUsingGET_4
2020-10-11 16:25:14.737  INFO [vt.qlkdtt-yte-ws,,,] 11220 --- [  restartedMain] .d.s.w.r.o.CachingOperationNameGenerator : Generating unique operation named: changeProductStatusUsingPOST_1
2020-10-11 16:25:14.775  INFO [vt.qlkdtt-yte-ws,,,] 11220 --- [  restartedMain] .d.s.w.r.o.CachingOperationNameGenerator : Generating unique operation named: findByIdUsingGET_5
2020-10-11 16:25:14.815  INFO [vt.qlkdtt-yte-ws,,,] 11220 --- [  restartedMain] .d.s.w.r.o.CachingOperationNameGenerator : Generating unique operation named: deleteUsingDELETE_2
2020-10-11 16:25:14.824  INFO [vt.qlkdtt-yte-ws,,,] 11220 --- [  restartedMain] .d.s.w.r.o.CachingOperationNameGenerator : Generating unique operation named: deleteUsingDELETE_3
2020-10-11 16:25:14.830  INFO [vt.qlkdtt-yte-ws,,,] 11220 --- [  restartedMain] .d.s.w.r.o.CachingOperationNameGenerator : Generating unique operation named: insertUsingPOST_1
2020-10-11 16:25:14.836  INFO [vt.qlkdtt-yte-ws,,,] 11220 --- [  restartedMain] .d.s.w.r.o.CachingOperationNameGenerator : Generating unique operation named: updateUsingPUT_1
2020-10-11 16:25:14.845  INFO [vt.qlkdtt-yte-ws,,,] 11220 --- [  restartedMain] .d.s.w.r.o.CachingOperationNameGenerator : Generating unique operation named: findByIdUsingGET_6
2020-10-11 16:25:14.917  INFO [vt.qlkdtt-yte-ws,,,] 11220 --- [  restartedMain] o.s.b.w.embedded.tomcat.TomcatWebServer  : Tomcat started on port(s): 8998 (http) with context path ''
2020-10-11 16:25:15.252  INFO [vt.qlkdtt-yte-ws,,,] 11220 --- [  restartedMain] vt.qlkdtt.yte.Application                : Started Application in 21.352 seconds (JVM running for 22.149)
2020-10-11 16:26:17.067  INFO [vt.qlkdtt-yte-ws,,,] 11220 --- [nio-8998-exec-2] o.a.c.c.C.[Tomcat].[localhost].[/]       : Initializing Spring DispatcherServlet 'dispatcherServlet'
2020-10-11 16:26:17.068  INFO [vt.qlkdtt-yte-ws,,,] 11220 --- [nio-8998-exec-2] o.s.web.servlet.DispatcherServlet        : Initializing Servlet 'dispatcherServlet'
2020-10-11 16:26:17.098  INFO [vt.qlkdtt-yte-ws,,,] 11220 --- [nio-8998-exec-2] o.s.web.servlet.DispatcherServlet        : Completed initialization in 30 ms
2020-10-11 16:26:17.134 DEBUG [vt.qlkdtt-yte-ws,c0595a42e5d61d3c,c0595a42e5d61d3c,false] 11220 --- [nio-8998-exec-2] me.coong.web.filter.WebTracingFilter     : GET /swagger-ui.html
2020-10-11 16:26:17.192 DEBUG [vt.qlkdtt-yte-ws,c0595a42e5d61d3c,c0595a42e5d61d3c,false] 11220 --- [nio-8998-exec-2] me.coong.web.filter.WebTracingFilter     : 200//59 ms
2020-10-11 16:26:17.567 DEBUG [vt.qlkdtt-yte-ws,f8534a6124cf7891,f8534a6124cf7891,false] 11220 --- [io-8998-exec-10] me.coong.web.filter.WebTracingFilter     : GET /swagger-resources
2020-10-11 16:26:17.572 DEBUG [vt.qlkdtt-yte-ws,f8534a6124cf7891,f8534a6124cf7891,false] 11220 --- [io-8998-exec-10] me.coong.web.filter.WebTracingFilter     : 200//5 ms
2020-10-11 16:26:17.609 DEBUG [vt.qlkdtt-yte-ws,62d4435532991a65,62d4435532991a65,false] 11220 --- [nio-8998-exec-2] me.coong.web.filter.WebTracingFilter     : GET /v2/api-docs
2020-10-11 16:26:17.610 DEBUG [vt.qlkdtt-yte-ws,e822d866ccaa8cdc,e822d866ccaa8cdc,false] 11220 --- [nio-8998-exec-5] me.coong.web.filter.WebTracingFilter     : GET /
2020-10-11 16:26:17.682 DEBUG [vt.qlkdtt-yte-ws,e822d866ccaa8cdc,e822d866ccaa8cdc,false] 11220 --- [nio-8998-exec-5] me.coong.web.filter.WebTracingFilter     : 200//72 ms
2020-10-11 16:26:17.688 DEBUG [vt.qlkdtt-yte-ws,7a0cffbed4041ea4,7a0cffbed4041ea4,false] 11220 --- [nio-8998-exec-1] me.coong.web.filter.WebTracingFilter     : GET /csrf
2020-10-11 16:26:17.694 DEBUG [vt.qlkdtt-yte-ws,7a0cffbed4041ea4,7a0cffbed4041ea4,false] 11220 --- [nio-8998-exec-1] me.coong.web.filter.WebTracingFilter     : 404//5 ms
2020-10-11 16:26:17.805 DEBUG [vt.qlkdtt-yte-ws,62d4435532991a65,62d4435532991a65,false] 11220 --- [nio-8998-exec-2] me.coong.web.filter.WebTracingFilter     : 200//196 ms
2020-10-11 16:26:46.256 DEBUG [vt.qlkdtt-yte-ws,bd24be6bfbcec994,bd24be6bfbcec994,false] 11220 --- [nio-8998-exec-2] me.coong.web.filter.WebTracingFilter     : DELETE /stock/delete
2020-10-11 16:26:46.412  WARN [vt.qlkdtt-yte-ws,bd24be6bfbcec994,bd24be6bfbcec994,false] 11220 --- [nio-8998-exec-2] o.h.engine.jdbc.spi.SqlExceptionHelper   : SQL Error: 1451, SQLState: 23000
2020-10-11 16:26:46.412 ERROR [vt.qlkdtt-yte-ws,bd24be6bfbcec994,bd24be6bfbcec994,false] 11220 --- [nio-8998-exec-2] o.h.engine.jdbc.spi.SqlExceptionHelper   : Cannot delete or update a parent row: a foreign key constraint fails (`vt_qlkdtt`.`stock_good`, CONSTRAINT `stock_good_ibfk_1` FOREIGN KEY (`stock_id`) REFERENCES `stock` (`stock_id`))
2020-10-11 16:26:46.424  WARN [vt.qlkdtt-yte-ws,bd24be6bfbcec994,bd24be6bfbcec994,false] 11220 --- [nio-8998-exec-2] .m.m.a.ExceptionHandlerExceptionResolver : Resolved [org.springframework.dao.DataIntegrityViolationException: could not execute statement; SQL [n/a]; constraint [null]; nested exception is org.hibernate.exception.ConstraintViolationException: could not execute statement]
2020-10-11 16:26:46.425 DEBUG [vt.qlkdtt-yte-ws,bd24be6bfbcec994,bd24be6bfbcec994,false] 11220 --- [nio-8998-exec-2] me.coong.web.filter.WebTracingFilter     : 500//169 ms
2020-10-11 16:39:19.546  INFO [vt.qlkdtt-yte-ws,,,] 11220 --- [      Thread-12] o.s.s.concurrent.ThreadPoolTaskExecutor  : Shutting down ExecutorService 'applicationTaskExecutor'
2020-10-11 16:39:19.560  INFO [vt.qlkdtt-yte-ws,,,] 11220 --- [      Thread-12] j.LocalContainerEntityManagerFactoryBean : Closing JPA EntityManagerFactory for persistence unit 'default'
2020-10-11 16:39:19.565  INFO [vt.qlkdtt-yte-ws,,,] 11220 --- [      Thread-12] com.zaxxer.hikari.HikariDataSource       : HikariPool-1 - Shutdown initiated...
2020-10-11 16:39:19.574  INFO [vt.qlkdtt-yte-ws,,,] 11220 --- [      Thread-12] com.zaxxer.hikari.HikariDataSource       : HikariPool-1 - Shutdown completed.
2020-10-11 16:39:26.342  INFO [vt.qlkdtt-yte-ws,,,] 8736 --- [  restartedMain] .e.DevToolsPropertyDefaultsPostProcessor : Devtools property defaults active! Set 'spring.devtools.add-properties' to 'false' to disable
2020-10-11 16:39:27.046  INFO [vt.qlkdtt-yte-ws,,,] 8736 --- [  restartedMain] vt.qlkdtt.yte.Application                : No active profile set, falling back to default profiles: default
2020-10-11 16:39:29.544  INFO [vt.qlkdtt-yte-ws,,,] 8736 --- [  restartedMain] .s.d.r.c.RepositoryConfigurationDelegate : Bootstrapping Spring Data JPA repositories in DEFAULT mode.
2020-10-11 16:39:30.110  INFO [vt.qlkdtt-yte-ws,,,] 8736 --- [  restartedMain] .s.d.r.c.RepositoryConfigurationDelegate : Finished Spring Data repository scanning in 557ms. Found 30 JPA repository interfaces.
2020-10-11 16:39:30.828  INFO [vt.qlkdtt-yte-ws,,,] 8736 --- [  restartedMain] o.s.cloud.context.scope.GenericScope     : BeanFactory id=4c2cb3e6-cdc8-314c-8161-67e3a92dbf89
2020-10-11 16:39:31.258  INFO [vt.qlkdtt-yte-ws,,,] 8736 --- [  restartedMain] trationDelegate$BeanPostProcessorChecker : Bean 'org.springframework.transaction.annotation.ProxyTransactionManagementConfiguration' of type [org.springframework.transaction.annotation.ProxyTransactionManagementConfiguration$$EnhancerBySpringCGLIB$$8bccaa94] is not eligible for getting processed by all BeanPostProcessors (for example: not eligible for auto-proxying)
2020-10-11 16:39:31.321  INFO [vt.qlkdtt-yte-ws,,,] 8736 --- [  restartedMain] trationDelegate$BeanPostProcessorChecker : Bean 'org.springframework.hateoas.config.HateoasConfiguration' of type [org.springframework.hateoas.config.HateoasConfiguration$$EnhancerBySpringCGLIB$$b4cf7c6] is not eligible for getting processed by all BeanPostProcessors (for example: not eligible for auto-proxying)
2020-10-11 16:39:32.449  INFO [vt.qlkdtt-yte-ws,,,] 8736 --- [  restartedMain] o.s.b.w.embedded.tomcat.TomcatWebServer  : Tomcat initialized with port(s): 8998 (http)
2020-10-11 16:39:32.481  INFO [vt.qlkdtt-yte-ws,,,] 8736 --- [  restartedMain] o.apache.catalina.core.StandardService   : Starting service [Tomcat]
2020-10-11 16:39:32.482  INFO [vt.qlkdtt-yte-ws,,,] 8736 --- [  restartedMain] org.apache.catalina.core.StandardEngine  : Starting Servlet engine: [Apache Tomcat/9.0.30]
2020-10-11 16:39:32.656  INFO [vt.qlkdtt-yte-ws,,,] 8736 --- [  restartedMain] o.a.c.c.C.[Tomcat].[localhost].[/]       : Initializing Spring embedded WebApplicationContext
2020-10-11 16:39:32.657  INFO [vt.qlkdtt-yte-ws,,,] 8736 --- [  restartedMain] o.s.web.context.ContextLoader            : Root WebApplicationContext: initialization completed in 5592 ms
2020-10-11 16:39:35.863 DEBUG [vt.qlkdtt-yte-ws,,,] 8736 --- [  restartedMain] me.coong.web.filter.WebTracingFilter     : Filter 'webTracingFilter' configured for use
2020-10-11 16:39:36.053  INFO [vt.qlkdtt-yte-ws,,,] 8736 --- [  restartedMain] com.zaxxer.hikari.HikariDataSource       : HikariPool-1 - Starting...
2020-10-11 16:39:36.295  INFO [vt.qlkdtt-yte-ws,,,] 8736 --- [  restartedMain] com.zaxxer.hikari.HikariDataSource       : HikariPool-1 - Start completed.
2020-10-11 16:39:36.439  INFO [vt.qlkdtt-yte-ws,,,] 8736 --- [  restartedMain] o.hibernate.jpa.internal.util.LogHelper  : HHH000204: Processing PersistenceUnitInfo [
	name: default
	...]
2020-10-11 16:39:36.542  INFO [vt.qlkdtt-yte-ws,,,] 8736 --- [  restartedMain] org.hibernate.Version                    : HHH000412: Hibernate Core {5.3.15.Final}
2020-10-11 16:39:36.544  INFO [vt.qlkdtt-yte-ws,,,] 8736 --- [  restartedMain] org.hibernate.cfg.Environment            : HHH000206: hibernate.properties not found
2020-10-11 16:39:36.722  INFO [vt.qlkdtt-yte-ws,,,] 8736 --- [  restartedMain] o.hibernate.annotations.common.Version   : HCANN000001: Hibernate Commons Annotations {5.0.4.Final}
2020-10-11 16:39:37.235  INFO [vt.qlkdtt-yte-ws,,,] 8736 --- [  restartedMain] org.hibernate.dialect.Dialect            : HHH000400: Using dialect: org.hibernate.dialect.MariaDB103Dialect
2020-10-11 16:39:39.057  INFO [vt.qlkdtt-yte-ws,,,] 8736 --- [  restartedMain] j.LocalContainerEntityManagerFactoryBean : Initialized JPA EntityManagerFactory for persistence unit 'default'
2020-10-11 16:39:39.111  INFO [vt.qlkdtt-yte-ws,,,] 8736 --- [  restartedMain] o.s.b.d.a.OptionalLiveReloadServer       : LiveReload server is running on port 35729
2020-10-11 16:39:42.123  INFO [vt.qlkdtt-yte-ws,,,] 8736 --- [  restartedMain] o.s.b.a.e.web.EndpointLinksResolver      : Exposing 17 endpoint(s) beneath base path '/actuator'
2020-10-11 16:39:42.723  INFO [vt.qlkdtt-yte-ws,,,] 8736 --- [  restartedMain] pertySourcedRequestMappingHandlerMapping : Mapped URL path [/v2/api-docs] onto method [public org.springframework.http.ResponseEntity<springfox.documentation.spring.web.json.Json> springfox.documentation.swagger2.web.Swagger2Controller.getDocumentation(java.lang.String,javax.servlet.http.HttpServletRequest)]
2020-10-11 16:39:43.200  INFO [vt.qlkdtt-yte-ws,,,] 8736 --- [  restartedMain] o.s.s.web.DefaultSecurityFilterChain     : Creating filter chain: any request, [org.springframework.security.web.context.request.async.WebAsyncManagerIntegrationFilter@74a26830, org.springframework.security.web.context.SecurityContextPersistenceFilter@214129b4, org.springframework.security.web.header.HeaderWriterFilter@1053085d, org.springframework.web.filter.CorsFilter@7d21935a, org.springframework.web.filter.CharacterEncodingFilter@5589df9a, org.springframework.security.web.authentication.logout.LogoutFilter@38ddf8fc, vt.qlkdtt.yte.security.jwt.JwtAuthenticationFilter@3c644dc5, org.springframework.security.web.savedrequest.RequestCacheAwareFilter@6612bdf3, org.springframework.security.web.servletapi.SecurityContextHolderAwareRequestFilter@1e2006d, org.springframework.security.web.authentication.AnonymousAuthenticationFilter@322f7ae8, org.springframework.security.web.session.SessionManagementFilter@2046770a, org.springframework.security.web.access.ExceptionTranslationFilter@4e56f7fe, org.springframework.security.web.access.intercept.FilterSecurityInterceptor@9f66068]
2020-10-11 16:39:43.213  INFO [vt.qlkdtt-yte-ws,,,] 8736 --- [  restartedMain] o.s.aop.framework.CglibAopProxy          : Unable to proxy interface-implementing method [public final void org.springframework.web.filter.GenericFilterBean.init(javax.servlet.FilterConfig) throws javax.servlet.ServletException] because it is marked as final: Consider using interface-based JDK proxies instead!
2020-10-11 16:39:43.538  INFO [vt.qlkdtt-yte-ws,,,] 8736 --- [  restartedMain] o.s.s.concurrent.ThreadPoolTaskExecutor  : Initializing ExecutorService 'applicationTaskExecutor'
2020-10-11 16:39:46.435  INFO [vt.qlkdtt-yte-ws,,,] 8736 --- [  restartedMain] d.s.w.p.DocumentationPluginsBootstrapper : Context refreshed
2020-10-11 16:39:46.479  INFO [vt.qlkdtt-yte-ws,,,] 8736 --- [  restartedMain] d.s.w.p.DocumentationPluginsBootstrapper : Found 1 custom documentation plugin(s)
2020-10-11 16:39:46.553  INFO [vt.qlkdtt-yte-ws,,,] 8736 --- [  restartedMain] s.d.s.w.s.ApiListingReferenceScanner     : Scanning for api listing references
2020-10-11 16:39:46.925  INFO [vt.qlkdtt-yte-ws,,,] 8736 --- [  restartedMain] .d.s.w.r.o.CachingOperationNameGenerator : Generating unique operation named: findByIdUsingGET_1
2020-10-11 16:39:47.065  INFO [vt.qlkdtt-yte-ws,,,] 8736 --- [  restartedMain] .d.s.w.r.o.CachingOperationNameGenerator : Generating unique operation named: findByIdUsingGET_2
2020-10-11 16:39:47.072  INFO [vt.qlkdtt-yte-ws,,,] 8736 --- [  restartedMain] .d.s.w.r.o.CachingOperationNameGenerator : Generating unique operation named: updateUsingPOST_1
2020-10-11 16:39:47.148  INFO [vt.qlkdtt-yte-ws,,,] 8736 --- [  restartedMain] .d.s.w.r.o.CachingOperationNameGenerator : Generating unique operation named: updateUsingPOST_2
2020-10-11 16:39:47.153  INFO [vt.qlkdtt-yte-ws,,,] 8736 --- [  restartedMain] .d.s.w.r.o.CachingOperationNameGenerator : Generating unique operation named: createUsingPOST_1
2020-10-11 16:39:47.155  INFO [vt.qlkdtt-yte-ws,,,] 8736 --- [  restartedMain] .d.s.w.r.o.CachingOperationNameGenerator : Generating unique operation named: deleteUsingDELETE_1
2020-10-11 16:39:47.160  INFO [vt.qlkdtt-yte-ws,,,] 8736 --- [  restartedMain] .d.s.w.r.o.CachingOperationNameGenerator : Generating unique operation named: updateUsingPOST_3
2020-10-11 16:39:47.176  INFO [vt.qlkdtt-yte-ws,,,] 8736 --- [  restartedMain] .d.s.w.r.o.CachingOperationNameGenerator : Generating unique operation named: findByCodeUsingGET_1
2020-10-11 16:39:47.238  INFO [vt.qlkdtt-yte-ws,,,] 8736 --- [  restartedMain] .d.s.w.r.o.CachingOperationNameGenerator : Generating unique operation named: findByIdUsingGET_3
2020-10-11 16:39:47.281  INFO [vt.qlkdtt-yte-ws,,,] 8736 --- [  restartedMain] .d.s.w.r.o.CachingOperationNameGenerator : Generating unique operation named: findByIdUsingGET_4
2020-10-11 16:39:47.313  INFO [vt.qlkdtt-yte-ws,,,] 8736 --- [  restartedMain] .d.s.w.r.o.CachingOperationNameGenerator : Generating unique operation named: changeProductStatusUsingPOST_1
2020-10-11 16:39:47.348  INFO [vt.qlkdtt-yte-ws,,,] 8736 --- [  restartedMain] .d.s.w.r.o.CachingOperationNameGenerator : Generating unique operation named: findByIdUsingGET_5
2020-10-11 16:39:47.384  INFO [vt.qlkdtt-yte-ws,,,] 8736 --- [  restartedMain] .d.s.w.r.o.CachingOperationNameGenerator : Generating unique operation named: deleteUsingDELETE_2
2020-10-11 16:39:47.389  INFO [vt.qlkdtt-yte-ws,,,] 8736 --- [  restartedMain] .d.s.w.r.o.CachingOperationNameGenerator : Generating unique operation named: deleteUsingDELETE_3
2020-10-11 16:39:47.394  INFO [vt.qlkdtt-yte-ws,,,] 8736 --- [  restartedMain] .d.s.w.r.o.CachingOperationNameGenerator : Generating unique operation named: insertUsingPOST_1
2020-10-11 16:39:47.400  INFO [vt.qlkdtt-yte-ws,,,] 8736 --- [  restartedMain] .d.s.w.r.o.CachingOperationNameGenerator : Generating unique operation named: updateUsingPUT_1
2020-10-11 16:39:47.412  INFO [vt.qlkdtt-yte-ws,,,] 8736 --- [  restartedMain] .d.s.w.r.o.CachingOperationNameGenerator : Generating unique operation named: findByIdUsingGET_6
2020-10-11 16:39:47.491  INFO [vt.qlkdtt-yte-ws,,,] 8736 --- [  restartedMain] o.s.b.w.embedded.tomcat.TomcatWebServer  : Tomcat started on port(s): 8998 (http) with context path ''
2020-10-11 16:39:47.921  INFO [vt.qlkdtt-yte-ws,,,] 8736 --- [  restartedMain] vt.qlkdtt.yte.Application                : Started Application in 22.738 seconds (JVM running for 23.508)
2020-10-11 16:40:10.018  INFO [vt.qlkdtt-yte-ws,,,] 8736 --- [nio-8998-exec-1] o.a.c.c.C.[Tomcat].[localhost].[/]       : Initializing Spring DispatcherServlet 'dispatcherServlet'
2020-10-11 16:40:10.018  INFO [vt.qlkdtt-yte-ws,,,] 8736 --- [nio-8998-exec-1] o.s.web.servlet.DispatcherServlet        : Initializing Servlet 'dispatcherServlet'
2020-10-11 16:40:10.050  INFO [vt.qlkdtt-yte-ws,,,] 8736 --- [nio-8998-exec-1] o.s.web.servlet.DispatcherServlet        : Completed initialization in 32 ms
2020-10-11 16:40:12.171 DEBUG [vt.qlkdtt-yte-ws,a4ab07b7b0845c85,a4ab07b7b0845c85,false] 8736 --- [nio-8998-exec-2] me.coong.web.filter.WebTracingFilter     : GET /swagger-ui.html
2020-10-11 16:40:12.187 DEBUG [vt.qlkdtt-yte-ws,a4ab07b7b0845c85,a4ab07b7b0845c85,false] 8736 --- [nio-8998-exec-2] me.coong.web.filter.WebTracingFilter     : 200//17 ms
2020-10-11 16:40:12.600 DEBUG [vt.qlkdtt-yte-ws,a85928d4e68d7609,a85928d4e68d7609,false] 8736 --- [nio-8998-exec-1] me.coong.web.filter.WebTracingFilter     : GET /swagger-resources
2020-10-11 16:40:12.606 DEBUG [vt.qlkdtt-yte-ws,a85928d4e68d7609,a85928d4e68d7609,false] 8736 --- [nio-8998-exec-1] me.coong.web.filter.WebTracingFilter     : 200//6 ms
2020-10-11 16:40:12.642 DEBUG [vt.qlkdtt-yte-ws,93b14de634961638,93b14de634961638,false] 8736 --- [nio-8998-exec-2] me.coong.web.filter.WebTracingFilter     : GET /v2/api-docs
2020-10-11 16:40:12.644 DEBUG [vt.qlkdtt-yte-ws,885dcdc9df07b58d,885dcdc9df07b58d,false] 8736 --- [nio-8998-exec-5] me.coong.web.filter.WebTracingFilter     : GET /
2020-10-11 16:40:12.731 DEBUG [vt.qlkdtt-yte-ws,885dcdc9df07b58d,885dcdc9df07b58d,false] 8736 --- [nio-8998-exec-5] me.coong.web.filter.WebTracingFilter     : 200//88 ms
2020-10-11 16:40:12.736 DEBUG [vt.qlkdtt-yte-ws,f24fc8002e855c3c,f24fc8002e855c3c,false] 8736 --- [nio-8998-exec-4] me.coong.web.filter.WebTracingFilter     : GET /csrf
2020-10-11 16:40:12.741 DEBUG [vt.qlkdtt-yte-ws,f24fc8002e855c3c,f24fc8002e855c3c,false] 8736 --- [nio-8998-exec-4] me.coong.web.filter.WebTracingFilter     : 404//5 ms
2020-10-11 16:40:12.870 DEBUG [vt.qlkdtt-yte-ws,93b14de634961638,93b14de634961638,false] 8736 --- [nio-8998-exec-2] me.coong.web.filter.WebTracingFilter     : 200//228 ms
2020-10-11 16:40:22.388 DEBUG [vt.qlkdtt-yte-ws,dee025752c1fd61e,dee025752c1fd61e,false] 8736 --- [nio-8998-exec-5] me.coong.web.filter.WebTracingFilter     : DELETE /stock/delete
2020-10-11 16:40:22.515 DEBUG [vt.qlkdtt-yte-ws,dee025752c1fd61e,dee025752c1fd61e,false] 8736 --- [nio-8998-exec-5] me.coong.web.filter.WebTracingFilter     : 200//127 ms
2020-10-11 16:40:45.063 DEBUG [vt.qlkdtt-yte-ws,7171e98c0e3694b2,7171e98c0e3694b2,false] 8736 --- [nio-8998-exec-2] me.coong.web.filter.WebTracingFilter     : DELETE /stock/delete
2020-10-11 16:40:45.085 DEBUG [vt.qlkdtt-yte-ws,7171e98c0e3694b2,7171e98c0e3694b2,false] 8736 --- [nio-8998-exec-2] me.coong.web.filter.WebTracingFilter     : 200//22 ms
2020-10-11 16:41:19.766 DEBUG [vt.qlkdtt-yte-ws,0afb666e40eb9f93,0afb666e40eb9f93,false] 8736 --- [nio-8998-exec-9] me.coong.web.filter.WebTracingFilter     : POST /stock/insert
2020-10-11 16:41:19.815 DEBUG [vt.qlkdtt-yte-ws,0afb666e40eb9f93,0afb666e40eb9f93,false] 8736 --- [nio-8998-exec-9] me.coong.web.filter.WebTracingFilter     : 200//49 ms
2020-10-11 16:42:33.930 DEBUG [vt.qlkdtt-yte-ws,8793b82f45b951d8,8793b82f45b951d8,false] 8736 --- [nio-8998-exec-2] me.coong.web.filter.WebTracingFilter     : PUT /stock/update
2020-10-11 16:42:33.969 DEBUG [vt.qlkdtt-yte-ws,8793b82f45b951d8,8793b82f45b951d8,false] 8736 --- [nio-8998-exec-2] me.coong.web.filter.WebTracingFilter     : 200//39 ms
2020-10-11 16:43:20.865 DEBUG [vt.qlkdtt-yte-ws,a716d872487fb695,a716d872487fb695,false] 8736 --- [nio-8998-exec-1] me.coong.web.filter.WebTracingFilter     : DELETE /stock-good/delete
2020-10-11 16:43:20.877 DEBUG [vt.qlkdtt-yte-ws,a716d872487fb695,a716d872487fb695,false] 8736 --- [nio-8998-exec-1] me.coong.web.filter.WebTracingFilter     : 200//12 ms
2020-10-11 16:43:53.389 DEBUG [vt.qlkdtt-yte-ws,4528956828a9ff1e,4528956828a9ff1e,false] 8736 --- [nio-8998-exec-8] me.coong.web.filter.WebTracingFilter     : GET /stock-good/getStockGoodByCode
2020-10-11 16:43:53.413  WARN [vt.qlkdtt-yte-ws,4528956828a9ff1e,4528956828a9ff1e,false] 8736 --- [nio-8998-exec-8] .m.m.a.ExceptionHandlerExceptionResolver : Resolved [java.lang.IndexOutOfBoundsException: Index: 0, Size: 0]
2020-10-11 16:43:53.414 DEBUG [vt.qlkdtt-yte-ws,4528956828a9ff1e,4528956828a9ff1e,false] 8736 --- [nio-8998-exec-8] me.coong.web.filter.WebTracingFilter     : 500//25 ms
2020-10-11 16:44:20.329 DEBUG [vt.qlkdtt-yte-ws,ebfd60404ace2db3,ebfd60404ace2db3,false] 8736 --- [nio-8998-exec-9] me.coong.web.filter.WebTracingFilter     : GET /stock-good/getStockGoodByCode
2020-10-11 16:44:20.339 DEBUG [vt.qlkdtt-yte-ws,ebfd60404ace2db3,ebfd60404ace2db3,false] 8736 --- [nio-8998-exec-9] me.coong.web.filter.WebTracingFilter     : 200//10 ms
2020-10-11 16:45:13.579 DEBUG [vt.qlkdtt-yte-ws,79a7c269b4ec1459,79a7c269b4ec1459,false] 8736 --- [nio-8998-exec-2] me.coong.web.filter.WebTracingFilter     : POST /stock-good/insert
2020-10-11 16:45:13.596 DEBUG [vt.qlkdtt-yte-ws,79a7c269b4ec1459,79a7c269b4ec1459,false] 8736 --- [nio-8998-exec-2] me.coong.web.filter.WebTracingFilter     : 200//17 ms
2020-10-11 16:45:48.273 DEBUG [vt.qlkdtt-yte-ws,a7d15b600c3bd78b,a7d15b600c3bd78b,false] 8736 --- [nio-8998-exec-6] me.coong.web.filter.WebTracingFilter     : POST /stock-good/insert
2020-10-11 16:45:48.279 DEBUG [vt.qlkdtt-yte-ws,a7d15b600c3bd78b,a7d15b600c3bd78b,false] 8736 --- [nio-8998-exec-6] me.coong.web.filter.WebTracingFilter     : 200//6 ms
2020-10-11 16:46:10.756 DEBUG [vt.qlkdtt-yte-ws,bf3c9adda935b0fa,bf3c9adda935b0fa,false] 8736 --- [nio-8998-exec-7] me.coong.web.filter.WebTracingFilter     : PUT /stock-good/transfer
2020-10-11 16:46:10.769 DEBUG [vt.qlkdtt-yte-ws,bf3c9adda935b0fa,bf3c9adda935b0fa,false] 8736 --- [nio-8998-exec-7] me.coong.web.filter.WebTracingFilter     : 200//13 ms
2020-10-11 16:50:37.169  INFO [vt.qlkdtt-yte-ws,,,] 8736 --- [      Thread-12] o.s.s.concurrent.ThreadPoolTaskExecutor  : Shutting down ExecutorService 'applicationTaskExecutor'
2020-10-11 16:50:37.189  INFO [vt.qlkdtt-yte-ws,,,] 8736 --- [      Thread-12] j.LocalContainerEntityManagerFactoryBean : Closing JPA EntityManagerFactory for persistence unit 'default'
2020-10-11 16:50:37.196  INFO [vt.qlkdtt-yte-ws,,,] 8736 --- [      Thread-12] com.zaxxer.hikari.HikariDataSource       : HikariPool-1 - Shutdown initiated...
2020-10-11 16:50:37.205  INFO [vt.qlkdtt-yte-ws,,,] 8736 --- [      Thread-12] com.zaxxer.hikari.HikariDataSource       : HikariPool-1 - Shutdown completed.
