[2m2020-11-10 09:50:58.616[0;39m [32m INFO [vt.qlkdtt-yte-ws,,,][0;39m [35m11912[0;39m [2m---[0;39m [2m[  restartedMain][0;39m [36m.e.DevToolsPropertyDefaultsPostProcessor[0;39m [2m:[0;39m Devtools property defaults active! Set 'spring.devtools.add-properties' to 'false' to disable
[2m2020-11-10 09:50:59.608[0;39m [32m INFO [vt.qlkdtt-yte-ws,,,][0;39m [35m11912[0;39m [2m---[0;39m [2m[  restartedMain][0;39m [36mvt.qlkdtt.yte.Application               [0;39m [2m:[0;39m No active profile set, falling back to default profiles: default
[2m2020-11-10 09:51:03.742[0;39m [32m INFO [vt.qlkdtt-yte-ws,,,][0;39m [35m11912[0;39m [2m---[0;39m [2m[  restartedMain][0;39m [36m.s.d.r.c.RepositoryConfigurationDelegate[0;39m [2m:[0;39m Bootstrapping Spring Data JPA repositories in DEFAULT mode.
[2m2020-11-10 09:51:04.165[0;39m [32m INFO [vt.qlkdtt-yte-ws,,,][0;39m [35m11912[0;39m [2m---[0;39m [2m[  restartedMain][0;39m [36m.s.d.r.c.RepositoryConfigurationDelegate[0;39m [2m:[0;39m Finished Spring Data repository scanning in 414ms. Found 31 JPA repository interfaces.
[2m2020-11-10 09:51:04.887[0;39m [32m INFO [vt.qlkdtt-yte-ws,,,][0;39m [35m11912[0;39m [2m---[0;39m [2m[  restartedMain][0;39m [36mo.s.cloud.context.scope.GenericScope    [0;39m [2m:[0;39m BeanFactory id=e11aae32-0079-3415-ad50-e6f3c4b678b5
[2m2020-11-10 09:51:05.263[0;39m [32m INFO [vt.qlkdtt-yte-ws,,,][0;39m [35m11912[0;39m [2m---[0;39m [2m[  restartedMain][0;39m [36mtrationDelegate$BeanPostProcessorChecker[0;39m [2m:[0;39m Bean 'org.springframework.transaction.annotation.ProxyTransactionManagementConfiguration' of type [org.springframework.transaction.annotation.ProxyTransactionManagementConfiguration$$EnhancerBySpringCGLIB$$aaebc6b] is not eligible for getting processed by all BeanPostProcessors (for example: not eligible for auto-proxying)
[2m2020-11-10 09:51:05.318[0;39m [32m INFO [vt.qlkdtt-yte-ws,,,][0;39m [35m11912[0;39m [2m---[0;39m [2m[  restartedMain][0;39m [36mtrationDelegate$BeanPostProcessorChecker[0;39m [2m:[0;39m Bean 'org.springframework.hateoas.config.HateoasConfiguration' of type [org.springframework.hateoas.config.HateoasConfiguration$$EnhancerBySpringCGLIB$$8a2f099d] is not eligible for getting processed by all BeanPostProcessors (for example: not eligible for auto-proxying)
[2m2020-11-10 09:51:06.337[0;39m [32m INFO [vt.qlkdtt-yte-ws,,,][0;39m [35m11912[0;39m [2m---[0;39m [2m[  restartedMain][0;39m [36mo.s.b.w.embedded.tomcat.TomcatWebServer [0;39m [2m:[0;39m Tomcat initialized with port(s): 8998 (http)
[2m2020-11-10 09:51:06.393[0;39m [32m INFO [vt.qlkdtt-yte-ws,,,][0;39m [35m11912[0;39m [2m---[0;39m [2m[  restartedMain][0;39m [36mo.apache.catalina.core.StandardService  [0;39m [2m:[0;39m Starting service [Tomcat]
[2m2020-11-10 09:51:06.393[0;39m [32m INFO [vt.qlkdtt-yte-ws,,,][0;39m [35m11912[0;39m [2m---[0;39m [2m[  restartedMain][0;39m [36morg.apache.catalina.core.StandardEngine [0;39m [2m:[0;39m Starting Servlet engine: [Apache Tomcat/9.0.30]
[2m2020-11-10 09:51:06.555[0;39m [32m INFO [vt.qlkdtt-yte-ws,,,][0;39m [35m11912[0;39m [2m---[0;39m [2m[  restartedMain][0;39m [36mo.a.c.c.C.[Tomcat].[localhost].[/]      [0;39m [2m:[0;39m Initializing Spring embedded WebApplicationContext
[2m2020-11-10 09:51:06.555[0;39m [32m INFO [vt.qlkdtt-yte-ws,,,][0;39m [35m11912[0;39m [2m---[0;39m [2m[  restartedMain][0;39m [36mo.s.web.context.ContextLoader           [0;39m [2m:[0;39m Root WebApplicationContext: initialization completed in 6898 ms
[2m2020-11-10 09:51:10.830[0;39m [32mDEBUG [vt.qlkdtt-yte-ws,,,][0;39m [35m11912[0;39m [2m---[0;39m [2m[  restartedMain][0;39m [36mme.coong.web.filter.WebTracingFilter    [0;39m [2m:[0;39m Filter 'webTracingFilter' configured for use
[2m2020-11-10 09:51:11.219[0;39m [32m INFO [vt.qlkdtt-yte-ws,,,][0;39m [35m11912[0;39m [2m---[0;39m [2m[  restartedMain][0;39m [36mcom.zaxxer.hikari.HikariDataSource      [0;39m [2m:[0;39m HikariPool-1 - Starting...
[2m2020-11-10 09:51:11.438[0;39m [32m INFO [vt.qlkdtt-yte-ws,,,][0;39m [35m11912[0;39m [2m---[0;39m [2m[  restartedMain][0;39m [36mcom.zaxxer.hikari.HikariDataSource      [0;39m [2m:[0;39m HikariPool-1 - Start completed.
[2m2020-11-10 09:51:11.689[0;39m [32m INFO [vt.qlkdtt-yte-ws,,,][0;39m [35m11912[0;39m [2m---[0;39m [2m[  restartedMain][0;39m [36mo.hibernate.jpa.internal.util.LogHelper [0;39m [2m:[0;39m HHH000204: Processing PersistenceUnitInfo [
	name: default
	...]
[2m2020-11-10 09:51:11.880[0;39m [32m INFO [vt.qlkdtt-yte-ws,,,][0;39m [35m11912[0;39m [2m---[0;39m [2m[  restartedMain][0;39m [36morg.hibernate.Version                   [0;39m [2m:[0;39m HHH000412: Hibernate Core {5.3.15.Final}
[2m2020-11-10 09:51:11.882[0;39m [32m INFO [vt.qlkdtt-yte-ws,,,][0;39m [35m11912[0;39m [2m---[0;39m [2m[  restartedMain][0;39m [36morg.hibernate.cfg.Environment           [0;39m [2m:[0;39m HHH000206: hibernate.properties not found
[2m2020-11-10 09:51:12.438[0;39m [32m INFO [vt.qlkdtt-yte-ws,,,][0;39m [35m11912[0;39m [2m---[0;39m [2m[  restartedMain][0;39m [36mo.hibernate.annotations.common.Version  [0;39m [2m:[0;39m HCANN000001: Hibernate Commons Annotations {5.0.4.Final}
[2m2020-11-10 09:51:12.864[0;39m [32m INFO [vt.qlkdtt-yte-ws,,,][0;39m [35m11912[0;39m [2m---[0;39m [2m[  restartedMain][0;39m [36morg.hibernate.dialect.Dialect           [0;39m [2m:[0;39m HHH000400: Using dialect: org.hibernate.dialect.MariaDB103Dialect
[2m2020-11-10 09:51:15.236[0;39m [32m INFO [vt.qlkdtt-yte-ws,,,][0;39m [35m11912[0;39m [2m---[0;39m [2m[  restartedMain][0;39m [36mj.LocalContainerEntityManagerFactoryBean[0;39m [2m:[0;39m Initialized JPA EntityManagerFactory for persistence unit 'default'
[2m2020-11-10 09:51:15.381[0;39m [32m INFO [vt.qlkdtt-yte-ws,,,][0;39m [35m11912[0;39m [2m---[0;39m [2m[  restartedMain][0;39m [36mo.s.b.d.a.OptionalLiveReloadServer      [0;39m [2m:[0;39m LiveReload server is running on port 35729
[2m2020-11-10 09:51:18.865[0;39m [32m INFO [vt.qlkdtt-yte-ws,,,][0;39m [35m11912[0;39m [2m---[0;39m [2m[  restartedMain][0;39m [36mo.s.b.a.e.web.EndpointLinksResolver     [0;39m [2m:[0;39m Exposing 17 endpoint(s) beneath base path '/actuator'
[2m2020-11-10 09:51:19.375[0;39m [32m INFO [vt.qlkdtt-yte-ws,,,][0;39m [35m11912[0;39m [2m---[0;39m [2m[  restartedMain][0;39m [36mpertySourcedRequestMappingHandlerMapping[0;39m [2m:[0;39m Mapped URL path [/v2/api-docs] onto method [public org.springframework.http.ResponseEntity<springfox.documentation.spring.web.json.Json> springfox.documentation.swagger2.web.Swagger2Controller.getDocumentation(java.lang.String,javax.servlet.http.HttpServletRequest)]
[2m2020-11-10 09:51:19.844[0;39m [32m INFO [vt.qlkdtt-yte-ws,,,][0;39m [35m11912[0;39m [2m---[0;39m [2m[  restartedMain][0;39m [36mo.s.s.web.DefaultSecurityFilterChain    [0;39m [2m:[0;39m Creating filter chain: any request, [org.springframework.security.web.context.request.async.WebAsyncManagerIntegrationFilter@136bae29, org.springframework.security.web.context.SecurityContextPersistenceFilter@24522ff3, org.springframework.security.web.header.HeaderWriterFilter@778dcb8b, org.springframework.web.filter.CorsFilter@3417d4ef, org.springframework.web.filter.CharacterEncodingFilter@116d044d, org.springframework.security.web.authentication.logout.LogoutFilter@2d67eb35, vt.qlkdtt.yte.security.jwt.JwtAuthenticationFilter@3536a925, org.springframework.security.web.savedrequest.RequestCacheAwareFilter@e2f7b1b, org.springframework.security.web.servletapi.SecurityContextHolderAwareRequestFilter@4ebf18d5, org.springframework.security.web.authentication.AnonymousAuthenticationFilter@2e16ddd4, org.springframework.security.web.session.SessionManagementFilter@4eb2b781, org.springframework.security.web.access.ExceptionTranslationFilter@6a4480b6, org.springframework.security.web.access.intercept.FilterSecurityInterceptor@4632bbce]
[2m2020-11-10 09:51:19.860[0;39m [32m INFO [vt.qlkdtt-yte-ws,,,][0;39m [35m11912[0;39m [2m---[0;39m [2m[  restartedMain][0;39m [36mo.s.aop.framework.CglibAopProxy         [0;39m [2m:[0;39m Unable to proxy interface-implementing method [public final void org.springframework.web.filter.GenericFilterBean.init(javax.servlet.FilterConfig) throws javax.servlet.ServletException] because it is marked as final: Consider using interface-based JDK proxies instead!
[2m2020-11-10 09:51:20.219[0;39m [32m INFO [vt.qlkdtt-yte-ws,,,][0;39m [35m11912[0;39m [2m---[0;39m [2m[  restartedMain][0;39m [36mo.s.s.concurrent.ThreadPoolTaskExecutor [0;39m [2m:[0;39m Initializing ExecutorService 'applicationTaskExecutor'
[2m2020-11-10 09:51:22.251[0;39m [32m INFO [vt.qlkdtt-yte-ws,,,][0;39m [35m11912[0;39m [2m---[0;39m [2m[  restartedMain][0;39m [36md.s.w.p.DocumentationPluginsBootstrapper[0;39m [2m:[0;39m Context refreshed
[2m2020-11-10 09:51:22.313[0;39m [32m INFO [vt.qlkdtt-yte-ws,,,][0;39m [35m11912[0;39m [2m---[0;39m [2m[  restartedMain][0;39m [36md.s.w.p.DocumentationPluginsBootstrapper[0;39m [2m:[0;39m Found 1 custom documentation plugin(s)
[2m2020-11-10 09:51:22.376[0;39m [32m INFO [vt.qlkdtt-yte-ws,,,][0;39m [35m11912[0;39m [2m---[0;39m [2m[  restartedMain][0;39m [36ms.d.s.w.s.ApiListingReferenceScanner    [0;39m [2m:[0;39m Scanning for api listing references
[2m2020-11-10 09:51:22.715[0;39m [32m INFO [vt.qlkdtt-yte-ws,,,][0;39m [35m11912[0;39m [2m---[0;39m [2m[  restartedMain][0;39m [36m.d.s.w.r.o.CachingOperationNameGenerator[0;39m [2m:[0;39m Generating unique operation named: findByIdUsingGET_1
[2m2020-11-10 09:51:22.824[0;39m [32m INFO [vt.qlkdtt-yte-ws,,,][0;39m [35m11912[0;39m [2m---[0;39m [2m[  restartedMain][0;39m [36m.d.s.w.r.o.CachingOperationNameGenerator[0;39m [2m:[0;39m Generating unique operation named: findByIdUsingGET_2
[2m2020-11-10 09:51:22.830[0;39m [32m INFO [vt.qlkdtt-yte-ws,,,][0;39m [35m11912[0;39m [2m---[0;39m [2m[  restartedMain][0;39m [36m.d.s.w.r.o.CachingOperationNameGenerator[0;39m [2m:[0;39m Generating unique operation named: updateUsingPOST_1
[2m2020-11-10 09:51:22.878[0;39m [32m INFO [vt.qlkdtt-yte-ws,,,][0;39m [35m11912[0;39m [2m---[0;39m [2m[  restartedMain][0;39m [36m.d.s.w.r.o.CachingOperationNameGenerator[0;39m [2m:[0;39m Generating unique operation named: updateUsingPOST_2
[2m2020-11-10 09:51:22.882[0;39m [32m INFO [vt.qlkdtt-yte-ws,,,][0;39m [35m11912[0;39m [2m---[0;39m [2m[  restartedMain][0;39m [36m.d.s.w.r.o.CachingOperationNameGenerator[0;39m [2m:[0;39m Generating unique operation named: createUsingPOST_1
[2m2020-11-10 09:51:22.883[0;39m [32m INFO [vt.qlkdtt-yte-ws,,,][0;39m [35m11912[0;39m [2m---[0;39m [2m[  restartedMain][0;39m [36m.d.s.w.r.o.CachingOperationNameGenerator[0;39m [2m:[0;39m Generating unique operation named: deleteUsingDELETE_1
[2m2020-11-10 09:51:22.887[0;39m [32m INFO [vt.qlkdtt-yte-ws,,,][0;39m [35m11912[0;39m [2m---[0;39m [2m[  restartedMain][0;39m [36m.d.s.w.r.o.CachingOperationNameGenerator[0;39m [2m:[0;39m Generating unique operation named: updateUsingPOST_3
[2m2020-11-10 09:51:22.896[0;39m [32m INFO [vt.qlkdtt-yte-ws,,,][0;39m [35m11912[0;39m [2m---[0;39m [2m[  restartedMain][0;39m [36m.d.s.w.r.o.CachingOperationNameGenerator[0;39m [2m:[0;39m Generating unique operation named: findByCodeUsingGET_1
[2m2020-11-10 09:51:22.953[0;39m [32m INFO [vt.qlkdtt-yte-ws,,,][0;39m [35m11912[0;39m [2m---[0;39m [2m[  restartedMain][0;39m [36m.d.s.w.r.o.CachingOperationNameGenerator[0;39m [2m:[0;39m Generating unique operation named: findByIdUsingGET_3
[2m2020-11-10 09:51:22.975[0;39m [32m INFO [vt.qlkdtt-yte-ws,,,][0;39m [35m11912[0;39m [2m---[0;39m [2m[  restartedMain][0;39m [36m.d.s.w.r.o.CachingOperationNameGenerator[0;39m [2m:[0;39m Generating unique operation named: findByIdUsingGET_4
[2m2020-11-10 09:51:23.002[0;39m [32m INFO [vt.qlkdtt-yte-ws,,,][0;39m [35m11912[0;39m [2m---[0;39m [2m[  restartedMain][0;39m [36m.d.s.w.r.o.CachingOperationNameGenerator[0;39m [2m:[0;39m Generating unique operation named: changeProductStatusUsingPOST_1
[2m2020-11-10 09:51:23.023[0;39m [32m INFO [vt.qlkdtt-yte-ws,,,][0;39m [35m11912[0;39m [2m---[0;39m [2m[  restartedMain][0;39m [36m.d.s.w.r.o.CachingOperationNameGenerator[0;39m [2m:[0;39m Generating unique operation named: findByIdUsingGET_5
[2m2020-11-10 09:51:23.042[0;39m [32m INFO [vt.qlkdtt-yte-ws,,,][0;39m [35m11912[0;39m [2m---[0;39m [2m[  restartedMain][0;39m [36m.d.s.w.r.o.CachingOperationNameGenerator[0;39m [2m:[0;39m Generating unique operation named: deleteUsingDELETE_2
[2m2020-11-10 09:51:23.042[0;39m [32m INFO [vt.qlkdtt-yte-ws,,,][0;39m [35m11912[0;39m [2m---[0;39m [2m[  restartedMain][0;39m [36m.d.s.w.r.o.CachingOperationNameGenerator[0;39m [2m:[0;39m Generating unique operation named: deleteUsingDELETE_3
[2m2020-11-10 09:51:23.042[0;39m [32m INFO [vt.qlkdtt-yte-ws,,,][0;39m [35m11912[0;39m [2m---[0;39m [2m[  restartedMain][0;39m [36m.d.s.w.r.o.CachingOperationNameGenerator[0;39m [2m:[0;39m Generating unique operation named: insertUsingPOST_1
[2m2020-11-10 09:51:23.042[0;39m [32m INFO [vt.qlkdtt-yte-ws,,,][0;39m [35m11912[0;39m [2m---[0;39m [2m[  restartedMain][0;39m [36m.d.s.w.r.o.CachingOperationNameGenerator[0;39m [2m:[0;39m Generating unique operation named: updateUsingPUT_1
[2m2020-11-10 09:51:23.065[0;39m [32m INFO [vt.qlkdtt-yte-ws,,,][0;39m [35m11912[0;39m [2m---[0;39m [2m[  restartedMain][0;39m [36m.d.s.w.r.o.CachingOperationNameGenerator[0;39m [2m:[0;39m Generating unique operation named: findByIdUsingGET_6
[2m2020-11-10 09:51:23.136[0;39m [32m INFO [vt.qlkdtt-yte-ws,,,][0;39m [35m11912[0;39m [2m---[0;39m [2m[  restartedMain][0;39m [36mo.s.b.w.embedded.tomcat.TomcatWebServer [0;39m [2m:[0;39m Tomcat started on port(s): 8998 (http) with context path ''
[2m2020-11-10 09:51:23.380[0;39m [32m INFO [vt.qlkdtt-yte-ws,,,][0;39m [35m11912[0;39m [2m---[0;39m [2m[nio-8998-exec-1][0;39m [36mo.a.c.c.C.[Tomcat].[localhost].[/]      [0;39m [2m:[0;39m Initializing Spring DispatcherServlet 'dispatcherServlet'
[2m2020-11-10 09:51:23.381[0;39m [32m INFO [vt.qlkdtt-yte-ws,,,][0;39m [35m11912[0;39m [2m---[0;39m [2m[nio-8998-exec-1][0;39m [36mo.s.web.servlet.DispatcherServlet       [0;39m [2m:[0;39m Initializing Servlet 'dispatcherServlet'
[2m2020-11-10 09:51:23.421[0;39m [32m INFO [vt.qlkdtt-yte-ws,,,][0;39m [35m11912[0;39m [2m---[0;39m [2m[nio-8998-exec-1][0;39m [36mo.s.web.servlet.DispatcherServlet       [0;39m [2m:[0;39m Completed initialization in 40 ms
[2m2020-11-10 09:51:23.475[0;39m [32m INFO [vt.qlkdtt-yte-ws,,,][0;39m [35m11912[0;39m [2m---[0;39m [2m[  restartedMain][0;39m [36mvt.qlkdtt.yte.Application               [0;39m [2m:[0;39m Started Application in 26.76 seconds (JVM running for 31.412)
[2m2020-11-10 09:51:23.488[0;39m [32mDEBUG [vt.qlkdtt-yte-ws,46da202790950267,46da202790950267,false][0;39m [35m11912[0;39m [2m---[0;39m [2m[nio-8998-exec-1][0;39m [36mme.coong.web.filter.WebTracingFilter    [0;39m [2m:[0;39m GET /swagger-ui.html
[2m2020-11-10 09:51:23.582[0;39m [32mDEBUG [vt.qlkdtt-yte-ws,46da202790950267,46da202790950267,false][0;39m [35m11912[0;39m [2m---[0;39m [2m[nio-8998-exec-1][0;39m [36mme.coong.web.filter.WebTracingFilter    [0;39m [2m:[0;39m 200//93 ms
[2m2020-11-10 09:51:24.261[0;39m [32mDEBUG [vt.qlkdtt-yte-ws,cf2e83bbe8ba8d87,cf2e83bbe8ba8d87,false][0;39m [35m11912[0;39m [2m---[0;39m [2m[io-8998-exec-10][0;39m [36mme.coong.web.filter.WebTracingFilter    [0;39m [2m:[0;39m GET /swagger-resources
[2m2020-11-10 09:51:24.271[0;39m [32mDEBUG [vt.qlkdtt-yte-ws,cf2e83bbe8ba8d87,cf2e83bbe8ba8d87,false][0;39m [35m11912[0;39m [2m---[0;39m [2m[io-8998-exec-10][0;39m [36mme.coong.web.filter.WebTracingFilter    [0;39m [2m:[0;39m 200//10 ms
[2m2020-11-10 09:51:24.324[0;39m [32mDEBUG [vt.qlkdtt-yte-ws,9c97d418247a0a4e,9c97d418247a0a4e,false][0;39m [35m11912[0;39m [2m---[0;39m [2m[nio-8998-exec-1][0;39m [36mme.coong.web.filter.WebTracingFilter    [0;39m [2m:[0;39m GET /v2/api-docs
[2m2020-11-10 09:51:24.325[0;39m [32mDEBUG [vt.qlkdtt-yte-ws,f86381fb8e803570,f86381fb8e803570,false][0;39m [35m11912[0;39m [2m---[0;39m [2m[nio-8998-exec-2][0;39m [36mme.coong.web.filter.WebTracingFilter    [0;39m [2m:[0;39m GET /
[2m2020-11-10 09:51:24.397[0;39m [32mDEBUG [vt.qlkdtt-yte-ws,f86381fb8e803570,f86381fb8e803570,false][0;39m [35m11912[0;39m [2m---[0;39m [2m[nio-8998-exec-2][0;39m [36mme.coong.web.filter.WebTracingFilter    [0;39m [2m:[0;39m 200//72 ms
[2m2020-11-10 09:51:24.402[0;39m [32mDEBUG [vt.qlkdtt-yte-ws,625c7e21a209ab1b,625c7e21a209ab1b,false][0;39m [35m11912[0;39m [2m---[0;39m [2m[nio-8998-exec-3][0;39m [36mme.coong.web.filter.WebTracingFilter    [0;39m [2m:[0;39m GET /csrf
[2m2020-11-10 09:51:24.412[0;39m [32mDEBUG [vt.qlkdtt-yte-ws,625c7e21a209ab1b,625c7e21a209ab1b,false][0;39m [35m11912[0;39m [2m---[0;39m [2m[nio-8998-exec-3][0;39m [36mme.coong.web.filter.WebTracingFilter    [0;39m [2m:[0;39m 404//10 ms
[2m2020-11-10 09:51:24.642[0;39m [32mDEBUG [vt.qlkdtt-yte-ws,9c97d418247a0a4e,9c97d418247a0a4e,false][0;39m [35m11912[0;39m [2m---[0;39m [2m[nio-8998-exec-1][0;39m [36mme.coong.web.filter.WebTracingFilter    [0;39m [2m:[0;39m 200//318 ms
[2m2020-11-10 09:52:57.223[0;39m [32mDEBUG [vt.qlkdtt-yte-ws,76a6f620b059d46e,76a6f620b059d46e,false][0;39m [35m11912[0;39m [2m---[0;39m [2m[nio-8998-exec-8][0;39m [36mme.coong.web.filter.WebTracingFilter    [0;39m [2m:[0;39m GET /search
[2m2020-11-10 09:52:57.407[0;39m [32mDEBUG [vt.qlkdtt-yte-ws,76a6f620b059d46e,76a6f620b059d46e,false][0;39m [35m11912[0;39m [2m---[0;39m [2m[nio-8998-exec-8][0;39m [36mme.coong.web.filter.WebTracingFilter    [0;39m [2m:[0;39m 200//184 ms
[2m2020-11-10 09:53:24.453[0;39m [32mDEBUG [vt.qlkdtt-yte-ws,030016cd84bccb56,030016cd84bccb56,false][0;39m [35m11912[0;39m [2m---[0;39m [2m[nio-8998-exec-7][0;39m [36mme.coong.web.filter.WebTracingFilter    [0;39m [2m:[0;39m GET /search
[2m2020-11-10 09:53:24.476[0;39m [32mDEBUG [vt.qlkdtt-yte-ws,030016cd84bccb56,030016cd84bccb56,false][0;39m [35m11912[0;39m [2m---[0;39m [2m[nio-8998-exec-7][0;39m [36mme.coong.web.filter.WebTracingFilter    [0;39m [2m:[0;39m 200//23 ms
[2m2020-11-10 09:53:24.792[0;39m [32mDEBUG [vt.qlkdtt-yte-ws,52bd735ee771e76d,52bd735ee771e76d,false][0;39m [35m11912[0;39m [2m---[0;39m [2m[io-8998-exec-10][0;39m [36mme.coong.web.filter.WebTracingFilter    [0;39m [2m:[0;39m GET /search
[2m2020-11-10 09:53:24.798[0;39m [32mDEBUG [vt.qlkdtt-yte-ws,52bd735ee771e76d,52bd735ee771e76d,false][0;39m [35m11912[0;39m [2m---[0;39m [2m[io-8998-exec-10][0;39m [36mme.coong.web.filter.WebTracingFilter    [0;39m [2m:[0;39m 200//5 ms
[2m2020-11-10 09:53:45.645[0;39m [32mDEBUG [vt.qlkdtt-yte-ws,53eb30e94033c937,53eb30e94033c937,false][0;39m [35m11912[0;39m [2m---[0;39m [2m[nio-8998-exec-2][0;39m [36mme.coong.web.filter.WebTracingFilter    [0;39m [2m:[0;39m GET /search
[2m2020-11-10 09:55:36.748[0;39m [33m WARN [vt.qlkdtt-yte-ws,,,][0;39m [35m11912[0;39m [2m---[0;39m [2m[l-1 housekeeper][0;39m [36mcom.zaxxer.hikari.pool.HikariPool       [0;39m [2m:[0;39m HikariPool-1 - Thread starvation or clock leap detected (housekeeper delta=1m21s621ms321µs900ns).
[2m2020-11-10 09:56:16.219[0;39m [32mDEBUG [vt.qlkdtt-yte-ws,53eb30e94033c937,53eb30e94033c937,false][0;39m [35m11912[0;39m [2m---[0;39m [2m[nio-8998-exec-2][0;39m [36mme.coong.web.filter.WebTracingFilter    [0;39m [2m:[0;39m 200//150574 ms
[2m2020-11-10 09:57:57.706[0;39m [32mDEBUG [vt.qlkdtt-yte-ws,ae8908def178ce04,ae8908def178ce04,false][0;39m [35m11912[0;39m [2m---[0;39m [2m[nio-8998-exec-6][0;39m [36mme.coong.web.filter.WebTracingFilter    [0;39m [2m:[0;39m GET /search
[2m2020-11-10 09:59:35.992[0;39m [33m WARN [vt.qlkdtt-yte-ws,,,][0;39m [35m11912[0;39m [2m---[0;39m [2m[l-1 housekeeper][0;39m [36mcom.zaxxer.hikari.pool.HikariPool       [0;39m [2m:[0;39m HikariPool-1 - Thread starvation or clock leap detected (housekeeper delta=1m4s796ms1µs100ns).
[2m2020-11-10 09:59:38.156[0;39m [32mDEBUG [vt.qlkdtt-yte-ws,ae8908def178ce04,ae8908def178ce04,false][0;39m [35m11912[0;39m [2m---[0;39m [2m[nio-8998-exec-6][0;39m [36mme.coong.web.filter.WebTracingFilter    [0;39m [2m:[0;39m 200//100450 ms
[2m2020-11-10 09:59:51.800[0;39m [32mDEBUG [vt.qlkdtt-yte-ws,a5ef80c014eb3b5c,a5ef80c014eb3b5c,false][0;39m [35m11912[0;39m [2m---[0;39m [2m[nio-8998-exec-1][0;39m [36mme.coong.web.filter.WebTracingFilter    [0;39m [2m:[0;39m GET /search
[2m2020-11-10 10:00:52.972[0;39m [33m WARN [vt.qlkdtt-yte-ws,,,][0;39m [35m11912[0;39m [2m---[0;39m [2m[l-1 housekeeper][0;39m [36mcom.zaxxer.hikari.pool.HikariPool       [0;39m [2m:[0;39m HikariPool-1 - Thread starvation or clock leap detected (housekeeper delta=1m16s981ms334µs400ns).
[2m2020-11-10 10:36:47.103[0;39m [33m WARN [vt.qlkdtt-yte-ws,,,][0;39m [35m11912[0;39m [2m---[0;39m [2m[l-1 housekeeper][0;39m [36mcom.zaxxer.hikari.pool.HikariPool       [0;39m [2m:[0;39m HikariPool-1 - Thread starvation or clock leap detected (housekeeper delta=35m54s131ms543µs500ns).
[2m2020-11-10 10:36:47.116[0;39m [32mDEBUG [vt.qlkdtt-yte-ws,a5ef80c014eb3b5c,a5ef80c014eb3b5c,false][0;39m [35m11912[0;39m [2m---[0;39m [2m[nio-8998-exec-1][0;39m [36mme.coong.web.filter.WebTracingFilter    [0;39m [2m:[0;39m 200//2215316 ms
[2m2020-11-10 10:36:47.345[0;39m [32m INFO [vt.qlkdtt-yte-ws,,,][0;39m [35m11912[0;39m [2m---[0;39m [2m[      Thread-65][0;39m [36mo.s.s.concurrent.ThreadPoolTaskExecutor [0;39m [2m:[0;39m Shutting down ExecutorService 'applicationTaskExecutor'
[2m2020-11-10 10:36:47.359[0;39m [32m INFO [vt.qlkdtt-yte-ws,,,][0;39m [35m11912[0;39m [2m---[0;39m [2m[      Thread-65][0;39m [36mj.LocalContainerEntityManagerFactoryBean[0;39m [2m:[0;39m Closing JPA EntityManagerFactory for persistence unit 'default'
[2m2020-11-10 10:36:47.365[0;39m [32m INFO [vt.qlkdtt-yte-ws,,,][0;39m [35m11912[0;39m [2m---[0;39m [2m[      Thread-65][0;39m [36mcom.zaxxer.hikari.HikariDataSource      [0;39m [2m:[0;39m HikariPool-1 - Shutdown initiated...
[2m2020-11-10 10:36:47.367[0;39m [32m INFO [vt.qlkdtt-yte-ws,,,][0;39m [35m11912[0;39m [2m---[0;39m [2m[      Thread-65][0;39m [36mcom.zaxxer.hikari.HikariDataSource      [0;39m [2m:[0;39m HikariPool-1 - Shutdown completed.
[2m2020-11-10 10:36:54.491[0;39m [32m INFO [vt.qlkdtt-yte-ws,,,][0;39m [35m11752[0;39m [2m---[0;39m [2m[  restartedMain][0;39m [36m.e.DevToolsPropertyDefaultsPostProcessor[0;39m [2m:[0;39m Devtools property defaults active! Set 'spring.devtools.add-properties' to 'false' to disable
[2m2020-11-10 10:36:55.082[0;39m [32m INFO [vt.qlkdtt-yte-ws,,,][0;39m [35m11752[0;39m [2m---[0;39m [2m[  restartedMain][0;39m [36mvt.qlkdtt.yte.Application               [0;39m [2m:[0;39m No active profile set, falling back to default profiles: default
[2m2020-11-10 10:36:56.981[0;39m [32m INFO [vt.qlkdtt-yte-ws,,,][0;39m [35m11752[0;39m [2m---[0;39m [2m[  restartedMain][0;39m [36m.s.d.r.c.RepositoryConfigurationDelegate[0;39m [2m:[0;39m Bootstrapping Spring Data JPA repositories in DEFAULT mode.
[2m2020-11-10 10:36:57.368[0;39m [32m INFO [vt.qlkdtt-yte-ws,,,][0;39m [35m11752[0;39m [2m---[0;39m [2m[  restartedMain][0;39m [36m.s.d.r.c.RepositoryConfigurationDelegate[0;39m [2m:[0;39m Finished Spring Data repository scanning in 380ms. Found 31 JPA repository interfaces.
[2m2020-11-10 10:36:57.827[0;39m [32m INFO [vt.qlkdtt-yte-ws,,,][0;39m [35m11752[0;39m [2m---[0;39m [2m[  restartedMain][0;39m [36mo.s.cloud.context.scope.GenericScope    [0;39m [2m:[0;39m BeanFactory id=e11aae32-0079-3415-ad50-e6f3c4b678b5
[2m2020-11-10 10:36:58.074[0;39m [32m INFO [vt.qlkdtt-yte-ws,,,][0;39m [35m11752[0;39m [2m---[0;39m [2m[  restartedMain][0;39m [36mtrationDelegate$BeanPostProcessorChecker[0;39m [2m:[0;39m Bean 'org.springframework.transaction.annotation.ProxyTransactionManagementConfiguration' of type [org.springframework.transaction.annotation.ProxyTransactionManagementConfiguration$$EnhancerBySpringCGLIB$$df50c91a] is not eligible for getting processed by all BeanPostProcessors (for example: not eligible for auto-proxying)
[2m2020-11-10 10:36:58.113[0;39m [32m INFO [vt.qlkdtt-yte-ws,,,][0;39m [35m11752[0;39m [2m---[0;39m [2m[  restartedMain][0;39m [36mtrationDelegate$BeanPostProcessorChecker[0;39m [2m:[0;39m Bean 'org.springframework.hateoas.config.HateoasConfiguration' of type [org.springframework.hateoas.config.HateoasConfiguration$$EnhancerBySpringCGLIB$$5ed1164c] is not eligible for getting processed by all BeanPostProcessors (for example: not eligible for auto-proxying)
[2m2020-11-10 10:36:58.785[0;39m [32m INFO [vt.qlkdtt-yte-ws,,,][0;39m [35m11752[0;39m [2m---[0;39m [2m[  restartedMain][0;39m [36mo.s.b.w.embedded.tomcat.TomcatWebServer [0;39m [2m:[0;39m Tomcat initialized with port(s): 8998 (http)
[2m2020-11-10 10:36:58.807[0;39m [32m INFO [vt.qlkdtt-yte-ws,,,][0;39m [35m11752[0;39m [2m---[0;39m [2m[  restartedMain][0;39m [36mo.apache.catalina.core.StandardService  [0;39m [2m:[0;39m Starting service [Tomcat]
[2m2020-11-10 10:36:58.807[0;39m [32m INFO [vt.qlkdtt-yte-ws,,,][0;39m [35m11752[0;39m [2m---[0;39m [2m[  restartedMain][0;39m [36morg.apache.catalina.core.StandardEngine [0;39m [2m:[0;39m Starting Servlet engine: [Apache Tomcat/9.0.30]
[2m2020-11-10 10:36:58.950[0;39m [32m INFO [vt.qlkdtt-yte-ws,,,][0;39m [35m11752[0;39m [2m---[0;39m [2m[  restartedMain][0;39m [36mo.a.c.c.C.[Tomcat].[localhost].[/]      [0;39m [2m:[0;39m Initializing Spring embedded WebApplicationContext
[2m2020-11-10 10:36:58.950[0;39m [32m INFO [vt.qlkdtt-yte-ws,,,][0;39m [35m11752[0;39m [2m---[0;39m [2m[  restartedMain][0;39m [36mo.s.web.context.ContextLoader           [0;39m [2m:[0;39m Root WebApplicationContext: initialization completed in 3857 ms
[2m2020-11-10 10:37:01.652[0;39m [32mDEBUG [vt.qlkdtt-yte-ws,,,][0;39m [35m11752[0;39m [2m---[0;39m [2m[  restartedMain][0;39m [36mme.coong.web.filter.WebTracingFilter    [0;39m [2m:[0;39m Filter 'webTracingFilter' configured for use
[2m2020-11-10 10:37:01.803[0;39m [32m INFO [vt.qlkdtt-yte-ws,,,][0;39m [35m11752[0;39m [2m---[0;39m [2m[  restartedMain][0;39m [36mcom.zaxxer.hikari.HikariDataSource      [0;39m [2m:[0;39m HikariPool-1 - Starting...
[2m2020-11-10 10:37:01.932[0;39m [32m INFO [vt.qlkdtt-yte-ws,,,][0;39m [35m11752[0;39m [2m---[0;39m [2m[  restartedMain][0;39m [36mcom.zaxxer.hikari.HikariDataSource      [0;39m [2m:[0;39m HikariPool-1 - Start completed.
[2m2020-11-10 10:37:02.053[0;39m [32m INFO [vt.qlkdtt-yte-ws,,,][0;39m [35m11752[0;39m [2m---[0;39m [2m[  restartedMain][0;39m [36mo.hibernate.jpa.internal.util.LogHelper [0;39m [2m:[0;39m HHH000204: Processing PersistenceUnitInfo [
	name: default
	...]
[2m2020-11-10 10:37:02.131[0;39m [32m INFO [vt.qlkdtt-yte-ws,,,][0;39m [35m11752[0;39m [2m---[0;39m [2m[  restartedMain][0;39m [36morg.hibernate.Version                   [0;39m [2m:[0;39m HHH000412: Hibernate Core {5.3.15.Final}
[2m2020-11-10 10:37:02.133[0;39m [32m INFO [vt.qlkdtt-yte-ws,,,][0;39m [35m11752[0;39m [2m---[0;39m [2m[  restartedMain][0;39m [36morg.hibernate.cfg.Environment           [0;39m [2m:[0;39m HHH000206: hibernate.properties not found
[2m2020-11-10 10:37:02.264[0;39m [32m INFO [vt.qlkdtt-yte-ws,,,][0;39m [35m11752[0;39m [2m---[0;39m [2m[  restartedMain][0;39m [36mo.hibernate.annotations.common.Version  [0;39m [2m:[0;39m HCANN000001: Hibernate Commons Annotations {5.0.4.Final}
[2m2020-11-10 10:37:02.580[0;39m [32m INFO [vt.qlkdtt-yte-ws,,,][0;39m [35m11752[0;39m [2m---[0;39m [2m[  restartedMain][0;39m [36morg.hibernate.dialect.Dialect           [0;39m [2m:[0;39m HHH000400: Using dialect: org.hibernate.dialect.MariaDB103Dialect
[2m2020-11-10 10:37:04.383[0;39m [32m INFO [vt.qlkdtt-yte-ws,,,][0;39m [35m11752[0;39m [2m---[0;39m [2m[  restartedMain][0;39m [36mj.LocalContainerEntityManagerFactoryBean[0;39m [2m:[0;39m Initialized JPA EntityManagerFactory for persistence unit 'default'
[2m2020-11-10 10:37:04.529[0;39m [32m INFO [vt.qlkdtt-yte-ws,,,][0;39m [35m11752[0;39m [2m---[0;39m [2m[  restartedMain][0;39m [36mo.s.b.d.a.OptionalLiveReloadServer      [0;39m [2m:[0;39m LiveReload server is running on port 35729
[2m2020-11-10 10:37:07.083[0;39m [32m INFO [vt.qlkdtt-yte-ws,,,][0;39m [35m11752[0;39m [2m---[0;39m [2m[  restartedMain][0;39m [36mo.s.b.a.e.web.EndpointLinksResolver     [0;39m [2m:[0;39m Exposing 17 endpoint(s) beneath base path '/actuator'
[2m2020-11-10 10:37:07.550[0;39m [32m INFO [vt.qlkdtt-yte-ws,,,][0;39m [35m11752[0;39m [2m---[0;39m [2m[  restartedMain][0;39m [36mpertySourcedRequestMappingHandlerMapping[0;39m [2m:[0;39m Mapped URL path [/v2/api-docs] onto method [public org.springframework.http.ResponseEntity<springfox.documentation.spring.web.json.Json> springfox.documentation.swagger2.web.Swagger2Controller.getDocumentation(java.lang.String,javax.servlet.http.HttpServletRequest)]
[2m2020-11-10 10:37:07.981[0;39m [32m INFO [vt.qlkdtt-yte-ws,,,][0;39m [35m11752[0;39m [2m---[0;39m [2m[  restartedMain][0;39m [36mo.s.s.web.DefaultSecurityFilterChain    [0;39m [2m:[0;39m Creating filter chain: any request, [org.springframework.security.web.context.request.async.WebAsyncManagerIntegrationFilter@16aa9400, org.springframework.security.web.context.SecurityContextPersistenceFilter@1f91dc4c, org.springframework.security.web.header.HeaderWriterFilter@64f74a2e, org.springframework.web.filter.CorsFilter@69ac7286, org.springframework.web.filter.CharacterEncodingFilter@444a4d82, org.springframework.security.web.authentication.logout.LogoutFilter@93ad8d0, vt.qlkdtt.yte.security.jwt.JwtAuthenticationFilter@49e408fa, org.springframework.security.web.savedrequest.RequestCacheAwareFilter@5c98b57c, org.springframework.security.web.servletapi.SecurityContextHolderAwareRequestFilter@76d154e7, org.springframework.security.web.authentication.AnonymousAuthenticationFilter@1fe083a3, org.springframework.security.web.session.SessionManagementFilter@2f69b4e3, org.springframework.security.web.access.ExceptionTranslationFilter@10ee0b88, org.springframework.security.web.access.intercept.FilterSecurityInterceptor@3e9fe39e]
[2m2020-11-10 10:37:07.994[0;39m [32m INFO [vt.qlkdtt-yte-ws,,,][0;39m [35m11752[0;39m [2m---[0;39m [2m[  restartedMain][0;39m [36mo.s.aop.framework.CglibAopProxy         [0;39m [2m:[0;39m Unable to proxy interface-implementing method [public final void org.springframework.web.filter.GenericFilterBean.init(javax.servlet.FilterConfig) throws javax.servlet.ServletException] because it is marked as final: Consider using interface-based JDK proxies instead!
[2m2020-11-10 10:37:08.357[0;39m [32m INFO [vt.qlkdtt-yte-ws,,,][0;39m [35m11752[0;39m [2m---[0;39m [2m[  restartedMain][0;39m [36mo.s.s.concurrent.ThreadPoolTaskExecutor [0;39m [2m:[0;39m Initializing ExecutorService 'applicationTaskExecutor'
[2m2020-11-10 10:37:10.093[0;39m [32m INFO [vt.qlkdtt-yte-ws,,,][0;39m [35m11752[0;39m [2m---[0;39m [2m[  restartedMain][0;39m [36md.s.w.p.DocumentationPluginsBootstrapper[0;39m [2m:[0;39m Context refreshed
[2m2020-11-10 10:37:10.113[0;39m [32m INFO [vt.qlkdtt-yte-ws,,,][0;39m [35m11752[0;39m [2m---[0;39m [2m[  restartedMain][0;39m [36md.s.w.p.DocumentationPluginsBootstrapper[0;39m [2m:[0;39m Found 1 custom documentation plugin(s)
[2m2020-11-10 10:37:10.151[0;39m [32m INFO [vt.qlkdtt-yte-ws,,,][0;39m [35m11752[0;39m [2m---[0;39m [2m[  restartedMain][0;39m [36ms.d.s.w.s.ApiListingReferenceScanner    [0;39m [2m:[0;39m Scanning for api listing references
[2m2020-11-10 10:37:10.356[0;39m [32m INFO [vt.qlkdtt-yte-ws,,,][0;39m [35m11752[0;39m [2m---[0;39m [2m[  restartedMain][0;39m [36m.d.s.w.r.o.CachingOperationNameGenerator[0;39m [2m:[0;39m Generating unique operation named: findByIdUsingGET_1
[2m2020-11-10 10:37:10.428[0;39m [32m INFO [vt.qlkdtt-yte-ws,,,][0;39m [35m11752[0;39m [2m---[0;39m [2m[  restartedMain][0;39m [36m.d.s.w.r.o.CachingOperationNameGenerator[0;39m [2m:[0;39m Generating unique operation named: findByIdUsingGET_2
[2m2020-11-10 10:37:10.432[0;39m [32m INFO [vt.qlkdtt-yte-ws,,,][0;39m [35m11752[0;39m [2m---[0;39m [2m[  restartedMain][0;39m [36m.d.s.w.r.o.CachingOperationNameGenerator[0;39m [2m:[0;39m Generating unique operation named: updateUsingPOST_1
[2m2020-11-10 10:37:10.466[0;39m [32m INFO [vt.qlkdtt-yte-ws,,,][0;39m [35m11752[0;39m [2m---[0;39m [2m[  restartedMain][0;39m [36m.d.s.w.r.o.CachingOperationNameGenerator[0;39m [2m:[0;39m Generating unique operation named: updateUsingPOST_2
[2m2020-11-10 10:37:10.469[0;39m [32m INFO [vt.qlkdtt-yte-ws,,,][0;39m [35m11752[0;39m [2m---[0;39m [2m[  restartedMain][0;39m [36m.d.s.w.r.o.CachingOperationNameGenerator[0;39m [2m:[0;39m Generating unique operation named: createUsingPOST_1
[2m2020-11-10 10:37:10.470[0;39m [32m INFO [vt.qlkdtt-yte-ws,,,][0;39m [35m11752[0;39m [2m---[0;39m [2m[  restartedMain][0;39m [36m.d.s.w.r.o.CachingOperationNameGenerator[0;39m [2m:[0;39m Generating unique operation named: deleteUsingDELETE_1
[2m2020-11-10 10:37:10.473[0;39m [32m INFO [vt.qlkdtt-yte-ws,,,][0;39m [35m11752[0;39m [2m---[0;39m [2m[  restartedMain][0;39m [36m.d.s.w.r.o.CachingOperationNameGenerator[0;39m [2m:[0;39m Generating unique operation named: updateUsingPOST_3
[2m2020-11-10 10:37:10.480[0;39m [32m INFO [vt.qlkdtt-yte-ws,,,][0;39m [35m11752[0;39m [2m---[0;39m [2m[  restartedMain][0;39m [36m.d.s.w.r.o.CachingOperationNameGenerator[0;39m [2m:[0;39m Generating unique operation named: findByCodeUsingGET_1
[2m2020-11-10 10:37:10.524[0;39m [32m INFO [vt.qlkdtt-yte-ws,,,][0;39m [35m11752[0;39m [2m---[0;39m [2m[  restartedMain][0;39m [36m.d.s.w.r.o.CachingOperationNameGenerator[0;39m [2m:[0;39m Generating unique operation named: findByIdUsingGET_3
[2m2020-11-10 10:37:10.547[0;39m [32m INFO [vt.qlkdtt-yte-ws,,,][0;39m [35m11752[0;39m [2m---[0;39m [2m[  restartedMain][0;39m [36m.d.s.w.r.o.CachingOperationNameGenerator[0;39m [2m:[0;39m Generating unique operation named: findByIdUsingGET_4
[2m2020-11-10 10:37:10.564[0;39m [32m INFO [vt.qlkdtt-yte-ws,,,][0;39m [35m11752[0;39m [2m---[0;39m [2m[  restartedMain][0;39m [36m.d.s.w.r.o.CachingOperationNameGenerator[0;39m [2m:[0;39m Generating unique operation named: changeProductStatusUsingPOST_1
[2m2020-11-10 10:37:10.583[0;39m [32m INFO [vt.qlkdtt-yte-ws,,,][0;39m [35m11752[0;39m [2m---[0;39m [2m[  restartedMain][0;39m [36m.d.s.w.r.o.CachingOperationNameGenerator[0;39m [2m:[0;39m Generating unique operation named: findByIdUsingGET_5
[2m2020-11-10 10:37:10.602[0;39m [32m INFO [vt.qlkdtt-yte-ws,,,][0;39m [35m11752[0;39m [2m---[0;39m [2m[  restartedMain][0;39m [36m.d.s.w.r.o.CachingOperationNameGenerator[0;39m [2m:[0;39m Generating unique operation named: deleteUsingDELETE_2
[2m2020-11-10 10:37:10.613[0;39m [32m INFO [vt.qlkdtt-yte-ws,,,][0;39m [35m11752[0;39m [2m---[0;39m [2m[  restartedMain][0;39m [36m.d.s.w.r.o.CachingOperationNameGenerator[0;39m [2m:[0;39m Generating unique operation named: deleteUsingDELETE_3
[2m2020-11-10 10:37:10.615[0;39m [32m INFO [vt.qlkdtt-yte-ws,,,][0;39m [35m11752[0;39m [2m---[0;39m [2m[  restartedMain][0;39m [36m.d.s.w.r.o.CachingOperationNameGenerator[0;39m [2m:[0;39m Generating unique operation named: insertUsingPOST_1
[2m2020-11-10 10:37:10.617[0;39m [32m INFO [vt.qlkdtt-yte-ws,,,][0;39m [35m11752[0;39m [2m---[0;39m [2m[  restartedMain][0;39m [36m.d.s.w.r.o.CachingOperationNameGenerator[0;39m [2m:[0;39m Generating unique operation named: updateUsingPUT_1
[2m2020-11-10 10:37:10.624[0;39m [32m INFO [vt.qlkdtt-yte-ws,,,][0;39m [35m11752[0;39m [2m---[0;39m [2m[  restartedMain][0;39m [36m.d.s.w.r.o.CachingOperationNameGenerator[0;39m [2m:[0;39m Generating unique operation named: findByIdUsingGET_6
[2m2020-11-10 10:37:10.671[0;39m [32m INFO [vt.qlkdtt-yte-ws,,,][0;39m [35m11752[0;39m [2m---[0;39m [2m[  restartedMain][0;39m [36mo.s.b.w.embedded.tomcat.TomcatWebServer [0;39m [2m:[0;39m Tomcat started on port(s): 8998 (http) with context path ''
[2m2020-11-10 10:37:10.958[0;39m [32m INFO [vt.qlkdtt-yte-ws,,,][0;39m [35m11752[0;39m [2m---[0;39m [2m[  restartedMain][0;39m [36mvt.qlkdtt.yte.Application               [0;39m [2m:[0;39m Started Application in 17.448 seconds (JVM running for 18.539)
[2m2020-11-10 10:37:11.399[0;39m [32m INFO [vt.qlkdtt-yte-ws,,,][0;39m [35m11752[0;39m [2m---[0;39m [2m[)-192.168.0.127][0;39m [36mo.a.c.c.C.[Tomcat].[localhost].[/]      [0;39m [2m:[0;39m Initializing Spring DispatcherServlet 'dispatcherServlet'
[2m2020-11-10 10:37:11.400[0;39m [32m INFO [vt.qlkdtt-yte-ws,,,][0;39m [35m11752[0;39m [2m---[0;39m [2m[)-192.168.0.127][0;39m [36mo.s.web.servlet.DispatcherServlet       [0;39m [2m:[0;39m Initializing Servlet 'dispatcherServlet'
[2m2020-11-10 10:37:11.458[0;39m [32m INFO [vt.qlkdtt-yte-ws,,,][0;39m [35m11752[0;39m [2m---[0;39m [2m[)-192.168.0.127][0;39m [36mo.s.web.servlet.DispatcherServlet       [0;39m [2m:[0;39m Completed initialization in 58 ms
[2m2020-11-10 10:37:20.263[0;39m [32mDEBUG [vt.qlkdtt-yte-ws,3bf62b05596d5420,3bf62b05596d5420,false][0;39m [35m11752[0;39m [2m---[0;39m [2m[nio-8998-exec-1][0;39m [36mme.coong.web.filter.WebTracingFilter    [0;39m [2m:[0;39m GET /swagger-ui.html
[2m2020-11-10 10:37:20.311[0;39m [32mDEBUG [vt.qlkdtt-yte-ws,3bf62b05596d5420,3bf62b05596d5420,false][0;39m [35m11752[0;39m [2m---[0;39m [2m[nio-8998-exec-1][0;39m [36mme.coong.web.filter.WebTracingFilter    [0;39m [2m:[0;39m 200//48 ms
[2m2020-11-10 10:37:20.645[0;39m [32mDEBUG [vt.qlkdtt-yte-ws,e9d3bf8bb6e2ae82,e9d3bf8bb6e2ae82,false][0;39m [35m11752[0;39m [2m---[0;39m [2m[io-8998-exec-10][0;39m [36mme.coong.web.filter.WebTracingFilter    [0;39m [2m:[0;39m GET /swagger-resources
[2m2020-11-10 10:37:20.650[0;39m [32mDEBUG [vt.qlkdtt-yte-ws,e9d3bf8bb6e2ae82,e9d3bf8bb6e2ae82,false][0;39m [35m11752[0;39m [2m---[0;39m [2m[io-8998-exec-10][0;39m [36mme.coong.web.filter.WebTracingFilter    [0;39m [2m:[0;39m 200//5 ms
[2m2020-11-10 10:37:20.686[0;39m [32mDEBUG [vt.qlkdtt-yte-ws,140976c27cfa2213,140976c27cfa2213,false][0;39m [35m11752[0;39m [2m---[0;39m [2m[nio-8998-exec-2][0;39m [36mme.coong.web.filter.WebTracingFilter    [0;39m [2m:[0;39m GET /
[2m2020-11-10 10:37:20.686[0;39m [32mDEBUG [vt.qlkdtt-yte-ws,9b5d5037905618fc,9b5d5037905618fc,false][0;39m [35m11752[0;39m [2m---[0;39m [2m[nio-8998-exec-1][0;39m [36mme.coong.web.filter.WebTracingFilter    [0;39m [2m:[0;39m GET /v2/api-docs
[2m2020-11-10 10:37:20.730[0;39m [32mDEBUG [vt.qlkdtt-yte-ws,140976c27cfa2213,140976c27cfa2213,false][0;39m [35m11752[0;39m [2m---[0;39m [2m[nio-8998-exec-2][0;39m [36mme.coong.web.filter.WebTracingFilter    [0;39m [2m:[0;39m 200//44 ms
[2m2020-11-10 10:37:20.735[0;39m [32mDEBUG [vt.qlkdtt-yte-ws,5a4f4b05c89853ef,5a4f4b05c89853ef,false][0;39m [35m11752[0;39m [2m---[0;39m [2m[nio-8998-exec-6][0;39m [36mme.coong.web.filter.WebTracingFilter    [0;39m [2m:[0;39m GET /csrf
[2m2020-11-10 10:37:20.739[0;39m [32mDEBUG [vt.qlkdtt-yte-ws,5a4f4b05c89853ef,5a4f4b05c89853ef,false][0;39m [35m11752[0;39m [2m---[0;39m [2m[nio-8998-exec-6][0;39m [36mme.coong.web.filter.WebTracingFilter    [0;39m [2m:[0;39m 404//4 ms
[2m2020-11-10 10:37:20.839[0;39m [32mDEBUG [vt.qlkdtt-yte-ws,9b5d5037905618fc,9b5d5037905618fc,false][0;39m [35m11752[0;39m [2m---[0;39m [2m[nio-8998-exec-1][0;39m [36mme.coong.web.filter.WebTracingFilter    [0;39m [2m:[0;39m 200//153 ms
[2m2020-11-10 10:37:41.818[0;39m [32mDEBUG [vt.qlkdtt-yte-ws,7ebe0b17911f1458,7ebe0b17911f1458,false][0;39m [35m11752[0;39m [2m---[0;39m [2m[nio-8998-exec-3][0;39m [36mme.coong.web.filter.WebTracingFilter    [0;39m [2m:[0;39m GET /search
[2m2020-11-10 10:37:41.905[0;39m [32mDEBUG [vt.qlkdtt-yte-ws,7ebe0b17911f1458,7ebe0b17911f1458,false][0;39m [35m11752[0;39m [2m---[0;39m [2m[nio-8998-exec-3][0;39m [36mme.coong.web.filter.WebTracingFilter    [0;39m [2m:[0;39m 200//87 ms
[2m2020-11-10 10:50:22.023[0;39m [32mDEBUG [vt.qlkdtt-yte-ws,ab19b536c734af68,ab19b536c734af68,false][0;39m [35m11752[0;39m [2m---[0;39m [2m[nio-8998-exec-9][0;39m [36mme.coong.web.filter.WebTracingFilter    [0;39m [2m:[0;39m GET /swagger-ui.html
[2m2020-11-10 10:50:22.038[0;39m [32mDEBUG [vt.qlkdtt-yte-ws,ab19b536c734af68,ab19b536c734af68,false][0;39m [35m11752[0;39m [2m---[0;39m [2m[nio-8998-exec-9][0;39m [36mme.coong.web.filter.WebTracingFilter    [0;39m [2m:[0;39m 200//15 ms
[2m2020-11-10 10:50:22.391[0;39m [32mDEBUG [vt.qlkdtt-yte-ws,385ea159f5536f10,385ea159f5536f10,false][0;39m [35m11752[0;39m [2m---[0;39m [2m[nio-8998-exec-4][0;39m [36mme.coong.web.filter.WebTracingFilter    [0;39m [2m:[0;39m GET /swagger-resources
[2m2020-11-10 10:50:22.393[0;39m [32mDEBUG [vt.qlkdtt-yte-ws,385ea159f5536f10,385ea159f5536f10,false][0;39m [35m11752[0;39m [2m---[0;39m [2m[nio-8998-exec-4][0;39m [36mme.coong.web.filter.WebTracingFilter    [0;39m [2m:[0;39m 200//2 ms
[2m2020-11-10 10:50:22.431[0;39m [32mDEBUG [vt.qlkdtt-yte-ws,d9b44c6cd2c0a4fa,d9b44c6cd2c0a4fa,false][0;39m [35m11752[0;39m [2m---[0;39m [2m[nio-8998-exec-9][0;39m [36mme.coong.web.filter.WebTracingFilter    [0;39m [2m:[0;39m GET /v2/api-docs
[2m2020-11-10 10:50:22.432[0;39m [32mDEBUG [vt.qlkdtt-yte-ws,419a918473c95a4a,419a918473c95a4a,false][0;39m [35m11752[0;39m [2m---[0;39m [2m[nio-8998-exec-7][0;39m [36mme.coong.web.filter.WebTracingFilter    [0;39m [2m:[0;39m GET /
[2m2020-11-10 10:50:22.444[0;39m [32mDEBUG [vt.qlkdtt-yte-ws,419a918473c95a4a,419a918473c95a4a,false][0;39m [35m11752[0;39m [2m---[0;39m [2m[nio-8998-exec-7][0;39m [36mme.coong.web.filter.WebTracingFilter    [0;39m [2m:[0;39m 200//12 ms
[2m2020-11-10 10:50:22.460[0;39m [32mDEBUG [vt.qlkdtt-yte-ws,d9b44c6cd2c0a4fa,d9b44c6cd2c0a4fa,false][0;39m [35m11752[0;39m [2m---[0;39m [2m[nio-8998-exec-9][0;39m [36mme.coong.web.filter.WebTracingFilter    [0;39m [2m:[0;39m 200//29 ms
[2m2020-11-10 10:50:22.772[0;39m [32mDEBUG [vt.qlkdtt-yte-ws,91236bc1bb64e16f,91236bc1bb64e16f,false][0;39m [35m11752[0;39m [2m---[0;39m [2m[nio-8998-exec-5][0;39m [36mme.coong.web.filter.WebTracingFilter    [0;39m [2m:[0;39m GET /csrf
[2m2020-11-10 10:50:22.780[0;39m [32mDEBUG [vt.qlkdtt-yte-ws,91236bc1bb64e16f,91236bc1bb64e16f,false][0;39m [35m11752[0;39m [2m---[0;39m [2m[nio-8998-exec-5][0;39m [36mme.coong.web.filter.WebTracingFilter    [0;39m [2m:[0;39m 404//7 ms
[2m2020-11-10 10:52:48.615[0;39m [32m INFO [vt.qlkdtt-yte-ws,,,][0;39m [35m11752[0;39m [2m---[0;39m [2m[      Thread-45][0;39m [36mo.s.s.concurrent.ThreadPoolTaskExecutor [0;39m [2m:[0;39m Shutting down ExecutorService 'applicationTaskExecutor'
[2m2020-11-10 10:52:48.627[0;39m [32m INFO [vt.qlkdtt-yte-ws,,,][0;39m [35m11752[0;39m [2m---[0;39m [2m[      Thread-45][0;39m [36mj.LocalContainerEntityManagerFactoryBean[0;39m [2m:[0;39m Closing JPA EntityManagerFactory for persistence unit 'default'
[2m2020-11-10 10:52:48.634[0;39m [32m INFO [vt.qlkdtt-yte-ws,,,][0;39m [35m11752[0;39m [2m---[0;39m [2m[      Thread-45][0;39m [36mcom.zaxxer.hikari.HikariDataSource      [0;39m [2m:[0;39m HikariPool-1 - Shutdown initiated...
[2m2020-11-10 10:52:48.640[0;39m [32m INFO [vt.qlkdtt-yte-ws,,,][0;39m [35m11752[0;39m [2m---[0;39m [2m[      Thread-45][0;39m [36mcom.zaxxer.hikari.HikariDataSource      [0;39m [2m:[0;39m HikariPool-1 - Shutdown completed.
[2m2020-11-10 10:52:55.603[0;39m [32m INFO [vt.qlkdtt-yte-ws,,,][0;39m [35m9664[0;39m [2m---[0;39m [2m[  restartedMain][0;39m [36m.e.DevToolsPropertyDefaultsPostProcessor[0;39m [2m:[0;39m Devtools property defaults active! Set 'spring.devtools.add-properties' to 'false' to disable
[2m2020-11-10 10:52:56.175[0;39m [32m INFO [vt.qlkdtt-yte-ws,,,][0;39m [35m9664[0;39m [2m---[0;39m [2m[  restartedMain][0;39m [36mvt.qlkdtt.yte.Application               [0;39m [2m:[0;39m No active profile set, falling back to default profiles: default
[2m2020-11-10 10:52:58.009[0;39m [32m INFO [vt.qlkdtt-yte-ws,,,][0;39m [35m9664[0;39m [2m---[0;39m [2m[  restartedMain][0;39m [36m.s.d.r.c.RepositoryConfigurationDelegate[0;39m [2m:[0;39m Bootstrapping Spring Data JPA repositories in DEFAULT mode.
[2m2020-11-10 10:52:58.385[0;39m [32m INFO [vt.qlkdtt-yte-ws,,,][0;39m [35m9664[0;39m [2m---[0;39m [2m[  restartedMain][0;39m [36m.s.d.r.c.RepositoryConfigurationDelegate[0;39m [2m:[0;39m Finished Spring Data repository scanning in 369ms. Found 31 JPA repository interfaces.
[2m2020-11-10 10:52:58.822[0;39m [32m INFO [vt.qlkdtt-yte-ws,,,][0;39m [35m9664[0;39m [2m---[0;39m [2m[  restartedMain][0;39m [36mo.s.cloud.context.scope.GenericScope    [0;39m [2m:[0;39m BeanFactory id=e11aae32-0079-3415-ad50-e6f3c4b678b5
[2m2020-11-10 10:52:59.064[0;39m [32m INFO [vt.qlkdtt-yte-ws,,,][0;39m [35m9664[0;39m [2m---[0;39m [2m[  restartedMain][0;39m [36mtrationDelegate$BeanPostProcessorChecker[0;39m [2m:[0;39m Bean 'org.springframework.transaction.annotation.ProxyTransactionManagementConfiguration' of type [org.springframework.transaction.annotation.ProxyTransactionManagementConfiguration$$EnhancerBySpringCGLIB$$b1645195] is not eligible for getting processed by all BeanPostProcessors (for example: not eligible for auto-proxying)
[2m2020-11-10 10:52:59.102[0;39m [32m INFO [vt.qlkdtt-yte-ws,,,][0;39m [35m9664[0;39m [2m---[0;39m [2m[  restartedMain][0;39m [36mtrationDelegate$BeanPostProcessorChecker[0;39m [2m:[0;39m Bean 'org.springframework.hateoas.config.HateoasConfiguration' of type [org.springframework.hateoas.config.HateoasConfiguration$$EnhancerBySpringCGLIB$$30e49ec7] is not eligible for getting processed by all BeanPostProcessors (for example: not eligible for auto-proxying)
[2m2020-11-10 10:52:59.740[0;39m [32m INFO [vt.qlkdtt-yte-ws,,,][0;39m [35m9664[0;39m [2m---[0;39m [2m[  restartedMain][0;39m [36mo.s.b.w.embedded.tomcat.TomcatWebServer [0;39m [2m:[0;39m Tomcat initialized with port(s): 8998 (http)
[2m2020-11-10 10:52:59.761[0;39m [32m INFO [vt.qlkdtt-yte-ws,,,][0;39m [35m9664[0;39m [2m---[0;39m [2m[  restartedMain][0;39m [36mo.apache.catalina.core.StandardService  [0;39m [2m:[0;39m Starting service [Tomcat]
[2m2020-11-10 10:52:59.762[0;39m [32m INFO [vt.qlkdtt-yte-ws,,,][0;39m [35m9664[0;39m [2m---[0;39m [2m[  restartedMain][0;39m [36morg.apache.catalina.core.StandardEngine [0;39m [2m:[0;39m Starting Servlet engine: [Apache Tomcat/9.0.30]
[2m2020-11-10 10:52:59.904[0;39m [32m INFO [vt.qlkdtt-yte-ws,,,][0;39m [35m9664[0;39m [2m---[0;39m [2m[  restartedMain][0;39m [36mo.a.c.c.C.[Tomcat].[localhost].[/]      [0;39m [2m:[0;39m Initializing Spring embedded WebApplicationContext
[2m2020-11-10 10:52:59.904[0;39m [32m INFO [vt.qlkdtt-yte-ws,,,][0;39m [35m9664[0;39m [2m---[0;39m [2m[  restartedMain][0;39m [36mo.s.web.context.ContextLoader           [0;39m [2m:[0;39m Root WebApplicationContext: initialization completed in 3718 ms
[2m2020-11-10 10:53:02.446[0;39m [32mDEBUG [vt.qlkdtt-yte-ws,,,][0;39m [35m9664[0;39m [2m---[0;39m [2m[  restartedMain][0;39m [36mme.coong.web.filter.WebTracingFilter    [0;39m [2m:[0;39m Filter 'webTracingFilter' configured for use
[2m2020-11-10 10:53:02.591[0;39m [32m INFO [vt.qlkdtt-yte-ws,,,][0;39m [35m9664[0;39m [2m---[0;39m [2m[  restartedMain][0;39m [36mcom.zaxxer.hikari.HikariDataSource      [0;39m [2m:[0;39m HikariPool-1 - Starting...
[2m2020-11-10 10:53:02.717[0;39m [32m INFO [vt.qlkdtt-yte-ws,,,][0;39m [35m9664[0;39m [2m---[0;39m [2m[  restartedMain][0;39m [36mcom.zaxxer.hikari.HikariDataSource      [0;39m [2m:[0;39m HikariPool-1 - Start completed.
[2m2020-11-10 10:53:02.834[0;39m [32m INFO [vt.qlkdtt-yte-ws,,,][0;39m [35m9664[0;39m [2m---[0;39m [2m[  restartedMain][0;39m [36mo.hibernate.jpa.internal.util.LogHelper [0;39m [2m:[0;39m HHH000204: Processing PersistenceUnitInfo [
	name: default
	...]
[2m2020-11-10 10:53:02.902[0;39m [32m INFO [vt.qlkdtt-yte-ws,,,][0;39m [35m9664[0;39m [2m---[0;39m [2m[  restartedMain][0;39m [36morg.hibernate.Version                   [0;39m [2m:[0;39m HHH000412: Hibernate Core {5.3.15.Final}
[2m2020-11-10 10:53:02.904[0;39m [32m INFO [vt.qlkdtt-yte-ws,,,][0;39m [35m9664[0;39m [2m---[0;39m [2m[  restartedMain][0;39m [36morg.hibernate.cfg.Environment           [0;39m [2m:[0;39m HHH000206: hibernate.properties not found
[2m2020-11-10 10:53:03.033[0;39m [32m INFO [vt.qlkdtt-yte-ws,,,][0;39m [35m9664[0;39m [2m---[0;39m [2m[  restartedMain][0;39m [36mo.hibernate.annotations.common.Version  [0;39m [2m:[0;39m HCANN000001: Hibernate Commons Annotations {5.0.4.Final}
[2m2020-11-10 10:53:03.341[0;39m [32m INFO [vt.qlkdtt-yte-ws,,,][0;39m [35m9664[0;39m [2m---[0;39m [2m[  restartedMain][0;39m [36morg.hibernate.dialect.Dialect           [0;39m [2m:[0;39m HHH000400: Using dialect: org.hibernate.dialect.MariaDB103Dialect
[2m2020-11-10 10:53:05.241[0;39m [32m INFO [vt.qlkdtt-yte-ws,,,][0;39m [35m9664[0;39m [2m---[0;39m [2m[  restartedMain][0;39m [36mj.LocalContainerEntityManagerFactoryBean[0;39m [2m:[0;39m Initialized JPA EntityManagerFactory for persistence unit 'default'
[2m2020-11-10 10:53:05.371[0;39m [32m INFO [vt.qlkdtt-yte-ws,,,][0;39m [35m9664[0;39m [2m---[0;39m [2m[  restartedMain][0;39m [36mo.s.b.d.a.OptionalLiveReloadServer      [0;39m [2m:[0;39m LiveReload server is running on port 35729
[2m2020-11-10 10:53:07.764[0;39m [32m INFO [vt.qlkdtt-yte-ws,,,][0;39m [35m9664[0;39m [2m---[0;39m [2m[  restartedMain][0;39m [36mo.s.b.a.e.web.EndpointLinksResolver     [0;39m [2m:[0;39m Exposing 17 endpoint(s) beneath base path '/actuator'
[2m2020-11-10 10:53:08.205[0;39m [32m INFO [vt.qlkdtt-yte-ws,,,][0;39m [35m9664[0;39m [2m---[0;39m [2m[  restartedMain][0;39m [36mpertySourcedRequestMappingHandlerMapping[0;39m [2m:[0;39m Mapped URL path [/v2/api-docs] onto method [public org.springframework.http.ResponseEntity<springfox.documentation.spring.web.json.Json> springfox.documentation.swagger2.web.Swagger2Controller.getDocumentation(java.lang.String,javax.servlet.http.HttpServletRequest)]
[2m2020-11-10 10:53:08.593[0;39m [32m INFO [vt.qlkdtt-yte-ws,,,][0;39m [35m9664[0;39m [2m---[0;39m [2m[  restartedMain][0;39m [36mo.s.s.web.DefaultSecurityFilterChain    [0;39m [2m:[0;39m Creating filter chain: any request, [org.springframework.security.web.context.request.async.WebAsyncManagerIntegrationFilter@2dba5cba, org.springframework.security.web.context.SecurityContextPersistenceFilter@5ef4df06, org.springframework.security.web.header.HeaderWriterFilter@5e985338, org.springframework.web.filter.CorsFilter@6bb5067c, org.springframework.web.filter.CharacterEncodingFilter@3e431b29, org.springframework.security.web.authentication.logout.LogoutFilter@50c2c278, vt.qlkdtt.yte.security.jwt.JwtAuthenticationFilter@4c25e296, org.springframework.security.web.savedrequest.RequestCacheAwareFilter@686a7db0, org.springframework.security.web.servletapi.SecurityContextHolderAwareRequestFilter@260f7407, org.springframework.security.web.authentication.AnonymousAuthenticationFilter@1df02179, org.springframework.security.web.session.SessionManagementFilter@5be42650, org.springframework.security.web.access.ExceptionTranslationFilter@55389b4f, org.springframework.security.web.access.intercept.FilterSecurityInterceptor@46b62501]
[2m2020-11-10 10:53:08.635[0;39m [32m INFO [vt.qlkdtt-yte-ws,,,][0;39m [35m9664[0;39m [2m---[0;39m [2m[  restartedMain][0;39m [36mo.s.aop.framework.CglibAopProxy         [0;39m [2m:[0;39m Unable to proxy interface-implementing method [public final void org.springframework.web.filter.GenericFilterBean.init(javax.servlet.FilterConfig) throws javax.servlet.ServletException] because it is marked as final: Consider using interface-based JDK proxies instead!
[2m2020-11-10 10:53:08.945[0;39m [32m INFO [vt.qlkdtt-yte-ws,,,][0;39m [35m9664[0;39m [2m---[0;39m [2m[  restartedMain][0;39m [36mo.s.s.concurrent.ThreadPoolTaskExecutor [0;39m [2m:[0;39m Initializing ExecutorService 'applicationTaskExecutor'
[2m2020-11-10 10:53:10.591[0;39m [32m INFO [vt.qlkdtt-yte-ws,,,][0;39m [35m9664[0;39m [2m---[0;39m [2m[  restartedMain][0;39m [36md.s.w.p.DocumentationPluginsBootstrapper[0;39m [2m:[0;39m Context refreshed
[2m2020-11-10 10:53:10.610[0;39m [32m INFO [vt.qlkdtt-yte-ws,,,][0;39m [35m9664[0;39m [2m---[0;39m [2m[  restartedMain][0;39m [36md.s.w.p.DocumentationPluginsBootstrapper[0;39m [2m:[0;39m Found 1 custom documentation plugin(s)
[2m2020-11-10 10:53:10.647[0;39m [32m INFO [vt.qlkdtt-yte-ws,,,][0;39m [35m9664[0;39m [2m---[0;39m [2m[  restartedMain][0;39m [36ms.d.s.w.s.ApiListingReferenceScanner    [0;39m [2m:[0;39m Scanning for api listing references
[2m2020-11-10 10:53:10.848[0;39m [32m INFO [vt.qlkdtt-yte-ws,,,][0;39m [35m9664[0;39m [2m---[0;39m [2m[  restartedMain][0;39m [36m.d.s.w.r.o.CachingOperationNameGenerator[0;39m [2m:[0;39m Generating unique operation named: findByIdUsingGET_1
[2m2020-11-10 10:53:10.920[0;39m [32m INFO [vt.qlkdtt-yte-ws,,,][0;39m [35m9664[0;39m [2m---[0;39m [2m[  restartedMain][0;39m [36m.d.s.w.r.o.CachingOperationNameGenerator[0;39m [2m:[0;39m Generating unique operation named: findByIdUsingGET_2
[2m2020-11-10 10:53:10.924[0;39m [32m INFO [vt.qlkdtt-yte-ws,,,][0;39m [35m9664[0;39m [2m---[0;39m [2m[  restartedMain][0;39m [36m.d.s.w.r.o.CachingOperationNameGenerator[0;39m [2m:[0;39m Generating unique operation named: updateUsingPOST_1
[2m2020-11-10 10:53:10.961[0;39m [32m INFO [vt.qlkdtt-yte-ws,,,][0;39m [35m9664[0;39m [2m---[0;39m [2m[  restartedMain][0;39m [36m.d.s.w.r.o.CachingOperationNameGenerator[0;39m [2m:[0;39m Generating unique operation named: updateUsingPOST_2
[2m2020-11-10 10:53:10.964[0;39m [32m INFO [vt.qlkdtt-yte-ws,,,][0;39m [35m9664[0;39m [2m---[0;39m [2m[  restartedMain][0;39m [36m.d.s.w.r.o.CachingOperationNameGenerator[0;39m [2m:[0;39m Generating unique operation named: createUsingPOST_1
[2m2020-11-10 10:53:10.965[0;39m [32m INFO [vt.qlkdtt-yte-ws,,,][0;39m [35m9664[0;39m [2m---[0;39m [2m[  restartedMain][0;39m [36m.d.s.w.r.o.CachingOperationNameGenerator[0;39m [2m:[0;39m Generating unique operation named: deleteUsingDELETE_1
[2m2020-11-10 10:53:10.968[0;39m [32m INFO [vt.qlkdtt-yte-ws,,,][0;39m [35m9664[0;39m [2m---[0;39m [2m[  restartedMain][0;39m [36m.d.s.w.r.o.CachingOperationNameGenerator[0;39m [2m:[0;39m Generating unique operation named: updateUsingPOST_3
[2m2020-11-10 10:53:10.976[0;39m [32m INFO [vt.qlkdtt-yte-ws,,,][0;39m [35m9664[0;39m [2m---[0;39m [2m[  restartedMain][0;39m [36m.d.s.w.r.o.CachingOperationNameGenerator[0;39m [2m:[0;39m Generating unique operation named: findByCodeUsingGET_1
[2m2020-11-10 10:53:11.025[0;39m [32m INFO [vt.qlkdtt-yte-ws,,,][0;39m [35m9664[0;39m [2m---[0;39m [2m[  restartedMain][0;39m [36m.d.s.w.r.o.CachingOperationNameGenerator[0;39m [2m:[0;39m Generating unique operation named: findByIdUsingGET_3
[2m2020-11-10 10:53:11.050[0;39m [32m INFO [vt.qlkdtt-yte-ws,,,][0;39m [35m9664[0;39m [2m---[0;39m [2m[  restartedMain][0;39m [36m.d.s.w.r.o.CachingOperationNameGenerator[0;39m [2m:[0;39m Generating unique operation named: findByIdUsingGET_4
[2m2020-11-10 10:53:11.069[0;39m [32m INFO [vt.qlkdtt-yte-ws,,,][0;39m [35m9664[0;39m [2m---[0;39m [2m[  restartedMain][0;39m [36m.d.s.w.r.o.CachingOperationNameGenerator[0;39m [2m:[0;39m Generating unique operation named: changeProductStatusUsingPOST_1
[2m2020-11-10 10:53:11.125[0;39m [32m INFO [vt.qlkdtt-yte-ws,,,][0;39m [35m9664[0;39m [2m---[0;39m [2m[  restartedMain][0;39m [36m.d.s.w.r.o.CachingOperationNameGenerator[0;39m [2m:[0;39m Generating unique operation named: findByIdUsingGET_5
[2m2020-11-10 10:53:11.144[0;39m [32m INFO [vt.qlkdtt-yte-ws,,,][0;39m [35m9664[0;39m [2m---[0;39m [2m[  restartedMain][0;39m [36m.d.s.w.r.o.CachingOperationNameGenerator[0;39m [2m:[0;39m Generating unique operation named: deleteUsingDELETE_2
[2m2020-11-10 10:53:11.153[0;39m [32m INFO [vt.qlkdtt-yte-ws,,,][0;39m [35m9664[0;39m [2m---[0;39m [2m[  restartedMain][0;39m [36m.d.s.w.r.o.CachingOperationNameGenerator[0;39m [2m:[0;39m Generating unique operation named: deleteUsingDELETE_3
[2m2020-11-10 10:53:11.156[0;39m [32m INFO [vt.qlkdtt-yte-ws,,,][0;39m [35m9664[0;39m [2m---[0;39m [2m[  restartedMain][0;39m [36m.d.s.w.r.o.CachingOperationNameGenerator[0;39m [2m:[0;39m Generating unique operation named: insertUsingPOST_1
[2m2020-11-10 10:53:11.158[0;39m [32m INFO [vt.qlkdtt-yte-ws,,,][0;39m [35m9664[0;39m [2m---[0;39m [2m[  restartedMain][0;39m [36m.d.s.w.r.o.CachingOperationNameGenerator[0;39m [2m:[0;39m Generating unique operation named: updateUsingPUT_1
[2m2020-11-10 10:53:11.165[0;39m [32m INFO [vt.qlkdtt-yte-ws,,,][0;39m [35m9664[0;39m [2m---[0;39m [2m[  restartedMain][0;39m [36m.d.s.w.r.o.CachingOperationNameGenerator[0;39m [2m:[0;39m Generating unique operation named: findByIdUsingGET_6
[2m2020-11-10 10:53:11.210[0;39m [32m INFO [vt.qlkdtt-yte-ws,,,][0;39m [35m9664[0;39m [2m---[0;39m [2m[  restartedMain][0;39m [36mo.s.b.w.embedded.tomcat.TomcatWebServer [0;39m [2m:[0;39m Tomcat started on port(s): 8998 (http) with context path ''
[2m2020-11-10 10:53:11.493[0;39m [32m INFO [vt.qlkdtt-yte-ws,,,][0;39m [35m9664[0;39m [2m---[0;39m [2m[  restartedMain][0;39m [36mvt.qlkdtt.yte.Application               [0;39m [2m:[0;39m Started Application in 16.809 seconds (JVM running for 17.844)
[2m2020-11-10 10:53:11.986[0;39m [32m INFO [vt.qlkdtt-yte-ws,,,][0;39m [35m9664[0;39m [2m---[0;39m [2m[)-192.168.0.127][0;39m [36mo.a.c.c.C.[Tomcat].[localhost].[/]      [0;39m [2m:[0;39m Initializing Spring DispatcherServlet 'dispatcherServlet'
[2m2020-11-10 10:53:11.987[0;39m [32m INFO [vt.qlkdtt-yte-ws,,,][0;39m [35m9664[0;39m [2m---[0;39m [2m[)-192.168.0.127][0;39m [36mo.s.web.servlet.DispatcherServlet       [0;39m [2m:[0;39m Initializing Servlet 'dispatcherServlet'
[2m2020-11-10 10:53:12.019[0;39m [32m INFO [vt.qlkdtt-yte-ws,,,][0;39m [35m9664[0;39m [2m---[0;39m [2m[)-192.168.0.127][0;39m [36mo.s.web.servlet.DispatcherServlet       [0;39m [2m:[0;39m Completed initialization in 32 ms
[2m2020-11-10 10:53:23.545[0;39m [32mDEBUG [vt.qlkdtt-yte-ws,f5831623f1ecc558,f5831623f1ecc558,false][0;39m [35m9664[0;39m [2m---[0;39m [2m[nio-8998-exec-1][0;39m [36mme.coong.web.filter.WebTracingFilter    [0;39m [2m:[0;39m GET /swagger-ui.html
[2m2020-11-10 10:53:23.590[0;39m [32mDEBUG [vt.qlkdtt-yte-ws,f5831623f1ecc558,f5831623f1ecc558,false][0;39m [35m9664[0;39m [2m---[0;39m [2m[nio-8998-exec-1][0;39m [36mme.coong.web.filter.WebTracingFilter    [0;39m [2m:[0;39m 200//45 ms
[2m2020-11-10 10:53:23.908[0;39m [32mDEBUG [vt.qlkdtt-yte-ws,491e21fd7e195e99,491e21fd7e195e99,false][0;39m [35m9664[0;39m [2m---[0;39m [2m[io-8998-exec-10][0;39m [36mme.coong.web.filter.WebTracingFilter    [0;39m [2m:[0;39m GET /swagger-resources
[2m2020-11-10 10:53:23.913[0;39m [32mDEBUG [vt.qlkdtt-yte-ws,491e21fd7e195e99,491e21fd7e195e99,false][0;39m [35m9664[0;39m [2m---[0;39m [2m[io-8998-exec-10][0;39m [36mme.coong.web.filter.WebTracingFilter    [0;39m [2m:[0;39m 200//5 ms
[2m2020-11-10 10:53:23.947[0;39m [32mDEBUG [vt.qlkdtt-yte-ws,420182a35b777a27,420182a35b777a27,false][0;39m [35m9664[0;39m [2m---[0;39m [2m[nio-8998-exec-1][0;39m [36mme.coong.web.filter.WebTracingFilter    [0;39m [2m:[0;39m GET /v2/api-docs
[2m2020-11-10 10:53:23.948[0;39m [32mDEBUG [vt.qlkdtt-yte-ws,4269b72c48349000,4269b72c48349000,false][0;39m [35m9664[0;39m [2m---[0;39m [2m[nio-8998-exec-2][0;39m [36mme.coong.web.filter.WebTracingFilter    [0;39m [2m:[0;39m GET /
[2m2020-11-10 10:53:23.990[0;39m [32mDEBUG [vt.qlkdtt-yte-ws,4269b72c48349000,4269b72c48349000,false][0;39m [35m9664[0;39m [2m---[0;39m [2m[nio-8998-exec-2][0;39m [36mme.coong.web.filter.WebTracingFilter    [0;39m [2m:[0;39m 200//42 ms
[2m2020-11-10 10:53:23.993[0;39m [32mDEBUG [vt.qlkdtt-yte-ws,2fe91a02807b83ca,2fe91a02807b83ca,false][0;39m [35m9664[0;39m [2m---[0;39m [2m[nio-8998-exec-3][0;39m [36mme.coong.web.filter.WebTracingFilter    [0;39m [2m:[0;39m GET /csrf
[2m2020-11-10 10:53:23.998[0;39m [32mDEBUG [vt.qlkdtt-yte-ws,2fe91a02807b83ca,2fe91a02807b83ca,false][0;39m [35m9664[0;39m [2m---[0;39m [2m[nio-8998-exec-3][0;39m [36mme.coong.web.filter.WebTracingFilter    [0;39m [2m:[0;39m 404//5 ms
[2m2020-11-10 10:53:24.092[0;39m [32mDEBUG [vt.qlkdtt-yte-ws,420182a35b777a27,420182a35b777a27,false][0;39m [35m9664[0;39m [2m---[0;39m [2m[nio-8998-exec-1][0;39m [36mme.coong.web.filter.WebTracingFilter    [0;39m [2m:[0;39m 200//144 ms
[2m2020-11-10 10:53:37.839[0;39m [32mDEBUG [vt.qlkdtt-yte-ws,8827b67dd4f8b510,8827b67dd4f8b510,false][0;39m [35m9664[0;39m [2m---[0;39m [2m[nio-8998-exec-6][0;39m [36mme.coong.web.filter.WebTracingFilter    [0;39m [2m:[0;39m GET /search
[2m2020-11-10 10:53:37.856[0;39m [33m WARN [vt.qlkdtt-yte-ws,8827b67dd4f8b510,8827b67dd4f8b510,false][0;39m [35m9664[0;39m [2m---[0;39m [2m[nio-8998-exec-6][0;39m [36m.m.m.a.ExceptionHandlerExceptionResolver[0;39m [2m:[0;39m Resolved [error="API-MSFC008", ]
[2m2020-11-10 10:53:37.856[0;39m [32mDEBUG [vt.qlkdtt-yte-ws,8827b67dd4f8b510,8827b67dd4f8b510,false][0;39m [35m9664[0;39m [2m---[0;39m [2m[nio-8998-exec-6][0;39m [36mme.coong.web.filter.WebTracingFilter    [0;39m [2m:[0;39m 400//17 ms
[2m2020-11-10 10:55:05.621[0;39m [32m INFO [vt.qlkdtt-yte-ws,,,][0;39m [35m9664[0;39m [2m---[0;39m [2m[      Thread-44][0;39m [36mo.s.s.concurrent.ThreadPoolTaskExecutor [0;39m [2m:[0;39m Shutting down ExecutorService 'applicationTaskExecutor'
[2m2020-11-10 10:55:05.636[0;39m [32m INFO [vt.qlkdtt-yte-ws,,,][0;39m [35m9664[0;39m [2m---[0;39m [2m[      Thread-44][0;39m [36mj.LocalContainerEntityManagerFactoryBean[0;39m [2m:[0;39m Closing JPA EntityManagerFactory for persistence unit 'default'
[2m2020-11-10 10:55:05.643[0;39m [32m INFO [vt.qlkdtt-yte-ws,,,][0;39m [35m9664[0;39m [2m---[0;39m [2m[      Thread-44][0;39m [36mcom.zaxxer.hikari.HikariDataSource      [0;39m [2m:[0;39m HikariPool-1 - Shutdown initiated...
[2m2020-11-10 10:55:05.648[0;39m [32m INFO [vt.qlkdtt-yte-ws,,,][0;39m [35m9664[0;39m [2m---[0;39m [2m[      Thread-44][0;39m [36mcom.zaxxer.hikari.HikariDataSource      [0;39m [2m:[0;39m HikariPool-1 - Shutdown completed.
[2m2020-11-10 10:55:12.439[0;39m [32m INFO [vt.qlkdtt-yte-ws,,,][0;39m [35m1088[0;39m [2m---[0;39m [2m[  restartedMain][0;39m [36m.e.DevToolsPropertyDefaultsPostProcessor[0;39m [2m:[0;39m Devtools property defaults active! Set 'spring.devtools.add-properties' to 'false' to disable
[2m2020-11-10 10:55:13.006[0;39m [32m INFO [vt.qlkdtt-yte-ws,,,][0;39m [35m1088[0;39m [2m---[0;39m [2m[  restartedMain][0;39m [36mvt.qlkdtt.yte.Application               [0;39m [2m:[0;39m No active profile set, falling back to default profiles: default
[2m2020-11-10 10:55:14.823[0;39m [32m INFO [vt.qlkdtt-yte-ws,,,][0;39m [35m1088[0;39m [2m---[0;39m [2m[  restartedMain][0;39m [36m.s.d.r.c.RepositoryConfigurationDelegate[0;39m [2m:[0;39m Bootstrapping Spring Data JPA repositories in DEFAULT mode.
[2m2020-11-10 10:55:15.213[0;39m [32m INFO [vt.qlkdtt-yte-ws,,,][0;39m [35m1088[0;39m [2m---[0;39m [2m[  restartedMain][0;39m [36m.s.d.r.c.RepositoryConfigurationDelegate[0;39m [2m:[0;39m Finished Spring Data repository scanning in 384ms. Found 31 JPA repository interfaces.
[2m2020-11-10 10:55:15.657[0;39m [32m INFO [vt.qlkdtt-yte-ws,,,][0;39m [35m1088[0;39m [2m---[0;39m [2m[  restartedMain][0;39m [36mo.s.cloud.context.scope.GenericScope    [0;39m [2m:[0;39m BeanFactory id=e11aae32-0079-3415-ad50-e6f3c4b678b5
[2m2020-11-10 10:55:15.901[0;39m [32m INFO [vt.qlkdtt-yte-ws,,,][0;39m [35m1088[0;39m [2m---[0;39m [2m[  restartedMain][0;39m [36mtrationDelegate$BeanPostProcessorChecker[0;39m [2m:[0;39m Bean 'org.springframework.transaction.annotation.ProxyTransactionManagementConfiguration' of type [org.springframework.transaction.annotation.ProxyTransactionManagementConfiguration$$EnhancerBySpringCGLIB$$e8f9e396] is not eligible for getting processed by all BeanPostProcessors (for example: not eligible for auto-proxying)
[2m2020-11-10 10:55:15.939[0;39m [32m INFO [vt.qlkdtt-yte-ws,,,][0;39m [35m1088[0;39m [2m---[0;39m [2m[  restartedMain][0;39m [36mtrationDelegate$BeanPostProcessorChecker[0;39m [2m:[0;39m Bean 'org.springframework.hateoas.config.HateoasConfiguration' of type [org.springframework.hateoas.config.HateoasConfiguration$$EnhancerBySpringCGLIB$$687a30c8] is not eligible for getting processed by all BeanPostProcessors (for example: not eligible for auto-proxying)
[2m2020-11-10 10:55:16.578[0;39m [32m INFO [vt.qlkdtt-yte-ws,,,][0;39m [35m1088[0;39m [2m---[0;39m [2m[  restartedMain][0;39m [36mo.s.b.w.embedded.tomcat.TomcatWebServer [0;39m [2m:[0;39m Tomcat initialized with port(s): 8998 (http)
[2m2020-11-10 10:55:16.599[0;39m [32m INFO [vt.qlkdtt-yte-ws,,,][0;39m [35m1088[0;39m [2m---[0;39m [2m[  restartedMain][0;39m [36mo.apache.catalina.core.StandardService  [0;39m [2m:[0;39m Starting service [Tomcat]
[2m2020-11-10 10:55:16.599[0;39m [32m INFO [vt.qlkdtt-yte-ws,,,][0;39m [35m1088[0;39m [2m---[0;39m [2m[  restartedMain][0;39m [36morg.apache.catalina.core.StandardEngine [0;39m [2m:[0;39m Starting Servlet engine: [Apache Tomcat/9.0.30]
[2m2020-11-10 10:55:16.738[0;39m [32m INFO [vt.qlkdtt-yte-ws,,,][0;39m [35m1088[0;39m [2m---[0;39m [2m[  restartedMain][0;39m [36mo.a.c.c.C.[Tomcat].[localhost].[/]      [0;39m [2m:[0;39m Initializing Spring embedded WebApplicationContext
[2m2020-11-10 10:55:16.738[0;39m [32m INFO [vt.qlkdtt-yte-ws,,,][0;39m [35m1088[0;39m [2m---[0;39m [2m[  restartedMain][0;39m [36mo.s.web.context.ContextLoader           [0;39m [2m:[0;39m Root WebApplicationContext: initialization completed in 3722 ms
[2m2020-11-10 10:55:19.330[0;39m [32mDEBUG [vt.qlkdtt-yte-ws,,,][0;39m [35m1088[0;39m [2m---[0;39m [2m[  restartedMain][0;39m [36mme.coong.web.filter.WebTracingFilter    [0;39m [2m:[0;39m Filter 'webTracingFilter' configured for use
[2m2020-11-10 10:55:19.476[0;39m [32m INFO [vt.qlkdtt-yte-ws,,,][0;39m [35m1088[0;39m [2m---[0;39m [2m[  restartedMain][0;39m [36mcom.zaxxer.hikari.HikariDataSource      [0;39m [2m:[0;39m HikariPool-1 - Starting...
[2m2020-11-10 10:55:19.599[0;39m [32m INFO [vt.qlkdtt-yte-ws,,,][0;39m [35m1088[0;39m [2m---[0;39m [2m[  restartedMain][0;39m [36mcom.zaxxer.hikari.HikariDataSource      [0;39m [2m:[0;39m HikariPool-1 - Start completed.
[2m2020-11-10 10:55:19.716[0;39m [32m INFO [vt.qlkdtt-yte-ws,,,][0;39m [35m1088[0;39m [2m---[0;39m [2m[  restartedMain][0;39m [36mo.hibernate.jpa.internal.util.LogHelper [0;39m [2m:[0;39m HHH000204: Processing PersistenceUnitInfo [
	name: default
	...]
[2m2020-11-10 10:55:19.781[0;39m [32m INFO [vt.qlkdtt-yte-ws,,,][0;39m [35m1088[0;39m [2m---[0;39m [2m[  restartedMain][0;39m [36morg.hibernate.Version                   [0;39m [2m:[0;39m HHH000412: Hibernate Core {5.3.15.Final}
[2m2020-11-10 10:55:19.782[0;39m [32m INFO [vt.qlkdtt-yte-ws,,,][0;39m [35m1088[0;39m [2m---[0;39m [2m[  restartedMain][0;39m [36morg.hibernate.cfg.Environment           [0;39m [2m:[0;39m HHH000206: hibernate.properties not found
[2m2020-11-10 10:55:19.909[0;39m [32m INFO [vt.qlkdtt-yte-ws,,,][0;39m [35m1088[0;39m [2m---[0;39m [2m[  restartedMain][0;39m [36mo.hibernate.annotations.common.Version  [0;39m [2m:[0;39m HCANN000001: Hibernate Commons Annotations {5.0.4.Final}
[2m2020-11-10 10:55:20.211[0;39m [32m INFO [vt.qlkdtt-yte-ws,,,][0;39m [35m1088[0;39m [2m---[0;39m [2m[  restartedMain][0;39m [36morg.hibernate.dialect.Dialect           [0;39m [2m:[0;39m HHH000400: Using dialect: org.hibernate.dialect.MariaDB103Dialect
[2m2020-11-10 10:55:22.025[0;39m [32m INFO [vt.qlkdtt-yte-ws,,,][0;39m [35m1088[0;39m [2m---[0;39m [2m[  restartedMain][0;39m [36mj.LocalContainerEntityManagerFactoryBean[0;39m [2m:[0;39m Initialized JPA EntityManagerFactory for persistence unit 'default'
[2m2020-11-10 10:55:22.155[0;39m [32m INFO [vt.qlkdtt-yte-ws,,,][0;39m [35m1088[0;39m [2m---[0;39m [2m[  restartedMain][0;39m [36mo.s.b.d.a.OptionalLiveReloadServer      [0;39m [2m:[0;39m LiveReload server is running on port 35729
[2m2020-11-10 10:55:24.521[0;39m [32m INFO [vt.qlkdtt-yte-ws,,,][0;39m [35m1088[0;39m [2m---[0;39m [2m[  restartedMain][0;39m [36mo.s.b.a.e.web.EndpointLinksResolver     [0;39m [2m:[0;39m Exposing 17 endpoint(s) beneath base path '/actuator'
[2m2020-11-10 10:55:24.957[0;39m [32m INFO [vt.qlkdtt-yte-ws,,,][0;39m [35m1088[0;39m [2m---[0;39m [2m[  restartedMain][0;39m [36mpertySourcedRequestMappingHandlerMapping[0;39m [2m:[0;39m Mapped URL path [/v2/api-docs] onto method [public org.springframework.http.ResponseEntity<springfox.documentation.spring.web.json.Json> springfox.documentation.swagger2.web.Swagger2Controller.getDocumentation(java.lang.String,javax.servlet.http.HttpServletRequest)]
[2m2020-11-10 10:55:25.328[0;39m [32m INFO [vt.qlkdtt-yte-ws,,,][0;39m [35m1088[0;39m [2m---[0;39m [2m[  restartedMain][0;39m [36mo.s.s.web.DefaultSecurityFilterChain    [0;39m [2m:[0;39m Creating filter chain: any request, [org.springframework.security.web.context.request.async.WebAsyncManagerIntegrationFilter@59ce71aa, org.springframework.security.web.context.SecurityContextPersistenceFilter@59c5fbad, org.springframework.security.web.header.HeaderWriterFilter@1e18c61c, org.springframework.web.filter.CorsFilter@4dac540d, org.springframework.web.filter.CharacterEncodingFilter@71c9a9e0, org.springframework.security.web.authentication.logout.LogoutFilter@74b29a92, vt.qlkdtt.yte.security.jwt.JwtAuthenticationFilter@86d861b, org.springframework.security.web.savedrequest.RequestCacheAwareFilter@96b9a8c, org.springframework.security.web.servletapi.SecurityContextHolderAwareRequestFilter@18fee7c5, org.springframework.security.web.authentication.AnonymousAuthenticationFilter@666098b1, org.springframework.security.web.session.SessionManagementFilter@78a5785d, org.springframework.security.web.access.ExceptionTranslationFilter@21180759, org.springframework.security.web.access.intercept.FilterSecurityInterceptor@37e74682]
[2m2020-11-10 10:55:25.341[0;39m [32m INFO [vt.qlkdtt-yte-ws,,,][0;39m [35m1088[0;39m [2m---[0;39m [2m[  restartedMain][0;39m [36mo.s.aop.framework.CglibAopProxy         [0;39m [2m:[0;39m Unable to proxy interface-implementing method [public final void org.springframework.web.filter.GenericFilterBean.init(javax.servlet.FilterConfig) throws javax.servlet.ServletException] because it is marked as final: Consider using interface-based JDK proxies instead!
[2m2020-11-10 10:55:25.679[0;39m [32m INFO [vt.qlkdtt-yte-ws,,,][0;39m [35m1088[0;39m [2m---[0;39m [2m[  restartedMain][0;39m [36mo.s.s.concurrent.ThreadPoolTaskExecutor [0;39m [2m:[0;39m Initializing ExecutorService 'applicationTaskExecutor'
[2m2020-11-10 10:55:27.337[0;39m [32m INFO [vt.qlkdtt-yte-ws,,,][0;39m [35m1088[0;39m [2m---[0;39m [2m[  restartedMain][0;39m [36md.s.w.p.DocumentationPluginsBootstrapper[0;39m [2m:[0;39m Context refreshed
[2m2020-11-10 10:55:27.356[0;39m [32m INFO [vt.qlkdtt-yte-ws,,,][0;39m [35m1088[0;39m [2m---[0;39m [2m[  restartedMain][0;39m [36md.s.w.p.DocumentationPluginsBootstrapper[0;39m [2m:[0;39m Found 1 custom documentation plugin(s)
[2m2020-11-10 10:55:27.391[0;39m [32m INFO [vt.qlkdtt-yte-ws,,,][0;39m [35m1088[0;39m [2m---[0;39m [2m[  restartedMain][0;39m [36ms.d.s.w.s.ApiListingReferenceScanner    [0;39m [2m:[0;39m Scanning for api listing references
[2m2020-11-10 10:55:27.583[0;39m [32m INFO [vt.qlkdtt-yte-ws,,,][0;39m [35m1088[0;39m [2m---[0;39m [2m[  restartedMain][0;39m [36m.d.s.w.r.o.CachingOperationNameGenerator[0;39m [2m:[0;39m Generating unique operation named: findByIdUsingGET_1
[2m2020-11-10 10:55:27.653[0;39m [32m INFO [vt.qlkdtt-yte-ws,,,][0;39m [35m1088[0;39m [2m---[0;39m [2m[  restartedMain][0;39m [36m.d.s.w.r.o.CachingOperationNameGenerator[0;39m [2m:[0;39m Generating unique operation named: findByIdUsingGET_2
[2m2020-11-10 10:55:27.657[0;39m [32m INFO [vt.qlkdtt-yte-ws,,,][0;39m [35m1088[0;39m [2m---[0;39m [2m[  restartedMain][0;39m [36m.d.s.w.r.o.CachingOperationNameGenerator[0;39m [2m:[0;39m Generating unique operation named: updateUsingPOST_1
[2m2020-11-10 10:55:27.692[0;39m [32m INFO [vt.qlkdtt-yte-ws,,,][0;39m [35m1088[0;39m [2m---[0;39m [2m[  restartedMain][0;39m [36m.d.s.w.r.o.CachingOperationNameGenerator[0;39m [2m:[0;39m Generating unique operation named: updateUsingPOST_2
[2m2020-11-10 10:55:27.695[0;39m [32m INFO [vt.qlkdtt-yte-ws,,,][0;39m [35m1088[0;39m [2m---[0;39m [2m[  restartedMain][0;39m [36m.d.s.w.r.o.CachingOperationNameGenerator[0;39m [2m:[0;39m Generating unique operation named: createUsingPOST_1
[2m2020-11-10 10:55:27.696[0;39m [32m INFO [vt.qlkdtt-yte-ws,,,][0;39m [35m1088[0;39m [2m---[0;39m [2m[  restartedMain][0;39m [36m.d.s.w.r.o.CachingOperationNameGenerator[0;39m [2m:[0;39m Generating unique operation named: deleteUsingDELETE_1
[2m2020-11-10 10:55:27.699[0;39m [32m INFO [vt.qlkdtt-yte-ws,,,][0;39m [35m1088[0;39m [2m---[0;39m [2m[  restartedMain][0;39m [36m.d.s.w.r.o.CachingOperationNameGenerator[0;39m [2m:[0;39m Generating unique operation named: updateUsingPOST_3
[2m2020-11-10 10:55:27.707[0;39m [32m INFO [vt.qlkdtt-yte-ws,,,][0;39m [35m1088[0;39m [2m---[0;39m [2m[  restartedMain][0;39m [36m.d.s.w.r.o.CachingOperationNameGenerator[0;39m [2m:[0;39m Generating unique operation named: findByCodeUsingGET_1
[2m2020-11-10 10:55:27.751[0;39m [32m INFO [vt.qlkdtt-yte-ws,,,][0;39m [35m1088[0;39m [2m---[0;39m [2m[  restartedMain][0;39m [36m.d.s.w.r.o.CachingOperationNameGenerator[0;39m [2m:[0;39m Generating unique operation named: findByIdUsingGET_3
[2m2020-11-10 10:55:27.775[0;39m [32m INFO [vt.qlkdtt-yte-ws,,,][0;39m [35m1088[0;39m [2m---[0;39m [2m[  restartedMain][0;39m [36m.d.s.w.r.o.CachingOperationNameGenerator[0;39m [2m:[0;39m Generating unique operation named: findByIdUsingGET_4
[2m2020-11-10 10:55:27.791[0;39m [32m INFO [vt.qlkdtt-yte-ws,,,][0;39m [35m1088[0;39m [2m---[0;39m [2m[  restartedMain][0;39m [36m.d.s.w.r.o.CachingOperationNameGenerator[0;39m [2m:[0;39m Generating unique operation named: changeProductStatusUsingPOST_1
[2m2020-11-10 10:55:27.810[0;39m [32m INFO [vt.qlkdtt-yte-ws,,,][0;39m [35m1088[0;39m [2m---[0;39m [2m[  restartedMain][0;39m [36m.d.s.w.r.o.CachingOperationNameGenerator[0;39m [2m:[0;39m Generating unique operation named: findByIdUsingGET_5
[2m2020-11-10 10:55:27.829[0;39m [32m INFO [vt.qlkdtt-yte-ws,,,][0;39m [35m1088[0;39m [2m---[0;39m [2m[  restartedMain][0;39m [36m.d.s.w.r.o.CachingOperationNameGenerator[0;39m [2m:[0;39m Generating unique operation named: deleteUsingDELETE_2
[2m2020-11-10 10:55:27.838[0;39m [32m INFO [vt.qlkdtt-yte-ws,,,][0;39m [35m1088[0;39m [2m---[0;39m [2m[  restartedMain][0;39m [36m.d.s.w.r.o.CachingOperationNameGenerator[0;39m [2m:[0;39m Generating unique operation named: deleteUsingDELETE_3
[2m2020-11-10 10:55:27.840[0;39m [32m INFO [vt.qlkdtt-yte-ws,,,][0;39m [35m1088[0;39m [2m---[0;39m [2m[  restartedMain][0;39m [36m.d.s.w.r.o.CachingOperationNameGenerator[0;39m [2m:[0;39m Generating unique operation named: insertUsingPOST_1
[2m2020-11-10 10:55:27.842[0;39m [32m INFO [vt.qlkdtt-yte-ws,,,][0;39m [35m1088[0;39m [2m---[0;39m [2m[  restartedMain][0;39m [36m.d.s.w.r.o.CachingOperationNameGenerator[0;39m [2m:[0;39m Generating unique operation named: updateUsingPUT_1
[2m2020-11-10 10:55:27.849[0;39m [32m INFO [vt.qlkdtt-yte-ws,,,][0;39m [35m1088[0;39m [2m---[0;39m [2m[  restartedMain][0;39m [36m.d.s.w.r.o.CachingOperationNameGenerator[0;39m [2m:[0;39m Generating unique operation named: findByIdUsingGET_6
[2m2020-11-10 10:55:27.895[0;39m [32m INFO [vt.qlkdtt-yte-ws,,,][0;39m [35m1088[0;39m [2m---[0;39m [2m[  restartedMain][0;39m [36mo.s.b.w.embedded.tomcat.TomcatWebServer [0;39m [2m:[0;39m Tomcat started on port(s): 8998 (http) with context path ''
[2m2020-11-10 10:55:28.181[0;39m [32m INFO [vt.qlkdtt-yte-ws,,,][0;39m [35m1088[0;39m [2m---[0;39m [2m[  restartedMain][0;39m [36mvt.qlkdtt.yte.Application               [0;39m [2m:[0;39m Started Application in 16.649 seconds (JVM running for 17.651)
[2m2020-11-10 10:55:28.860[0;39m [32m INFO [vt.qlkdtt-yte-ws,,,][0;39m [35m1088[0;39m [2m---[0;39m [2m[)-192.168.0.127][0;39m [36mo.a.c.c.C.[Tomcat].[localhost].[/]      [0;39m [2m:[0;39m Initializing Spring DispatcherServlet 'dispatcherServlet'
[2m2020-11-10 10:55:28.860[0;39m [32m INFO [vt.qlkdtt-yte-ws,,,][0;39m [35m1088[0;39m [2m---[0;39m [2m[)-192.168.0.127][0;39m [36mo.s.web.servlet.DispatcherServlet       [0;39m [2m:[0;39m Initializing Servlet 'dispatcherServlet'
[2m2020-11-10 10:55:28.895[0;39m [32m INFO [vt.qlkdtt-yte-ws,,,][0;39m [35m1088[0;39m [2m---[0;39m [2m[)-192.168.0.127][0;39m [36mo.s.web.servlet.DispatcherServlet       [0;39m [2m:[0;39m Completed initialization in 35 ms
[2m2020-11-10 10:55:44.080[0;39m [32mDEBUG [vt.qlkdtt-yte-ws,b9f946cea78ddc3f,b9f946cea78ddc3f,false][0;39m [35m1088[0;39m [2m---[0;39m [2m[nio-8998-exec-1][0;39m [36mme.coong.web.filter.WebTracingFilter    [0;39m [2m:[0;39m GET /swagger-ui.html
[2m2020-11-10 10:55:44.126[0;39m [32mDEBUG [vt.qlkdtt-yte-ws,b9f946cea78ddc3f,b9f946cea78ddc3f,false][0;39m [35m1088[0;39m [2m---[0;39m [2m[nio-8998-exec-1][0;39m [36mme.coong.web.filter.WebTracingFilter    [0;39m [2m:[0;39m 200//45 ms
[2m2020-11-10 10:55:44.431[0;39m [32mDEBUG [vt.qlkdtt-yte-ws,0658683d8e17e1cb,0658683d8e17e1cb,false][0;39m [35m1088[0;39m [2m---[0;39m [2m[io-8998-exec-10][0;39m [36mme.coong.web.filter.WebTracingFilter    [0;39m [2m:[0;39m GET /swagger-resources
[2m2020-11-10 10:55:44.435[0;39m [32mDEBUG [vt.qlkdtt-yte-ws,0658683d8e17e1cb,0658683d8e17e1cb,false][0;39m [35m1088[0;39m [2m---[0;39m [2m[io-8998-exec-10][0;39m [36mme.coong.web.filter.WebTracingFilter    [0;39m [2m:[0;39m 200//4 ms
[2m2020-11-10 10:55:44.468[0;39m [32mDEBUG [vt.qlkdtt-yte-ws,56bd2918cbefd01f,56bd2918cbefd01f,false][0;39m [35m1088[0;39m [2m---[0;39m [2m[nio-8998-exec-1][0;39m [36mme.coong.web.filter.WebTracingFilter    [0;39m [2m:[0;39m GET /v2/api-docs
[2m2020-11-10 10:55:44.468[0;39m [32mDEBUG [vt.qlkdtt-yte-ws,a5bafa274cf62821,a5bafa274cf62821,false][0;39m [35m1088[0;39m [2m---[0;39m [2m[nio-8998-exec-2][0;39m [36mme.coong.web.filter.WebTracingFilter    [0;39m [2m:[0;39m GET /
[2m2020-11-10 10:55:44.510[0;39m [32mDEBUG [vt.qlkdtt-yte-ws,a5bafa274cf62821,a5bafa274cf62821,false][0;39m [35m1088[0;39m [2m---[0;39m [2m[nio-8998-exec-2][0;39m [36mme.coong.web.filter.WebTracingFilter    [0;39m [2m:[0;39m 200//42 ms
[2m2020-11-10 10:55:44.515[0;39m [32mDEBUG [vt.qlkdtt-yte-ws,dceb9cbd051dffc7,dceb9cbd051dffc7,false][0;39m [35m1088[0;39m [2m---[0;39m [2m[nio-8998-exec-3][0;39m [36mme.coong.web.filter.WebTracingFilter    [0;39m [2m:[0;39m GET /csrf
[2m2020-11-10 10:55:44.519[0;39m [32mDEBUG [vt.qlkdtt-yte-ws,dceb9cbd051dffc7,dceb9cbd051dffc7,false][0;39m [35m1088[0;39m [2m---[0;39m [2m[nio-8998-exec-3][0;39m [36mme.coong.web.filter.WebTracingFilter    [0;39m [2m:[0;39m 404//4 ms
[2m2020-11-10 10:55:44.623[0;39m [32mDEBUG [vt.qlkdtt-yte-ws,56bd2918cbefd01f,56bd2918cbefd01f,false][0;39m [35m1088[0;39m [2m---[0;39m [2m[nio-8998-exec-1][0;39m [36mme.coong.web.filter.WebTracingFilter    [0;39m [2m:[0;39m 200//155 ms
[2m2020-11-10 10:56:01.724[0;39m [32mDEBUG [vt.qlkdtt-yte-ws,690c01efa0439bfc,690c01efa0439bfc,false][0;39m [35m1088[0;39m [2m---[0;39m [2m[nio-8998-exec-5][0;39m [36mme.coong.web.filter.WebTracingFilter    [0;39m [2m:[0;39m GET /search
[2m2020-11-10 10:56:01.742[0;39m [33m WARN [vt.qlkdtt-yte-ws,690c01efa0439bfc,690c01efa0439bfc,false][0;39m [35m1088[0;39m [2m---[0;39m [2m[nio-8998-exec-5][0;39m [36m.m.m.a.ExceptionHandlerExceptionResolver[0;39m [2m:[0;39m Resolved [error="API-MSFC004", ]
[2m2020-11-10 10:56:01.743[0;39m [32mDEBUG [vt.qlkdtt-yte-ws,690c01efa0439bfc,690c01efa0439bfc,false][0;39m [35m1088[0;39m [2m---[0;39m [2m[nio-8998-exec-5][0;39m [36mme.coong.web.filter.WebTracingFilter    [0;39m [2m:[0;39m 400//19 ms
[2m2020-11-10 11:03:09.140[0;39m [32m INFO [vt.qlkdtt-yte-ws,,,][0;39m [35m1088[0;39m [2m---[0;39m [2m[      Thread-44][0;39m [36mo.s.s.concurrent.ThreadPoolTaskExecutor [0;39m [2m:[0;39m Shutting down ExecutorService 'applicationTaskExecutor'
[2m2020-11-10 11:03:09.158[0;39m [32m INFO [vt.qlkdtt-yte-ws,,,][0;39m [35m1088[0;39m [2m---[0;39m [2m[      Thread-44][0;39m [36mj.LocalContainerEntityManagerFactoryBean[0;39m [2m:[0;39m Closing JPA EntityManagerFactory for persistence unit 'default'
[2m2020-11-10 11:03:09.166[0;39m [32m INFO [vt.qlkdtt-yte-ws,,,][0;39m [35m1088[0;39m [2m---[0;39m [2m[      Thread-44][0;39m [36mcom.zaxxer.hikari.HikariDataSource      [0;39m [2m:[0;39m HikariPool-1 - Shutdown initiated...
[2m2020-11-10 11:03:09.173[0;39m [32m INFO [vt.qlkdtt-yte-ws,,,][0;39m [35m1088[0;39m [2m---[0;39m [2m[      Thread-44][0;39m [36mcom.zaxxer.hikari.HikariDataSource      [0;39m [2m:[0;39m HikariPool-1 - Shutdown completed.
