[2m2020-10-22 16:07:40.093[0;39m [32m INFO [vt.qlkdtt-yte-ws,,,][0;39m [35m7232[0;39m [2m---[0;39m [2m[  restartedMain][0;39m [36m.e.DevToolsPropertyDefaultsPostProcessor[0;39m [2m:[0;39m Devtools property defaults active! Set 'spring.devtools.add-properties' to 'false' to disable
[2m2020-10-22 16:07:40.875[0;39m [32m INFO [vt.qlkdtt-yte-ws,,,][0;39m [35m7232[0;39m [2m---[0;39m [2m[  restartedMain][0;39m [36mvt.qlkdtt.yte.Application               [0;39m [2m:[0;39m No active profile set, falling back to default profiles: default
[2m2020-10-22 16:07:45.062[0;39m [32m INFO [vt.qlkdtt-yte-ws,,,][0;39m [35m7232[0;39m [2m---[0;39m [2m[  restartedMain][0;39m [36m.s.d.r.c.RepositoryConfigurationDelegate[0;39m [2m:[0;39m Bootstrapping Spring Data JPA repositories in DEFAULT mode.
[2m2020-10-22 16:07:45.437[0;39m [32m INFO [vt.qlkdtt-yte-ws,,,][0;39m [35m7232[0;39m [2m---[0;39m [2m[  restartedMain][0;39m [36m.s.d.r.c.RepositoryConfigurationDelegate[0;39m [2m:[0;39m Finished Spring Data repository scanning in 360ms. Found 30 JPA repository interfaces.
[2m2020-10-22 16:07:46.093[0;39m [32m INFO [vt.qlkdtt-yte-ws,,,][0;39m [35m7232[0;39m [2m---[0;39m [2m[  restartedMain][0;39m [36mo.s.cloud.context.scope.GenericScope    [0;39m [2m:[0;39m BeanFactory id=223f0ea7-1f33-3db0-9bd0-a5acab7ccf1a
[2m2020-10-22 16:07:46.499[0;39m [32m INFO [vt.qlkdtt-yte-ws,,,][0;39m [35m7232[0;39m [2m---[0;39m [2m[  restartedMain][0;39m [36mtrationDelegate$BeanPostProcessorChecker[0;39m [2m:[0;39m Bean 'org.springframework.transaction.annotation.ProxyTransactionManagementConfiguration' of type [org.springframework.transaction.annotation.ProxyTransactionManagementConfiguration$$EnhancerBySpringCGLIB$$4ce7731e] is not eligible for getting processed by all BeanPostProcessors (for example: not eligible for auto-proxying)
[2m2020-10-22 16:07:46.562[0;39m [32m INFO [vt.qlkdtt-yte-ws,,,][0;39m [35m7232[0;39m [2m---[0;39m [2m[  restartedMain][0;39m [36mtrationDelegate$BeanPostProcessorChecker[0;39m [2m:[0;39m Bean 'org.springframework.hateoas.config.HateoasConfiguration' of type [org.springframework.hateoas.config.HateoasConfiguration$$EnhancerBySpringCGLIB$$cc67c050] is not eligible for getting processed by all BeanPostProcessors (for example: not eligible for auto-proxying)
[2m2020-10-22 16:07:47.390[0;39m [32m INFO [vt.qlkdtt-yte-ws,,,][0;39m [35m7232[0;39m [2m---[0;39m [2m[  restartedMain][0;39m [36mo.s.b.w.embedded.tomcat.TomcatWebServer [0;39m [2m:[0;39m Tomcat initialized with port(s): 8998 (http)
[2m2020-10-22 16:07:47.468[0;39m [32m INFO [vt.qlkdtt-yte-ws,,,][0;39m [35m7232[0;39m [2m---[0;39m [2m[  restartedMain][0;39m [36mo.apache.catalina.core.StandardService  [0;39m [2m:[0;39m Starting service [Tomcat]
[2m2020-10-22 16:07:47.468[0;39m [32m INFO [vt.qlkdtt-yte-ws,,,][0;39m [35m7232[0;39m [2m---[0;39m [2m[  restartedMain][0;39m [36morg.apache.catalina.core.StandardEngine [0;39m [2m:[0;39m Starting Servlet engine: [Apache Tomcat/9.0.30]
[2m2020-10-22 16:07:47.609[0;39m [32m INFO [vt.qlkdtt-yte-ws,,,][0;39m [35m7232[0;39m [2m---[0;39m [2m[  restartedMain][0;39m [36mo.a.c.c.C.[Tomcat].[localhost].[/]      [0;39m [2m:[0;39m Initializing Spring embedded WebApplicationContext
[2m2020-10-22 16:07:47.609[0;39m [32m INFO [vt.qlkdtt-yte-ws,,,][0;39m [35m7232[0;39m [2m---[0;39m [2m[  restartedMain][0;39m [36mo.s.web.context.ContextLoader           [0;39m [2m:[0;39m Root WebApplicationContext: initialization completed in 6703 ms
[2m2020-10-22 16:07:50.249[0;39m [32mDEBUG [vt.qlkdtt-yte-ws,,,][0;39m [35m7232[0;39m [2m---[0;39m [2m[  restartedMain][0;39m [36mme.coong.web.filter.WebTracingFilter    [0;39m [2m:[0;39m Filter 'webTracingFilter' configured for use
[2m2020-10-22 16:07:50.562[0;39m [32m INFO [vt.qlkdtt-yte-ws,,,][0;39m [35m7232[0;39m [2m---[0;39m [2m[  restartedMain][0;39m [36mcom.zaxxer.hikari.HikariDataSource      [0;39m [2m:[0;39m HikariPool-1 - Starting...
[2m2020-10-22 16:07:50.765[0;39m [32m INFO [vt.qlkdtt-yte-ws,,,][0;39m [35m7232[0;39m [2m---[0;39m [2m[  restartedMain][0;39m [36mcom.zaxxer.hikari.HikariDataSource      [0;39m [2m:[0;39m HikariPool-1 - Start completed.
[2m2020-10-22 16:07:50.952[0;39m [32m INFO [vt.qlkdtt-yte-ws,,,][0;39m [35m7232[0;39m [2m---[0;39m [2m[  restartedMain][0;39m [36mo.hibernate.jpa.internal.util.LogHelper [0;39m [2m:[0;39m HHH000204: Processing PersistenceUnitInfo [
	name: default
	...]
[2m2020-10-22 16:07:51.108[0;39m [32m INFO [vt.qlkdtt-yte-ws,,,][0;39m [35m7232[0;39m [2m---[0;39m [2m[  restartedMain][0;39m [36morg.hibernate.Version                   [0;39m [2m:[0;39m HHH000412: Hibernate Core {5.3.15.Final}
[2m2020-10-22 16:07:51.108[0;39m [32m INFO [vt.qlkdtt-yte-ws,,,][0;39m [35m7232[0;39m [2m---[0;39m [2m[  restartedMain][0;39m [36morg.hibernate.cfg.Environment           [0;39m [2m:[0;39m HHH000206: hibernate.properties not found
[2m2020-10-22 16:07:51.561[0;39m [32m INFO [vt.qlkdtt-yte-ws,,,][0;39m [35m7232[0;39m [2m---[0;39m [2m[  restartedMain][0;39m [36mo.hibernate.annotations.common.Version  [0;39m [2m:[0;39m HCANN000001: Hibernate Commons Annotations {5.0.4.Final}
[2m2020-10-22 16:07:52.014[0;39m [32m INFO [vt.qlkdtt-yte-ws,,,][0;39m [35m7232[0;39m [2m---[0;39m [2m[  restartedMain][0;39m [36morg.hibernate.dialect.Dialect           [0;39m [2m:[0;39m HHH000400: Using dialect: org.hibernate.dialect.MariaDB103Dialect
[2m2020-10-22 16:07:54.608[0;39m [32m INFO [vt.qlkdtt-yte-ws,,,][0;39m [35m7232[0;39m [2m---[0;39m [2m[  restartedMain][0;39m [36mj.LocalContainerEntityManagerFactoryBean[0;39m [2m:[0;39m Initialized JPA EntityManagerFactory for persistence unit 'default'
[2m2020-10-22 16:07:54.733[0;39m [32m INFO [vt.qlkdtt-yte-ws,,,][0;39m [35m7232[0;39m [2m---[0;39m [2m[  restartedMain][0;39m [36mo.s.b.d.a.OptionalLiveReloadServer      [0;39m [2m:[0;39m LiveReload server is running on port 35729
[2m2020-10-22 16:07:57.467[0;39m [32m INFO [vt.qlkdtt-yte-ws,,,][0;39m [35m7232[0;39m [2m---[0;39m [2m[  restartedMain][0;39m [36mo.s.b.a.e.web.EndpointLinksResolver     [0;39m [2m:[0;39m Exposing 17 endpoint(s) beneath base path '/actuator'
[2m2020-10-22 16:07:57.905[0;39m [32m INFO [vt.qlkdtt-yte-ws,,,][0;39m [35m7232[0;39m [2m---[0;39m [2m[  restartedMain][0;39m [36mpertySourcedRequestMappingHandlerMapping[0;39m [2m:[0;39m Mapped URL path [/v2/api-docs] onto method [public org.springframework.http.ResponseEntity<springfox.documentation.spring.web.json.Json> springfox.documentation.swagger2.web.Swagger2Controller.getDocumentation(java.lang.String,javax.servlet.http.HttpServletRequest)]
[2m2020-10-22 16:07:58.358[0;39m [32m INFO [vt.qlkdtt-yte-ws,,,][0;39m [35m7232[0;39m [2m---[0;39m [2m[  restartedMain][0;39m [36mo.s.s.web.DefaultSecurityFilterChain    [0;39m [2m:[0;39m Creating filter chain: any request, [org.springframework.security.web.context.request.async.WebAsyncManagerIntegrationFilter@5f2cfdc1, org.springframework.security.web.context.SecurityContextPersistenceFilter@6687d345, org.springframework.security.web.header.HeaderWriterFilter@63133f65, org.springframework.web.filter.CorsFilter@4a8c057c, org.springframework.web.filter.CharacterEncodingFilter@563a6f5d, org.springframework.security.web.authentication.logout.LogoutFilter@38bf7302, vt.qlkdtt.yte.security.jwt.JwtAuthenticationFilter@19b72ea4, org.springframework.security.web.savedrequest.RequestCacheAwareFilter@4a69fba4, org.springframework.security.web.servletapi.SecurityContextHolderAwareRequestFilter@2a127b76, org.springframework.security.web.authentication.AnonymousAuthenticationFilter@176f9629, org.springframework.security.web.session.SessionManagementFilter@17619f34, org.springframework.security.web.access.ExceptionTranslationFilter@45ec51c5, org.springframework.security.web.access.intercept.FilterSecurityInterceptor@6f120cb9]
[2m2020-10-22 16:07:58.373[0;39m [32m INFO [vt.qlkdtt-yte-ws,,,][0;39m [35m7232[0;39m [2m---[0;39m [2m[  restartedMain][0;39m [36mo.s.aop.framework.CglibAopProxy         [0;39m [2m:[0;39m Unable to proxy interface-implementing method [public final void org.springframework.web.filter.GenericFilterBean.init(javax.servlet.FilterConfig) throws javax.servlet.ServletException] because it is marked as final: Consider using interface-based JDK proxies instead!
[2m2020-10-22 16:07:58.670[0;39m [32m INFO [vt.qlkdtt-yte-ws,,,][0;39m [35m7232[0;39m [2m---[0;39m [2m[  restartedMain][0;39m [36mo.s.s.concurrent.ThreadPoolTaskExecutor [0;39m [2m:[0;39m Initializing ExecutorService 'applicationTaskExecutor'
[2m2020-10-22 16:08:00.295[0;39m [32m INFO [vt.qlkdtt-yte-ws,,,][0;39m [35m7232[0;39m [2m---[0;39m [2m[  restartedMain][0;39m [36md.s.w.p.DocumentationPluginsBootstrapper[0;39m [2m:[0;39m Context refreshed
[2m2020-10-22 16:08:00.358[0;39m [32m INFO [vt.qlkdtt-yte-ws,,,][0;39m [35m7232[0;39m [2m---[0;39m [2m[  restartedMain][0;39m [36md.s.w.p.DocumentationPluginsBootstrapper[0;39m [2m:[0;39m Found 1 custom documentation plugin(s)
[2m2020-10-22 16:08:00.405[0;39m [32m INFO [vt.qlkdtt-yte-ws,,,][0;39m [35m7232[0;39m [2m---[0;39m [2m[  restartedMain][0;39m [36ms.d.s.w.s.ApiListingReferenceScanner    [0;39m [2m:[0;39m Scanning for api listing references
[2m2020-10-22 16:08:00.639[0;39m [32m INFO [vt.qlkdtt-yte-ws,,,][0;39m [35m7232[0;39m [2m---[0;39m [2m[  restartedMain][0;39m [36m.d.s.w.r.o.CachingOperationNameGenerator[0;39m [2m:[0;39m Generating unique operation named: findByIdUsingGET_1
[2m2020-10-22 16:08:00.724[0;39m [32m INFO [vt.qlkdtt-yte-ws,,,][0;39m [35m7232[0;39m [2m---[0;39m [2m[  restartedMain][0;39m [36m.d.s.w.r.o.CachingOperationNameGenerator[0;39m [2m:[0;39m Generating unique operation named: findByIdUsingGET_2
[2m2020-10-22 16:08:00.739[0;39m [32m INFO [vt.qlkdtt-yte-ws,,,][0;39m [35m7232[0;39m [2m---[0;39m [2m[  restartedMain][0;39m [36m.d.s.w.r.o.CachingOperationNameGenerator[0;39m [2m:[0;39m Generating unique operation named: updateUsingPOST_1
[2m2020-10-22 16:08:00.771[0;39m [32m INFO [vt.qlkdtt-yte-ws,,,][0;39m [35m7232[0;39m [2m---[0;39m [2m[  restartedMain][0;39m [36m.d.s.w.r.o.CachingOperationNameGenerator[0;39m [2m:[0;39m Generating unique operation named: updateUsingPOST_2
[2m2020-10-22 16:08:00.771[0;39m [32m INFO [vt.qlkdtt-yte-ws,,,][0;39m [35m7232[0;39m [2m---[0;39m [2m[  restartedMain][0;39m [36m.d.s.w.r.o.CachingOperationNameGenerator[0;39m [2m:[0;39m Generating unique operation named: createUsingPOST_1
[2m2020-10-22 16:08:00.771[0;39m [32m INFO [vt.qlkdtt-yte-ws,,,][0;39m [35m7232[0;39m [2m---[0;39m [2m[  restartedMain][0;39m [36m.d.s.w.r.o.CachingOperationNameGenerator[0;39m [2m:[0;39m Generating unique operation named: deleteUsingDELETE_1
[2m2020-10-22 16:08:00.771[0;39m [32m INFO [vt.qlkdtt-yte-ws,,,][0;39m [35m7232[0;39m [2m---[0;39m [2m[  restartedMain][0;39m [36m.d.s.w.r.o.CachingOperationNameGenerator[0;39m [2m:[0;39m Generating unique operation named: updateUsingPOST_3
[2m2020-10-22 16:08:00.786[0;39m [32m INFO [vt.qlkdtt-yte-ws,,,][0;39m [35m7232[0;39m [2m---[0;39m [2m[  restartedMain][0;39m [36m.d.s.w.r.o.CachingOperationNameGenerator[0;39m [2m:[0;39m Generating unique operation named: findByCodeUsingGET_1
[2m2020-10-22 16:08:00.817[0;39m [32m INFO [vt.qlkdtt-yte-ws,,,][0;39m [35m7232[0;39m [2m---[0;39m [2m[  restartedMain][0;39m [36m.d.s.w.r.o.CachingOperationNameGenerator[0;39m [2m:[0;39m Generating unique operation named: findByIdUsingGET_3
[2m2020-10-22 16:08:00.833[0;39m [32m INFO [vt.qlkdtt-yte-ws,,,][0;39m [35m7232[0;39m [2m---[0;39m [2m[  restartedMain][0;39m [36m.d.s.w.r.o.CachingOperationNameGenerator[0;39m [2m:[0;39m Generating unique operation named: findByIdUsingGET_4
[2m2020-10-22 16:08:00.849[0;39m [32m INFO [vt.qlkdtt-yte-ws,,,][0;39m [35m7232[0;39m [2m---[0;39m [2m[  restartedMain][0;39m [36m.d.s.w.r.o.CachingOperationNameGenerator[0;39m [2m:[0;39m Generating unique operation named: changeProductStatusUsingPOST_1
[2m2020-10-22 16:08:00.864[0;39m [32m INFO [vt.qlkdtt-yte-ws,,,][0;39m [35m7232[0;39m [2m---[0;39m [2m[  restartedMain][0;39m [36m.d.s.w.r.o.CachingOperationNameGenerator[0;39m [2m:[0;39m Generating unique operation named: findByIdUsingGET_5
[2m2020-10-22 16:08:00.880[0;39m [32m INFO [vt.qlkdtt-yte-ws,,,][0;39m [35m7232[0;39m [2m---[0;39m [2m[  restartedMain][0;39m [36m.d.s.w.r.o.CachingOperationNameGenerator[0;39m [2m:[0;39m Generating unique operation named: deleteUsingDELETE_2
[2m2020-10-22 16:08:00.896[0;39m [32m INFO [vt.qlkdtt-yte-ws,,,][0;39m [35m7232[0;39m [2m---[0;39m [2m[  restartedMain][0;39m [36m.d.s.w.r.o.CachingOperationNameGenerator[0;39m [2m:[0;39m Generating unique operation named: deleteUsingDELETE_3
[2m2020-10-22 16:08:00.896[0;39m [32m INFO [vt.qlkdtt-yte-ws,,,][0;39m [35m7232[0;39m [2m---[0;39m [2m[  restartedMain][0;39m [36m.d.s.w.r.o.CachingOperationNameGenerator[0;39m [2m:[0;39m Generating unique operation named: insertUsingPOST_1
[2m2020-10-22 16:08:00.896[0;39m [32m INFO [vt.qlkdtt-yte-ws,,,][0;39m [35m7232[0;39m [2m---[0;39m [2m[  restartedMain][0;39m [36m.d.s.w.r.o.CachingOperationNameGenerator[0;39m [2m:[0;39m Generating unique operation named: updateUsingPUT_1
[2m2020-10-22 16:08:00.896[0;39m [32m INFO [vt.qlkdtt-yte-ws,,,][0;39m [35m7232[0;39m [2m---[0;39m [2m[  restartedMain][0;39m [36m.d.s.w.r.o.CachingOperationNameGenerator[0;39m [2m:[0;39m Generating unique operation named: findByIdUsingGET_6
[2m2020-10-22 16:08:00.958[0;39m [32m INFO [vt.qlkdtt-yte-ws,,,][0;39m [35m7232[0;39m [2m---[0;39m [2m[  restartedMain][0;39m [36mo.s.b.w.embedded.tomcat.TomcatWebServer [0;39m [2m:[0;39m Tomcat started on port(s): 8998 (http) with context path ''
[2m2020-10-22 16:08:01.255[0;39m [32m INFO [vt.qlkdtt-yte-ws,,,][0;39m [35m7232[0;39m [2m---[0;39m [2m[  restartedMain][0;39m [36mvt.qlkdtt.yte.Application               [0;39m [2m:[0;39m Started Application in 22.88 seconds (JVM running for 28.818)
[2m2020-10-22 16:08:02.114[0;39m [32m INFO [vt.qlkdtt-yte-ws,,,][0;39m [35m7232[0;39m [2m---[0;39m [2m[)-192.168.0.128][0;39m [36mo.a.c.c.C.[Tomcat].[localhost].[/]      [0;39m [2m:[0;39m Initializing Spring DispatcherServlet 'dispatcherServlet'
[2m2020-10-22 16:08:02.114[0;39m [32m INFO [vt.qlkdtt-yte-ws,,,][0;39m [35m7232[0;39m [2m---[0;39m [2m[)-192.168.0.128][0;39m [36mo.s.web.servlet.DispatcherServlet       [0;39m [2m:[0;39m Initializing Servlet 'dispatcherServlet'
[2m2020-10-22 16:08:02.145[0;39m [32m INFO [vt.qlkdtt-yte-ws,,,][0;39m [35m7232[0;39m [2m---[0;39m [2m[)-192.168.0.128][0;39m [36mo.s.web.servlet.DispatcherServlet       [0;39m [2m:[0;39m Completed initialization in 31 ms
[2m2020-10-22 16:08:06.174[0;39m [32mDEBUG [vt.qlkdtt-yte-ws,a1ca1b5e06590250,a1ca1b5e06590250,false][0;39m [35m7232[0;39m [2m---[0;39m [2m[nio-8998-exec-1][0;39m [36mme.coong.web.filter.WebTracingFilter    [0;39m [2m:[0;39m GET /swagger-ui.html
[2m2020-10-22 16:08:06.282[0;39m [32mDEBUG [vt.qlkdtt-yte-ws,a1ca1b5e06590250,a1ca1b5e06590250,false][0;39m [35m7232[0;39m [2m---[0;39m [2m[nio-8998-exec-1][0;39m [36mme.coong.web.filter.WebTracingFilter    [0;39m [2m:[0;39m 200//108 ms
[2m2020-10-22 16:08:06.726[0;39m [32mDEBUG [vt.qlkdtt-yte-ws,d6a4a5a67ea996ba,d6a4a5a67ea996ba,false][0;39m [35m7232[0;39m [2m---[0;39m [2m[io-8998-exec-10][0;39m [36mme.coong.web.filter.WebTracingFilter    [0;39m [2m:[0;39m GET /swagger-resources
[2m2020-10-22 16:08:06.730[0;39m [32mDEBUG [vt.qlkdtt-yte-ws,d6a4a5a67ea996ba,d6a4a5a67ea996ba,false][0;39m [35m7232[0;39m [2m---[0;39m [2m[io-8998-exec-10][0;39m [36mme.coong.web.filter.WebTracingFilter    [0;39m [2m:[0;39m 200//4 ms
[2m2020-10-22 16:08:06.761[0;39m [32mDEBUG [vt.qlkdtt-yte-ws,383aa73fb90f4693,383aa73fb90f4693,false][0;39m [35m7232[0;39m [2m---[0;39m [2m[nio-8998-exec-1][0;39m [36mme.coong.web.filter.WebTracingFilter    [0;39m [2m:[0;39m GET /v2/api-docs
[2m2020-10-22 16:08:06.761[0;39m [32mDEBUG [vt.qlkdtt-yte-ws,26bceeeaf73ce71c,26bceeeaf73ce71c,false][0;39m [35m7232[0;39m [2m---[0;39m [2m[nio-8998-exec-2][0;39m [36mme.coong.web.filter.WebTracingFilter    [0;39m [2m:[0;39m GET /
[2m2020-10-22 16:08:06.844[0;39m [32mDEBUG [vt.qlkdtt-yte-ws,26bceeeaf73ce71c,26bceeeaf73ce71c,false][0;39m [35m7232[0;39m [2m---[0;39m [2m[nio-8998-exec-2][0;39m [36mme.coong.web.filter.WebTracingFilter    [0;39m [2m:[0;39m 200//83 ms
[2m2020-10-22 16:08:06.850[0;39m [32mDEBUG [vt.qlkdtt-yte-ws,80af9bcadc8bbecc,80af9bcadc8bbecc,false][0;39m [35m7232[0;39m [2m---[0;39m [2m[nio-8998-exec-6][0;39m [36mme.coong.web.filter.WebTracingFilter    [0;39m [2m:[0;39m GET /csrf
[2m2020-10-22 16:08:06.863[0;39m [32mDEBUG [vt.qlkdtt-yte-ws,80af9bcadc8bbecc,80af9bcadc8bbecc,false][0;39m [35m7232[0;39m [2m---[0;39m [2m[nio-8998-exec-6][0;39m [36mme.coong.web.filter.WebTracingFilter    [0;39m [2m:[0;39m 404//13 ms
[2m2020-10-22 16:08:06.965[0;39m [32mDEBUG [vt.qlkdtt-yte-ws,383aa73fb90f4693,383aa73fb90f4693,false][0;39m [35m7232[0;39m [2m---[0;39m [2m[nio-8998-exec-1][0;39m [36mme.coong.web.filter.WebTracingFilter    [0;39m [2m:[0;39m 200//204 ms
[2m2020-10-22 16:08:33.699[0;39m [32mDEBUG [vt.qlkdtt-yte-ws,2b9d6ded8f5be1d9,2b9d6ded8f5be1d9,false][0;39m [35m7232[0;39m [2m---[0;39m [2m[nio-8998-exec-6][0;39m [36mme.coong.web.filter.WebTracingFilter    [0;39m [2m:[0;39m GET /stock-good/getStockGoodByCode
[2m2020-10-22 16:08:33.926[0;39m [33m WARN [vt.qlkdtt-yte-ws,2b9d6ded8f5be1d9,2b9d6ded8f5be1d9,false][0;39m [35m7232[0;39m [2m---[0;39m [2m[nio-8998-exec-6][0;39m [36m.m.m.a.ExceptionHandlerExceptionResolver[0;39m [2m:[0;39m Resolved [java.lang.IndexOutOfBoundsException: Index: 0, Size: 0]
[2m2020-10-22 16:08:33.928[0;39m [32mDEBUG [vt.qlkdtt-yte-ws,2b9d6ded8f5be1d9,2b9d6ded8f5be1d9,false][0;39m [35m7232[0;39m [2m---[0;39m [2m[nio-8998-exec-6][0;39m [36mme.coong.web.filter.WebTracingFilter    [0;39m [2m:[0;39m 500//228 ms
[2m2020-10-22 16:12:46.054[0;39m [32m INFO [vt.qlkdtt-yte-ws,,,][0;39m [35m13608[0;39m [2m---[0;39m [2m[  restartedMain][0;39m [36m.e.DevToolsPropertyDefaultsPostProcessor[0;39m [2m:[0;39m Devtools property defaults active! Set 'spring.devtools.add-properties' to 'false' to disable
[2m2020-10-22 16:12:46.586[0;39m [32m INFO [vt.qlkdtt-yte-ws,,,][0;39m [35m13608[0;39m [2m---[0;39m [2m[  restartedMain][0;39m [36mvt.qlkdtt.yte.Application               [0;39m [2m:[0;39m No active profile set, falling back to default profiles: default
[2m2020-10-22 16:12:48.054[0;39m [32m INFO [vt.qlkdtt-yte-ws,,,][0;39m [35m13608[0;39m [2m---[0;39m [2m[  restartedMain][0;39m [36m.s.d.r.c.RepositoryConfigurationDelegate[0;39m [2m:[0;39m Bootstrapping Spring Data JPA repositories in DEFAULT mode.
[2m2020-10-22 16:12:48.367[0;39m [32m INFO [vt.qlkdtt-yte-ws,,,][0;39m [35m13608[0;39m [2m---[0;39m [2m[  restartedMain][0;39m [36m.s.d.r.c.RepositoryConfigurationDelegate[0;39m [2m:[0;39m Finished Spring Data repository scanning in 313ms. Found 30 JPA repository interfaces.
[2m2020-10-22 16:12:48.695[0;39m [32m INFO [vt.qlkdtt-yte-ws,,,][0;39m [35m13608[0;39m [2m---[0;39m [2m[  restartedMain][0;39m [36mo.s.cloud.context.scope.GenericScope    [0;39m [2m:[0;39m BeanFactory id=223f0ea7-1f33-3db0-9bd0-a5acab7ccf1a
[2m2020-10-22 16:12:48.961[0;39m [32m INFO [vt.qlkdtt-yte-ws,,,][0;39m [35m13608[0;39m [2m---[0;39m [2m[  restartedMain][0;39m [36mtrationDelegate$BeanPostProcessorChecker[0;39m [2m:[0;39m Bean 'org.springframework.transaction.annotation.ProxyTransactionManagementConfiguration' of type [org.springframework.transaction.annotation.ProxyTransactionManagementConfiguration$$EnhancerBySpringCGLIB$$87012686] is not eligible for getting processed by all BeanPostProcessors (for example: not eligible for auto-proxying)
[2m2020-10-22 16:12:48.992[0;39m [32m INFO [vt.qlkdtt-yte-ws,,,][0;39m [35m13608[0;39m [2m---[0;39m [2m[  restartedMain][0;39m [36mtrationDelegate$BeanPostProcessorChecker[0;39m [2m:[0;39m Bean 'org.springframework.hateoas.config.HateoasConfiguration' of type [org.springframework.hateoas.config.HateoasConfiguration$$EnhancerBySpringCGLIB$$68173b8] is not eligible for getting processed by all BeanPostProcessors (for example: not eligible for auto-proxying)
[2m2020-10-22 16:12:49.539[0;39m [32m INFO [vt.qlkdtt-yte-ws,,,][0;39m [35m13608[0;39m [2m---[0;39m [2m[  restartedMain][0;39m [36mo.s.b.w.embedded.tomcat.TomcatWebServer [0;39m [2m:[0;39m Tomcat initialized with port(s): 8998 (http)
[2m2020-10-22 16:12:49.554[0;39m [32m INFO [vt.qlkdtt-yte-ws,,,][0;39m [35m13608[0;39m [2m---[0;39m [2m[  restartedMain][0;39m [36mo.apache.catalina.core.StandardService  [0;39m [2m:[0;39m Starting service [Tomcat]
[2m2020-10-22 16:12:49.554[0;39m [32m INFO [vt.qlkdtt-yte-ws,,,][0;39m [35m13608[0;39m [2m---[0;39m [2m[  restartedMain][0;39m [36morg.apache.catalina.core.StandardEngine [0;39m [2m:[0;39m Starting Servlet engine: [Apache Tomcat/9.0.30]
[2m2020-10-22 16:12:49.679[0;39m [32m INFO [vt.qlkdtt-yte-ws,,,][0;39m [35m13608[0;39m [2m---[0;39m [2m[  restartedMain][0;39m [36mo.a.c.c.C.[Tomcat].[localhost].[/]      [0;39m [2m:[0;39m Initializing Spring embedded WebApplicationContext
[2m2020-10-22 16:12:49.679[0;39m [32m INFO [vt.qlkdtt-yte-ws,,,][0;39m [35m13608[0;39m [2m---[0;39m [2m[  restartedMain][0;39m [36mo.s.web.context.ContextLoader           [0;39m [2m:[0;39m Root WebApplicationContext: initialization completed in 3093 ms
[2m2020-10-22 16:12:51.757[0;39m [32mDEBUG [vt.qlkdtt-yte-ws,,,][0;39m [35m13608[0;39m [2m---[0;39m [2m[  restartedMain][0;39m [36mme.coong.web.filter.WebTracingFilter    [0;39m [2m:[0;39m Filter 'webTracingFilter' configured for use
[2m2020-10-22 16:12:51.882[0;39m [32m INFO [vt.qlkdtt-yte-ws,,,][0;39m [35m13608[0;39m [2m---[0;39m [2m[  restartedMain][0;39m [36mcom.zaxxer.hikari.HikariDataSource      [0;39m [2m:[0;39m HikariPool-1 - Starting...
[2m2020-10-22 16:12:51.992[0;39m [32m INFO [vt.qlkdtt-yte-ws,,,][0;39m [35m13608[0;39m [2m---[0;39m [2m[  restartedMain][0;39m [36mcom.zaxxer.hikari.HikariDataSource      [0;39m [2m:[0;39m HikariPool-1 - Start completed.
[2m2020-10-22 16:12:52.085[0;39m [32m INFO [vt.qlkdtt-yte-ws,,,][0;39m [35m13608[0;39m [2m---[0;39m [2m[  restartedMain][0;39m [36mo.hibernate.jpa.internal.util.LogHelper [0;39m [2m:[0;39m HHH000204: Processing PersistenceUnitInfo [
	name: default
	...]
[2m2020-10-22 16:12:52.148[0;39m [32m INFO [vt.qlkdtt-yte-ws,,,][0;39m [35m13608[0;39m [2m---[0;39m [2m[  restartedMain][0;39m [36morg.hibernate.Version                   [0;39m [2m:[0;39m HHH000412: Hibernate Core {5.3.15.Final}
[2m2020-10-22 16:12:52.148[0;39m [32m INFO [vt.qlkdtt-yte-ws,,,][0;39m [35m13608[0;39m [2m---[0;39m [2m[  restartedMain][0;39m [36morg.hibernate.cfg.Environment           [0;39m [2m:[0;39m HHH000206: hibernate.properties not found
[2m2020-10-22 16:12:52.242[0;39m [32m INFO [vt.qlkdtt-yte-ws,,,][0;39m [35m13608[0;39m [2m---[0;39m [2m[  restartedMain][0;39m [36mo.hibernate.annotations.common.Version  [0;39m [2m:[0;39m HCANN000001: Hibernate Commons Annotations {5.0.4.Final}
[2m2020-10-22 16:12:52.523[0;39m [32m INFO [vt.qlkdtt-yte-ws,,,][0;39m [35m13608[0;39m [2m---[0;39m [2m[  restartedMain][0;39m [36morg.hibernate.dialect.Dialect           [0;39m [2m:[0;39m HHH000400: Using dialect: org.hibernate.dialect.MariaDB103Dialect
[2m2020-10-22 16:12:54.257[0;39m [32m INFO [vt.qlkdtt-yte-ws,,,][0;39m [35m13608[0;39m [2m---[0;39m [2m[  restartedMain][0;39m [36mj.LocalContainerEntityManagerFactoryBean[0;39m [2m:[0;39m Initialized JPA EntityManagerFactory for persistence unit 'default'
[2m2020-10-22 16:12:54.351[0;39m [32m INFO [vt.qlkdtt-yte-ws,,,][0;39m [35m13608[0;39m [2m---[0;39m [2m[  restartedMain][0;39m [36mo.s.b.d.a.OptionalLiveReloadServer      [0;39m [2m:[0;39m LiveReload server is running on port 35729
[2m2020-10-22 16:12:56.429[0;39m [32m INFO [vt.qlkdtt-yte-ws,,,][0;39m [35m13608[0;39m [2m---[0;39m [2m[  restartedMain][0;39m [36mo.s.b.a.e.web.EndpointLinksResolver     [0;39m [2m:[0;39m Exposing 17 endpoint(s) beneath base path '/actuator'
[2m2020-10-22 16:12:56.773[0;39m [32m INFO [vt.qlkdtt-yte-ws,,,][0;39m [35m13608[0;39m [2m---[0;39m [2m[  restartedMain][0;39m [36mpertySourcedRequestMappingHandlerMapping[0;39m [2m:[0;39m Mapped URL path [/v2/api-docs] onto method [public org.springframework.http.ResponseEntity<springfox.documentation.spring.web.json.Json> springfox.documentation.swagger2.web.Swagger2Controller.getDocumentation(java.lang.String,javax.servlet.http.HttpServletRequest)]
[2m2020-10-22 16:12:57.069[0;39m [32m INFO [vt.qlkdtt-yte-ws,,,][0;39m [35m13608[0;39m [2m---[0;39m [2m[  restartedMain][0;39m [36mo.s.s.web.DefaultSecurityFilterChain    [0;39m [2m:[0;39m Creating filter chain: any request, [org.springframework.security.web.context.request.async.WebAsyncManagerIntegrationFilter@5c6acf9f, org.springframework.security.web.context.SecurityContextPersistenceFilter@2ebf322c, org.springframework.security.web.header.HeaderWriterFilter@6b4f3f78, org.springframework.web.filter.CorsFilter@43211dc6, org.springframework.web.filter.CharacterEncodingFilter@751a44d, org.springframework.security.web.authentication.logout.LogoutFilter@70a6ae1d, vt.qlkdtt.yte.security.jwt.JwtAuthenticationFilter@768564fa, org.springframework.security.web.savedrequest.RequestCacheAwareFilter@9f8cef8, org.springframework.security.web.servletapi.SecurityContextHolderAwareRequestFilter@6de0cd62, org.springframework.security.web.authentication.AnonymousAuthenticationFilter@728c043f, org.springframework.security.web.session.SessionManagementFilter@6d7a9da8, org.springframework.security.web.access.ExceptionTranslationFilter@8964922, org.springframework.security.web.access.intercept.FilterSecurityInterceptor@27ed0089]
[2m2020-10-22 16:12:57.101[0;39m [32m INFO [vt.qlkdtt-yte-ws,,,][0;39m [35m13608[0;39m [2m---[0;39m [2m[  restartedMain][0;39m [36mo.s.aop.framework.CglibAopProxy         [0;39m [2m:[0;39m Unable to proxy interface-implementing method [public final void org.springframework.web.filter.GenericFilterBean.init(javax.servlet.FilterConfig) throws javax.servlet.ServletException] because it is marked as final: Consider using interface-based JDK proxies instead!
[2m2020-10-22 16:12:57.335[0;39m [32m INFO [vt.qlkdtt-yte-ws,,,][0;39m [35m13608[0;39m [2m---[0;39m [2m[  restartedMain][0;39m [36mo.s.s.concurrent.ThreadPoolTaskExecutor [0;39m [2m:[0;39m Initializing ExecutorService 'applicationTaskExecutor'
[2m2020-10-22 16:12:58.710[0;39m [32m INFO [vt.qlkdtt-yte-ws,,,][0;39m [35m13608[0;39m [2m---[0;39m [2m[  restartedMain][0;39m [36md.s.w.p.DocumentationPluginsBootstrapper[0;39m [2m:[0;39m Context refreshed
[2m2020-10-22 16:12:58.725[0;39m [32m INFO [vt.qlkdtt-yte-ws,,,][0;39m [35m13608[0;39m [2m---[0;39m [2m[  restartedMain][0;39m [36md.s.w.p.DocumentationPluginsBootstrapper[0;39m [2m:[0;39m Found 1 custom documentation plugin(s)
[2m2020-10-22 16:12:58.757[0;39m [32m INFO [vt.qlkdtt-yte-ws,,,][0;39m [35m13608[0;39m [2m---[0;39m [2m[  restartedMain][0;39m [36ms.d.s.w.s.ApiListingReferenceScanner    [0;39m [2m:[0;39m Scanning for api listing references
[2m2020-10-22 16:12:58.944[0;39m [32m INFO [vt.qlkdtt-yte-ws,,,][0;39m [35m13608[0;39m [2m---[0;39m [2m[  restartedMain][0;39m [36m.d.s.w.r.o.CachingOperationNameGenerator[0;39m [2m:[0;39m Generating unique operation named: findByIdUsingGET_1
[2m2020-10-22 16:12:59.022[0;39m [32m INFO [vt.qlkdtt-yte-ws,,,][0;39m [35m13608[0;39m [2m---[0;39m [2m[  restartedMain][0;39m [36m.d.s.w.r.o.CachingOperationNameGenerator[0;39m [2m:[0;39m Generating unique operation named: findByIdUsingGET_2
[2m2020-10-22 16:12:59.022[0;39m [32m INFO [vt.qlkdtt-yte-ws,,,][0;39m [35m13608[0;39m [2m---[0;39m [2m[  restartedMain][0;39m [36m.d.s.w.r.o.CachingOperationNameGenerator[0;39m [2m:[0;39m Generating unique operation named: updateUsingPOST_1
[2m2020-10-22 16:12:59.054[0;39m [32m INFO [vt.qlkdtt-yte-ws,,,][0;39m [35m13608[0;39m [2m---[0;39m [2m[  restartedMain][0;39m [36m.d.s.w.r.o.CachingOperationNameGenerator[0;39m [2m:[0;39m Generating unique operation named: updateUsingPOST_2
[2m2020-10-22 16:12:59.054[0;39m [32m INFO [vt.qlkdtt-yte-ws,,,][0;39m [35m13608[0;39m [2m---[0;39m [2m[  restartedMain][0;39m [36m.d.s.w.r.o.CachingOperationNameGenerator[0;39m [2m:[0;39m Generating unique operation named: createUsingPOST_1
[2m2020-10-22 16:12:59.054[0;39m [32m INFO [vt.qlkdtt-yte-ws,,,][0;39m [35m13608[0;39m [2m---[0;39m [2m[  restartedMain][0;39m [36m.d.s.w.r.o.CachingOperationNameGenerator[0;39m [2m:[0;39m Generating unique operation named: deleteUsingDELETE_1
[2m2020-10-22 16:12:59.054[0;39m [32m INFO [vt.qlkdtt-yte-ws,,,][0;39m [35m13608[0;39m [2m---[0;39m [2m[  restartedMain][0;39m [36m.d.s.w.r.o.CachingOperationNameGenerator[0;39m [2m:[0;39m Generating unique operation named: updateUsingPOST_3
[2m2020-10-22 16:12:59.069[0;39m [32m INFO [vt.qlkdtt-yte-ws,,,][0;39m [35m13608[0;39m [2m---[0;39m [2m[  restartedMain][0;39m [36m.d.s.w.r.o.CachingOperationNameGenerator[0;39m [2m:[0;39m Generating unique operation named: findByCodeUsingGET_1
[2m2020-10-22 16:12:59.116[0;39m [32m INFO [vt.qlkdtt-yte-ws,,,][0;39m [35m13608[0;39m [2m---[0;39m [2m[  restartedMain][0;39m [36m.d.s.w.r.o.CachingOperationNameGenerator[0;39m [2m:[0;39m Generating unique operation named: findByIdUsingGET_3
[2m2020-10-22 16:12:59.147[0;39m [32m INFO [vt.qlkdtt-yte-ws,,,][0;39m [35m13608[0;39m [2m---[0;39m [2m[  restartedMain][0;39m [36m.d.s.w.r.o.CachingOperationNameGenerator[0;39m [2m:[0;39m Generating unique operation named: findByIdUsingGET_4
[2m2020-10-22 16:12:59.163[0;39m [32m INFO [vt.qlkdtt-yte-ws,,,][0;39m [35m13608[0;39m [2m---[0;39m [2m[  restartedMain][0;39m [36m.d.s.w.r.o.CachingOperationNameGenerator[0;39m [2m:[0;39m Generating unique operation named: changeProductStatusUsingPOST_1
[2m2020-10-22 16:12:59.179[0;39m [32m INFO [vt.qlkdtt-yte-ws,,,][0;39m [35m13608[0;39m [2m---[0;39m [2m[  restartedMain][0;39m [36m.d.s.w.r.o.CachingOperationNameGenerator[0;39m [2m:[0;39m Generating unique operation named: findByIdUsingGET_5
[2m2020-10-22 16:12:59.194[0;39m [32m INFO [vt.qlkdtt-yte-ws,,,][0;39m [35m13608[0;39m [2m---[0;39m [2m[  restartedMain][0;39m [36m.d.s.w.r.o.CachingOperationNameGenerator[0;39m [2m:[0;39m Generating unique operation named: deleteUsingDELETE_2
[2m2020-10-22 16:12:59.194[0;39m [32m INFO [vt.qlkdtt-yte-ws,,,][0;39m [35m13608[0;39m [2m---[0;39m [2m[  restartedMain][0;39m [36m.d.s.w.r.o.CachingOperationNameGenerator[0;39m [2m:[0;39m Generating unique operation named: deleteUsingDELETE_3
[2m2020-10-22 16:12:59.210[0;39m [32m INFO [vt.qlkdtt-yte-ws,,,][0;39m [35m13608[0;39m [2m---[0;39m [2m[  restartedMain][0;39m [36m.d.s.w.r.o.CachingOperationNameGenerator[0;39m [2m:[0;39m Generating unique operation named: insertUsingPOST_1
[2m2020-10-22 16:12:59.210[0;39m [32m INFO [vt.qlkdtt-yte-ws,,,][0;39m [35m13608[0;39m [2m---[0;39m [2m[  restartedMain][0;39m [36m.d.s.w.r.o.CachingOperationNameGenerator[0;39m [2m:[0;39m Generating unique operation named: updateUsingPUT_1
[2m2020-10-22 16:12:59.210[0;39m [32m INFO [vt.qlkdtt-yte-ws,,,][0;39m [35m13608[0;39m [2m---[0;39m [2m[  restartedMain][0;39m [36m.d.s.w.r.o.CachingOperationNameGenerator[0;39m [2m:[0;39m Generating unique operation named: findByIdUsingGET_6
[2m2020-10-22 16:12:59.257[0;39m [32m INFO [vt.qlkdtt-yte-ws,,,][0;39m [35m13608[0;39m [2m---[0;39m [2m[  restartedMain][0;39m [36mo.s.b.w.embedded.tomcat.TomcatWebServer [0;39m [2m:[0;39m Tomcat started on port(s): 8998 (http) with context path ''
[2m2020-10-22 16:12:59.554[0;39m [32m INFO [vt.qlkdtt-yte-ws,,,][0;39m [35m13608[0;39m [2m---[0;39m [2m[  restartedMain][0;39m [36mvt.qlkdtt.yte.Application               [0;39m [2m:[0;39m Started Application in 14.39 seconds (JVM running for 15.23)
[2m2020-10-22 16:12:59.897[0;39m [32m INFO [vt.qlkdtt-yte-ws,,,][0;39m [35m13608[0;39m [2m---[0;39m [2m[)-192.168.0.128][0;39m [36mo.a.c.c.C.[Tomcat].[localhost].[/]      [0;39m [2m:[0;39m Initializing Spring DispatcherServlet 'dispatcherServlet'
[2m2020-10-22 16:12:59.897[0;39m [32m INFO [vt.qlkdtt-yte-ws,,,][0;39m [35m13608[0;39m [2m---[0;39m [2m[)-192.168.0.128][0;39m [36mo.s.web.servlet.DispatcherServlet       [0;39m [2m:[0;39m Initializing Servlet 'dispatcherServlet'
[2m2020-10-22 16:12:59.929[0;39m [32m INFO [vt.qlkdtt-yte-ws,,,][0;39m [35m13608[0;39m [2m---[0;39m [2m[)-192.168.0.128][0;39m [36mo.s.web.servlet.DispatcherServlet       [0;39m [2m:[0;39m Completed initialization in 32 ms
[2m2020-10-22 16:13:05.148[0;39m [32mDEBUG [vt.qlkdtt-yte-ws,7b4ee6914e7e04b0,7b4ee6914e7e04b0,false][0;39m [35m13608[0;39m [2m---[0;39m [2m[nio-8998-exec-1][0;39m [36mme.coong.web.filter.WebTracingFilter    [0;39m [2m:[0;39m GET /swagger-ui.html
[2m2020-10-22 16:13:05.190[0;39m [32mDEBUG [vt.qlkdtt-yte-ws,7b4ee6914e7e04b0,7b4ee6914e7e04b0,false][0;39m [35m13608[0;39m [2m---[0;39m [2m[nio-8998-exec-1][0;39m [36mme.coong.web.filter.WebTracingFilter    [0;39m [2m:[0;39m 200//42 ms
[2m2020-10-22 16:13:05.504[0;39m [32mDEBUG [vt.qlkdtt-yte-ws,e1ba342fcd3c3d35,e1ba342fcd3c3d35,false][0;39m [35m13608[0;39m [2m---[0;39m [2m[io-8998-exec-10][0;39m [36mme.coong.web.filter.WebTracingFilter    [0;39m [2m:[0;39m GET /swagger-resources
[2m2020-10-22 16:13:05.509[0;39m [32mDEBUG [vt.qlkdtt-yte-ws,e1ba342fcd3c3d35,e1ba342fcd3c3d35,false][0;39m [35m13608[0;39m [2m---[0;39m [2m[io-8998-exec-10][0;39m [36mme.coong.web.filter.WebTracingFilter    [0;39m [2m:[0;39m 200//5 ms
[2m2020-10-22 16:13:05.545[0;39m [32mDEBUG [vt.qlkdtt-yte-ws,518f54b769b1d989,518f54b769b1d989,false][0;39m [35m13608[0;39m [2m---[0;39m [2m[nio-8998-exec-2][0;39m [36mme.coong.web.filter.WebTracingFilter    [0;39m [2m:[0;39m GET /
[2m2020-10-22 16:13:05.545[0;39m [32mDEBUG [vt.qlkdtt-yte-ws,3fbaf3db35110087,3fbaf3db35110087,false][0;39m [35m13608[0;39m [2m---[0;39m [2m[nio-8998-exec-1][0;39m [36mme.coong.web.filter.WebTracingFilter    [0;39m [2m:[0;39m GET /v2/api-docs
[2m2020-10-22 16:13:05.586[0;39m [32mDEBUG [vt.qlkdtt-yte-ws,518f54b769b1d989,518f54b769b1d989,false][0;39m [35m13608[0;39m [2m---[0;39m [2m[nio-8998-exec-2][0;39m [36mme.coong.web.filter.WebTracingFilter    [0;39m [2m:[0;39m 200//41 ms
[2m2020-10-22 16:13:05.595[0;39m [32mDEBUG [vt.qlkdtt-yte-ws,61885849a11cde6a,61885849a11cde6a,false][0;39m [35m13608[0;39m [2m---[0;39m [2m[nio-8998-exec-3][0;39m [36mme.coong.web.filter.WebTracingFilter    [0;39m [2m:[0;39m GET /csrf
[2m2020-10-22 16:13:05.599[0;39m [32mDEBUG [vt.qlkdtt-yte-ws,61885849a11cde6a,61885849a11cde6a,false][0;39m [35m13608[0;39m [2m---[0;39m [2m[nio-8998-exec-3][0;39m [36mme.coong.web.filter.WebTracingFilter    [0;39m [2m:[0;39m 404//4 ms
[2m2020-10-22 16:13:05.684[0;39m [32mDEBUG [vt.qlkdtt-yte-ws,3fbaf3db35110087,3fbaf3db35110087,false][0;39m [35m13608[0;39m [2m---[0;39m [2m[nio-8998-exec-1][0;39m [36mme.coong.web.filter.WebTracingFilter    [0;39m [2m:[0;39m 200//139 ms
[2m2020-10-22 16:13:23.082[0;39m [32mDEBUG [vt.qlkdtt-yte-ws,862549a80be21689,862549a80be21689,false][0;39m [35m13608[0;39m [2m---[0;39m [2m[nio-8998-exec-5][0;39m [36mme.coong.web.filter.WebTracingFilter    [0;39m [2m:[0;39m GET /area/getAreaByCode
[2m2020-10-22 16:13:23.191[0;39m [32mDEBUG [vt.qlkdtt-yte-ws,862549a80be21689,862549a80be21689,false][0;39m [35m13608[0;39m [2m---[0;39m [2m[nio-8998-exec-5][0;39m [36mme.coong.web.filter.WebTracingFilter    [0;39m [2m:[0;39m 204//109 ms
[2m2020-10-22 16:14:07.220[0;39m [32m INFO [vt.qlkdtt-yte-ws,,,][0;39m [35m13488[0;39m [2m---[0;39m [2m[  restartedMain][0;39m [36m.e.DevToolsPropertyDefaultsPostProcessor[0;39m [2m:[0;39m Devtools property defaults active! Set 'spring.devtools.add-properties' to 'false' to disable
[2m2020-10-22 16:14:07.751[0;39m [32m INFO [vt.qlkdtt-yte-ws,,,][0;39m [35m13488[0;39m [2m---[0;39m [2m[  restartedMain][0;39m [36mvt.qlkdtt.yte.Application               [0;39m [2m:[0;39m No active profile set, falling back to default profiles: default
[2m2020-10-22 16:14:09.298[0;39m [32m INFO [vt.qlkdtt-yte-ws,,,][0;39m [35m13488[0;39m [2m---[0;39m [2m[  restartedMain][0;39m [36m.s.d.r.c.RepositoryConfigurationDelegate[0;39m [2m:[0;39m Bootstrapping Spring Data JPA repositories in DEFAULT mode.
[2m2020-10-22 16:14:09.626[0;39m [32m INFO [vt.qlkdtt-yte-ws,,,][0;39m [35m13488[0;39m [2m---[0;39m [2m[  restartedMain][0;39m [36m.s.d.r.c.RepositoryConfigurationDelegate[0;39m [2m:[0;39m Finished Spring Data repository scanning in 328ms. Found 30 JPA repository interfaces.
[2m2020-10-22 16:14:09.970[0;39m [32m INFO [vt.qlkdtt-yte-ws,,,][0;39m [35m13488[0;39m [2m---[0;39m [2m[  restartedMain][0;39m [36mo.s.cloud.context.scope.GenericScope    [0;39m [2m:[0;39m BeanFactory id=223f0ea7-1f33-3db0-9bd0-a5acab7ccf1a
[2m2020-10-22 16:14:10.251[0;39m [32m INFO [vt.qlkdtt-yte-ws,,,][0;39m [35m13488[0;39m [2m---[0;39m [2m[  restartedMain][0;39m [36mtrationDelegate$BeanPostProcessorChecker[0;39m [2m:[0;39m Bean 'org.springframework.transaction.annotation.ProxyTransactionManagementConfiguration' of type [org.springframework.transaction.annotation.ProxyTransactionManagementConfiguration$$EnhancerBySpringCGLIB$$eece0a80] is not eligible for getting processed by all BeanPostProcessors (for example: not eligible for auto-proxying)
[2m2020-10-22 16:14:10.298[0;39m [32m INFO [vt.qlkdtt-yte-ws,,,][0;39m [35m13488[0;39m [2m---[0;39m [2m[  restartedMain][0;39m [36mtrationDelegate$BeanPostProcessorChecker[0;39m [2m:[0;39m Bean 'org.springframework.hateoas.config.HateoasConfiguration' of type [org.springframework.hateoas.config.HateoasConfiguration$$EnhancerBySpringCGLIB$$6e4e57b2] is not eligible for getting processed by all BeanPostProcessors (for example: not eligible for auto-proxying)
[2m2020-10-22 16:14:10.861[0;39m [32m INFO [vt.qlkdtt-yte-ws,,,][0;39m [35m13488[0;39m [2m---[0;39m [2m[  restartedMain][0;39m [36mo.s.b.w.embedded.tomcat.TomcatWebServer [0;39m [2m:[0;39m Tomcat initialized with port(s): 8998 (http)
[2m2020-10-22 16:14:10.892[0;39m [32m INFO [vt.qlkdtt-yte-ws,,,][0;39m [35m13488[0;39m [2m---[0;39m [2m[  restartedMain][0;39m [36mo.apache.catalina.core.StandardService  [0;39m [2m:[0;39m Starting service [Tomcat]
[2m2020-10-22 16:14:10.892[0;39m [32m INFO [vt.qlkdtt-yte-ws,,,][0;39m [35m13488[0;39m [2m---[0;39m [2m[  restartedMain][0;39m [36morg.apache.catalina.core.StandardEngine [0;39m [2m:[0;39m Starting Servlet engine: [Apache Tomcat/9.0.30]
[2m2020-10-22 16:14:11.001[0;39m [32m INFO [vt.qlkdtt-yte-ws,,,][0;39m [35m13488[0;39m [2m---[0;39m [2m[  restartedMain][0;39m [36mo.a.c.c.C.[Tomcat].[localhost].[/]      [0;39m [2m:[0;39m Initializing Spring embedded WebApplicationContext
[2m2020-10-22 16:14:11.001[0;39m [32m INFO [vt.qlkdtt-yte-ws,,,][0;39m [35m13488[0;39m [2m---[0;39m [2m[  restartedMain][0;39m [36mo.s.web.context.ContextLoader           [0;39m [2m:[0;39m Root WebApplicationContext: initialization completed in 3250 ms
[2m2020-10-22 16:14:13.282[0;39m [32mDEBUG [vt.qlkdtt-yte-ws,,,][0;39m [35m13488[0;39m [2m---[0;39m [2m[  restartedMain][0;39m [36mme.coong.web.filter.WebTracingFilter    [0;39m [2m:[0;39m Filter 'webTracingFilter' configured for use
[2m2020-10-22 16:14:13.407[0;39m [32m INFO [vt.qlkdtt-yte-ws,,,][0;39m [35m13488[0;39m [2m---[0;39m [2m[  restartedMain][0;39m [36mcom.zaxxer.hikari.HikariDataSource      [0;39m [2m:[0;39m HikariPool-1 - Starting...
[2m2020-10-22 16:14:13.517[0;39m [32m INFO [vt.qlkdtt-yte-ws,,,][0;39m [35m13488[0;39m [2m---[0;39m [2m[  restartedMain][0;39m [36mcom.zaxxer.hikari.HikariDataSource      [0;39m [2m:[0;39m HikariPool-1 - Start completed.
[2m2020-10-22 16:14:13.626[0;39m [32m INFO [vt.qlkdtt-yte-ws,,,][0;39m [35m13488[0;39m [2m---[0;39m [2m[  restartedMain][0;39m [36mo.hibernate.jpa.internal.util.LogHelper [0;39m [2m:[0;39m HHH000204: Processing PersistenceUnitInfo [
	name: default
	...]
[2m2020-10-22 16:14:13.688[0;39m [32m INFO [vt.qlkdtt-yte-ws,,,][0;39m [35m13488[0;39m [2m---[0;39m [2m[  restartedMain][0;39m [36morg.hibernate.Version                   [0;39m [2m:[0;39m HHH000412: Hibernate Core {5.3.15.Final}
[2m2020-10-22 16:14:13.688[0;39m [32m INFO [vt.qlkdtt-yte-ws,,,][0;39m [35m13488[0;39m [2m---[0;39m [2m[  restartedMain][0;39m [36morg.hibernate.cfg.Environment           [0;39m [2m:[0;39m HHH000206: hibernate.properties not found
[2m2020-10-22 16:14:13.782[0;39m [32m INFO [vt.qlkdtt-yte-ws,,,][0;39m [35m13488[0;39m [2m---[0;39m [2m[  restartedMain][0;39m [36mo.hibernate.annotations.common.Version  [0;39m [2m:[0;39m HCANN000001: Hibernate Commons Annotations {5.0.4.Final}
[2m2020-10-22 16:14:14.063[0;39m [32m INFO [vt.qlkdtt-yte-ws,,,][0;39m [35m13488[0;39m [2m---[0;39m [2m[  restartedMain][0;39m [36morg.hibernate.dialect.Dialect           [0;39m [2m:[0;39m HHH000400: Using dialect: org.hibernate.dialect.MariaDB103Dialect
[2m2020-10-22 16:14:16.141[0;39m [32m INFO [vt.qlkdtt-yte-ws,,,][0;39m [35m13488[0;39m [2m---[0;39m [2m[  restartedMain][0;39m [36mj.LocalContainerEntityManagerFactoryBean[0;39m [2m:[0;39m Initialized JPA EntityManagerFactory for persistence unit 'default'
[2m2020-10-22 16:14:16.251[0;39m [32m INFO [vt.qlkdtt-yte-ws,,,][0;39m [35m13488[0;39m [2m---[0;39m [2m[  restartedMain][0;39m [36mo.s.b.d.a.OptionalLiveReloadServer      [0;39m [2m:[0;39m LiveReload server is running on port 35729
[2m2020-10-22 16:14:18.360[0;39m [32m INFO [vt.qlkdtt-yte-ws,,,][0;39m [35m13488[0;39m [2m---[0;39m [2m[  restartedMain][0;39m [36mo.s.b.a.e.web.EndpointLinksResolver     [0;39m [2m:[0;39m Exposing 17 endpoint(s) beneath base path '/actuator'
[2m2020-10-22 16:14:18.735[0;39m [32m INFO [vt.qlkdtt-yte-ws,,,][0;39m [35m13488[0;39m [2m---[0;39m [2m[  restartedMain][0;39m [36mpertySourcedRequestMappingHandlerMapping[0;39m [2m:[0;39m Mapped URL path [/v2/api-docs] onto method [public org.springframework.http.ResponseEntity<springfox.documentation.spring.web.json.Json> springfox.documentation.swagger2.web.Swagger2Controller.getDocumentation(java.lang.String,javax.servlet.http.HttpServletRequest)]
[2m2020-10-22 16:14:19.032[0;39m [32m INFO [vt.qlkdtt-yte-ws,,,][0;39m [35m13488[0;39m [2m---[0;39m [2m[  restartedMain][0;39m [36mo.s.s.web.DefaultSecurityFilterChain    [0;39m [2m:[0;39m Creating filter chain: any request, [org.springframework.security.web.context.request.async.WebAsyncManagerIntegrationFilter@1c3e7fdb, org.springframework.security.web.context.SecurityContextPersistenceFilter@5ffbf1f3, org.springframework.security.web.header.HeaderWriterFilter@2d6f38ae, org.springframework.web.filter.CorsFilter@7ec63f6e, org.springframework.web.filter.CharacterEncodingFilter@7e8bb079, org.springframework.security.web.authentication.logout.LogoutFilter@490beebf, vt.qlkdtt.yte.security.jwt.JwtAuthenticationFilter@5289312b, org.springframework.security.web.savedrequest.RequestCacheAwareFilter@4fe6e625, org.springframework.security.web.servletapi.SecurityContextHolderAwareRequestFilter@68370024, org.springframework.security.web.authentication.AnonymousAuthenticationFilter@a87ae1, org.springframework.security.web.session.SessionManagementFilter@3db9889d, org.springframework.security.web.access.ExceptionTranslationFilter@65afec73, org.springframework.security.web.access.intercept.FilterSecurityInterceptor@47ef4df2]
[2m2020-10-22 16:14:19.047[0;39m [32m INFO [vt.qlkdtt-yte-ws,,,][0;39m [35m13488[0;39m [2m---[0;39m [2m[  restartedMain][0;39m [36mo.s.aop.framework.CglibAopProxy         [0;39m [2m:[0;39m Unable to proxy interface-implementing method [public final void org.springframework.web.filter.GenericFilterBean.init(javax.servlet.FilterConfig) throws javax.servlet.ServletException] because it is marked as final: Consider using interface-based JDK proxies instead!
[2m2020-10-22 16:14:19.297[0;39m [32m INFO [vt.qlkdtt-yte-ws,,,][0;39m [35m13488[0;39m [2m---[0;39m [2m[  restartedMain][0;39m [36mo.s.s.concurrent.ThreadPoolTaskExecutor [0;39m [2m:[0;39m Initializing ExecutorService 'applicationTaskExecutor'
[2m2020-10-22 16:14:20.735[0;39m [32m INFO [vt.qlkdtt-yte-ws,,,][0;39m [35m13488[0;39m [2m---[0;39m [2m[  restartedMain][0;39m [36md.s.w.p.DocumentationPluginsBootstrapper[0;39m [2m:[0;39m Context refreshed
[2m2020-10-22 16:14:20.766[0;39m [32m INFO [vt.qlkdtt-yte-ws,,,][0;39m [35m13488[0;39m [2m---[0;39m [2m[  restartedMain][0;39m [36md.s.w.p.DocumentationPluginsBootstrapper[0;39m [2m:[0;39m Found 1 custom documentation plugin(s)
[2m2020-10-22 16:14:20.797[0;39m [32m INFO [vt.qlkdtt-yte-ws,,,][0;39m [35m13488[0;39m [2m---[0;39m [2m[  restartedMain][0;39m [36ms.d.s.w.s.ApiListingReferenceScanner    [0;39m [2m:[0;39m Scanning for api listing references
[2m2020-10-22 16:14:20.985[0;39m [32m INFO [vt.qlkdtt-yte-ws,,,][0;39m [35m13488[0;39m [2m---[0;39m [2m[  restartedMain][0;39m [36m.d.s.w.r.o.CachingOperationNameGenerator[0;39m [2m:[0;39m Generating unique operation named: findByIdUsingGET_1
[2m2020-10-22 16:14:21.047[0;39m [32m INFO [vt.qlkdtt-yte-ws,,,][0;39m [35m13488[0;39m [2m---[0;39m [2m[  restartedMain][0;39m [36m.d.s.w.r.o.CachingOperationNameGenerator[0;39m [2m:[0;39m Generating unique operation named: findByIdUsingGET_2
[2m2020-10-22 16:14:21.047[0;39m [32m INFO [vt.qlkdtt-yte-ws,,,][0;39m [35m13488[0;39m [2m---[0;39m [2m[  restartedMain][0;39m [36m.d.s.w.r.o.CachingOperationNameGenerator[0;39m [2m:[0;39m Generating unique operation named: updateUsingPOST_1
[2m2020-10-22 16:14:21.079[0;39m [32m INFO [vt.qlkdtt-yte-ws,,,][0;39m [35m13488[0;39m [2m---[0;39m [2m[  restartedMain][0;39m [36m.d.s.w.r.o.CachingOperationNameGenerator[0;39m [2m:[0;39m Generating unique operation named: updateUsingPOST_2
[2m2020-10-22 16:14:21.079[0;39m [32m INFO [vt.qlkdtt-yte-ws,,,][0;39m [35m13488[0;39m [2m---[0;39m [2m[  restartedMain][0;39m [36m.d.s.w.r.o.CachingOperationNameGenerator[0;39m [2m:[0;39m Generating unique operation named: createUsingPOST_1
[2m2020-10-22 16:14:21.079[0;39m [32m INFO [vt.qlkdtt-yte-ws,,,][0;39m [35m13488[0;39m [2m---[0;39m [2m[  restartedMain][0;39m [36m.d.s.w.r.o.CachingOperationNameGenerator[0;39m [2m:[0;39m Generating unique operation named: deleteUsingDELETE_1
[2m2020-10-22 16:14:21.079[0;39m [32m INFO [vt.qlkdtt-yte-ws,,,][0;39m [35m13488[0;39m [2m---[0;39m [2m[  restartedMain][0;39m [36m.d.s.w.r.o.CachingOperationNameGenerator[0;39m [2m:[0;39m Generating unique operation named: updateUsingPOST_3
[2m2020-10-22 16:14:21.094[0;39m [32m INFO [vt.qlkdtt-yte-ws,,,][0;39m [35m13488[0;39m [2m---[0;39m [2m[  restartedMain][0;39m [36m.d.s.w.r.o.CachingOperationNameGenerator[0;39m [2m:[0;39m Generating unique operation named: findByCodeUsingGET_1
[2m2020-10-22 16:14:21.125[0;39m [32m INFO [vt.qlkdtt-yte-ws,,,][0;39m [35m13488[0;39m [2m---[0;39m [2m[  restartedMain][0;39m [36m.d.s.w.r.o.CachingOperationNameGenerator[0;39m [2m:[0;39m Generating unique operation named: findByIdUsingGET_3
[2m2020-10-22 16:14:21.141[0;39m [32m INFO [vt.qlkdtt-yte-ws,,,][0;39m [35m13488[0;39m [2m---[0;39m [2m[  restartedMain][0;39m [36m.d.s.w.r.o.CachingOperationNameGenerator[0;39m [2m:[0;39m Generating unique operation named: findByIdUsingGET_4
[2m2020-10-22 16:14:21.157[0;39m [32m INFO [vt.qlkdtt-yte-ws,,,][0;39m [35m13488[0;39m [2m---[0;39m [2m[  restartedMain][0;39m [36m.d.s.w.r.o.CachingOperationNameGenerator[0;39m [2m:[0;39m Generating unique operation named: changeProductStatusUsingPOST_1
[2m2020-10-22 16:14:21.172[0;39m [32m INFO [vt.qlkdtt-yte-ws,,,][0;39m [35m13488[0;39m [2m---[0;39m [2m[  restartedMain][0;39m [36m.d.s.w.r.o.CachingOperationNameGenerator[0;39m [2m:[0;39m Generating unique operation named: findByIdUsingGET_5
[2m2020-10-22 16:14:21.188[0;39m [32m INFO [vt.qlkdtt-yte-ws,,,][0;39m [35m13488[0;39m [2m---[0;39m [2m[  restartedMain][0;39m [36m.d.s.w.r.o.CachingOperationNameGenerator[0;39m [2m:[0;39m Generating unique operation named: deleteUsingDELETE_2
[2m2020-10-22 16:14:21.204[0;39m [32m INFO [vt.qlkdtt-yte-ws,,,][0;39m [35m13488[0;39m [2m---[0;39m [2m[  restartedMain][0;39m [36m.d.s.w.r.o.CachingOperationNameGenerator[0;39m [2m:[0;39m Generating unique operation named: deleteUsingDELETE_3
[2m2020-10-22 16:14:21.204[0;39m [32m INFO [vt.qlkdtt-yte-ws,,,][0;39m [35m13488[0;39m [2m---[0;39m [2m[  restartedMain][0;39m [36m.d.s.w.r.o.CachingOperationNameGenerator[0;39m [2m:[0;39m Generating unique operation named: insertUsingPOST_1
[2m2020-10-22 16:14:21.204[0;39m [32m INFO [vt.qlkdtt-yte-ws,,,][0;39m [35m13488[0;39m [2m---[0;39m [2m[  restartedMain][0;39m [36m.d.s.w.r.o.CachingOperationNameGenerator[0;39m [2m:[0;39m Generating unique operation named: updateUsingPUT_1
[2m2020-10-22 16:14:21.204[0;39m [32m INFO [vt.qlkdtt-yte-ws,,,][0;39m [35m13488[0;39m [2m---[0;39m [2m[  restartedMain][0;39m [36m.d.s.w.r.o.CachingOperationNameGenerator[0;39m [2m:[0;39m Generating unique operation named: findByIdUsingGET_6
[2m2020-10-22 16:14:21.250[0;39m [32m INFO [vt.qlkdtt-yte-ws,,,][0;39m [35m13488[0;39m [2m---[0;39m [2m[  restartedMain][0;39m [36mo.s.b.w.embedded.tomcat.TomcatWebServer [0;39m [2m:[0;39m Tomcat started on port(s): 8998 (http) with context path ''
[2m2020-10-22 16:14:21.532[0;39m [32m INFO [vt.qlkdtt-yte-ws,,,][0;39m [35m13488[0;39m [2m---[0;39m [2m[  restartedMain][0;39m [36mvt.qlkdtt.yte.Application               [0;39m [2m:[0;39m Started Application in 15.265 seconds (JVM running for 16.181)
[2m2020-10-22 16:14:22.453[0;39m [32m INFO [vt.qlkdtt-yte-ws,,,][0;39m [35m13488[0;39m [2m---[0;39m [2m[)-192.168.0.128][0;39m [36mo.a.c.c.C.[Tomcat].[localhost].[/]      [0;39m [2m:[0;39m Initializing Spring DispatcherServlet 'dispatcherServlet'
[2m2020-10-22 16:14:22.453[0;39m [32m INFO [vt.qlkdtt-yte-ws,,,][0;39m [35m13488[0;39m [2m---[0;39m [2m[)-192.168.0.128][0;39m [36mo.s.web.servlet.DispatcherServlet       [0;39m [2m:[0;39m Initializing Servlet 'dispatcherServlet'
[2m2020-10-22 16:14:22.485[0;39m [32m INFO [vt.qlkdtt-yte-ws,,,][0;39m [35m13488[0;39m [2m---[0;39m [2m[)-192.168.0.128][0;39m [36mo.s.web.servlet.DispatcherServlet       [0;39m [2m:[0;39m Completed initialization in 32 ms
[2m2020-10-22 16:16:32.413[0;39m [32m INFO [vt.qlkdtt-yte-ws,,,][0;39m [35m11596[0;39m [2m---[0;39m [2m[  restartedMain][0;39m [36m.e.DevToolsPropertyDefaultsPostProcessor[0;39m [2m:[0;39m Devtools property defaults active! Set 'spring.devtools.add-properties' to 'false' to disable
[2m2020-10-22 16:16:32.944[0;39m [32m INFO [vt.qlkdtt-yte-ws,,,][0;39m [35m11596[0;39m [2m---[0;39m [2m[  restartedMain][0;39m [36mvt.qlkdtt.yte.Application               [0;39m [2m:[0;39m No active profile set, falling back to default profiles: default
[2m2020-10-22 16:16:34.412[0;39m [32m INFO [vt.qlkdtt-yte-ws,,,][0;39m [35m11596[0;39m [2m---[0;39m [2m[  restartedMain][0;39m [36m.s.d.r.c.RepositoryConfigurationDelegate[0;39m [2m:[0;39m Bootstrapping Spring Data JPA repositories in DEFAULT mode.
[2m2020-10-22 16:16:34.741[0;39m [32m INFO [vt.qlkdtt-yte-ws,,,][0;39m [35m11596[0;39m [2m---[0;39m [2m[  restartedMain][0;39m [36m.s.d.r.c.RepositoryConfigurationDelegate[0;39m [2m:[0;39m Finished Spring Data repository scanning in 329ms. Found 30 JPA repository interfaces.
[2m2020-10-22 16:16:35.069[0;39m [32m INFO [vt.qlkdtt-yte-ws,,,][0;39m [35m11596[0;39m [2m---[0;39m [2m[  restartedMain][0;39m [36mo.s.cloud.context.scope.GenericScope    [0;39m [2m:[0;39m BeanFactory id=223f0ea7-1f33-3db0-9bd0-a5acab7ccf1a
[2m2020-10-22 16:16:35.334[0;39m [32m INFO [vt.qlkdtt-yte-ws,,,][0;39m [35m11596[0;39m [2m---[0;39m [2m[  restartedMain][0;39m [36mtrationDelegate$BeanPostProcessorChecker[0;39m [2m:[0;39m Bean 'org.springframework.transaction.annotation.ProxyTransactionManagementConfiguration' of type [org.springframework.transaction.annotation.ProxyTransactionManagementConfiguration$$EnhancerBySpringCGLIB$$e801947c] is not eligible for getting processed by all BeanPostProcessors (for example: not eligible for auto-proxying)
[2m2020-10-22 16:16:35.365[0;39m [32m INFO [vt.qlkdtt-yte-ws,,,][0;39m [35m11596[0;39m [2m---[0;39m [2m[  restartedMain][0;39m [36mtrationDelegate$BeanPostProcessorChecker[0;39m [2m:[0;39m Bean 'org.springframework.hateoas.config.HateoasConfiguration' of type [org.springframework.hateoas.config.HateoasConfiguration$$EnhancerBySpringCGLIB$$6781e1ae] is not eligible for getting processed by all BeanPostProcessors (for example: not eligible for auto-proxying)
[2m2020-10-22 16:16:35.928[0;39m [32m INFO [vt.qlkdtt-yte-ws,,,][0;39m [35m11596[0;39m [2m---[0;39m [2m[  restartedMain][0;39m [36mo.s.b.w.embedded.tomcat.TomcatWebServer [0;39m [2m:[0;39m Tomcat initialized with port(s): 8998 (http)
[2m2020-10-22 16:16:35.944[0;39m [32m INFO [vt.qlkdtt-yte-ws,,,][0;39m [35m11596[0;39m [2m---[0;39m [2m[  restartedMain][0;39m [36mo.apache.catalina.core.StandardService  [0;39m [2m:[0;39m Starting service [Tomcat]
[2m2020-10-22 16:16:35.944[0;39m [32m INFO [vt.qlkdtt-yte-ws,,,][0;39m [35m11596[0;39m [2m---[0;39m [2m[  restartedMain][0;39m [36morg.apache.catalina.core.StandardEngine [0;39m [2m:[0;39m Starting Servlet engine: [Apache Tomcat/9.0.30]
[2m2020-10-22 16:16:36.053[0;39m [32m INFO [vt.qlkdtt-yte-ws,,,][0;39m [35m11596[0;39m [2m---[0;39m [2m[  restartedMain][0;39m [36mo.a.c.c.C.[Tomcat].[localhost].[/]      [0;39m [2m:[0;39m Initializing Spring embedded WebApplicationContext
[2m2020-10-22 16:16:36.069[0;39m [32m INFO [vt.qlkdtt-yte-ws,,,][0;39m [35m11596[0;39m [2m---[0;39m [2m[  restartedMain][0;39m [36mo.s.web.context.ContextLoader           [0;39m [2m:[0;39m Root WebApplicationContext: initialization completed in 3125 ms
[2m2020-10-22 16:16:38.162[0;39m [32mDEBUG [vt.qlkdtt-yte-ws,,,][0;39m [35m11596[0;39m [2m---[0;39m [2m[  restartedMain][0;39m [36mme.coong.web.filter.WebTracingFilter    [0;39m [2m:[0;39m Filter 'webTracingFilter' configured for use
[2m2020-10-22 16:16:38.287[0;39m [32m INFO [vt.qlkdtt-yte-ws,,,][0;39m [35m11596[0;39m [2m---[0;39m [2m[  restartedMain][0;39m [36mcom.zaxxer.hikari.HikariDataSource      [0;39m [2m:[0;39m HikariPool-1 - Starting...
[2m2020-10-22 16:16:38.397[0;39m [32m INFO [vt.qlkdtt-yte-ws,,,][0;39m [35m11596[0;39m [2m---[0;39m [2m[  restartedMain][0;39m [36mcom.zaxxer.hikari.HikariDataSource      [0;39m [2m:[0;39m HikariPool-1 - Start completed.
[2m2020-10-22 16:16:38.490[0;39m [32m INFO [vt.qlkdtt-yte-ws,,,][0;39m [35m11596[0;39m [2m---[0;39m [2m[  restartedMain][0;39m [36mo.hibernate.jpa.internal.util.LogHelper [0;39m [2m:[0;39m HHH000204: Processing PersistenceUnitInfo [
	name: default
	...]
[2m2020-10-22 16:16:38.537[0;39m [32m INFO [vt.qlkdtt-yte-ws,,,][0;39m [35m11596[0;39m [2m---[0;39m [2m[  restartedMain][0;39m [36morg.hibernate.Version                   [0;39m [2m:[0;39m HHH000412: Hibernate Core {5.3.15.Final}
[2m2020-10-22 16:16:38.553[0;39m [32m INFO [vt.qlkdtt-yte-ws,,,][0;39m [35m11596[0;39m [2m---[0;39m [2m[  restartedMain][0;39m [36morg.hibernate.cfg.Environment           [0;39m [2m:[0;39m HHH000206: hibernate.properties not found
[2m2020-10-22 16:16:38.647[0;39m [32m INFO [vt.qlkdtt-yte-ws,,,][0;39m [35m11596[0;39m [2m---[0;39m [2m[  restartedMain][0;39m [36mo.hibernate.annotations.common.Version  [0;39m [2m:[0;39m HCANN000001: Hibernate Commons Annotations {5.0.4.Final}
[2m2020-10-22 16:16:38.943[0;39m [32m INFO [vt.qlkdtt-yte-ws,,,][0;39m [35m11596[0;39m [2m---[0;39m [2m[  restartedMain][0;39m [36morg.hibernate.dialect.Dialect           [0;39m [2m:[0;39m HHH000400: Using dialect: org.hibernate.dialect.MariaDB103Dialect
[2m2020-10-22 16:16:40.646[0;39m [32m INFO [vt.qlkdtt-yte-ws,,,][0;39m [35m11596[0;39m [2m---[0;39m [2m[  restartedMain][0;39m [36mj.LocalContainerEntityManagerFactoryBean[0;39m [2m:[0;39m Initialized JPA EntityManagerFactory for persistence unit 'default'
[2m2020-10-22 16:16:40.740[0;39m [32m INFO [vt.qlkdtt-yte-ws,,,][0;39m [35m11596[0;39m [2m---[0;39m [2m[  restartedMain][0;39m [36mo.s.b.d.a.OptionalLiveReloadServer      [0;39m [2m:[0;39m LiveReload server is running on port 35729
[2m2020-10-22 16:16:42.756[0;39m [32m INFO [vt.qlkdtt-yte-ws,,,][0;39m [35m11596[0;39m [2m---[0;39m [2m[  restartedMain][0;39m [36mo.s.b.a.e.web.EndpointLinksResolver     [0;39m [2m:[0;39m Exposing 17 endpoint(s) beneath base path '/actuator'
[2m2020-10-22 16:16:43.084[0;39m [32m INFO [vt.qlkdtt-yte-ws,,,][0;39m [35m11596[0;39m [2m---[0;39m [2m[  restartedMain][0;39m [36mpertySourcedRequestMappingHandlerMapping[0;39m [2m:[0;39m Mapped URL path [/v2/api-docs] onto method [public org.springframework.http.ResponseEntity<springfox.documentation.spring.web.json.Json> springfox.documentation.swagger2.web.Swagger2Controller.getDocumentation(java.lang.String,javax.servlet.http.HttpServletRequest)]
[2m2020-10-22 16:16:43.349[0;39m [32m INFO [vt.qlkdtt-yte-ws,,,][0;39m [35m11596[0;39m [2m---[0;39m [2m[  restartedMain][0;39m [36mo.s.s.web.DefaultSecurityFilterChain    [0;39m [2m:[0;39m Creating filter chain: any request, [org.springframework.security.web.context.request.async.WebAsyncManagerIntegrationFilter@6346d9d9, org.springframework.security.web.context.SecurityContextPersistenceFilter@29b1b475, org.springframework.security.web.header.HeaderWriterFilter@2245e96e, org.springframework.web.filter.CorsFilter@e6441c0, org.springframework.web.filter.CharacterEncodingFilter@6a732cb4, org.springframework.security.web.authentication.logout.LogoutFilter@14ba5761, vt.qlkdtt.yte.security.jwt.JwtAuthenticationFilter@4c0ee7d4, org.springframework.security.web.savedrequest.RequestCacheAwareFilter@24a266e0, org.springframework.security.web.servletapi.SecurityContextHolderAwareRequestFilter@1f8a0040, org.springframework.security.web.authentication.AnonymousAuthenticationFilter@1d6750c, org.springframework.security.web.session.SessionManagementFilter@f40f373, org.springframework.security.web.access.ExceptionTranslationFilter@3811e353, org.springframework.security.web.access.intercept.FilterSecurityInterceptor@3d07fd3d]
[2m2020-10-22 16:16:43.365[0;39m [32m INFO [vt.qlkdtt-yte-ws,,,][0;39m [35m11596[0;39m [2m---[0;39m [2m[  restartedMain][0;39m [36mo.s.aop.framework.CglibAopProxy         [0;39m [2m:[0;39m Unable to proxy interface-implementing method [public final void org.springframework.web.filter.GenericFilterBean.init(javax.servlet.FilterConfig) throws javax.servlet.ServletException] because it is marked as final: Consider using interface-based JDK proxies instead!
[2m2020-10-22 16:16:43.631[0;39m [32m INFO [vt.qlkdtt-yte-ws,,,][0;39m [35m11596[0;39m [2m---[0;39m [2m[  restartedMain][0;39m [36mo.s.s.concurrent.ThreadPoolTaskExecutor [0;39m [2m:[0;39m Initializing ExecutorService 'applicationTaskExecutor'
[2m2020-10-22 16:16:44.959[0;39m [32m INFO [vt.qlkdtt-yte-ws,,,][0;39m [35m11596[0;39m [2m---[0;39m [2m[  restartedMain][0;39m [36md.s.w.p.DocumentationPluginsBootstrapper[0;39m [2m:[0;39m Context refreshed
[2m2020-10-22 16:16:44.974[0;39m [32m INFO [vt.qlkdtt-yte-ws,,,][0;39m [35m11596[0;39m [2m---[0;39m [2m[  restartedMain][0;39m [36md.s.w.p.DocumentationPluginsBootstrapper[0;39m [2m:[0;39m Found 1 custom documentation plugin(s)
[2m2020-10-22 16:16:45.005[0;39m [32m INFO [vt.qlkdtt-yte-ws,,,][0;39m [35m11596[0;39m [2m---[0;39m [2m[  restartedMain][0;39m [36ms.d.s.w.s.ApiListingReferenceScanner    [0;39m [2m:[0;39m Scanning for api listing references
[2m2020-10-22 16:16:45.177[0;39m [32m INFO [vt.qlkdtt-yte-ws,,,][0;39m [35m11596[0;39m [2m---[0;39m [2m[  restartedMain][0;39m [36m.d.s.w.r.o.CachingOperationNameGenerator[0;39m [2m:[0;39m Generating unique operation named: findByIdUsingGET_1
[2m2020-10-22 16:16:45.240[0;39m [32m INFO [vt.qlkdtt-yte-ws,,,][0;39m [35m11596[0;39m [2m---[0;39m [2m[  restartedMain][0;39m [36m.d.s.w.r.o.CachingOperationNameGenerator[0;39m [2m:[0;39m Generating unique operation named: findByIdUsingGET_2
[2m2020-10-22 16:16:45.240[0;39m [32m INFO [vt.qlkdtt-yte-ws,,,][0;39m [35m11596[0;39m [2m---[0;39m [2m[  restartedMain][0;39m [36m.d.s.w.r.o.CachingOperationNameGenerator[0;39m [2m:[0;39m Generating unique operation named: updateUsingPOST_1
[2m2020-10-22 16:16:45.271[0;39m [32m INFO [vt.qlkdtt-yte-ws,,,][0;39m [35m11596[0;39m [2m---[0;39m [2m[  restartedMain][0;39m [36m.d.s.w.r.o.CachingOperationNameGenerator[0;39m [2m:[0;39m Generating unique operation named: updateUsingPOST_2
[2m2020-10-22 16:16:45.271[0;39m [32m INFO [vt.qlkdtt-yte-ws,,,][0;39m [35m11596[0;39m [2m---[0;39m [2m[  restartedMain][0;39m [36m.d.s.w.r.o.CachingOperationNameGenerator[0;39m [2m:[0;39m Generating unique operation named: createUsingPOST_1
[2m2020-10-22 16:16:45.271[0;39m [32m INFO [vt.qlkdtt-yte-ws,,,][0;39m [35m11596[0;39m [2m---[0;39m [2m[  restartedMain][0;39m [36m.d.s.w.r.o.CachingOperationNameGenerator[0;39m [2m:[0;39m Generating unique operation named: deleteUsingDELETE_1
[2m2020-10-22 16:16:45.271[0;39m [32m INFO [vt.qlkdtt-yte-ws,,,][0;39m [35m11596[0;39m [2m---[0;39m [2m[  restartedMain][0;39m [36m.d.s.w.r.o.CachingOperationNameGenerator[0;39m [2m:[0;39m Generating unique operation named: updateUsingPOST_3
[2m2020-10-22 16:16:45.287[0;39m [32m INFO [vt.qlkdtt-yte-ws,,,][0;39m [35m11596[0;39m [2m---[0;39m [2m[  restartedMain][0;39m [36m.d.s.w.r.o.CachingOperationNameGenerator[0;39m [2m:[0;39m Generating unique operation named: findByCodeUsingGET_1
[2m2020-10-22 16:16:45.318[0;39m [32m INFO [vt.qlkdtt-yte-ws,,,][0;39m [35m11596[0;39m [2m---[0;39m [2m[  restartedMain][0;39m [36m.d.s.w.r.o.CachingOperationNameGenerator[0;39m [2m:[0;39m Generating unique operation named: findByIdUsingGET_3
[2m2020-10-22 16:16:45.334[0;39m [32m INFO [vt.qlkdtt-yte-ws,,,][0;39m [35m11596[0;39m [2m---[0;39m [2m[  restartedMain][0;39m [36m.d.s.w.r.o.CachingOperationNameGenerator[0;39m [2m:[0;39m Generating unique operation named: findByIdUsingGET_4
[2m2020-10-22 16:16:45.349[0;39m [32m INFO [vt.qlkdtt-yte-ws,,,][0;39m [35m11596[0;39m [2m---[0;39m [2m[  restartedMain][0;39m [36m.d.s.w.r.o.CachingOperationNameGenerator[0;39m [2m:[0;39m Generating unique operation named: changeProductStatusUsingPOST_1
[2m2020-10-22 16:16:45.365[0;39m [32m INFO [vt.qlkdtt-yte-ws,,,][0;39m [35m11596[0;39m [2m---[0;39m [2m[  restartedMain][0;39m [36m.d.s.w.r.o.CachingOperationNameGenerator[0;39m [2m:[0;39m Generating unique operation named: findByIdUsingGET_5
[2m2020-10-22 16:16:45.380[0;39m [32m INFO [vt.qlkdtt-yte-ws,,,][0;39m [35m11596[0;39m [2m---[0;39m [2m[  restartedMain][0;39m [36m.d.s.w.r.o.CachingOperationNameGenerator[0;39m [2m:[0;39m Generating unique operation named: deleteUsingDELETE_2
[2m2020-10-22 16:16:45.396[0;39m [32m INFO [vt.qlkdtt-yte-ws,,,][0;39m [35m11596[0;39m [2m---[0;39m [2m[  restartedMain][0;39m [36m.d.s.w.r.o.CachingOperationNameGenerator[0;39m [2m:[0;39m Generating unique operation named: deleteUsingDELETE_3
[2m2020-10-22 16:16:45.396[0;39m [32m INFO [vt.qlkdtt-yte-ws,,,][0;39m [35m11596[0;39m [2m---[0;39m [2m[  restartedMain][0;39m [36m.d.s.w.r.o.CachingOperationNameGenerator[0;39m [2m:[0;39m Generating unique operation named: insertUsingPOST_1
[2m2020-10-22 16:16:45.396[0;39m [32m INFO [vt.qlkdtt-yte-ws,,,][0;39m [35m11596[0;39m [2m---[0;39m [2m[  restartedMain][0;39m [36m.d.s.w.r.o.CachingOperationNameGenerator[0;39m [2m:[0;39m Generating unique operation named: updateUsingPUT_1
[2m2020-10-22 16:16:45.396[0;39m [32m INFO [vt.qlkdtt-yte-ws,,,][0;39m [35m11596[0;39m [2m---[0;39m [2m[  restartedMain][0;39m [36m.d.s.w.r.o.CachingOperationNameGenerator[0;39m [2m:[0;39m Generating unique operation named: findByIdUsingGET_6
[2m2020-10-22 16:16:45.443[0;39m [32m INFO [vt.qlkdtt-yte-ws,,,][0;39m [35m11596[0;39m [2m---[0;39m [2m[  restartedMain][0;39m [36mo.s.b.w.embedded.tomcat.TomcatWebServer [0;39m [2m:[0;39m Tomcat started on port(s): 8998 (http) with context path ''
[2m2020-10-22 16:16:45.724[0;39m [32m INFO [vt.qlkdtt-yte-ws,,,][0;39m [35m11596[0;39m [2m---[0;39m [2m[  restartedMain][0;39m [36mvt.qlkdtt.yte.Application               [0;39m [2m:[0;39m Started Application in 14.171 seconds (JVM running for 15.044)
[2m2020-10-22 16:16:46.162[0;39m [32m INFO [vt.qlkdtt-yte-ws,,,][0;39m [35m11596[0;39m [2m---[0;39m [2m[)-192.168.0.128][0;39m [36mo.a.c.c.C.[Tomcat].[localhost].[/]      [0;39m [2m:[0;39m Initializing Spring DispatcherServlet 'dispatcherServlet'
[2m2020-10-22 16:16:46.162[0;39m [32m INFO [vt.qlkdtt-yte-ws,,,][0;39m [35m11596[0;39m [2m---[0;39m [2m[)-192.168.0.128][0;39m [36mo.s.web.servlet.DispatcherServlet       [0;39m [2m:[0;39m Initializing Servlet 'dispatcherServlet'
[2m2020-10-22 16:16:46.177[0;39m [32m INFO [vt.qlkdtt-yte-ws,,,][0;39m [35m11596[0;39m [2m---[0;39m [2m[)-192.168.0.128][0;39m [36mo.s.web.servlet.DispatcherServlet       [0;39m [2m:[0;39m Completed initialization in 15 ms
[2m2020-10-22 16:16:56.595[0;39m [32mDEBUG [vt.qlkdtt-yte-ws,4c0a7edc62927338,4c0a7edc62927338,false][0;39m [35m11596[0;39m [2m---[0;39m [2m[nio-8998-exec-1][0;39m [36mme.coong.web.filter.WebTracingFilter    [0;39m [2m:[0;39m GET /swagger-ui.html
[2m2020-10-22 16:16:56.638[0;39m [32mDEBUG [vt.qlkdtt-yte-ws,4c0a7edc62927338,4c0a7edc62927338,false][0;39m [35m11596[0;39m [2m---[0;39m [2m[nio-8998-exec-1][0;39m [36mme.coong.web.filter.WebTracingFilter    [0;39m [2m:[0;39m 200//43 ms
[2m2020-10-22 16:16:56.971[0;39m [32mDEBUG [vt.qlkdtt-yte-ws,91649fd65813d6c3,91649fd65813d6c3,false][0;39m [35m11596[0;39m [2m---[0;39m [2m[io-8998-exec-10][0;39m [36mme.coong.web.filter.WebTracingFilter    [0;39m [2m:[0;39m GET /swagger-resources
[2m2020-10-22 16:16:56.975[0;39m [32mDEBUG [vt.qlkdtt-yte-ws,91649fd65813d6c3,91649fd65813d6c3,false][0;39m [35m11596[0;39m [2m---[0;39m [2m[io-8998-exec-10][0;39m [36mme.coong.web.filter.WebTracingFilter    [0;39m [2m:[0;39m 200//4 ms
[2m2020-10-22 16:16:57.012[0;39m [32mDEBUG [vt.qlkdtt-yte-ws,19b69b8f87881d8d,19b69b8f87881d8d,false][0;39m [35m11596[0;39m [2m---[0;39m [2m[nio-8998-exec-1][0;39m [36mme.coong.web.filter.WebTracingFilter    [0;39m [2m:[0;39m GET /v2/api-docs
[2m2020-10-22 16:16:57.013[0;39m [32mDEBUG [vt.qlkdtt-yte-ws,f586117bcf0a2ea4,f586117bcf0a2ea4,false][0;39m [35m11596[0;39m [2m---[0;39m [2m[nio-8998-exec-2][0;39m [36mme.coong.web.filter.WebTracingFilter    [0;39m [2m:[0;39m GET /
[2m2020-10-22 16:16:57.055[0;39m [32mDEBUG [vt.qlkdtt-yte-ws,f586117bcf0a2ea4,f586117bcf0a2ea4,false][0;39m [35m11596[0;39m [2m---[0;39m [2m[nio-8998-exec-2][0;39m [36mme.coong.web.filter.WebTracingFilter    [0;39m [2m:[0;39m 200//43 ms
[2m2020-10-22 16:16:57.060[0;39m [32mDEBUG [vt.qlkdtt-yte-ws,bf5cc0b1d548f896,bf5cc0b1d548f896,false][0;39m [35m11596[0;39m [2m---[0;39m [2m[nio-8998-exec-3][0;39m [36mme.coong.web.filter.WebTracingFilter    [0;39m [2m:[0;39m GET /csrf
[2m2020-10-22 16:16:57.067[0;39m [32mDEBUG [vt.qlkdtt-yte-ws,bf5cc0b1d548f896,bf5cc0b1d548f896,false][0;39m [35m11596[0;39m [2m---[0;39m [2m[nio-8998-exec-3][0;39m [36mme.coong.web.filter.WebTracingFilter    [0;39m [2m:[0;39m 404//7 ms
[2m2020-10-22 16:16:57.153[0;39m [32mDEBUG [vt.qlkdtt-yte-ws,19b69b8f87881d8d,19b69b8f87881d8d,false][0;39m [35m11596[0;39m [2m---[0;39m [2m[nio-8998-exec-1][0;39m [36mme.coong.web.filter.WebTracingFilter    [0;39m [2m:[0;39m 200//141 ms
[2m2020-10-22 16:17:06.065[0;39m [32mDEBUG [vt.qlkdtt-yte-ws,c7d88737b21f3711,c7d88737b21f3711,false][0;39m [35m11596[0;39m [2m---[0;39m [2m[nio-8998-exec-3][0;39m [36mme.coong.web.filter.WebTracingFilter    [0;39m [2m:[0;39m GET /stock/get-stocks
[2m2020-10-22 16:17:06.153[0;39m [32mDEBUG [vt.qlkdtt-yte-ws,c7d88737b21f3711,c7d88737b21f3711,false][0;39m [35m11596[0;39m [2m---[0;39m [2m[nio-8998-exec-3][0;39m [36mme.coong.web.filter.WebTracingFilter    [0;39m [2m:[0;39m 200//88 ms
[2m2020-10-22 16:32:17.603[0;39m [32mDEBUG [vt.qlkdtt-yte-ws,3a9c3c12bfc83e06,3a9c3c12bfc83e06,false][0;39m [35m11596[0;39m [2m---[0;39m [2m[io-8998-exec-10][0;39m [36mme.coong.web.filter.WebTracingFilter    [0;39m [2m:[0;39m GET /stock/get-stocks
[2m2020-10-22 16:32:17.619[0;39m [32mDEBUG [vt.qlkdtt-yte-ws,3a9c3c12bfc83e06,3a9c3c12bfc83e06,false][0;39m [35m11596[0;39m [2m---[0;39m [2m[io-8998-exec-10][0;39m [36mme.coong.web.filter.WebTracingFilter    [0;39m [2m:[0;39m 200//16 ms
[2m2020-10-22 16:32:17.697[0;39m [32mDEBUG [vt.qlkdtt-yte-ws,67e2c488e73a25d9,67e2c488e73a25d9,false][0;39m [35m11596[0;39m [2m---[0;39m [2m[nio-8998-exec-6][0;39m [36mme.coong.web.filter.WebTracingFilter    [0;39m [2m:[0;39m GET /stock/get-stocks
[2m2020-10-22 16:32:17.704[0;39m [32mDEBUG [vt.qlkdtt-yte-ws,67e2c488e73a25d9,67e2c488e73a25d9,false][0;39m [35m11596[0;39m [2m---[0;39m [2m[nio-8998-exec-6][0;39m [36mme.coong.web.filter.WebTracingFilter    [0;39m [2m:[0;39m 200//7 ms
[2m2020-10-22 17:41:18.016[0;39m [33m WARN [vt.qlkdtt-yte-ws,,,][0;39m [35m11596[0;39m [2m---[0;39m [2m[l-1 housekeeper][0;39m [36mcom.zaxxer.hikari.pool.HikariPool       [0;39m [2m:[0;39m HikariPool-1 - Thread starvation or clock leap detected (housekeeper delta=22m38s369ms287µs600ns).
