[2m2020-11-03 14:06:01.283[0;39m [32m INFO [vt.qlkdtt-yte-ws,,,][0;39m [35m1756[0;39m [2m---[0;39m [2m[  restartedMain][0;39m [36m.e.DevToolsPropertyDefaultsPostProcessor[0;39m [2m:[0;39m Devtools property defaults active! Set 'spring.devtools.add-properties' to 'false' to disable
[2m2020-11-03 14:06:02.064[0;39m [32m INFO [vt.qlkdtt-yte-ws,,,][0;39m [35m1756[0;39m [2m---[0;39m [2m[  restartedMain][0;39m [36mvt.qlkdtt.yte.Application               [0;39m [2m:[0;39m No active profile set, falling back to default profiles: default
[2m2020-11-03 14:06:06.080[0;39m [32m INFO [vt.qlkdtt-yte-ws,,,][0;39m [35m1756[0;39m [2m---[0;39m [2m[  restartedMain][0;39m [36m.s.d.r.c.RepositoryConfigurationDelegate[0;39m [2m:[0;39m Bootstrapping Spring Data JPA repositories in DEFAULT mode.
[2m2020-11-03 14:06:06.517[0;39m [32m INFO [vt.qlkdtt-yte-ws,,,][0;39m [35m1756[0;39m [2m---[0;39m [2m[  restartedMain][0;39m [36m.s.d.r.c.RepositoryConfigurationDelegate[0;39m [2m:[0;39m Finished Spring Data repository scanning in 422ms. Found 31 JPA repository interfaces.
[2m2020-11-03 14:06:07.251[0;39m [32m INFO [vt.qlkdtt-yte-ws,,,][0;39m [35m1756[0;39m [2m---[0;39m [2m[  restartedMain][0;39m [36mo.s.cloud.context.scope.GenericScope    [0;39m [2m:[0;39m BeanFactory id=e11aae32-0079-3415-ad50-e6f3c4b678b5
[2m2020-11-03 14:06:07.595[0;39m [32m INFO [vt.qlkdtt-yte-ws,,,][0;39m [35m1756[0;39m [2m---[0;39m [2m[  restartedMain][0;39m [36mtrationDelegate$BeanPostProcessorChecker[0;39m [2m:[0;39m Bean 'org.springframework.transaction.annotation.ProxyTransactionManagementConfiguration' of type [org.springframework.transaction.annotation.ProxyTransactionManagementConfiguration$$EnhancerBySpringCGLIB$$679a00af] is not eligible for getting processed by all BeanPostProcessors (for example: not eligible for auto-proxying)
[2m2020-11-03 14:06:07.658[0;39m [32m INFO [vt.qlkdtt-yte-ws,,,][0;39m [35m1756[0;39m [2m---[0;39m [2m[  restartedMain][0;39m [36mtrationDelegate$BeanPostProcessorChecker[0;39m [2m:[0;39m Bean 'org.springframework.hateoas.config.HateoasConfiguration' of type [org.springframework.hateoas.config.HateoasConfiguration$$EnhancerBySpringCGLIB$$e71a4de1] is not eligible for getting processed by all BeanPostProcessors (for example: not eligible for auto-proxying)
[2m2020-11-03 14:06:08.486[0;39m [32m INFO [vt.qlkdtt-yte-ws,,,][0;39m [35m1756[0;39m [2m---[0;39m [2m[  restartedMain][0;39m [36mo.s.b.w.embedded.tomcat.TomcatWebServer [0;39m [2m:[0;39m Tomcat initialized with port(s): 8998 (http)
[2m2020-11-03 14:06:08.548[0;39m [32m INFO [vt.qlkdtt-yte-ws,,,][0;39m [35m1756[0;39m [2m---[0;39m [2m[  restartedMain][0;39m [36mo.apache.catalina.core.StandardService  [0;39m [2m:[0;39m Starting service [Tomcat]
[2m2020-11-03 14:06:08.548[0;39m [32m INFO [vt.qlkdtt-yte-ws,,,][0;39m [35m1756[0;39m [2m---[0;39m [2m[  restartedMain][0;39m [36morg.apache.catalina.core.StandardEngine [0;39m [2m:[0;39m Starting Servlet engine: [Apache Tomcat/9.0.30]
[2m2020-11-03 14:06:08.704[0;39m [32m INFO [vt.qlkdtt-yte-ws,,,][0;39m [35m1756[0;39m [2m---[0;39m [2m[  restartedMain][0;39m [36mo.a.c.c.C.[Tomcat].[localhost].[/]      [0;39m [2m:[0;39m Initializing Spring embedded WebApplicationContext
[2m2020-11-03 14:06:08.704[0;39m [32m INFO [vt.qlkdtt-yte-ws,,,][0;39m [35m1756[0;39m [2m---[0;39m [2m[  restartedMain][0;39m [36mo.s.web.context.ContextLoader           [0;39m [2m:[0;39m Root WebApplicationContext: initialization completed in 6608 ms
[2m2020-11-03 14:06:11.610[0;39m [32mDEBUG [vt.qlkdtt-yte-ws,,,][0;39m [35m1756[0;39m [2m---[0;39m [2m[  restartedMain][0;39m [36mme.coong.web.filter.WebTracingFilter    [0;39m [2m:[0;39m Filter 'webTracingFilter' configured for use
[2m2020-11-03 14:06:11.939[0;39m [32m INFO [vt.qlkdtt-yte-ws,,,][0;39m [35m1756[0;39m [2m---[0;39m [2m[  restartedMain][0;39m [36mcom.zaxxer.hikari.HikariDataSource      [0;39m [2m:[0;39m HikariPool-1 - Starting...
[2m2020-11-03 14:06:12.110[0;39m [32m INFO [vt.qlkdtt-yte-ws,,,][0;39m [35m1756[0;39m [2m---[0;39m [2m[  restartedMain][0;39m [36mcom.zaxxer.hikari.HikariDataSource      [0;39m [2m:[0;39m HikariPool-1 - Start completed.
[2m2020-11-03 14:06:12.314[0;39m [32m INFO [vt.qlkdtt-yte-ws,,,][0;39m [35m1756[0;39m [2m---[0;39m [2m[  restartedMain][0;39m [36mo.hibernate.jpa.internal.util.LogHelper [0;39m [2m:[0;39m HHH000204: Processing PersistenceUnitInfo [
	name: default
	...]
[2m2020-11-03 14:06:12.532[0;39m [32m INFO [vt.qlkdtt-yte-ws,,,][0;39m [35m1756[0;39m [2m---[0;39m [2m[  restartedMain][0;39m [36morg.hibernate.Version                   [0;39m [2m:[0;39m HHH000412: Hibernate Core {5.3.15.Final}
[2m2020-11-03 14:06:12.532[0;39m [32m INFO [vt.qlkdtt-yte-ws,,,][0;39m [35m1756[0;39m [2m---[0;39m [2m[  restartedMain][0;39m [36morg.hibernate.cfg.Environment           [0;39m [2m:[0;39m HHH000206: hibernate.properties not found
[2m2020-11-03 14:06:13.095[0;39m [32m INFO [vt.qlkdtt-yte-ws,,,][0;39m [35m1756[0;39m [2m---[0;39m [2m[  restartedMain][0;39m [36mo.hibernate.annotations.common.Version  [0;39m [2m:[0;39m HCANN000001: Hibernate Commons Annotations {5.0.4.Final}
[2m2020-11-03 14:06:13.548[0;39m [32m INFO [vt.qlkdtt-yte-ws,,,][0;39m [35m1756[0;39m [2m---[0;39m [2m[  restartedMain][0;39m [36morg.hibernate.dialect.Dialect           [0;39m [2m:[0;39m HHH000400: Using dialect: org.hibernate.dialect.MariaDB103Dialect
[2m2020-11-03 14:06:16.298[0;39m [32m INFO [vt.qlkdtt-yte-ws,,,][0;39m [35m1756[0;39m [2m---[0;39m [2m[  restartedMain][0;39m [36mj.LocalContainerEntityManagerFactoryBean[0;39m [2m:[0;39m Initialized JPA EntityManagerFactory for persistence unit 'default'
[2m2020-11-03 14:06:16.438[0;39m [32m INFO [vt.qlkdtt-yte-ws,,,][0;39m [35m1756[0;39m [2m---[0;39m [2m[  restartedMain][0;39m [36mo.s.b.d.a.OptionalLiveReloadServer      [0;39m [2m:[0;39m LiveReload server is running on port 35729
[2m2020-11-03 14:06:19.378[0;39m [32m INFO [vt.qlkdtt-yte-ws,,,][0;39m [35m1756[0;39m [2m---[0;39m [2m[  restartedMain][0;39m [36mo.s.b.a.e.web.EndpointLinksResolver     [0;39m [2m:[0;39m Exposing 17 endpoint(s) beneath base path '/actuator'
[2m2020-11-03 14:06:19.894[0;39m [32m INFO [vt.qlkdtt-yte-ws,,,][0;39m [35m1756[0;39m [2m---[0;39m [2m[  restartedMain][0;39m [36mpertySourcedRequestMappingHandlerMapping[0;39m [2m:[0;39m Mapped URL path [/v2/api-docs] onto method [public org.springframework.http.ResponseEntity<springfox.documentation.spring.web.json.Json> springfox.documentation.swagger2.web.Swagger2Controller.getDocumentation(java.lang.String,javax.servlet.http.HttpServletRequest)]
[2m2020-11-03 14:06:20.425[0;39m [32m INFO [vt.qlkdtt-yte-ws,,,][0;39m [35m1756[0;39m [2m---[0;39m [2m[  restartedMain][0;39m [36mo.s.s.web.DefaultSecurityFilterChain    [0;39m [2m:[0;39m Creating filter chain: any request, [org.springframework.security.web.context.request.async.WebAsyncManagerIntegrationFilter@47103219, org.springframework.security.web.context.SecurityContextPersistenceFilter@603a2374, org.springframework.security.web.header.HeaderWriterFilter@232e80ca, org.springframework.web.filter.CorsFilter@7ffbe43d, org.springframework.web.filter.CharacterEncodingFilter@77dc7b8f, org.springframework.security.web.authentication.logout.LogoutFilter@38c0b021, vt.qlkdtt.yte.security.jwt.JwtAuthenticationFilter@19561775, org.springframework.security.web.savedrequest.RequestCacheAwareFilter@53f4b4a2, org.springframework.security.web.servletapi.SecurityContextHolderAwareRequestFilter@9da6929, org.springframework.security.web.authentication.AnonymousAuthenticationFilter@4f564c9e, org.springframework.security.web.session.SessionManagementFilter@48ba5ad1, org.springframework.security.web.access.ExceptionTranslationFilter@34513f96, org.springframework.security.web.access.intercept.FilterSecurityInterceptor@572c358b]
[2m2020-11-03 14:06:20.440[0;39m [32m INFO [vt.qlkdtt-yte-ws,,,][0;39m [35m1756[0;39m [2m---[0;39m [2m[  restartedMain][0;39m [36mo.s.aop.framework.CglibAopProxy         [0;39m [2m:[0;39m Unable to proxy interface-implementing method [public final void org.springframework.web.filter.GenericFilterBean.init(javax.servlet.FilterConfig) throws javax.servlet.ServletException] because it is marked as final: Consider using interface-based JDK proxies instead!
[2m2020-11-03 14:06:20.815[0;39m [32m INFO [vt.qlkdtt-yte-ws,,,][0;39m [35m1756[0;39m [2m---[0;39m [2m[  restartedMain][0;39m [36mo.s.s.concurrent.ThreadPoolTaskExecutor [0;39m [2m:[0;39m Initializing ExecutorService 'applicationTaskExecutor'
[2m2020-11-03 14:06:22.815[0;39m [32m INFO [vt.qlkdtt-yte-ws,,,][0;39m [35m1756[0;39m [2m---[0;39m [2m[  restartedMain][0;39m [36md.s.w.p.DocumentationPluginsBootstrapper[0;39m [2m:[0;39m Context refreshed
[2m2020-11-03 14:06:22.862[0;39m [32m INFO [vt.qlkdtt-yte-ws,,,][0;39m [35m1756[0;39m [2m---[0;39m [2m[  restartedMain][0;39m [36md.s.w.p.DocumentationPluginsBootstrapper[0;39m [2m:[0;39m Found 1 custom documentation plugin(s)
[2m2020-11-03 14:06:22.925[0;39m [32m INFO [vt.qlkdtt-yte-ws,,,][0;39m [35m1756[0;39m [2m---[0;39m [2m[  restartedMain][0;39m [36ms.d.s.w.s.ApiListingReferenceScanner    [0;39m [2m:[0;39m Scanning for api listing references
[2m2020-11-03 14:06:23.221[0;39m [32m INFO [vt.qlkdtt-yte-ws,,,][0;39m [35m1756[0;39m [2m---[0;39m [2m[  restartedMain][0;39m [36m.d.s.w.r.o.CachingOperationNameGenerator[0;39m [2m:[0;39m Generating unique operation named: findByIdUsingGET_1
[2m2020-11-03 14:06:23.300[0;39m [32m INFO [vt.qlkdtt-yte-ws,,,][0;39m [35m1756[0;39m [2m---[0;39m [2m[  restartedMain][0;39m [36m.d.s.w.r.o.CachingOperationNameGenerator[0;39m [2m:[0;39m Generating unique operation named: findByIdUsingGET_2
[2m2020-11-03 14:06:23.300[0;39m [32m INFO [vt.qlkdtt-yte-ws,,,][0;39m [35m1756[0;39m [2m---[0;39m [2m[  restartedMain][0;39m [36m.d.s.w.r.o.CachingOperationNameGenerator[0;39m [2m:[0;39m Generating unique operation named: updateUsingPOST_1
[2m2020-11-03 14:06:23.331[0;39m [32m INFO [vt.qlkdtt-yte-ws,,,][0;39m [35m1756[0;39m [2m---[0;39m [2m[  restartedMain][0;39m [36m.d.s.w.r.o.CachingOperationNameGenerator[0;39m [2m:[0;39m Generating unique operation named: updateUsingPOST_2
[2m2020-11-03 14:06:23.331[0;39m [32m INFO [vt.qlkdtt-yte-ws,,,][0;39m [35m1756[0;39m [2m---[0;39m [2m[  restartedMain][0;39m [36m.d.s.w.r.o.CachingOperationNameGenerator[0;39m [2m:[0;39m Generating unique operation named: createUsingPOST_1
[2m2020-11-03 14:06:23.331[0;39m [32m INFO [vt.qlkdtt-yte-ws,,,][0;39m [35m1756[0;39m [2m---[0;39m [2m[  restartedMain][0;39m [36m.d.s.w.r.o.CachingOperationNameGenerator[0;39m [2m:[0;39m Generating unique operation named: deleteUsingDELETE_1
[2m2020-11-03 14:06:23.346[0;39m [32m INFO [vt.qlkdtt-yte-ws,,,][0;39m [35m1756[0;39m [2m---[0;39m [2m[  restartedMain][0;39m [36m.d.s.w.r.o.CachingOperationNameGenerator[0;39m [2m:[0;39m Generating unique operation named: updateUsingPOST_3
[2m2020-11-03 14:06:23.346[0;39m [32m INFO [vt.qlkdtt-yte-ws,,,][0;39m [35m1756[0;39m [2m---[0;39m [2m[  restartedMain][0;39m [36m.d.s.w.r.o.CachingOperationNameGenerator[0;39m [2m:[0;39m Generating unique operation named: findByCodeUsingGET_1
[2m2020-11-03 14:06:23.378[0;39m [32m INFO [vt.qlkdtt-yte-ws,,,][0;39m [35m1756[0;39m [2m---[0;39m [2m[  restartedMain][0;39m [36m.d.s.w.r.o.CachingOperationNameGenerator[0;39m [2m:[0;39m Generating unique operation named: deleteUsingDELETE_2
[2m2020-11-03 14:06:23.393[0;39m [32m INFO [vt.qlkdtt-yte-ws,,,][0;39m [35m1756[0;39m [2m---[0;39m [2m[  restartedMain][0;39m [36m.d.s.w.r.o.CachingOperationNameGenerator[0;39m [2m:[0;39m Generating unique operation named: findByIdUsingGET_3
[2m2020-11-03 14:06:23.409[0;39m [32m INFO [vt.qlkdtt-yte-ws,,,][0;39m [35m1756[0;39m [2m---[0;39m [2m[  restartedMain][0;39m [36m.d.s.w.r.o.CachingOperationNameGenerator[0;39m [2m:[0;39m Generating unique operation named: findByIdUsingGET_4
[2m2020-11-03 14:06:23.425[0;39m [32m INFO [vt.qlkdtt-yte-ws,,,][0;39m [35m1756[0;39m [2m---[0;39m [2m[  restartedMain][0;39m [36m.d.s.w.r.o.CachingOperationNameGenerator[0;39m [2m:[0;39m Generating unique operation named: changeProductStatusUsingPOST_1
[2m2020-11-03 14:06:23.456[0;39m [32m INFO [vt.qlkdtt-yte-ws,,,][0;39m [35m1756[0;39m [2m---[0;39m [2m[  restartedMain][0;39m [36m.d.s.w.r.o.CachingOperationNameGenerator[0;39m [2m:[0;39m Generating unique operation named: findByIdUsingGET_5
[2m2020-11-03 14:06:23.471[0;39m [32m INFO [vt.qlkdtt-yte-ws,,,][0;39m [35m1756[0;39m [2m---[0;39m [2m[  restartedMain][0;39m [36m.d.s.w.r.o.CachingOperationNameGenerator[0;39m [2m:[0;39m Generating unique operation named: deleteUsingDELETE_3
[2m2020-11-03 14:06:23.471[0;39m [32m INFO [vt.qlkdtt-yte-ws,,,][0;39m [35m1756[0;39m [2m---[0;39m [2m[  restartedMain][0;39m [36m.d.s.w.r.o.CachingOperationNameGenerator[0;39m [2m:[0;39m Generating unique operation named: insertUsingPOST_1
[2m2020-11-03 14:06:23.471[0;39m [32m INFO [vt.qlkdtt-yte-ws,,,][0;39m [35m1756[0;39m [2m---[0;39m [2m[  restartedMain][0;39m [36m.d.s.w.r.o.CachingOperationNameGenerator[0;39m [2m:[0;39m Generating unique operation named: updateUsingPUT_1
[2m2020-11-03 14:06:23.471[0;39m [32m INFO [vt.qlkdtt-yte-ws,,,][0;39m [35m1756[0;39m [2m---[0;39m [2m[  restartedMain][0;39m [36m.d.s.w.r.o.CachingOperationNameGenerator[0;39m [2m:[0;39m Generating unique operation named: deleteUsingDELETE_4
[2m2020-11-03 14:06:23.487[0;39m [32m INFO [vt.qlkdtt-yte-ws,,,][0;39m [35m1756[0;39m [2m---[0;39m [2m[  restartedMain][0;39m [36m.d.s.w.r.o.CachingOperationNameGenerator[0;39m [2m:[0;39m Generating unique operation named: insertUsingPOST_2
[2m2020-11-03 14:06:23.487[0;39m [32m INFO [vt.qlkdtt-yte-ws,,,][0;39m [35m1756[0;39m [2m---[0;39m [2m[  restartedMain][0;39m [36m.d.s.w.r.o.CachingOperationNameGenerator[0;39m [2m:[0;39m Generating unique operation named: updateUsingPUT_2
[2m2020-11-03 14:06:23.487[0;39m [32m INFO [vt.qlkdtt-yte-ws,,,][0;39m [35m1756[0;39m [2m---[0;39m [2m[  restartedMain][0;39m [36m.d.s.w.r.o.CachingOperationNameGenerator[0;39m [2m:[0;39m Generating unique operation named: findByIdUsingGET_6
[2m2020-11-03 14:06:23.565[0;39m [32m INFO [vt.qlkdtt-yte-ws,,,][0;39m [35m1756[0;39m [2m---[0;39m [2m[  restartedMain][0;39m [36mo.s.b.w.embedded.tomcat.TomcatWebServer [0;39m [2m:[0;39m Tomcat started on port(s): 8998 (http) with context path ''
[2m2020-11-03 14:06:23.862[0;39m [32m INFO [vt.qlkdtt-yte-ws,,,][0;39m [35m1756[0;39m [2m---[0;39m [2m[  restartedMain][0;39m [36mvt.qlkdtt.yte.Application               [0;39m [2m:[0;39m Started Application in 24.079 seconds (JVM running for 30.014)
[2m2020-11-03 14:06:24.565[0;39m [32m INFO [vt.qlkdtt-yte-ws,,,][0;39m [35m1756[0;39m [2m---[0;39m [2m[)-192.168.0.133][0;39m [36mo.a.c.c.C.[Tomcat].[localhost].[/]      [0;39m [2m:[0;39m Initializing Spring DispatcherServlet 'dispatcherServlet'
[2m2020-11-03 14:06:24.565[0;39m [32m INFO [vt.qlkdtt-yte-ws,,,][0;39m [35m1756[0;39m [2m---[0;39m [2m[)-192.168.0.133][0;39m [36mo.s.web.servlet.DispatcherServlet       [0;39m [2m:[0;39m Initializing Servlet 'dispatcherServlet'
[2m2020-11-03 14:06:24.581[0;39m [32m INFO [vt.qlkdtt-yte-ws,,,][0;39m [35m1756[0;39m [2m---[0;39m [2m[)-192.168.0.133][0;39m [36mo.s.web.servlet.DispatcherServlet       [0;39m [2m:[0;39m Completed initialization in 16 ms
[2m2020-11-03 14:06:33.189[0;39m [32mDEBUG [vt.qlkdtt-yte-ws,dab86a9a27eeb187,dab86a9a27eeb187,false][0;39m [35m1756[0;39m [2m---[0;39m [2m[nio-8998-exec-1][0;39m [36mme.coong.web.filter.WebTracingFilter    [0;39m [2m:[0;39m GET /swagger-ui.html
[2m2020-11-03 14:06:33.276[0;39m [32mDEBUG [vt.qlkdtt-yte-ws,dab86a9a27eeb187,dab86a9a27eeb187,false][0;39m [35m1756[0;39m [2m---[0;39m [2m[nio-8998-exec-1][0;39m [36mme.coong.web.filter.WebTracingFilter    [0;39m [2m:[0;39m 200//87 ms
[2m2020-11-03 14:06:33.673[0;39m [32mDEBUG [vt.qlkdtt-yte-ws,8dff2672f2acf586,8dff2672f2acf586,false][0;39m [35m1756[0;39m [2m---[0;39m [2m[io-8998-exec-10][0;39m [36mme.coong.web.filter.WebTracingFilter    [0;39m [2m:[0;39m GET /swagger-resources
[2m2020-11-03 14:06:33.677[0;39m [32mDEBUG [vt.qlkdtt-yte-ws,8dff2672f2acf586,8dff2672f2acf586,false][0;39m [35m1756[0;39m [2m---[0;39m [2m[io-8998-exec-10][0;39m [36mme.coong.web.filter.WebTracingFilter    [0;39m [2m:[0;39m 200//4 ms
[2m2020-11-03 14:06:33.709[0;39m [32mDEBUG [vt.qlkdtt-yte-ws,4521a688d475499f,4521a688d475499f,false][0;39m [35m1756[0;39m [2m---[0;39m [2m[nio-8998-exec-3][0;39m [36mme.coong.web.filter.WebTracingFilter    [0;39m [2m:[0;39m GET /
[2m2020-11-03 14:06:33.710[0;39m [32mDEBUG [vt.qlkdtt-yte-ws,71edc2f1ba4fd14b,71edc2f1ba4fd14b,false][0;39m [35m1756[0;39m [2m---[0;39m [2m[nio-8998-exec-1][0;39m [36mme.coong.web.filter.WebTracingFilter    [0;39m [2m:[0;39m GET /v2/api-docs
[2m2020-11-03 14:06:33.782[0;39m [32mDEBUG [vt.qlkdtt-yte-ws,4521a688d475499f,4521a688d475499f,false][0;39m [35m1756[0;39m [2m---[0;39m [2m[nio-8998-exec-3][0;39m [36mme.coong.web.filter.WebTracingFilter    [0;39m [2m:[0;39m 200//73 ms
[2m2020-11-03 14:06:33.787[0;39m [32mDEBUG [vt.qlkdtt-yte-ws,e570b81dd9b7b688,e570b81dd9b7b688,false][0;39m [35m1756[0;39m [2m---[0;39m [2m[nio-8998-exec-2][0;39m [36mme.coong.web.filter.WebTracingFilter    [0;39m [2m:[0;39m GET /csrf
[2m2020-11-03 14:06:33.791[0;39m [32mDEBUG [vt.qlkdtt-yte-ws,e570b81dd9b7b688,e570b81dd9b7b688,false][0;39m [35m1756[0;39m [2m---[0;39m [2m[nio-8998-exec-2][0;39m [36mme.coong.web.filter.WebTracingFilter    [0;39m [2m:[0;39m 404//4 ms
[2m2020-11-03 14:06:33.921[0;39m [32mDEBUG [vt.qlkdtt-yte-ws,71edc2f1ba4fd14b,71edc2f1ba4fd14b,false][0;39m [35m1756[0;39m [2m---[0;39m [2m[nio-8998-exec-1][0;39m [36mme.coong.web.filter.WebTracingFilter    [0;39m [2m:[0;39m 200//212 ms
[2m2020-11-03 14:06:45.089[0;39m [32m INFO [vt.qlkdtt-yte-ws,,,][0;39m [35m1756[0;39m [2m---[0;39m [2m[      Thread-59][0;39m [36mo.s.s.concurrent.ThreadPoolTaskExecutor [0;39m [2m:[0;39m Shutting down ExecutorService 'applicationTaskExecutor'
[2m2020-11-03 14:06:45.105[0;39m [32m INFO [vt.qlkdtt-yte-ws,,,][0;39m [35m1756[0;39m [2m---[0;39m [2m[      Thread-59][0;39m [36mj.LocalContainerEntityManagerFactoryBean[0;39m [2m:[0;39m Closing JPA EntityManagerFactory for persistence unit 'default'
[2m2020-11-03 14:06:45.105[0;39m [32m INFO [vt.qlkdtt-yte-ws,,,][0;39m [35m1756[0;39m [2m---[0;39m [2m[      Thread-59][0;39m [36mcom.zaxxer.hikari.HikariDataSource      [0;39m [2m:[0;39m HikariPool-1 - Shutdown initiated...
[2m2020-11-03 14:06:45.121[0;39m [32m INFO [vt.qlkdtt-yte-ws,,,][0;39m [35m1756[0;39m [2m---[0;39m [2m[      Thread-59][0;39m [36mcom.zaxxer.hikari.HikariDataSource      [0;39m [2m:[0;39m HikariPool-1 - Shutdown completed.
