2020-10-03 08:00:20.015  INFO [vt.qlkdtt-yte-ws,,,] 4172 --- [  restartedMain] .e.DevToolsPropertyDefaultsPostProcessor : Devtools property defaults active! Set 'spring.devtools.add-properties' to 'false' to disable
2020-10-03 08:00:20.968  INFO [vt.qlkdtt-yte-ws,,,] 4172 --- [  restartedMain] vt.qlkdtt.yte.Application                : No active profile set, falling back to default profiles: default
2020-10-03 08:00:25.139  INFO [vt.qlkdtt-yte-ws,,,] 4172 --- [  restartedMain] .s.d.r.c.RepositoryConfigurationDelegate : Bootstrapping Spring Data JPA repositories in DEFAULT mode.
2020-10-03 08:00:25.780  INFO [vt.qlkdtt-yte-ws,,,] 4172 --- [  restartedMain] .s.d.r.c.RepositoryConfigurationDelegate : Finished Spring Data repository scanning in 609ms. Found 28 JPA repository interfaces.
2020-10-03 08:00:26.796  INFO [vt.qlkdtt-yte-ws,,,] 4172 --- [  restartedMain] o.s.cloud.context.scope.GenericScope     : BeanFactory id=3482cb1b-89d5-32ac-85c9-69a2ac3deb12
2020-10-03 08:00:27.327  INFO [vt.qlkdtt-yte-ws,,,] 4172 --- [  restartedMain] trationDelegate$BeanPostProcessorChecker : Bean 'org.springframework.transaction.annotation.ProxyTransactionManagementConfiguration' of type [org.springframework.transaction.annotation.ProxyTransactionManagementConfiguration$$EnhancerBySpringCGLIB$$80660b0d] is not eligible for getting processed by all BeanPostProcessors (for example: not eligible for auto-proxying)
2020-10-03 08:00:27.405  INFO [vt.qlkdtt-yte-ws,,,] 4172 --- [  restartedMain] trationDelegate$BeanPostProcessorChecker : Bean 'org.springframework.hateoas.config.HateoasConfiguration' of type [org.springframework.hateoas.config.HateoasConfiguration$$EnhancerBySpringCGLIB$$ffe6583f] is not eligible for getting processed by all BeanPostProcessors (for example: not eligible for auto-proxying)
2020-10-03 08:00:28.936  INFO [vt.qlkdtt-yte-ws,,,] 4172 --- [  restartedMain] o.s.b.w.embedded.tomcat.TomcatWebServer  : Tomcat initialized with port(s): 8998 (http)
2020-10-03 08:00:29.014  INFO [vt.qlkdtt-yte-ws,,,] 4172 --- [  restartedMain] o.apache.catalina.core.StandardService   : Starting service [Tomcat]
2020-10-03 08:00:29.014  INFO [vt.qlkdtt-yte-ws,,,] 4172 --- [  restartedMain] org.apache.catalina.core.StandardEngine  : Starting Servlet engine: [Apache Tomcat/9.0.30]
2020-10-03 08:00:29.217  INFO [vt.qlkdtt-yte-ws,,,] 4172 --- [  restartedMain] o.a.c.c.C.[Tomcat].[localhost].[/]       : Initializing Spring embedded WebApplicationContext
2020-10-03 08:00:29.217  INFO [vt.qlkdtt-yte-ws,,,] 4172 --- [  restartedMain] o.s.web.context.ContextLoader            : Root WebApplicationContext: initialization completed in 8218 ms
2020-10-03 08:00:32.998 DEBUG [vt.qlkdtt-yte-ws,,,] 4172 --- [  restartedMain] me.coong.web.filter.WebTracingFilter     : Filter 'webTracingFilter' configured for use
2020-10-03 08:00:33.342  INFO [vt.qlkdtt-yte-ws,,,] 4172 --- [  restartedMain] com.zaxxer.hikari.HikariDataSource       : HikariPool-1 - Starting...
2020-10-03 08:00:33.623  INFO [vt.qlkdtt-yte-ws,,,] 4172 --- [  restartedMain] com.zaxxer.hikari.HikariDataSource       : HikariPool-1 - Start completed.
2020-10-03 08:00:33.842  INFO [vt.qlkdtt-yte-ws,,,] 4172 --- [  restartedMain] o.hibernate.jpa.internal.util.LogHelper  : HHH000204: Processing PersistenceUnitInfo [
	name: default
	...]
2020-10-03 08:00:34.061  INFO [vt.qlkdtt-yte-ws,,,] 4172 --- [  restartedMain] org.hibernate.Version                    : HHH000412: Hibernate Core {5.3.15.Final}
2020-10-03 08:00:34.061  INFO [vt.qlkdtt-yte-ws,,,] 4172 --- [  restartedMain] org.hibernate.cfg.Environment            : HHH000206: hibernate.properties not found
2020-10-03 08:00:34.607  INFO [vt.qlkdtt-yte-ws,,,] 4172 --- [  restartedMain] o.hibernate.annotations.common.Version   : HCANN000001: Hibernate Commons Annotations {5.0.4.Final}
2020-10-03 08:00:35.295  INFO [vt.qlkdtt-yte-ws,,,] 4172 --- [  restartedMain] org.hibernate.dialect.Dialect            : HHH000400: Using dialect: org.hibernate.dialect.MariaDB103Dialect
2020-10-03 08:00:37.967  INFO [vt.qlkdtt-yte-ws,,,] 4172 --- [  restartedMain] j.LocalContainerEntityManagerFactoryBean : Initialized JPA EntityManagerFactory for persistence unit 'default'
2020-10-03 08:00:38.045  INFO [vt.qlkdtt-yte-ws,,,] 4172 --- [  restartedMain] o.s.b.d.a.OptionalLiveReloadServer       : LiveReload server is running on port 35729
2020-10-03 08:00:41.966  INFO [vt.qlkdtt-yte-ws,,,] 4172 --- [  restartedMain] o.s.b.a.e.web.EndpointLinksResolver      : Exposing 17 endpoint(s) beneath base path '/actuator'
2020-10-03 08:00:42.513  INFO [vt.qlkdtt-yte-ws,,,] 4172 --- [  restartedMain] pertySourcedRequestMappingHandlerMapping : Mapped URL path [/v2/api-docs] onto method [public org.springframework.http.ResponseEntity<springfox.documentation.spring.web.json.Json> springfox.documentation.swagger2.web.Swagger2Controller.getDocumentation(java.lang.String,javax.servlet.http.HttpServletRequest)]
2020-10-03 08:00:43.201  INFO [vt.qlkdtt-yte-ws,,,] 4172 --- [  restartedMain] o.s.s.web.DefaultSecurityFilterChain     : Creating filter chain: any request, [org.springframework.security.web.context.request.async.WebAsyncManagerIntegrationFilter@12f89254, org.springframework.security.web.context.SecurityContextPersistenceFilter@68d76437, org.springframework.security.web.header.HeaderWriterFilter@4ac110ce, org.springframework.web.filter.CorsFilter@651c1f81, org.springframework.web.filter.CharacterEncodingFilter@2fec9b23, org.springframework.security.web.authentication.logout.LogoutFilter@4f0cf95d, vt.qlkdtt.yte.security.jwt.JwtAuthenticationFilter@580d9ab3, org.springframework.security.web.savedrequest.RequestCacheAwareFilter@217327ba, org.springframework.security.web.servletapi.SecurityContextHolderAwareRequestFilter@18b2b1db, org.springframework.security.web.authentication.AnonymousAuthenticationFilter@32a7daf3, org.springframework.security.web.session.SessionManagementFilter@ee10d6, org.springframework.security.web.access.ExceptionTranslationFilter@40ddf3ea, org.springframework.security.web.access.intercept.FilterSecurityInterceptor@32082bd5]
2020-10-03 08:00:43.216  INFO [vt.qlkdtt-yte-ws,,,] 4172 --- [  restartedMain] o.s.aop.framework.CglibAopProxy          : Unable to proxy interface-implementing method [public final void org.springframework.web.filter.GenericFilterBean.init(javax.servlet.FilterConfig) throws javax.servlet.ServletException] because it is marked as final: Consider using interface-based JDK proxies instead!
2020-10-03 08:00:43.638  INFO [vt.qlkdtt-yte-ws,,,] 4172 --- [  restartedMain] o.s.s.concurrent.ThreadPoolTaskExecutor  : Initializing ExecutorService 'applicationTaskExecutor'
2020-10-03 08:00:45.669  INFO [vt.qlkdtt-yte-ws,,,] 4172 --- [  restartedMain] d.s.w.p.DocumentationPluginsBootstrapper : Context refreshed
2020-10-03 08:00:45.716  INFO [vt.qlkdtt-yte-ws,,,] 4172 --- [  restartedMain] d.s.w.p.DocumentationPluginsBootstrapper : Found 1 custom documentation plugin(s)
2020-10-03 08:00:45.779  INFO [vt.qlkdtt-yte-ws,,,] 4172 --- [  restartedMain] s.d.s.w.s.ApiListingReferenceScanner     : Scanning for api listing references
2020-10-03 08:00:46.075  INFO [vt.qlkdtt-yte-ws,,,] 4172 --- [  restartedMain] .d.s.w.r.o.CachingOperationNameGenerator : Generating unique operation named: findByIdUsingGET_1
2020-10-03 08:00:46.216  INFO [vt.qlkdtt-yte-ws,,,] 4172 --- [  restartedMain] .d.s.w.r.o.CachingOperationNameGenerator : Generating unique operation named: findByIdUsingGET_2
2020-10-03 08:00:46.232  INFO [vt.qlkdtt-yte-ws,,,] 4172 --- [  restartedMain] .d.s.w.r.o.CachingOperationNameGenerator : Generating unique operation named: updateUsingPOST_1
2020-10-03 08:00:46.263  INFO [vt.qlkdtt-yte-ws,,,] 4172 --- [  restartedMain] .d.s.w.r.o.CachingOperationNameGenerator : Generating unique operation named: updateUsingPOST_2
2020-10-03 08:00:46.279  INFO [vt.qlkdtt-yte-ws,,,] 4172 --- [  restartedMain] .d.s.w.r.o.CachingOperationNameGenerator : Generating unique operation named: createUsingPOST_1
2020-10-03 08:00:46.279  INFO [vt.qlkdtt-yte-ws,,,] 4172 --- [  restartedMain] .d.s.w.r.o.CachingOperationNameGenerator : Generating unique operation named: deleteUsingDELETE_1
2020-10-03 08:00:46.279  INFO [vt.qlkdtt-yte-ws,,,] 4172 --- [  restartedMain] .d.s.w.r.o.CachingOperationNameGenerator : Generating unique operation named: updateUsingPOST_3
2020-10-03 08:00:46.279  INFO [vt.qlkdtt-yte-ws,,,] 4172 --- [  restartedMain] .d.s.w.r.o.CachingOperationNameGenerator : Generating unique operation named: findByCodeUsingGET_1
2020-10-03 08:00:46.341  INFO [vt.qlkdtt-yte-ws,,,] 4172 --- [  restartedMain] .d.s.w.r.o.CachingOperationNameGenerator : Generating unique operation named: findByIdUsingGET_3
2020-10-03 08:00:46.372  INFO [vt.qlkdtt-yte-ws,,,] 4172 --- [  restartedMain] .d.s.w.r.o.CachingOperationNameGenerator : Generating unique operation named: findByIdUsingGET_4
2020-10-03 08:00:46.403  INFO [vt.qlkdtt-yte-ws,,,] 4172 --- [  restartedMain] .d.s.w.r.o.CachingOperationNameGenerator : Generating unique operation named: changeProductStatusUsingPOST_1
2020-10-03 08:00:46.419  INFO [vt.qlkdtt-yte-ws,,,] 4172 --- [  restartedMain] .d.s.w.r.o.CachingOperationNameGenerator : Generating unique operation named: findByIdUsingGET_5
2020-10-03 08:00:46.466  INFO [vt.qlkdtt-yte-ws,,,] 4172 --- [  restartedMain] .d.s.w.r.o.CachingOperationNameGenerator : Generating unique operation named: findByIdUsingGET_6
2020-10-03 08:00:46.528  INFO [vt.qlkdtt-yte-ws,,,] 4172 --- [  restartedMain] o.s.b.w.embedded.tomcat.TomcatWebServer  : Tomcat started on port(s): 8998 (http) with context path ''
2020-10-03 08:00:46.810  INFO [vt.qlkdtt-yte-ws,,,] 4172 --- [  restartedMain] vt.qlkdtt.yte.Application                : Started Application in 29.342 seconds (JVM running for 31.933)
2020-10-03 08:01:05.552  INFO [vt.qlkdtt-yte-ws,,,] 4172 --- [nio-8998-exec-1] o.a.c.c.C.[Tomcat].[localhost].[/]       : Initializing Spring DispatcherServlet 'dispatcherServlet'
2020-10-03 08:01:05.552  INFO [vt.qlkdtt-yte-ws,,,] 4172 --- [nio-8998-exec-1] o.s.web.servlet.DispatcherServlet        : Initializing Servlet 'dispatcherServlet'
2020-10-03 08:01:05.592  INFO [vt.qlkdtt-yte-ws,,,] 4172 --- [nio-8998-exec-1] o.s.web.servlet.DispatcherServlet        : Completed initialization in 40 ms
2020-10-03 08:01:05.652 DEBUG [vt.qlkdtt-yte-ws,4d0b9d8c60c6a2c4,4d0b9d8c60c6a2c4,false] 4172 --- [nio-8998-exec-1] me.coong.web.filter.WebTracingFilter     : GET /swagger-ui.html
2020-10-03 08:01:05.760 DEBUG [vt.qlkdtt-yte-ws,4d0b9d8c60c6a2c4,4d0b9d8c60c6a2c4,false] 4172 --- [nio-8998-exec-1] me.coong.web.filter.WebTracingFilter     : 200//108 ms
2020-10-03 08:01:06.300 DEBUG [vt.qlkdtt-yte-ws,9376b23be2683a10,9376b23be2683a10,false] 4172 --- [nio-8998-exec-9] me.coong.web.filter.WebTracingFilter     : GET /swagger-resources
2020-10-03 08:01:06.308 DEBUG [vt.qlkdtt-yte-ws,9376b23be2683a10,9376b23be2683a10,false] 4172 --- [nio-8998-exec-9] me.coong.web.filter.WebTracingFilter     : 200//8 ms
2020-10-03 08:01:06.344 DEBUG [vt.qlkdtt-yte-ws,8387cb455a9a7bbc,8387cb455a9a7bbc,false] 4172 --- [nio-8998-exec-1] me.coong.web.filter.WebTracingFilter     : GET /
2020-10-03 08:01:06.344 DEBUG [vt.qlkdtt-yte-ws,6cd86cd8921be8e3,6cd86cd8921be8e3,false] 4172 --- [io-8998-exec-10] me.coong.web.filter.WebTracingFilter     : GET /v2/api-docs
2020-10-03 08:01:06.436 DEBUG [vt.qlkdtt-yte-ws,8387cb455a9a7bbc,8387cb455a9a7bbc,false] 4172 --- [nio-8998-exec-1] me.coong.web.filter.WebTracingFilter     : 200//92 ms
2020-10-03 08:01:06.440 DEBUG [vt.qlkdtt-yte-ws,2ef515702ec2a30c,2ef515702ec2a30c,false] 4172 --- [nio-8998-exec-3] me.coong.web.filter.WebTracingFilter     : GET /csrf
2020-10-03 08:01:06.452 DEBUG [vt.qlkdtt-yte-ws,2ef515702ec2a30c,2ef515702ec2a30c,false] 4172 --- [nio-8998-exec-3] me.coong.web.filter.WebTracingFilter     : 404//12 ms
2020-10-03 08:01:06.624 DEBUG [vt.qlkdtt-yte-ws,6cd86cd8921be8e3,6cd86cd8921be8e3,false] 4172 --- [io-8998-exec-10] me.coong.web.filter.WebTracingFilter     : 200//280 ms
2020-10-03 08:01:08.009 DEBUG [vt.qlkdtt-yte-ws,3138d9d656ef20fa,3138d9d656ef20fa,false] 4172 --- [nio-8998-exec-7] me.coong.web.filter.WebTracingFilter     : GET /swagger-ui.html
2020-10-03 08:01:08.013 DEBUG [vt.qlkdtt-yte-ws,3138d9d656ef20fa,3138d9d656ef20fa,false] 4172 --- [nio-8998-exec-7] me.coong.web.filter.WebTracingFilter     : 200//8 ms
2020-10-03 08:01:08.257 DEBUG [vt.qlkdtt-yte-ws,e0fbbb19b41051ce,e0fbbb19b41051ce,false] 4172 --- [nio-8998-exec-4] me.coong.web.filter.WebTracingFilter     : GET /swagger-resources
2020-10-03 08:01:08.261 DEBUG [vt.qlkdtt-yte-ws,e0fbbb19b41051ce,e0fbbb19b41051ce,false] 4172 --- [nio-8998-exec-4] me.coong.web.filter.WebTracingFilter     : 200//4 ms
2020-10-03 08:01:08.281 DEBUG [vt.qlkdtt-yte-ws,b91ae4319d2292ed,b91ae4319d2292ed,false] 4172 --- [nio-8998-exec-5] me.coong.web.filter.WebTracingFilter     : GET /v2/api-docs
2020-10-03 08:01:08.281 DEBUG [vt.qlkdtt-yte-ws,b1f20321adef32fd,b1f20321adef32fd,false] 4172 --- [nio-8998-exec-7] me.coong.web.filter.WebTracingFilter     : GET /
2020-10-03 08:01:08.293 DEBUG [vt.qlkdtt-yte-ws,b1f20321adef32fd,b1f20321adef32fd,false] 4172 --- [nio-8998-exec-7] me.coong.web.filter.WebTracingFilter     : 200//12 ms
2020-10-03 08:01:08.313 DEBUG [vt.qlkdtt-yte-ws,8d82b0143551c4b5,8d82b0143551c4b5,false] 4172 --- [nio-8998-exec-3] me.coong.web.filter.WebTracingFilter     : GET /csrf
2020-10-03 08:01:08.321 DEBUG [vt.qlkdtt-yte-ws,8d82b0143551c4b5,8d82b0143551c4b5,false] 4172 --- [nio-8998-exec-3] me.coong.web.filter.WebTracingFilter     : 404//8 ms
2020-10-03 08:01:08.329 DEBUG [vt.qlkdtt-yte-ws,b91ae4319d2292ed,b91ae4319d2292ed,false] 4172 --- [nio-8998-exec-5] me.coong.web.filter.WebTracingFilter     : 200//48 ms
2020-10-03 08:02:25.381 DEBUG [vt.qlkdtt-yte-ws,f5e11e86d7f73bf5,f5e11e86d7f73bf5,false] 4172 --- [nio-8998-exec-5] me.coong.web.filter.WebTracingFilter     : GET /area/getAreaByCode
2020-10-03 08:02:43.101 DEBUG [vt.qlkdtt-yte-ws,f5e11e86d7f73bf5,f5e11e86d7f73bf5,false] 4172 --- [nio-8998-exec-5] me.coong.web.filter.WebTracingFilter     : 200//17720 ms
2020-10-03 08:08:57.482  INFO [vt.qlkdtt-yte-ws,,,] 4172 --- [      Thread-12] o.s.s.concurrent.ThreadPoolTaskExecutor  : Shutting down ExecutorService 'applicationTaskExecutor'
2020-10-03 08:08:57.498  INFO [vt.qlkdtt-yte-ws,,,] 4172 --- [      Thread-12] j.LocalContainerEntityManagerFactoryBean : Closing JPA EntityManagerFactory for persistence unit 'default'
2020-10-03 08:08:57.513  INFO [vt.qlkdtt-yte-ws,,,] 4172 --- [      Thread-12] com.zaxxer.hikari.HikariDataSource       : HikariPool-1 - Shutdown initiated...
2020-10-03 08:08:57.529  INFO [vt.qlkdtt-yte-ws,,,] 4172 --- [      Thread-12] com.zaxxer.hikari.HikariDataSource       : HikariPool-1 - Shutdown completed.
2020-10-03 14:47:43.980  INFO [vt.qlkdtt-yte-ws,,,] 8888 --- [  restartedMain] .e.DevToolsPropertyDefaultsPostProcessor : Devtools property defaults active! Set 'spring.devtools.add-properties' to 'false' to disable
2020-10-03 14:47:44.994  INFO [vt.qlkdtt-yte-ws,,,] 8888 --- [  restartedMain] vt.qlkdtt.yte.Application                : No active profile set, falling back to default profiles: default
2020-10-03 14:47:49.827  INFO [vt.qlkdtt-yte-ws,,,] 8888 --- [  restartedMain] .s.d.r.c.RepositoryConfigurationDelegate : Bootstrapping Spring Data JPA repositories in DEFAULT mode.
2020-10-03 14:47:50.570  INFO [vt.qlkdtt-yte-ws,,,] 8888 --- [  restartedMain] .s.d.r.c.RepositoryConfigurationDelegate : Finished Spring Data repository scanning in 719ms. Found 28 JPA repository interfaces.
2020-10-03 14:47:51.745  INFO [vt.qlkdtt-yte-ws,,,] 8888 --- [  restartedMain] o.s.cloud.context.scope.GenericScope     : BeanFactory id=3482cb1b-89d5-32ac-85c9-69a2ac3deb12
2020-10-03 14:47:52.331  INFO [vt.qlkdtt-yte-ws,,,] 8888 --- [  restartedMain] trationDelegate$BeanPostProcessorChecker : Bean 'org.springframework.transaction.annotation.ProxyTransactionManagementConfiguration' of type [org.springframework.transaction.annotation.ProxyTransactionManagementConfiguration$$EnhancerBySpringCGLIB$$5c505926] is not eligible for getting processed by all BeanPostProcessors (for example: not eligible for auto-proxying)
2020-10-03 14:47:52.427  INFO [vt.qlkdtt-yte-ws,,,] 8888 --- [  restartedMain] trationDelegate$BeanPostProcessorChecker : Bean 'org.springframework.hateoas.config.HateoasConfiguration' of type [org.springframework.hateoas.config.HateoasConfiguration$$EnhancerBySpringCGLIB$$dbd0a658] is not eligible for getting processed by all BeanPostProcessors (for example: not eligible for auto-proxying)
2020-10-03 14:47:53.937  INFO [vt.qlkdtt-yte-ws,,,] 8888 --- [  restartedMain] o.s.b.w.embedded.tomcat.TomcatWebServer  : Tomcat initialized with port(s): 8998 (http)
2020-10-03 14:47:53.998  INFO [vt.qlkdtt-yte-ws,,,] 8888 --- [  restartedMain] o.apache.catalina.core.StandardService   : Starting service [Tomcat]
2020-10-03 14:47:53.999  INFO [vt.qlkdtt-yte-ws,,,] 8888 --- [  restartedMain] org.apache.catalina.core.StandardEngine  : Starting Servlet engine: [Apache Tomcat/9.0.30]
2020-10-03 14:47:54.210  INFO [vt.qlkdtt-yte-ws,,,] 8888 --- [  restartedMain] o.a.c.c.C.[Tomcat].[localhost].[/]       : Initializing Spring embedded WebApplicationContext
2020-10-03 14:47:54.210  INFO [vt.qlkdtt-yte-ws,,,] 8888 --- [  restartedMain] o.s.web.context.ContextLoader            : Root WebApplicationContext: initialization completed in 9174 ms
2020-10-03 14:47:58.468 DEBUG [vt.qlkdtt-yte-ws,,,] 8888 --- [  restartedMain] me.coong.web.filter.WebTracingFilter     : Filter 'webTracingFilter' configured for use
2020-10-03 14:47:58.855  INFO [vt.qlkdtt-yte-ws,,,] 8888 --- [  restartedMain] com.zaxxer.hikari.HikariDataSource       : HikariPool-1 - Starting...
2020-10-03 14:47:59.113  INFO [vt.qlkdtt-yte-ws,,,] 8888 --- [  restartedMain] com.zaxxer.hikari.HikariDataSource       : HikariPool-1 - Start completed.
2020-10-03 14:47:59.398  INFO [vt.qlkdtt-yte-ws,,,] 8888 --- [  restartedMain] o.hibernate.jpa.internal.util.LogHelper  : HHH000204: Processing PersistenceUnitInfo [
	name: default
	...]
2020-10-03 14:47:59.628  INFO [vt.qlkdtt-yte-ws,,,] 8888 --- [  restartedMain] org.hibernate.Version                    : HHH000412: Hibernate Core {5.3.15.Final}
2020-10-03 14:47:59.630  INFO [vt.qlkdtt-yte-ws,,,] 8888 --- [  restartedMain] org.hibernate.cfg.Environment            : HHH000206: hibernate.properties not found
2020-10-03 14:48:00.197  INFO [vt.qlkdtt-yte-ws,,,] 8888 --- [  restartedMain] o.hibernate.annotations.common.Version   : HCANN000001: Hibernate Commons Annotations {5.0.4.Final}
2020-10-03 14:48:00.889  INFO [vt.qlkdtt-yte-ws,,,] 8888 --- [  restartedMain] org.hibernate.dialect.Dialect            : HHH000400: Using dialect: org.hibernate.dialect.MariaDB103Dialect
2020-10-03 14:48:03.693  INFO [vt.qlkdtt-yte-ws,,,] 8888 --- [  restartedMain] j.LocalContainerEntityManagerFactoryBean : Initialized JPA EntityManagerFactory for persistence unit 'default'
2020-10-03 14:48:03.779  INFO [vt.qlkdtt-yte-ws,,,] 8888 --- [  restartedMain] o.s.b.d.a.OptionalLiveReloadServer       : LiveReload server is running on port 35729
2020-10-03 14:48:07.676  INFO [vt.qlkdtt-yte-ws,,,] 8888 --- [  restartedMain] o.s.b.a.e.web.EndpointLinksResolver      : Exposing 17 endpoint(s) beneath base path '/actuator'
2020-10-03 14:48:08.395  INFO [vt.qlkdtt-yte-ws,,,] 8888 --- [  restartedMain] pertySourcedRequestMappingHandlerMapping : Mapped URL path [/v2/api-docs] onto method [public org.springframework.http.ResponseEntity<springfox.documentation.spring.web.json.Json> springfox.documentation.swagger2.web.Swagger2Controller.getDocumentation(java.lang.String,javax.servlet.http.HttpServletRequest)]
2020-10-03 14:48:09.000  INFO [vt.qlkdtt-yte-ws,,,] 8888 --- [  restartedMain] o.s.s.web.DefaultSecurityFilterChain     : Creating filter chain: any request, [org.springframework.security.web.context.request.async.WebAsyncManagerIntegrationFilter@4d6087f2, org.springframework.security.web.context.SecurityContextPersistenceFilter@1cdf6d43, org.springframework.security.web.header.HeaderWriterFilter@2f94ec75, org.springframework.web.filter.CorsFilter@29a42358, org.springframework.web.filter.CharacterEncodingFilter@6c11b976, org.springframework.security.web.authentication.logout.LogoutFilter@5109c59, vt.qlkdtt.yte.security.jwt.JwtAuthenticationFilter@5442f0ba, org.springframework.security.web.savedrequest.RequestCacheAwareFilter@636423d9, org.springframework.security.web.servletapi.SecurityContextHolderAwareRequestFilter@3043af7c, org.springframework.security.web.authentication.AnonymousAuthenticationFilter@1ca264d3, org.springframework.security.web.session.SessionManagementFilter@17381edc, org.springframework.security.web.access.ExceptionTranslationFilter@66989f44, org.springframework.security.web.access.intercept.FilterSecurityInterceptor@58ec2c8a]
2020-10-03 14:48:09.014  INFO [vt.qlkdtt-yte-ws,,,] 8888 --- [  restartedMain] o.s.aop.framework.CglibAopProxy          : Unable to proxy interface-implementing method [public final void org.springframework.web.filter.GenericFilterBean.init(javax.servlet.FilterConfig) throws javax.servlet.ServletException] because it is marked as final: Consider using interface-based JDK proxies instead!
2020-10-03 14:48:09.390  INFO [vt.qlkdtt-yte-ws,,,] 8888 --- [  restartedMain] o.s.s.concurrent.ThreadPoolTaskExecutor  : Initializing ExecutorService 'applicationTaskExecutor'
2020-10-03 14:48:11.689  INFO [vt.qlkdtt-yte-ws,,,] 8888 --- [  restartedMain] d.s.w.p.DocumentationPluginsBootstrapper : Context refreshed
2020-10-03 14:48:11.742  INFO [vt.qlkdtt-yte-ws,,,] 8888 --- [  restartedMain] d.s.w.p.DocumentationPluginsBootstrapper : Found 1 custom documentation plugin(s)
2020-10-03 14:48:11.820  INFO [vt.qlkdtt-yte-ws,,,] 8888 --- [  restartedMain] s.d.s.w.s.ApiListingReferenceScanner     : Scanning for api listing references
2020-10-03 14:48:12.159  INFO [vt.qlkdtt-yte-ws,,,] 8888 --- [  restartedMain] .d.s.w.r.o.CachingOperationNameGenerator : Generating unique operation named: findByIdUsingGET_1
2020-10-03 14:48:12.277  INFO [vt.qlkdtt-yte-ws,,,] 8888 --- [  restartedMain] .d.s.w.r.o.CachingOperationNameGenerator : Generating unique operation named: findByIdUsingGET_2
2020-10-03 14:48:12.283  INFO [vt.qlkdtt-yte-ws,,,] 8888 --- [  restartedMain] .d.s.w.r.o.CachingOperationNameGenerator : Generating unique operation named: updateUsingPOST_1
2020-10-03 14:48:12.338  INFO [vt.qlkdtt-yte-ws,,,] 8888 --- [  restartedMain] .d.s.w.r.o.CachingOperationNameGenerator : Generating unique operation named: updateUsingPOST_2
2020-10-03 14:48:12.342  INFO [vt.qlkdtt-yte-ws,,,] 8888 --- [  restartedMain] .d.s.w.r.o.CachingOperationNameGenerator : Generating unique operation named: createUsingPOST_1
2020-10-03 14:48:12.343  INFO [vt.qlkdtt-yte-ws,,,] 8888 --- [  restartedMain] .d.s.w.r.o.CachingOperationNameGenerator : Generating unique operation named: deleteUsingDELETE_1
2020-10-03 14:48:12.346  INFO [vt.qlkdtt-yte-ws,,,] 8888 --- [  restartedMain] .d.s.w.r.o.CachingOperationNameGenerator : Generating unique operation named: updateUsingPOST_3
2020-10-03 14:48:12.355  INFO [vt.qlkdtt-yte-ws,,,] 8888 --- [  restartedMain] .d.s.w.r.o.CachingOperationNameGenerator : Generating unique operation named: findByCodeUsingGET_1
2020-10-03 14:48:12.420  INFO [vt.qlkdtt-yte-ws,,,] 8888 --- [  restartedMain] .d.s.w.r.o.CachingOperationNameGenerator : Generating unique operation named: findByIdUsingGET_3
2020-10-03 14:48:12.473  INFO [vt.qlkdtt-yte-ws,,,] 8888 --- [  restartedMain] .d.s.w.r.o.CachingOperationNameGenerator : Generating unique operation named: findByIdUsingGET_4
2020-10-03 14:48:12.511  INFO [vt.qlkdtt-yte-ws,,,] 8888 --- [  restartedMain] .d.s.w.r.o.CachingOperationNameGenerator : Generating unique operation named: changeProductStatusUsingPOST_1
2020-10-03 14:48:12.537  INFO [vt.qlkdtt-yte-ws,,,] 8888 --- [  restartedMain] .d.s.w.r.o.CachingOperationNameGenerator : Generating unique operation named: findByIdUsingGET_5
2020-10-03 14:48:12.566  INFO [vt.qlkdtt-yte-ws,,,] 8888 --- [  restartedMain] .d.s.w.r.o.CachingOperationNameGenerator : Generating unique operation named: findByIdUsingGET_6
2020-10-03 14:48:12.636  INFO [vt.qlkdtt-yte-ws,,,] 8888 --- [  restartedMain] o.s.b.w.embedded.tomcat.TomcatWebServer  : Tomcat started on port(s): 8998 (http) with context path ''
2020-10-03 14:48:12.918  INFO [vt.qlkdtt-yte-ws,,,] 8888 --- [  restartedMain] vt.qlkdtt.yte.Application                : Started Application in 31.202 seconds (JVM running for 33.674)
2020-10-03 14:49:03.372  INFO [vt.qlkdtt-yte-ws,,,] 8888 --- [nio-8998-exec-1] o.a.c.c.C.[Tomcat].[localhost].[/]       : Initializing Spring DispatcherServlet 'dispatcherServlet'
2020-10-03 14:49:03.373  INFO [vt.qlkdtt-yte-ws,,,] 8888 --- [nio-8998-exec-1] o.s.web.servlet.DispatcherServlet        : Initializing Servlet 'dispatcherServlet'
2020-10-03 14:49:03.410  INFO [vt.qlkdtt-yte-ws,,,] 8888 --- [nio-8998-exec-1] o.s.web.servlet.DispatcherServlet        : Completed initialization in 37 ms
2020-10-03 14:49:03.467 DEBUG [vt.qlkdtt-yte-ws,a386d9e18e8123a3,a386d9e18e8123a3,false] 8888 --- [nio-8998-exec-1] me.coong.web.filter.WebTracingFilter     : GET /swagger-ui.html
2020-10-03 14:49:03.586 DEBUG [vt.qlkdtt-yte-ws,a386d9e18e8123a3,a386d9e18e8123a3,false] 8888 --- [nio-8998-exec-1] me.coong.web.filter.WebTracingFilter     : 200//119 ms
2020-10-03 14:49:04.091 DEBUG [vt.qlkdtt-yte-ws,fb382891abd2d05a,fb382891abd2d05a,false] 8888 --- [nio-8998-exec-9] me.coong.web.filter.WebTracingFilter     : GET /swagger-resources
2020-10-03 14:49:04.096 DEBUG [vt.qlkdtt-yte-ws,fb382891abd2d05a,fb382891abd2d05a,false] 8888 --- [nio-8998-exec-9] me.coong.web.filter.WebTracingFilter     : 200//5 ms
2020-10-03 14:49:04.141 DEBUG [vt.qlkdtt-yte-ws,070ee9bb568b8de7,070ee9bb568b8de7,false] 8888 --- [io-8998-exec-10] me.coong.web.filter.WebTracingFilter     : GET /v2/api-docs
2020-10-03 14:49:04.141 DEBUG [vt.qlkdtt-yte-ws,634f74bc01d69785,634f74bc01d69785,false] 8888 --- [nio-8998-exec-1] me.coong.web.filter.WebTracingFilter     : GET /
2020-10-03 14:49:04.238 DEBUG [vt.qlkdtt-yte-ws,634f74bc01d69785,634f74bc01d69785,false] 8888 --- [nio-8998-exec-1] me.coong.web.filter.WebTracingFilter     : 200//97 ms
2020-10-03 14:49:04.243 DEBUG [vt.qlkdtt-yte-ws,9b474820ecef9799,9b474820ecef9799,false] 8888 --- [nio-8998-exec-7] me.coong.web.filter.WebTracingFilter     : GET /csrf
2020-10-03 14:49:04.250 DEBUG [vt.qlkdtt-yte-ws,9b474820ecef9799,9b474820ecef9799,false] 8888 --- [nio-8998-exec-7] me.coong.web.filter.WebTracingFilter     : 404//7 ms
2020-10-03 14:49:04.413 DEBUG [vt.qlkdtt-yte-ws,070ee9bb568b8de7,070ee9bb568b8de7,false] 8888 --- [io-8998-exec-10] me.coong.web.filter.WebTracingFilter     : 200//272 ms
2020-10-03 15:14:47.739 DEBUG [vt.qlkdtt-yte-ws,eb0275476aa7da77,eb0275476aa7da77,false] 8888 --- [nio-8998-exec-5] me.coong.web.filter.WebTracingFilter     : GET /area/getAreaByCode
2020-10-03 15:16:03.598  WARN [vt.qlkdtt-yte-ws,,,] 8888 --- [l-1 housekeeper] com.zaxxer.hikari.pool.HikariPool        : HikariPool-1 - Thread starvation or clock leap detected (housekeeper delta=59s743ms710µs200ns).
2020-10-03 15:16:22.402 DEBUG [vt.qlkdtt-yte-ws,eb0275476aa7da77,eb0275476aa7da77,false] 8888 --- [nio-8998-exec-5] me.coong.web.filter.WebTracingFilter     : 200//94662 ms
2020-10-03 15:16:30.726 DEBUG [vt.qlkdtt-yte-ws,c90951b8bac170af,c90951b8bac170af,false] 8888 --- [nio-8998-exec-3] me.coong.web.filter.WebTracingFilter     : GET /area/getAreaByCode
2020-10-03 15:39:49.020  WARN [vt.qlkdtt-yte-ws,,,] 8888 --- [l-1 housekeeper] com.zaxxer.hikari.pool.HikariPool        : HikariPool-1 - Thread starvation or clock leap detected (housekeeper delta=23m12s418ms342µs100ns).
2020-10-03 15:40:54.287 DEBUG [vt.qlkdtt-yte-ws,4241720c9bc4932e,4241720c9bc4932e,false] 8888 --- [nio-8998-exec-8] me.coong.web.filter.WebTracingFilter     : GET /area/getAreaByCode
2020-10-03 15:40:56.095 DEBUG [vt.qlkdtt-yte-ws,4241720c9bc4932e,4241720c9bc4932e,false] 8888 --- [nio-8998-exec-8] me.coong.web.filter.WebTracingFilter     : 200//1695 ms
2020-10-03 15:41:00.522 DEBUG [vt.qlkdtt-yte-ws,c90951b8bac170af,c90951b8bac170af,false] 8888 --- [nio-8998-exec-3] me.coong.web.filter.WebTracingFilter     : 200//1469796 ms
2020-10-03 15:41:19.566  WARN [vt.qlkdtt-yte-ws,,,] 8888 --- [l-1 housekeeper] com.zaxxer.hikari.pool.HikariPool        : HikariPool-1 - Thread starvation or clock leap detected (housekeeper delta=1m30s545ms381µs300ns).
2020-10-03 15:42:24.091 DEBUG [vt.qlkdtt-yte-ws,f088a1d75c93a7cb,f088a1d75c93a7cb,false] 8888 --- [nio-8998-exec-2] me.coong.web.filter.WebTracingFilter     : GET /area/getAreaByCode
2020-10-03 15:42:24.096 DEBUG [vt.qlkdtt-yte-ws,f088a1d75c93a7cb,f088a1d75c93a7cb,false] 8888 --- [nio-8998-exec-2] me.coong.web.filter.WebTracingFilter     : 200//5 ms
2020-10-03 15:42:40.398 DEBUG [vt.qlkdtt-yte-ws,f2a752369b20839a,f2a752369b20839a,false] 8888 --- [nio-8998-exec-7] me.coong.web.filter.WebTracingFilter     : GET /area/getAreaByCode
2020-10-03 15:42:40.405 DEBUG [vt.qlkdtt-yte-ws,f2a752369b20839a,f2a752369b20839a,false] 8888 --- [nio-8998-exec-7] me.coong.web.filter.WebTracingFilter     : 200//7 ms
2020-10-03 15:42:45.593 DEBUG [vt.qlkdtt-yte-ws,7ede66d55975e01e,7ede66d55975e01e,false] 8888 --- [io-8998-exec-10] me.coong.web.filter.WebTracingFilter     : GET /area/getAreaByCode
2020-10-03 15:42:45.599 DEBUG [vt.qlkdtt-yte-ws,7ede66d55975e01e,7ede66d55975e01e,false] 8888 --- [io-8998-exec-10] me.coong.web.filter.WebTracingFilter     : 200//6 ms
2020-10-03 15:43:05.156  INFO [vt.qlkdtt-yte-ws,,,] 8888 --- [      Thread-12] o.s.s.concurrent.ThreadPoolTaskExecutor  : Shutting down ExecutorService 'applicationTaskExecutor'
2020-10-03 15:43:05.171  INFO [vt.qlkdtt-yte-ws,,,] 8888 --- [      Thread-12] j.LocalContainerEntityManagerFactoryBean : Closing JPA EntityManagerFactory for persistence unit 'default'
2020-10-03 15:43:05.182  INFO [vt.qlkdtt-yte-ws,,,] 8888 --- [      Thread-12] com.zaxxer.hikari.HikariDataSource       : HikariPool-1 - Shutdown initiated...
2020-10-03 15:43:05.185  INFO [vt.qlkdtt-yte-ws,,,] 8888 --- [      Thread-12] com.zaxxer.hikari.HikariDataSource       : HikariPool-1 - Shutdown completed.
2020-10-03 15:43:12.842  INFO [vt.qlkdtt-yte-ws,,,] 1584 --- [  restartedMain] .e.DevToolsPropertyDefaultsPostProcessor : Devtools property defaults active! Set 'spring.devtools.add-properties' to 'false' to disable
2020-10-03 15:43:13.544  INFO [vt.qlkdtt-yte-ws,,,] 1584 --- [  restartedMain] vt.qlkdtt.yte.Application                : No active profile set, falling back to default profiles: default
2020-10-03 15:43:16.190  INFO [vt.qlkdtt-yte-ws,,,] 1584 --- [  restartedMain] .s.d.r.c.RepositoryConfigurationDelegate : Bootstrapping Spring Data JPA repositories in DEFAULT mode.
2020-10-03 15:43:16.663  INFO [vt.qlkdtt-yte-ws,,,] 1584 --- [  restartedMain] .s.d.r.c.RepositoryConfigurationDelegate : Finished Spring Data repository scanning in 466ms. Found 28 JPA repository interfaces.
2020-10-03 15:43:17.325  INFO [vt.qlkdtt-yte-ws,,,] 1584 --- [  restartedMain] o.s.cloud.context.scope.GenericScope     : BeanFactory id=3482cb1b-89d5-32ac-85c9-69a2ac3deb12
2020-10-03 15:43:17.755  INFO [vt.qlkdtt-yte-ws,,,] 1584 --- [  restartedMain] trationDelegate$BeanPostProcessorChecker : Bean 'org.springframework.transaction.annotation.ProxyTransactionManagementConfiguration' of type [org.springframework.transaction.annotation.ProxyTransactionManagementConfiguration$$EnhancerBySpringCGLIB$$c9a6a9db] is not eligible for getting processed by all BeanPostProcessors (for example: not eligible for auto-proxying)
2020-10-03 15:43:17.830  INFO [vt.qlkdtt-yte-ws,,,] 1584 --- [  restartedMain] trationDelegate$BeanPostProcessorChecker : Bean 'org.springframework.hateoas.config.HateoasConfiguration' of type [org.springframework.hateoas.config.HateoasConfiguration$$EnhancerBySpringCGLIB$$4926f70d] is not eligible for getting processed by all BeanPostProcessors (for example: not eligible for auto-proxying)
2020-10-03 15:43:19.246  INFO [vt.qlkdtt-yte-ws,,,] 1584 --- [  restartedMain] o.s.b.w.embedded.tomcat.TomcatWebServer  : Tomcat initialized with port(s): 8998 (http)
2020-10-03 15:43:19.296  INFO [vt.qlkdtt-yte-ws,,,] 1584 --- [  restartedMain] o.apache.catalina.core.StandardService   : Starting service [Tomcat]
2020-10-03 15:43:19.296  INFO [vt.qlkdtt-yte-ws,,,] 1584 --- [  restartedMain] org.apache.catalina.core.StandardEngine  : Starting Servlet engine: [Apache Tomcat/9.0.30]
2020-10-03 15:43:19.481  INFO [vt.qlkdtt-yte-ws,,,] 1584 --- [  restartedMain] o.a.c.c.C.[Tomcat].[localhost].[/]       : Initializing Spring embedded WebApplicationContext
2020-10-03 15:43:19.482  INFO [vt.qlkdtt-yte-ws,,,] 1584 --- [  restartedMain] o.s.web.context.ContextLoader            : Root WebApplicationContext: initialization completed in 5919 ms
2020-10-03 15:43:23.085 DEBUG [vt.qlkdtt-yte-ws,,,] 1584 --- [  restartedMain] me.coong.web.filter.WebTracingFilter     : Filter 'webTracingFilter' configured for use
2020-10-03 15:43:23.339  INFO [vt.qlkdtt-yte-ws,,,] 1584 --- [  restartedMain] com.zaxxer.hikari.HikariDataSource       : HikariPool-1 - Starting...
2020-10-03 15:43:23.613  INFO [vt.qlkdtt-yte-ws,,,] 1584 --- [  restartedMain] com.zaxxer.hikari.HikariDataSource       : HikariPool-1 - Start completed.
2020-10-03 15:43:23.826  INFO [vt.qlkdtt-yte-ws,,,] 1584 --- [  restartedMain] o.hibernate.jpa.internal.util.LogHelper  : HHH000204: Processing PersistenceUnitInfo [
	name: default
	...]
2020-10-03 15:43:24.046  INFO [vt.qlkdtt-yte-ws,,,] 1584 --- [  restartedMain] org.hibernate.Version                    : HHH000412: Hibernate Core {5.3.15.Final}
2020-10-03 15:43:24.048  INFO [vt.qlkdtt-yte-ws,,,] 1584 --- [  restartedMain] org.hibernate.cfg.Environment            : HHH000206: hibernate.properties not found
2020-10-03 15:43:24.583  INFO [vt.qlkdtt-yte-ws,,,] 1584 --- [  restartedMain] o.hibernate.annotations.common.Version   : HCANN000001: Hibernate Commons Annotations {5.0.4.Final}
2020-10-03 15:43:25.254  INFO [vt.qlkdtt-yte-ws,,,] 1584 --- [  restartedMain] org.hibernate.dialect.Dialect            : HHH000400: Using dialect: org.hibernate.dialect.MariaDB103Dialect
2020-10-03 15:43:27.438  INFO [vt.qlkdtt-yte-ws,,,] 1584 --- [  restartedMain] j.LocalContainerEntityManagerFactoryBean : Initialized JPA EntityManagerFactory for persistence unit 'default'
2020-10-03 15:43:27.507  INFO [vt.qlkdtt-yte-ws,,,] 1584 --- [  restartedMain] o.s.b.d.a.OptionalLiveReloadServer       : LiveReload server is running on port 35729
2020-10-03 15:43:31.957  INFO [vt.qlkdtt-yte-ws,,,] 1584 --- [  restartedMain] o.s.b.a.e.web.EndpointLinksResolver      : Exposing 17 endpoint(s) beneath base path '/actuator'
2020-10-03 15:43:32.620  INFO [vt.qlkdtt-yte-ws,,,] 1584 --- [  restartedMain] pertySourcedRequestMappingHandlerMapping : Mapped URL path [/v2/api-docs] onto method [public org.springframework.http.ResponseEntity<springfox.documentation.spring.web.json.Json> springfox.documentation.swagger2.web.Swagger2Controller.getDocumentation(java.lang.String,javax.servlet.http.HttpServletRequest)]
2020-10-03 15:43:33.326  INFO [vt.qlkdtt-yte-ws,,,] 1584 --- [  restartedMain] o.s.s.web.DefaultSecurityFilterChain     : Creating filter chain: any request, [org.springframework.security.web.context.request.async.WebAsyncManagerIntegrationFilter@153a9701, org.springframework.security.web.context.SecurityContextPersistenceFilter@2b9a4ea3, org.springframework.security.web.header.HeaderWriterFilter@163327ba, org.springframework.web.filter.CorsFilter@21dcfcce, org.springframework.web.filter.CharacterEncodingFilter@4ede3048, org.springframework.security.web.authentication.logout.LogoutFilter@1ab7ed9f, vt.qlkdtt.yte.security.jwt.JwtAuthenticationFilter@3b302fc2, org.springframework.security.web.savedrequest.RequestCacheAwareFilter@5746abad, org.springframework.security.web.servletapi.SecurityContextHolderAwareRequestFilter@56dae922, org.springframework.security.web.authentication.AnonymousAuthenticationFilter@4033c2e0, org.springframework.security.web.session.SessionManagementFilter@27d69731, org.springframework.security.web.access.ExceptionTranslationFilter@3a11018d, org.springframework.security.web.access.intercept.FilterSecurityInterceptor@7b88bcd]
2020-10-03 15:43:33.341  INFO [vt.qlkdtt-yte-ws,,,] 1584 --- [  restartedMain] o.s.aop.framework.CglibAopProxy          : Unable to proxy interface-implementing method [public final void org.springframework.web.filter.GenericFilterBean.init(javax.servlet.FilterConfig) throws javax.servlet.ServletException] because it is marked as final: Consider using interface-based JDK proxies instead!
2020-10-03 15:43:33.780  INFO [vt.qlkdtt-yte-ws,,,] 1584 --- [  restartedMain] o.s.s.concurrent.ThreadPoolTaskExecutor  : Initializing ExecutorService 'applicationTaskExecutor'
2020-10-03 15:43:36.159  INFO [vt.qlkdtt-yte-ws,,,] 1584 --- [  restartedMain] d.s.w.p.DocumentationPluginsBootstrapper : Context refreshed
2020-10-03 15:43:36.219  INFO [vt.qlkdtt-yte-ws,,,] 1584 --- [  restartedMain] d.s.w.p.DocumentationPluginsBootstrapper : Found 1 custom documentation plugin(s)
2020-10-03 15:43:36.291  INFO [vt.qlkdtt-yte-ws,,,] 1584 --- [  restartedMain] s.d.s.w.s.ApiListingReferenceScanner     : Scanning for api listing references
2020-10-03 15:43:36.693  INFO [vt.qlkdtt-yte-ws,,,] 1584 --- [  restartedMain] .d.s.w.r.o.CachingOperationNameGenerator : Generating unique operation named: findByIdUsingGET_1
2020-10-03 15:43:36.810  INFO [vt.qlkdtt-yte-ws,,,] 1584 --- [  restartedMain] .d.s.w.r.o.CachingOperationNameGenerator : Generating unique operation named: findByIdUsingGET_2
2020-10-03 15:43:36.819  INFO [vt.qlkdtt-yte-ws,,,] 1584 --- [  restartedMain] .d.s.w.r.o.CachingOperationNameGenerator : Generating unique operation named: updateUsingPOST_1
2020-10-03 15:43:36.888  INFO [vt.qlkdtt-yte-ws,,,] 1584 --- [  restartedMain] .d.s.w.r.o.CachingOperationNameGenerator : Generating unique operation named: updateUsingPOST_2
2020-10-03 15:43:36.893  INFO [vt.qlkdtt-yte-ws,,,] 1584 --- [  restartedMain] .d.s.w.r.o.CachingOperationNameGenerator : Generating unique operation named: createUsingPOST_1
2020-10-03 15:43:36.895  INFO [vt.qlkdtt-yte-ws,,,] 1584 --- [  restartedMain] .d.s.w.r.o.CachingOperationNameGenerator : Generating unique operation named: deleteUsingDELETE_1
2020-10-03 15:43:36.900  INFO [vt.qlkdtt-yte-ws,,,] 1584 --- [  restartedMain] .d.s.w.r.o.CachingOperationNameGenerator : Generating unique operation named: updateUsingPOST_3
2020-10-03 15:43:36.918  INFO [vt.qlkdtt-yte-ws,,,] 1584 --- [  restartedMain] .d.s.w.r.o.CachingOperationNameGenerator : Generating unique operation named: findByCodeUsingGET_1
2020-10-03 15:43:36.983  INFO [vt.qlkdtt-yte-ws,,,] 1584 --- [  restartedMain] .d.s.w.r.o.CachingOperationNameGenerator : Generating unique operation named: findByIdUsingGET_3
2020-10-03 15:43:37.032  INFO [vt.qlkdtt-yte-ws,,,] 1584 --- [  restartedMain] .d.s.w.r.o.CachingOperationNameGenerator : Generating unique operation named: findByIdUsingGET_4
2020-10-03 15:43:37.073  INFO [vt.qlkdtt-yte-ws,,,] 1584 --- [  restartedMain] .d.s.w.r.o.CachingOperationNameGenerator : Generating unique operation named: changeProductStatusUsingPOST_1
2020-10-03 15:43:37.103  INFO [vt.qlkdtt-yte-ws,,,] 1584 --- [  restartedMain] .d.s.w.r.o.CachingOperationNameGenerator : Generating unique operation named: findByIdUsingGET_5
2020-10-03 15:43:37.143  INFO [vt.qlkdtt-yte-ws,,,] 1584 --- [  restartedMain] .d.s.w.r.o.CachingOperationNameGenerator : Generating unique operation named: findByIdUsingGET_6
2020-10-03 15:43:37.243  INFO [vt.qlkdtt-yte-ws,,,] 1584 --- [  restartedMain] o.s.b.w.embedded.tomcat.TomcatWebServer  : Tomcat started on port(s): 8998 (http) with context path ''
2020-10-03 15:43:37.552  INFO [vt.qlkdtt-yte-ws,,,] 1584 --- [  restartedMain] vt.qlkdtt.yte.Application                : Started Application in 26.009 seconds (JVM running for 26.947)
2020-10-03 15:44:13.269  INFO [vt.qlkdtt-yte-ws,,,] 1584 --- [nio-8998-exec-2] o.a.c.c.C.[Tomcat].[localhost].[/]       : Initializing Spring DispatcherServlet 'dispatcherServlet'
2020-10-03 15:44:13.269  INFO [vt.qlkdtt-yte-ws,,,] 1584 --- [nio-8998-exec-2] o.s.web.servlet.DispatcherServlet        : Initializing Servlet 'dispatcherServlet'
2020-10-03 15:44:13.307  INFO [vt.qlkdtt-yte-ws,,,] 1584 --- [nio-8998-exec-2] o.s.web.servlet.DispatcherServlet        : Completed initialization in 38 ms
2020-10-03 15:44:13.383 DEBUG [vt.qlkdtt-yte-ws,f482864c41fd184d,f482864c41fd184d,false] 1584 --- [nio-8998-exec-2] me.coong.web.filter.WebTracingFilter     : GET /swagger-ui.html
2020-10-03 15:44:13.470 DEBUG [vt.qlkdtt-yte-ws,f482864c41fd184d,f482864c41fd184d,false] 1584 --- [nio-8998-exec-2] me.coong.web.filter.WebTracingFilter     : 200//87 ms
2020-10-03 15:44:13.949 DEBUG [vt.qlkdtt-yte-ws,e95d3f914e18d038,e95d3f914e18d038,false] 1584 --- [nio-8998-exec-9] me.coong.web.filter.WebTracingFilter     : GET /swagger-resources
2020-10-03 15:44:13.963 DEBUG [vt.qlkdtt-yte-ws,e95d3f914e18d038,e95d3f914e18d038,false] 1584 --- [nio-8998-exec-9] me.coong.web.filter.WebTracingFilter     : 200//14 ms
2020-10-03 15:44:14.009 DEBUG [vt.qlkdtt-yte-ws,b724ee1d8773d767,b724ee1d8773d767,false] 1584 --- [nio-8998-exec-5] me.coong.web.filter.WebTracingFilter     : GET /v2/api-docs
2020-10-03 15:44:14.019 DEBUG [vt.qlkdtt-yte-ws,2ddfac13ad270f22,2ddfac13ad270f22,false] 1584 --- [nio-8998-exec-3] me.coong.web.filter.WebTracingFilter     : GET /
2020-10-03 15:44:14.143 DEBUG [vt.qlkdtt-yte-ws,2ddfac13ad270f22,2ddfac13ad270f22,false] 1584 --- [nio-8998-exec-3] me.coong.web.filter.WebTracingFilter     : 200//124 ms
2020-10-03 15:44:14.148 DEBUG [vt.qlkdtt-yte-ws,9e9420d79f8f4cf6,9e9420d79f8f4cf6,false] 1584 --- [nio-8998-exec-7] me.coong.web.filter.WebTracingFilter     : GET /csrf
2020-10-03 15:44:14.154 DEBUG [vt.qlkdtt-yte-ws,9e9420d79f8f4cf6,9e9420d79f8f4cf6,false] 1584 --- [nio-8998-exec-7] me.coong.web.filter.WebTracingFilter     : 404//6 ms
2020-10-03 15:44:14.335 DEBUG [vt.qlkdtt-yte-ws,b724ee1d8773d767,b724ee1d8773d767,false] 1584 --- [nio-8998-exec-5] me.coong.web.filter.WebTracingFilter     : 200//326 ms
2020-10-03 15:44:22.316 DEBUG [vt.qlkdtt-yte-ws,829d40c7cd1a81bd,829d40c7cd1a81bd,false] 1584 --- [nio-8998-exec-9] me.coong.web.filter.WebTracingFilter     : GET /area/getAreaByCode
2020-10-03 15:44:40.076  WARN [vt.qlkdtt-yte-ws,,,] 1584 --- [l-1 housekeeper] com.zaxxer.hikari.pool.HikariPool        : HikariPool-1 - Thread starvation or clock leap detected (housekeeper delta=46s343ms749µs).
2020-10-03 15:46:34.806 DEBUG [vt.qlkdtt-yte-ws,829d40c7cd1a81bd,829d40c7cd1a81bd,false] 1584 --- [nio-8998-exec-9] me.coong.web.filter.WebTracingFilter     : 200//132489 ms
2020-10-03 15:48:02.269  WARN [vt.qlkdtt-yte-ws,,,] 1584 --- [l-1 housekeeper] com.zaxxer.hikari.pool.HikariPool        : HikariPool-1 - Thread starvation or clock leap detected (housekeeper delta=1m40s23ms538µs800ns).
2020-10-03 15:49:01.963  WARN [vt.qlkdtt-yte-ws,,,] 1584 --- [l-1 housekeeper] com.zaxxer.hikari.pool.HikariPool        : HikariPool-1 - Thread starvation or clock leap detected (housekeeper delta=59s694ms461µs400ns).
2020-10-03 15:49:02.010  INFO [vt.qlkdtt-yte-ws,,,] 1584 --- [      Thread-12] o.s.s.concurrent.ThreadPoolTaskExecutor  : Shutting down ExecutorService 'applicationTaskExecutor'
2020-10-03 15:49:02.034  INFO [vt.qlkdtt-yte-ws,,,] 1584 --- [      Thread-12] j.LocalContainerEntityManagerFactoryBean : Closing JPA EntityManagerFactory for persistence unit 'default'
2020-10-03 15:49:02.043  INFO [vt.qlkdtt-yte-ws,,,] 1584 --- [      Thread-12] com.zaxxer.hikari.HikariDataSource       : HikariPool-1 - Shutdown initiated...
2020-10-03 15:49:02.056  INFO [vt.qlkdtt-yte-ws,,,] 1584 --- [      Thread-12] com.zaxxer.hikari.HikariDataSource       : HikariPool-1 - Shutdown completed.
2020-10-03 15:49:06.569  INFO [vt.qlkdtt-yte-ws,,,] 6980 --- [  restartedMain] .e.DevToolsPropertyDefaultsPostProcessor : Devtools property defaults active! Set 'spring.devtools.add-properties' to 'false' to disable
2020-10-03 15:49:07.259  INFO [vt.qlkdtt-yte-ws,,,] 6980 --- [  restartedMain] vt.qlkdtt.yte.Application                : No active profile set, falling back to default profiles: default
2020-10-03 15:49:09.610  INFO [vt.qlkdtt-yte-ws,,,] 6980 --- [  restartedMain] .s.d.r.c.RepositoryConfigurationDelegate : Bootstrapping Spring Data JPA repositories in DEFAULT mode.
2020-10-03 15:49:10.162  INFO [vt.qlkdtt-yte-ws,,,] 6980 --- [  restartedMain] .s.d.r.c.RepositoryConfigurationDelegate : Finished Spring Data repository scanning in 543ms. Found 28 JPA repository interfaces.
2020-10-03 15:49:10.834  INFO [vt.qlkdtt-yte-ws,,,] 6980 --- [  restartedMain] o.s.cloud.context.scope.GenericScope     : BeanFactory id=3482cb1b-89d5-32ac-85c9-69a2ac3deb12
2020-10-03 15:49:11.229  INFO [vt.qlkdtt-yte-ws,,,] 6980 --- [  restartedMain] trationDelegate$BeanPostProcessorChecker : Bean 'org.springframework.transaction.annotation.ProxyTransactionManagementConfiguration' of type [org.springframework.transaction.annotation.ProxyTransactionManagementConfiguration$$EnhancerBySpringCGLIB$$3d6f62e6] is not eligible for getting processed by all BeanPostProcessors (for example: not eligible for auto-proxying)
2020-10-03 15:49:11.293  INFO [vt.qlkdtt-yte-ws,,,] 6980 --- [  restartedMain] trationDelegate$BeanPostProcessorChecker : Bean 'org.springframework.hateoas.config.HateoasConfiguration' of type [org.springframework.hateoas.config.HateoasConfiguration$$EnhancerBySpringCGLIB$$bcefb018] is not eligible for getting processed by all BeanPostProcessors (for example: not eligible for auto-proxying)
2020-10-03 15:49:12.639  INFO [vt.qlkdtt-yte-ws,,,] 6980 --- [  restartedMain] o.s.b.w.embedded.tomcat.TomcatWebServer  : Tomcat initialized with port(s): 8998 (http)
2020-10-03 15:49:12.680  INFO [vt.qlkdtt-yte-ws,,,] 6980 --- [  restartedMain] o.apache.catalina.core.StandardService   : Starting service [Tomcat]
2020-10-03 15:49:12.681  INFO [vt.qlkdtt-yte-ws,,,] 6980 --- [  restartedMain] org.apache.catalina.core.StandardEngine  : Starting Servlet engine: [Apache Tomcat/9.0.30]
2020-10-03 15:49:12.854  INFO [vt.qlkdtt-yte-ws,,,] 6980 --- [  restartedMain] o.a.c.c.C.[Tomcat].[localhost].[/]       : Initializing Spring embedded WebApplicationContext
2020-10-03 15:49:12.855  INFO [vt.qlkdtt-yte-ws,,,] 6980 --- [  restartedMain] o.s.web.context.ContextLoader            : Root WebApplicationContext: initialization completed in 5581 ms
2020-10-03 15:49:16.035 DEBUG [vt.qlkdtt-yte-ws,,,] 6980 --- [  restartedMain] me.coong.web.filter.WebTracingFilter     : Filter 'webTracingFilter' configured for use
2020-10-03 15:49:16.217  INFO [vt.qlkdtt-yte-ws,,,] 6980 --- [  restartedMain] com.zaxxer.hikari.HikariDataSource       : HikariPool-1 - Starting...
2020-10-03 15:49:16.425  INFO [vt.qlkdtt-yte-ws,,,] 6980 --- [  restartedMain] com.zaxxer.hikari.HikariDataSource       : HikariPool-1 - Start completed.
2020-10-03 15:49:16.560  INFO [vt.qlkdtt-yte-ws,,,] 6980 --- [  restartedMain] o.hibernate.jpa.internal.util.LogHelper  : HHH000204: Processing PersistenceUnitInfo [
	name: default
	...]
2020-10-03 15:49:16.656  INFO [vt.qlkdtt-yte-ws,,,] 6980 --- [  restartedMain] org.hibernate.Version                    : HHH000412: Hibernate Core {5.3.15.Final}
2020-10-03 15:49:16.658  INFO [vt.qlkdtt-yte-ws,,,] 6980 --- [  restartedMain] org.hibernate.cfg.Environment            : HHH000206: hibernate.properties not found
2020-10-03 15:49:16.815  INFO [vt.qlkdtt-yte-ws,,,] 6980 --- [  restartedMain] o.hibernate.annotations.common.Version   : HCANN000001: Hibernate Commons Annotations {5.0.4.Final}
2020-10-03 15:49:17.271  INFO [vt.qlkdtt-yte-ws,,,] 6980 --- [  restartedMain] org.hibernate.dialect.Dialect            : HHH000400: Using dialect: org.hibernate.dialect.MariaDB103Dialect
2020-10-03 15:49:18.972  INFO [vt.qlkdtt-yte-ws,,,] 6980 --- [  restartedMain] j.LocalContainerEntityManagerFactoryBean : Initialized JPA EntityManagerFactory for persistence unit 'default'
2020-10-03 15:49:19.030  INFO [vt.qlkdtt-yte-ws,,,] 6980 --- [  restartedMain] o.s.b.d.a.OptionalLiveReloadServer       : LiveReload server is running on port 35729
2020-10-03 15:49:21.999  INFO [vt.qlkdtt-yte-ws,,,] 6980 --- [  restartedMain] o.s.b.a.e.web.EndpointLinksResolver      : Exposing 17 endpoint(s) beneath base path '/actuator'
2020-10-03 15:49:22.518  INFO [vt.qlkdtt-yte-ws,,,] 6980 --- [  restartedMain] pertySourcedRequestMappingHandlerMapping : Mapped URL path [/v2/api-docs] onto method [public org.springframework.http.ResponseEntity<springfox.documentation.spring.web.json.Json> springfox.documentation.swagger2.web.Swagger2Controller.getDocumentation(java.lang.String,javax.servlet.http.HttpServletRequest)]
2020-10-03 15:49:22.918  INFO [vt.qlkdtt-yte-ws,,,] 6980 --- [  restartedMain] o.s.s.web.DefaultSecurityFilterChain     : Creating filter chain: any request, [org.springframework.security.web.context.request.async.WebAsyncManagerIntegrationFilter@5bab7e5b, org.springframework.security.web.context.SecurityContextPersistenceFilter@52f5a18e, org.springframework.security.web.header.HeaderWriterFilter@5e3c8e54, org.springframework.web.filter.CorsFilter@35d5d9ba, org.springframework.web.filter.CharacterEncodingFilter@5d01a09c, org.springframework.security.web.authentication.logout.LogoutFilter@3b14669b, vt.qlkdtt.yte.security.jwt.JwtAuthenticationFilter@5520f3bf, org.springframework.security.web.savedrequest.RequestCacheAwareFilter@12c4e29d, org.springframework.security.web.servletapi.SecurityContextHolderAwareRequestFilter@41bd12c7, org.springframework.security.web.authentication.AnonymousAuthenticationFilter@7a222ef0, org.springframework.security.web.session.SessionManagementFilter@48d7a2f5, org.springframework.security.web.access.ExceptionTranslationFilter@3d465f76, org.springframework.security.web.access.intercept.FilterSecurityInterceptor@72b8e741]
2020-10-03 15:49:22.930  INFO [vt.qlkdtt-yte-ws,,,] 6980 --- [  restartedMain] o.s.aop.framework.CglibAopProxy          : Unable to proxy interface-implementing method [public final void org.springframework.web.filter.GenericFilterBean.init(javax.servlet.FilterConfig) throws javax.servlet.ServletException] because it is marked as final: Consider using interface-based JDK proxies instead!
2020-10-03 15:49:23.251  INFO [vt.qlkdtt-yte-ws,,,] 6980 --- [  restartedMain] o.s.s.concurrent.ThreadPoolTaskExecutor  : Initializing ExecutorService 'applicationTaskExecutor'
2020-10-03 15:49:25.298  INFO [vt.qlkdtt-yte-ws,,,] 6980 --- [  restartedMain] d.s.w.p.DocumentationPluginsBootstrapper : Context refreshed
2020-10-03 15:49:25.330  INFO [vt.qlkdtt-yte-ws,,,] 6980 --- [  restartedMain] d.s.w.p.DocumentationPluginsBootstrapper : Found 1 custom documentation plugin(s)
2020-10-03 15:49:25.418  INFO [vt.qlkdtt-yte-ws,,,] 6980 --- [  restartedMain] s.d.s.w.s.ApiListingReferenceScanner     : Scanning for api listing references
2020-10-03 15:49:25.706  INFO [vt.qlkdtt-yte-ws,,,] 6980 --- [  restartedMain] .d.s.w.r.o.CachingOperationNameGenerator : Generating unique operation named: findByIdUsingGET_1
2020-10-03 15:49:25.820  INFO [vt.qlkdtt-yte-ws,,,] 6980 --- [  restartedMain] .d.s.w.r.o.CachingOperationNameGenerator : Generating unique operation named: findByIdUsingGET_2
2020-10-03 15:49:25.828  INFO [vt.qlkdtt-yte-ws,,,] 6980 --- [  restartedMain] .d.s.w.r.o.CachingOperationNameGenerator : Generating unique operation named: updateUsingPOST_1
2020-10-03 15:49:25.887  INFO [vt.qlkdtt-yte-ws,,,] 6980 --- [  restartedMain] .d.s.w.r.o.CachingOperationNameGenerator : Generating unique operation named: updateUsingPOST_2
2020-10-03 15:49:25.892  INFO [vt.qlkdtt-yte-ws,,,] 6980 --- [  restartedMain] .d.s.w.r.o.CachingOperationNameGenerator : Generating unique operation named: createUsingPOST_1
2020-10-03 15:49:25.894  INFO [vt.qlkdtt-yte-ws,,,] 6980 --- [  restartedMain] .d.s.w.r.o.CachingOperationNameGenerator : Generating unique operation named: deleteUsingDELETE_1
2020-10-03 15:49:25.899  INFO [vt.qlkdtt-yte-ws,,,] 6980 --- [  restartedMain] .d.s.w.r.o.CachingOperationNameGenerator : Generating unique operation named: updateUsingPOST_3
2020-10-03 15:49:25.912  INFO [vt.qlkdtt-yte-ws,,,] 6980 --- [  restartedMain] .d.s.w.r.o.CachingOperationNameGenerator : Generating unique operation named: findByCodeUsingGET_1
2020-10-03 15:49:25.969  INFO [vt.qlkdtt-yte-ws,,,] 6980 --- [  restartedMain] .d.s.w.r.o.CachingOperationNameGenerator : Generating unique operation named: findByIdUsingGET_3
2020-10-03 15:49:26.009  INFO [vt.qlkdtt-yte-ws,,,] 6980 --- [  restartedMain] .d.s.w.r.o.CachingOperationNameGenerator : Generating unique operation named: findByIdUsingGET_4
2020-10-03 15:49:26.042  INFO [vt.qlkdtt-yte-ws,,,] 6980 --- [  restartedMain] .d.s.w.r.o.CachingOperationNameGenerator : Generating unique operation named: changeProductStatusUsingPOST_1
2020-10-03 15:49:26.070  INFO [vt.qlkdtt-yte-ws,,,] 6980 --- [  restartedMain] .d.s.w.r.o.CachingOperationNameGenerator : Generating unique operation named: findByIdUsingGET_5
2020-10-03 15:49:26.107  INFO [vt.qlkdtt-yte-ws,,,] 6980 --- [  restartedMain] .d.s.w.r.o.CachingOperationNameGenerator : Generating unique operation named: findByIdUsingGET_6
2020-10-03 15:49:26.184  INFO [vt.qlkdtt-yte-ws,,,] 6980 --- [  restartedMain] o.s.b.w.embedded.tomcat.TomcatWebServer  : Tomcat started on port(s): 8998 (http) with context path ''
2020-10-03 15:49:26.527  INFO [vt.qlkdtt-yte-ws,,,] 6980 --- [  restartedMain] vt.qlkdtt.yte.Application                : Started Application in 21.288 seconds (JVM running for 22.207)
2020-10-03 16:06:04.793  INFO [vt.qlkdtt-yte-ws,,,] 6980 --- [      Thread-12] o.s.s.concurrent.ThreadPoolTaskExecutor  : Shutting down ExecutorService 'applicationTaskExecutor'
2020-10-03 16:06:04.805  INFO [vt.qlkdtt-yte-ws,,,] 6980 --- [      Thread-12] j.LocalContainerEntityManagerFactoryBean : Closing JPA EntityManagerFactory for persistence unit 'default'
2020-10-03 16:06:04.812  INFO [vt.qlkdtt-yte-ws,,,] 6980 --- [      Thread-12] com.zaxxer.hikari.HikariDataSource       : HikariPool-1 - Shutdown initiated...
2020-10-03 16:06:04.821  INFO [vt.qlkdtt-yte-ws,,,] 6980 --- [      Thread-12] com.zaxxer.hikari.HikariDataSource       : HikariPool-1 - Shutdown completed.
2020-10-03 16:06:12.544  INFO [vt.qlkdtt-yte-ws,,,] 14320 --- [  restartedMain] .e.DevToolsPropertyDefaultsPostProcessor : Devtools property defaults active! Set 'spring.devtools.add-properties' to 'false' to disable
2020-10-03 16:06:13.310  INFO [vt.qlkdtt-yte-ws,,,] 14320 --- [  restartedMain] vt.qlkdtt.yte.Application                : No active profile set, falling back to default profiles: default
2020-10-03 16:06:15.647  INFO [vt.qlkdtt-yte-ws,,,] 14320 --- [  restartedMain] .s.d.r.c.RepositoryConfigurationDelegate : Bootstrapping Spring Data JPA repositories in DEFAULT mode.
2020-10-03 16:06:16.168  INFO [vt.qlkdtt-yte-ws,,,] 14320 --- [  restartedMain] .s.d.r.c.RepositoryConfigurationDelegate : Finished Spring Data repository scanning in 511ms. Found 28 JPA repository interfaces.
2020-10-03 16:06:16.762  INFO [vt.qlkdtt-yte-ws,,,] 14320 --- [  restartedMain] o.s.cloud.context.scope.GenericScope     : BeanFactory id=3482cb1b-89d5-32ac-85c9-69a2ac3deb12
2020-10-03 16:06:17.168  INFO [vt.qlkdtt-yte-ws,,,] 14320 --- [  restartedMain] trationDelegate$BeanPostProcessorChecker : Bean 'org.springframework.transaction.annotation.ProxyTransactionManagementConfiguration' of type [org.springframework.transaction.annotation.ProxyTransactionManagementConfiguration$$EnhancerBySpringCGLIB$$4b5adc34] is not eligible for getting processed by all BeanPostProcessors (for example: not eligible for auto-proxying)
2020-10-03 16:06:17.221  INFO [vt.qlkdtt-yte-ws,,,] 14320 --- [  restartedMain] trationDelegate$BeanPostProcessorChecker : Bean 'org.springframework.hateoas.config.HateoasConfiguration' of type [org.springframework.hateoas.config.HateoasConfiguration$$EnhancerBySpringCGLIB$$cadb2966] is not eligible for getting processed by all BeanPostProcessors (for example: not eligible for auto-proxying)
2020-10-03 16:06:18.370  INFO [vt.qlkdtt-yte-ws,,,] 14320 --- [  restartedMain] o.s.b.w.embedded.tomcat.TomcatWebServer  : Tomcat initialized with port(s): 8998 (http)
2020-10-03 16:06:18.397  INFO [vt.qlkdtt-yte-ws,,,] 14320 --- [  restartedMain] o.apache.catalina.core.StandardService   : Starting service [Tomcat]
2020-10-03 16:06:18.397  INFO [vt.qlkdtt-yte-ws,,,] 14320 --- [  restartedMain] org.apache.catalina.core.StandardEngine  : Starting Servlet engine: [Apache Tomcat/9.0.30]
2020-10-03 16:06:18.564  INFO [vt.qlkdtt-yte-ws,,,] 14320 --- [  restartedMain] o.a.c.c.C.[Tomcat].[localhost].[/]       : Initializing Spring embedded WebApplicationContext
2020-10-03 16:06:18.564  INFO [vt.qlkdtt-yte-ws,,,] 14320 --- [  restartedMain] o.s.web.context.ContextLoader            : Root WebApplicationContext: initialization completed in 5238 ms
2020-10-03 16:06:21.780 DEBUG [vt.qlkdtt-yte-ws,,,] 14320 --- [  restartedMain] me.coong.web.filter.WebTracingFilter     : Filter 'webTracingFilter' configured for use
2020-10-03 16:06:21.952  INFO [vt.qlkdtt-yte-ws,,,] 14320 --- [  restartedMain] com.zaxxer.hikari.HikariDataSource       : HikariPool-1 - Starting...
2020-10-03 16:06:22.170  INFO [vt.qlkdtt-yte-ws,,,] 14320 --- [  restartedMain] com.zaxxer.hikari.HikariDataSource       : HikariPool-1 - Start completed.
2020-10-03 16:06:22.311  INFO [vt.qlkdtt-yte-ws,,,] 14320 --- [  restartedMain] o.hibernate.jpa.internal.util.LogHelper  : HHH000204: Processing PersistenceUnitInfo [
	name: default
	...]
2020-10-03 16:06:22.405  INFO [vt.qlkdtt-yte-ws,,,] 14320 --- [  restartedMain] org.hibernate.Version                    : HHH000412: Hibernate Core {5.3.15.Final}
2020-10-03 16:06:22.405  INFO [vt.qlkdtt-yte-ws,,,] 14320 --- [  restartedMain] org.hibernate.cfg.Environment            : HHH000206: hibernate.properties not found
2020-10-03 16:06:22.577  INFO [vt.qlkdtt-yte-ws,,,] 14320 --- [  restartedMain] o.hibernate.annotations.common.Version   : HCANN000001: Hibernate Commons Annotations {5.0.4.Final}
2020-10-03 16:06:23.061  INFO [vt.qlkdtt-yte-ws,,,] 14320 --- [  restartedMain] org.hibernate.dialect.Dialect            : HHH000400: Using dialect: org.hibernate.dialect.MariaDB103Dialect
2020-10-03 16:06:24.790  INFO [vt.qlkdtt-yte-ws,,,] 14320 --- [  restartedMain] j.LocalContainerEntityManagerFactoryBean : Initialized JPA EntityManagerFactory for persistence unit 'default'
2020-10-03 16:06:24.847  INFO [vt.qlkdtt-yte-ws,,,] 14320 --- [  restartedMain] o.s.b.d.a.OptionalLiveReloadServer       : LiveReload server is running on port 35729
2020-10-03 16:06:27.751  INFO [vt.qlkdtt-yte-ws,,,] 14320 --- [  restartedMain] o.s.b.a.e.web.EndpointLinksResolver      : Exposing 17 endpoint(s) beneath base path '/actuator'
2020-10-03 16:06:28.202  INFO [vt.qlkdtt-yte-ws,,,] 14320 --- [  restartedMain] pertySourcedRequestMappingHandlerMapping : Mapped URL path [/v2/api-docs] onto method [public org.springframework.http.ResponseEntity<springfox.documentation.spring.web.json.Json> springfox.documentation.swagger2.web.Swagger2Controller.getDocumentation(java.lang.String,javax.servlet.http.HttpServletRequest)]
2020-10-03 16:06:28.629  INFO [vt.qlkdtt-yte-ws,,,] 14320 --- [  restartedMain] o.s.s.web.DefaultSecurityFilterChain     : Creating filter chain: any request, [org.springframework.security.web.context.request.async.WebAsyncManagerIntegrationFilter@7704365a, org.springframework.security.web.context.SecurityContextPersistenceFilter@1a8cb249, org.springframework.security.web.header.HeaderWriterFilter@29362dc2, org.springframework.web.filter.CorsFilter@32612553, org.springframework.web.filter.CharacterEncodingFilter@7ee4d4b9, org.springframework.security.web.authentication.logout.LogoutFilter@42faf34a, vt.qlkdtt.yte.security.jwt.JwtAuthenticationFilter@2806258b, org.springframework.security.web.savedrequest.RequestCacheAwareFilter@5f1bbe14, org.springframework.security.web.servletapi.SecurityContextHolderAwareRequestFilter@c0e299d, org.springframework.security.web.authentication.AnonymousAuthenticationFilter@49f83aa3, org.springframework.security.web.session.SessionManagementFilter@f432948, org.springframework.security.web.access.ExceptionTranslationFilter@8e1520a, org.springframework.security.web.access.intercept.FilterSecurityInterceptor@1a19eed1]
2020-10-03 16:06:28.644  INFO [vt.qlkdtt-yte-ws,,,] 14320 --- [  restartedMain] o.s.aop.framework.CglibAopProxy          : Unable to proxy interface-implementing method [public final void org.springframework.web.filter.GenericFilterBean.init(javax.servlet.FilterConfig) throws javax.servlet.ServletException] because it is marked as final: Consider using interface-based JDK proxies instead!
2020-10-03 16:06:29.012  INFO [vt.qlkdtt-yte-ws,,,] 14320 --- [  restartedMain] o.s.s.concurrent.ThreadPoolTaskExecutor  : Initializing ExecutorService 'applicationTaskExecutor'
2020-10-03 16:06:31.129  INFO [vt.qlkdtt-yte-ws,,,] 14320 --- [  restartedMain] d.s.w.p.DocumentationPluginsBootstrapper : Context refreshed
2020-10-03 16:06:31.158  INFO [vt.qlkdtt-yte-ws,,,] 14320 --- [  restartedMain] d.s.w.p.DocumentationPluginsBootstrapper : Found 1 custom documentation plugin(s)
2020-10-03 16:06:31.209  INFO [vt.qlkdtt-yte-ws,,,] 14320 --- [  restartedMain] s.d.s.w.s.ApiListingReferenceScanner     : Scanning for api listing references
2020-10-03 16:06:31.509  INFO [vt.qlkdtt-yte-ws,,,] 14320 --- [  restartedMain] .d.s.w.r.o.CachingOperationNameGenerator : Generating unique operation named: findByIdUsingGET_1
2020-10-03 16:06:31.613  INFO [vt.qlkdtt-yte-ws,,,] 14320 --- [  restartedMain] .d.s.w.r.o.CachingOperationNameGenerator : Generating unique operation named: findByIdUsingGET_2
2020-10-03 16:06:31.620  INFO [vt.qlkdtt-yte-ws,,,] 14320 --- [  restartedMain] .d.s.w.r.o.CachingOperationNameGenerator : Generating unique operation named: updateUsingPOST_1
2020-10-03 16:06:31.669  INFO [vt.qlkdtt-yte-ws,,,] 14320 --- [  restartedMain] .d.s.w.r.o.CachingOperationNameGenerator : Generating unique operation named: updateUsingPOST_2
2020-10-03 16:06:31.673  INFO [vt.qlkdtt-yte-ws,,,] 14320 --- [  restartedMain] .d.s.w.r.o.CachingOperationNameGenerator : Generating unique operation named: createUsingPOST_1
2020-10-03 16:06:31.674  INFO [vt.qlkdtt-yte-ws,,,] 14320 --- [  restartedMain] .d.s.w.r.o.CachingOperationNameGenerator : Generating unique operation named: deleteUsingDELETE_1
2020-10-03 16:06:31.676  INFO [vt.qlkdtt-yte-ws,,,] 14320 --- [  restartedMain] .d.s.w.r.o.CachingOperationNameGenerator : Generating unique operation named: updateUsingPOST_3
2020-10-03 16:06:31.684  INFO [vt.qlkdtt-yte-ws,,,] 14320 --- [  restartedMain] .d.s.w.r.o.CachingOperationNameGenerator : Generating unique operation named: findByCodeUsingGET_1
2020-10-03 16:06:31.728  INFO [vt.qlkdtt-yte-ws,,,] 14320 --- [  restartedMain] .d.s.w.r.o.CachingOperationNameGenerator : Generating unique operation named: findByIdUsingGET_3
2020-10-03 16:06:31.761  INFO [vt.qlkdtt-yte-ws,,,] 14320 --- [  restartedMain] .d.s.w.r.o.CachingOperationNameGenerator : Generating unique operation named: findByIdUsingGET_4
2020-10-03 16:06:31.787  INFO [vt.qlkdtt-yte-ws,,,] 14320 --- [  restartedMain] .d.s.w.r.o.CachingOperationNameGenerator : Generating unique operation named: changeProductStatusUsingPOST_1
2020-10-03 16:06:31.810  INFO [vt.qlkdtt-yte-ws,,,] 14320 --- [  restartedMain] .d.s.w.r.o.CachingOperationNameGenerator : Generating unique operation named: findByIdUsingGET_5
2020-10-03 16:06:31.840  INFO [vt.qlkdtt-yte-ws,,,] 14320 --- [  restartedMain] .d.s.w.r.o.CachingOperationNameGenerator : Generating unique operation named: findByIdUsingGET_6
2020-10-03 16:06:31.891  INFO [vt.qlkdtt-yte-ws,,,] 14320 --- [  restartedMain] o.s.b.w.embedded.tomcat.TomcatWebServer  : Tomcat started on port(s): 8998 (http) with context path ''
2020-10-03 16:06:32.167  INFO [vt.qlkdtt-yte-ws,,,] 14320 --- [  restartedMain] vt.qlkdtt.yte.Application                : Started Application in 20.841 seconds (JVM running for 21.671)
2020-10-03 16:07:30.991  INFO [vt.qlkdtt-yte-ws,,,] 14320 --- [nio-8998-exec-1] o.a.c.c.C.[Tomcat].[localhost].[/]       : Initializing Spring DispatcherServlet 'dispatcherServlet'
2020-10-03 16:07:30.991  INFO [vt.qlkdtt-yte-ws,,,] 14320 --- [nio-8998-exec-1] o.s.web.servlet.DispatcherServlet        : Initializing Servlet 'dispatcherServlet'
2020-10-03 16:07:31.026  INFO [vt.qlkdtt-yte-ws,,,] 14320 --- [nio-8998-exec-1] o.s.web.servlet.DispatcherServlet        : Completed initialization in 35 ms
2020-10-03 16:07:31.066 DEBUG [vt.qlkdtt-yte-ws,5cc2968cfe69c893,5cc2968cfe69c893,false] 14320 --- [nio-8998-exec-1] me.coong.web.filter.WebTracingFilter     : GET /swagger-ui.html
2020-10-03 16:07:31.123 DEBUG [vt.qlkdtt-yte-ws,5cc2968cfe69c893,5cc2968cfe69c893,false] 14320 --- [nio-8998-exec-1] me.coong.web.filter.WebTracingFilter     : 200//57 ms
2020-10-03 16:07:31.496 DEBUG [vt.qlkdtt-yte-ws,c92965cb2438a955,c92965cb2438a955,false] 14320 --- [nio-8998-exec-9] me.coong.web.filter.WebTracingFilter     : GET /swagger-resources
2020-10-03 16:07:31.500 DEBUG [vt.qlkdtt-yte-ws,c92965cb2438a955,c92965cb2438a955,false] 14320 --- [nio-8998-exec-9] me.coong.web.filter.WebTracingFilter     : 200//4 ms
2020-10-03 16:07:31.540 DEBUG [vt.qlkdtt-yte-ws,72ba93a72ae5bbc0,72ba93a72ae5bbc0,false] 14320 --- [io-8998-exec-10] me.coong.web.filter.WebTracingFilter     : GET /v2/api-docs
2020-10-03 16:07:31.540 DEBUG [vt.qlkdtt-yte-ws,0d3f317f9a6397c0,0d3f317f9a6397c0,false] 14320 --- [nio-8998-exec-1] me.coong.web.filter.WebTracingFilter     : GET /
2020-10-03 16:07:31.601 DEBUG [vt.qlkdtt-yte-ws,0d3f317f9a6397c0,0d3f317f9a6397c0,false] 14320 --- [nio-8998-exec-1] me.coong.web.filter.WebTracingFilter     : 200//61 ms
2020-10-03 16:07:31.607 DEBUG [vt.qlkdtt-yte-ws,91066042f91596e9,91066042f91596e9,false] 14320 --- [nio-8998-exec-2] me.coong.web.filter.WebTracingFilter     : GET /csrf
2020-10-03 16:07:31.612 DEBUG [vt.qlkdtt-yte-ws,91066042f91596e9,91066042f91596e9,false] 14320 --- [nio-8998-exec-2] me.coong.web.filter.WebTracingFilter     : 404//5 ms
2020-10-03 16:07:31.724 DEBUG [vt.qlkdtt-yte-ws,72ba93a72ae5bbc0,72ba93a72ae5bbc0,false] 14320 --- [io-8998-exec-10] me.coong.web.filter.WebTracingFilter     : 200//184 ms
2020-10-03 16:08:00.968 DEBUG [vt.qlkdtt-yte-ws,e2904a2e215b2bf2,e2904a2e215b2bf2,false] 14320 --- [nio-8998-exec-9] me.coong.web.filter.WebTracingFilter     : GET /area/getDistrictListByProvince1
2020-10-03 16:08:01.088 DEBUG [vt.qlkdtt-yte-ws,e2904a2e215b2bf2,e2904a2e215b2bf2,false] 14320 --- [nio-8998-exec-9] me.coong.web.filter.WebTracingFilter     : 204//120 ms
2020-10-03 16:08:23.253 DEBUG [vt.qlkdtt-yte-ws,91972cd088aba65c,91972cd088aba65c,false] 14320 --- [nio-8998-exec-6] me.coong.web.filter.WebTracingFilter     : GET /area/getDistrictListByProvince1
2020-10-03 16:08:23.267 DEBUG [vt.qlkdtt-yte-ws,91972cd088aba65c,91972cd088aba65c,false] 14320 --- [nio-8998-exec-6] me.coong.web.filter.WebTracingFilter     : 200//14 ms
2020-10-03 17:09:53.145  WARN [vt.qlkdtt-yte-ws,,,] 14320 --- [l-1 housekeeper] com.zaxxer.hikari.pool.HikariPool        : HikariPool-1 - Thread starvation or clock leap detected (housekeeper delta=31m30s342ms160µs300ns).
2020-10-03 17:21:20.536  INFO [vt.qlkdtt-yte-ws,,,] 14320 --- [      Thread-12] o.s.s.concurrent.ThreadPoolTaskExecutor  : Shutting down ExecutorService 'applicationTaskExecutor'
2020-10-03 17:21:20.552  INFO [vt.qlkdtt-yte-ws,,,] 14320 --- [      Thread-12] j.LocalContainerEntityManagerFactoryBean : Closing JPA EntityManagerFactory for persistence unit 'default'
2020-10-03 17:21:20.568  INFO [vt.qlkdtt-yte-ws,,,] 14320 --- [      Thread-12] com.zaxxer.hikari.HikariDataSource       : HikariPool-1 - Shutdown initiated...
2020-10-03 17:21:20.568  INFO [vt.qlkdtt-yte-ws,,,] 14320 --- [      Thread-12] com.zaxxer.hikari.HikariDataSource       : HikariPool-1 - Shutdown completed.
2020-10-03 18:44:43.823  INFO [vt.qlkdtt-yte-ws,,,] 1412 --- [  restartedMain] .e.DevToolsPropertyDefaultsPostProcessor : Devtools property defaults active! Set 'spring.devtools.add-properties' to 'false' to disable
2020-10-03 18:44:45.398  INFO [vt.qlkdtt-yte-ws,,,] 1412 --- [  restartedMain] vt.qlkdtt.yte.Application                : No active profile set, falling back to default profiles: default
2020-10-03 18:44:51.676  INFO [vt.qlkdtt-yte-ws,,,] 1412 --- [  restartedMain] .s.d.r.c.RepositoryConfigurationDelegate : Bootstrapping Spring Data JPA repositories in DEFAULT mode.
2020-10-03 18:44:52.924  INFO [vt.qlkdtt-yte-ws,,,] 1412 --- [  restartedMain] .s.d.r.c.RepositoryConfigurationDelegate : Finished Spring Data repository scanning in 1230ms. Found 28 JPA repository interfaces.
2020-10-03 18:44:54.788  INFO [vt.qlkdtt-yte-ws,,,] 1412 --- [  restartedMain] o.s.cloud.context.scope.GenericScope     : BeanFactory id=3482cb1b-89d5-32ac-85c9-69a2ac3deb12
2020-10-03 18:44:55.530  INFO [vt.qlkdtt-yte-ws,,,] 1412 --- [  restartedMain] trationDelegate$BeanPostProcessorChecker : Bean 'org.springframework.transaction.annotation.ProxyTransactionManagementConfiguration' of type [org.springframework.transaction.annotation.ProxyTransactionManagementConfiguration$$EnhancerBySpringCGLIB$$9122cf1c] is not eligible for getting processed by all BeanPostProcessors (for example: not eligible for auto-proxying)
2020-10-03 18:44:55.707  INFO [vt.qlkdtt-yte-ws,,,] 1412 --- [  restartedMain] trationDelegate$BeanPostProcessorChecker : Bean 'org.springframework.hateoas.config.HateoasConfiguration' of type [org.springframework.hateoas.config.HateoasConfiguration$$EnhancerBySpringCGLIB$$10a31c4e] is not eligible for getting processed by all BeanPostProcessors (for example: not eligible for auto-proxying)
2020-10-03 18:44:57.663  INFO [vt.qlkdtt-yte-ws,,,] 1412 --- [  restartedMain] o.s.b.w.embedded.tomcat.TomcatWebServer  : Tomcat initialized with port(s): 8998 (http)
2020-10-03 18:44:57.703  INFO [vt.qlkdtt-yte-ws,,,] 1412 --- [  restartedMain] o.apache.catalina.core.StandardService   : Starting service [Tomcat]
2020-10-03 18:44:57.703  INFO [vt.qlkdtt-yte-ws,,,] 1412 --- [  restartedMain] org.apache.catalina.core.StandardEngine  : Starting Servlet engine: [Apache Tomcat/9.0.30]
2020-10-03 18:44:57.901  INFO [vt.qlkdtt-yte-ws,,,] 1412 --- [  restartedMain] o.a.c.c.C.[Tomcat].[localhost].[/]       : Initializing Spring embedded WebApplicationContext
2020-10-03 18:44:57.902  INFO [vt.qlkdtt-yte-ws,,,] 1412 --- [  restartedMain] o.s.web.context.ContextLoader            : Root WebApplicationContext: initialization completed in 12445 ms
2020-10-03 18:45:05.461 DEBUG [vt.qlkdtt-yte-ws,,,] 1412 --- [  restartedMain] me.coong.web.filter.WebTracingFilter     : Filter 'webTracingFilter' configured for use
2020-10-03 18:45:05.711  INFO [vt.qlkdtt-yte-ws,,,] 1412 --- [  restartedMain] com.zaxxer.hikari.HikariDataSource       : HikariPool-1 - Starting...
2020-10-03 18:45:06.250  INFO [vt.qlkdtt-yte-ws,,,] 1412 --- [  restartedMain] com.zaxxer.hikari.HikariDataSource       : HikariPool-1 - Start completed.
2020-10-03 18:45:06.445  INFO [vt.qlkdtt-yte-ws,,,] 1412 --- [  restartedMain] o.hibernate.jpa.internal.util.LogHelper  : HHH000204: Processing PersistenceUnitInfo [
	name: default
	...]
2020-10-03 18:45:06.574  INFO [vt.qlkdtt-yte-ws,,,] 1412 --- [  restartedMain] org.hibernate.Version                    : HHH000412: Hibernate Core {5.3.15.Final}
2020-10-03 18:45:06.576  INFO [vt.qlkdtt-yte-ws,,,] 1412 --- [  restartedMain] org.hibernate.cfg.Environment            : HHH000206: hibernate.properties not found
2020-10-03 18:45:06.742  INFO [vt.qlkdtt-yte-ws,,,] 1412 --- [  restartedMain] o.hibernate.annotations.common.Version   : HCANN000001: Hibernate Commons Annotations {5.0.4.Final}
2020-10-03 18:45:07.279  INFO [vt.qlkdtt-yte-ws,,,] 1412 --- [  restartedMain] org.hibernate.dialect.Dialect            : HHH000400: Using dialect: org.hibernate.dialect.MariaDB103Dialect
2020-10-03 18:45:09.131  INFO [vt.qlkdtt-yte-ws,,,] 1412 --- [  restartedMain] j.LocalContainerEntityManagerFactoryBean : Initialized JPA EntityManagerFactory for persistence unit 'default'
2020-10-03 18:45:09.193  INFO [vt.qlkdtt-yte-ws,,,] 1412 --- [  restartedMain] o.s.b.d.a.OptionalLiveReloadServer       : LiveReload server is running on port 35729
2020-10-03 18:45:12.663  INFO [vt.qlkdtt-yte-ws,,,] 1412 --- [  restartedMain] o.s.b.a.e.web.EndpointLinksResolver      : Exposing 17 endpoint(s) beneath base path '/actuator'
2020-10-03 18:45:13.445  INFO [vt.qlkdtt-yte-ws,,,] 1412 --- [  restartedMain] pertySourcedRequestMappingHandlerMapping : Mapped URL path [/v2/api-docs] onto method [public org.springframework.http.ResponseEntity<springfox.documentation.spring.web.json.Json> springfox.documentation.swagger2.web.Swagger2Controller.getDocumentation(java.lang.String,javax.servlet.http.HttpServletRequest)]
2020-10-03 18:45:14.090  INFO [vt.qlkdtt-yte-ws,,,] 1412 --- [  restartedMain] o.s.s.web.DefaultSecurityFilterChain     : Creating filter chain: any request, [org.springframework.security.web.context.request.async.WebAsyncManagerIntegrationFilter@31152436, org.springframework.security.web.context.SecurityContextPersistenceFilter@419c2691, org.springframework.security.web.header.HeaderWriterFilter@14df9a98, org.springframework.web.filter.CorsFilter@234106aa, org.springframework.web.filter.CharacterEncodingFilter@5880f73b, org.springframework.security.web.authentication.logout.LogoutFilter@4580fce, vt.qlkdtt.yte.security.jwt.JwtAuthenticationFilter@3e0eb25e, org.springframework.security.web.savedrequest.RequestCacheAwareFilter@74b8791, org.springframework.security.web.servletapi.SecurityContextHolderAwareRequestFilter@517e11b3, org.springframework.security.web.authentication.AnonymousAuthenticationFilter@2f96502e, org.springframework.security.web.session.SessionManagementFilter@c0fee32, org.springframework.security.web.access.ExceptionTranslationFilter@34bc5121, org.springframework.security.web.access.intercept.FilterSecurityInterceptor@574245f6]
2020-10-03 18:45:14.107  INFO [vt.qlkdtt-yte-ws,,,] 1412 --- [  restartedMain] o.s.aop.framework.CglibAopProxy          : Unable to proxy interface-implementing method [public final void org.springframework.web.filter.GenericFilterBean.init(javax.servlet.FilterConfig) throws javax.servlet.ServletException] because it is marked as final: Consider using interface-based JDK proxies instead!
2020-10-03 18:45:14.525  INFO [vt.qlkdtt-yte-ws,,,] 1412 --- [  restartedMain] o.s.s.concurrent.ThreadPoolTaskExecutor  : Initializing ExecutorService 'applicationTaskExecutor'
2020-10-03 18:45:16.894  INFO [vt.qlkdtt-yte-ws,,,] 1412 --- [  restartedMain] d.s.w.p.DocumentationPluginsBootstrapper : Context refreshed
2020-10-03 18:45:16.932  INFO [vt.qlkdtt-yte-ws,,,] 1412 --- [  restartedMain] d.s.w.p.DocumentationPluginsBootstrapper : Found 1 custom documentation plugin(s)
2020-10-03 18:45:16.986  INFO [vt.qlkdtt-yte-ws,,,] 1412 --- [  restartedMain] s.d.s.w.s.ApiListingReferenceScanner     : Scanning for api listing references
2020-10-03 18:45:17.292  INFO [vt.qlkdtt-yte-ws,,,] 1412 --- [  restartedMain] .d.s.w.r.o.CachingOperationNameGenerator : Generating unique operation named: findByIdUsingGET_1
2020-10-03 18:45:17.421  INFO [vt.qlkdtt-yte-ws,,,] 1412 --- [  restartedMain] .d.s.w.r.o.CachingOperationNameGenerator : Generating unique operation named: findByIdUsingGET_2
2020-10-03 18:45:17.430  INFO [vt.qlkdtt-yte-ws,,,] 1412 --- [  restartedMain] .d.s.w.r.o.CachingOperationNameGenerator : Generating unique operation named: updateUsingPOST_1
2020-10-03 18:45:17.493  INFO [vt.qlkdtt-yte-ws,,,] 1412 --- [  restartedMain] .d.s.w.r.o.CachingOperationNameGenerator : Generating unique operation named: updateUsingPOST_2
2020-10-03 18:45:17.500  INFO [vt.qlkdtt-yte-ws,,,] 1412 --- [  restartedMain] .d.s.w.r.o.CachingOperationNameGenerator : Generating unique operation named: createUsingPOST_1
2020-10-03 18:45:17.501  INFO [vt.qlkdtt-yte-ws,,,] 1412 --- [  restartedMain] .d.s.w.r.o.CachingOperationNameGenerator : Generating unique operation named: deleteUsingDELETE_1
2020-10-03 18:45:17.507  INFO [vt.qlkdtt-yte-ws,,,] 1412 --- [  restartedMain] .d.s.w.r.o.CachingOperationNameGenerator : Generating unique operation named: updateUsingPOST_3
2020-10-03 18:45:17.522  INFO [vt.qlkdtt-yte-ws,,,] 1412 --- [  restartedMain] .d.s.w.r.o.CachingOperationNameGenerator : Generating unique operation named: findByCodeUsingGET_1
2020-10-03 18:45:17.575  INFO [vt.qlkdtt-yte-ws,,,] 1412 --- [  restartedMain] .d.s.w.r.o.CachingOperationNameGenerator : Generating unique operation named: findByIdUsingGET_3
2020-10-03 18:45:17.608  INFO [vt.qlkdtt-yte-ws,,,] 1412 --- [  restartedMain] .d.s.w.r.o.CachingOperationNameGenerator : Generating unique operation named: findByIdUsingGET_4
2020-10-03 18:45:17.634  INFO [vt.qlkdtt-yte-ws,,,] 1412 --- [  restartedMain] .d.s.w.r.o.CachingOperationNameGenerator : Generating unique operation named: changeProductStatusUsingPOST_1
2020-10-03 18:45:17.660  INFO [vt.qlkdtt-yte-ws,,,] 1412 --- [  restartedMain] .d.s.w.r.o.CachingOperationNameGenerator : Generating unique operation named: findByIdUsingGET_5
2020-10-03 18:45:17.689  INFO [vt.qlkdtt-yte-ws,,,] 1412 --- [  restartedMain] .d.s.w.r.o.CachingOperationNameGenerator : Generating unique operation named: findByIdUsingGET_6
2020-10-03 18:45:17.757  INFO [vt.qlkdtt-yte-ws,,,] 1412 --- [  restartedMain] o.s.b.w.embedded.tomcat.TomcatWebServer  : Tomcat started on port(s): 8998 (http) with context path ''
2020-10-03 18:45:18.054  INFO [vt.qlkdtt-yte-ws,,,] 1412 --- [  restartedMain] vt.qlkdtt.yte.Application                : Started Application in 36.467 seconds (JVM running for 39.601)
2020-10-03 18:45:24.326  INFO [vt.qlkdtt-yte-ws,,,] 1412 --- [nio-8998-exec-1] o.a.c.c.C.[Tomcat].[localhost].[/]       : Initializing Spring DispatcherServlet 'dispatcherServlet'
2020-10-03 18:45:24.327  INFO [vt.qlkdtt-yte-ws,,,] 1412 --- [nio-8998-exec-1] o.s.web.servlet.DispatcherServlet        : Initializing Servlet 'dispatcherServlet'
2020-10-03 18:45:24.360  INFO [vt.qlkdtt-yte-ws,,,] 1412 --- [nio-8998-exec-1] o.s.web.servlet.DispatcherServlet        : Completed initialization in 33 ms
2020-10-03 18:45:24.399 DEBUG [vt.qlkdtt-yte-ws,4f918d794dd44d3a,4f918d794dd44d3a,false] 1412 --- [nio-8998-exec-1] me.coong.web.filter.WebTracingFilter     : GET /swagger-ui.html
2020-10-03 18:45:24.466 DEBUG [vt.qlkdtt-yte-ws,4f918d794dd44d3a,4f918d794dd44d3a,false] 1412 --- [nio-8998-exec-1] me.coong.web.filter.WebTracingFilter     : 200//67 ms
2020-10-03 18:45:24.867 DEBUG [vt.qlkdtt-yte-ws,dbd3b60c939ff4ce,dbd3b60c939ff4ce,false] 1412 --- [nio-8998-exec-9] me.coong.web.filter.WebTracingFilter     : GET /swagger-resources
2020-10-03 18:45:24.872 DEBUG [vt.qlkdtt-yte-ws,dbd3b60c939ff4ce,dbd3b60c939ff4ce,false] 1412 --- [nio-8998-exec-9] me.coong.web.filter.WebTracingFilter     : 200//5 ms
2020-10-03 18:45:24.907 DEBUG [vt.qlkdtt-yte-ws,7c5d85d38f67da35,7c5d85d38f67da35,false] 1412 --- [io-8998-exec-10] me.coong.web.filter.WebTracingFilter     : GET /v2/api-docs
2020-10-03 18:45:24.908 DEBUG [vt.qlkdtt-yte-ws,d17739660a415a98,d17739660a415a98,false] 1412 --- [nio-8998-exec-1] me.coong.web.filter.WebTracingFilter     : GET /
2020-10-03 18:45:24.976 DEBUG [vt.qlkdtt-yte-ws,d17739660a415a98,d17739660a415a98,false] 1412 --- [nio-8998-exec-1] me.coong.web.filter.WebTracingFilter     : 200//68 ms
2020-10-03 18:45:24.980 DEBUG [vt.qlkdtt-yte-ws,91097d86b94cc758,91097d86b94cc758,false] 1412 --- [nio-8998-exec-5] me.coong.web.filter.WebTracingFilter     : GET /csrf
2020-10-03 18:45:24.987 DEBUG [vt.qlkdtt-yte-ws,91097d86b94cc758,91097d86b94cc758,false] 1412 --- [nio-8998-exec-5] me.coong.web.filter.WebTracingFilter     : 404//7 ms
2020-10-03 18:45:25.128 DEBUG [vt.qlkdtt-yte-ws,7c5d85d38f67da35,7c5d85d38f67da35,false] 1412 --- [io-8998-exec-10] me.coong.web.filter.WebTracingFilter     : 200//221 ms
2020-10-03 18:45:37.188 DEBUG [vt.qlkdtt-yte-ws,14322aae893c1acf,14322aae893c1acf,false] 1412 --- [nio-8998-exec-9] me.coong.web.filter.WebTracingFilter     : GET /area/getDistrictListByProvince1
2020-10-03 18:45:37.289 DEBUG [vt.qlkdtt-yte-ws,14322aae893c1acf,14322aae893c1acf,false] 1412 --- [nio-8998-exec-9] me.coong.web.filter.WebTracingFilter     : 200//101 ms
2020-10-03 18:48:09.892  INFO [vt.qlkdtt-yte-ws,,,] 1412 --- [      Thread-12] o.s.s.concurrent.ThreadPoolTaskExecutor  : Shutting down ExecutorService 'applicationTaskExecutor'
2020-10-03 18:48:09.907  INFO [vt.qlkdtt-yte-ws,,,] 1412 --- [      Thread-12] j.LocalContainerEntityManagerFactoryBean : Closing JPA EntityManagerFactory for persistence unit 'default'
2020-10-03 18:48:09.916  INFO [vt.qlkdtt-yte-ws,,,] 1412 --- [      Thread-12] com.zaxxer.hikari.HikariDataSource       : HikariPool-1 - Shutdown initiated...
2020-10-03 18:48:09.931  INFO [vt.qlkdtt-yte-ws,,,] 1412 --- [      Thread-12] com.zaxxer.hikari.HikariDataSource       : HikariPool-1 - Shutdown completed.
