[2m2020-10-17 17:12:09.577[0;39m [32m INFO [vt.qlkdtt-yte-ws,,,][0;39m [35m5736[0;39m [2m---[0;39m [2m[  restartedMain][0;39m [36m.e.DevToolsPropertyDefaultsPostProcessor[0;39m [2m:[0;39m Devtools property defaults active! Set 'spring.devtools.add-properties' to 'false' to disable
[2m2020-10-17 17:12:10.579[0;39m [32m INFO [vt.qlkdtt-yte-ws,,,][0;39m [35m5736[0;39m [2m---[0;39m [2m[  restartedMain][0;39m [36mvt.qlkdtt.yte.Application               [0;39m [2m:[0;39m No active profile set, falling back to default profiles: default
[2m2020-10-17 17:12:14.892[0;39m [32m INFO [vt.qlkdtt-yte-ws,,,][0;39m [35m5736[0;39m [2m---[0;39m [2m[  restartedMain][0;39m [36m.s.d.r.c.RepositoryConfigurationDelegate[0;39m [2m:[0;39m Bootstrapping Spring Data JPA repositories in DEFAULT mode.
[2m2020-10-17 17:12:15.383[0;39m [32m INFO [vt.qlkdtt-yte-ws,,,][0;39m [35m5736[0;39m [2m---[0;39m [2m[  restartedMain][0;39m [36m.s.d.r.c.RepositoryConfigurationDelegate[0;39m [2m:[0;39m Finished Spring Data repository scanning in 451ms. Found 30 JPA repository interfaces.
[2m2020-10-17 17:12:16.262[0;39m [32m INFO [vt.qlkdtt-yte-ws,,,][0;39m [35m5736[0;39m [2m---[0;39m [2m[  restartedMain][0;39m [36mo.s.cloud.context.scope.GenericScope    [0;39m [2m:[0;39m BeanFactory id=223f0ea7-1f33-3db0-9bd0-a5acab7ccf1a
[2m2020-10-17 17:12:16.659[0;39m [32m INFO [vt.qlkdtt-yte-ws,,,][0;39m [35m5736[0;39m [2m---[0;39m [2m[  restartedMain][0;39m [36mtrationDelegate$BeanPostProcessorChecker[0;39m [2m:[0;39m Bean 'org.springframework.transaction.annotation.ProxyTransactionManagementConfiguration' of type [org.springframework.transaction.annotation.ProxyTransactionManagementConfiguration$$EnhancerBySpringCGLIB$$6f57dc49] is not eligible for getting processed by all BeanPostProcessors (for example: not eligible for auto-proxying)
[2m2020-10-17 17:12:16.723[0;39m [32m INFO [vt.qlkdtt-yte-ws,,,][0;39m [35m5736[0;39m [2m---[0;39m [2m[  restartedMain][0;39m [36mtrationDelegate$BeanPostProcessorChecker[0;39m [2m:[0;39m Bean 'org.springframework.hateoas.config.HateoasConfiguration' of type [org.springframework.hateoas.config.HateoasConfiguration$$EnhancerBySpringCGLIB$$eed8297b] is not eligible for getting processed by all BeanPostProcessors (for example: not eligible for auto-proxying)
[2m2020-10-17 17:12:17.722[0;39m [32m INFO [vt.qlkdtt-yte-ws,,,][0;39m [35m5736[0;39m [2m---[0;39m [2m[  restartedMain][0;39m [36mo.s.b.w.embedded.tomcat.TomcatWebServer [0;39m [2m:[0;39m Tomcat initialized with port(s): 8998 (http)
[2m2020-10-17 17:12:17.815[0;39m [32m INFO [vt.qlkdtt-yte-ws,,,][0;39m [35m5736[0;39m [2m---[0;39m [2m[  restartedMain][0;39m [36mo.apache.catalina.core.StandardService  [0;39m [2m:[0;39m Starting service [Tomcat]
[2m2020-10-17 17:12:17.815[0;39m [32m INFO [vt.qlkdtt-yte-ws,,,][0;39m [35m5736[0;39m [2m---[0;39m [2m[  restartedMain][0;39m [36morg.apache.catalina.core.StandardEngine [0;39m [2m:[0;39m Starting Servlet engine: [Apache Tomcat/9.0.30]
[2m2020-10-17 17:12:18.000[0;39m [32m INFO [vt.qlkdtt-yte-ws,,,][0;39m [35m5736[0;39m [2m---[0;39m [2m[  restartedMain][0;39m [36mo.a.c.c.C.[Tomcat].[localhost].[/]      [0;39m [2m:[0;39m Initializing Spring embedded WebApplicationContext
[2m2020-10-17 17:12:18.001[0;39m [32m INFO [vt.qlkdtt-yte-ws,,,][0;39m [35m5736[0;39m [2m---[0;39m [2m[  restartedMain][0;39m [36mo.s.web.context.ContextLoader           [0;39m [2m:[0;39m Root WebApplicationContext: initialization completed in 7390 ms
[2m2020-10-17 17:12:21.208[0;39m [32mDEBUG [vt.qlkdtt-yte-ws,,,][0;39m [35m5736[0;39m [2m---[0;39m [2m[  restartedMain][0;39m [36mme.coong.web.filter.WebTracingFilter    [0;39m [2m:[0;39m Filter 'webTracingFilter' configured for use
[2m2020-10-17 17:12:21.586[0;39m [32m INFO [vt.qlkdtt-yte-ws,,,][0;39m [35m5736[0;39m [2m---[0;39m [2m[  restartedMain][0;39m [36mcom.zaxxer.hikari.HikariDataSource      [0;39m [2m:[0;39m HikariPool-1 - Starting...
[2m2020-10-17 17:12:21.818[0;39m [32m INFO [vt.qlkdtt-yte-ws,,,][0;39m [35m5736[0;39m [2m---[0;39m [2m[  restartedMain][0;39m [36mcom.zaxxer.hikari.HikariDataSource      [0;39m [2m:[0;39m HikariPool-1 - Start completed.
[2m2020-10-17 17:12:22.047[0;39m [32m INFO [vt.qlkdtt-yte-ws,,,][0;39m [35m5736[0;39m [2m---[0;39m [2m[  restartedMain][0;39m [36mo.hibernate.jpa.internal.util.LogHelper [0;39m [2m:[0;39m HHH000204: Processing PersistenceUnitInfo [
	name: default
	...]
[2m2020-10-17 17:12:22.294[0;39m [32m INFO [vt.qlkdtt-yte-ws,,,][0;39m [35m5736[0;39m [2m---[0;39m [2m[  restartedMain][0;39m [36morg.hibernate.Version                   [0;39m [2m:[0;39m HHH000412: Hibernate Core {5.3.15.Final}
[2m2020-10-17 17:12:22.296[0;39m [32m INFO [vt.qlkdtt-yte-ws,,,][0;39m [35m5736[0;39m [2m---[0;39m [2m[  restartedMain][0;39m [36morg.hibernate.cfg.Environment           [0;39m [2m:[0;39m HHH000206: hibernate.properties not found
[2m2020-10-17 17:12:22.720[0;39m [32m INFO [vt.qlkdtt-yte-ws,,,][0;39m [35m5736[0;39m [2m---[0;39m [2m[  restartedMain][0;39m [36mo.hibernate.annotations.common.Version  [0;39m [2m:[0;39m HCANN000001: Hibernate Commons Annotations {5.0.4.Final}
[2m2020-10-17 17:12:23.201[0;39m [32m INFO [vt.qlkdtt-yte-ws,,,][0;39m [35m5736[0;39m [2m---[0;39m [2m[  restartedMain][0;39m [36morg.hibernate.dialect.Dialect           [0;39m [2m:[0;39m HHH000400: Using dialect: org.hibernate.dialect.MariaDB103Dialect
[2m2020-10-17 17:12:26.479[0;39m [32m INFO [vt.qlkdtt-yte-ws,,,][0;39m [35m5736[0;39m [2m---[0;39m [2m[  restartedMain][0;39m [36mj.LocalContainerEntityManagerFactoryBean[0;39m [2m:[0;39m Initialized JPA EntityManagerFactory for persistence unit 'default'
[2m2020-10-17 17:12:26.628[0;39m [32m INFO [vt.qlkdtt-yte-ws,,,][0;39m [35m5736[0;39m [2m---[0;39m [2m[  restartedMain][0;39m [36mo.s.b.d.a.OptionalLiveReloadServer      [0;39m [2m:[0;39m LiveReload server is running on port 35729
[2m2020-10-17 17:12:29.665[0;39m [32m INFO [vt.qlkdtt-yte-ws,,,][0;39m [35m5736[0;39m [2m---[0;39m [2m[  restartedMain][0;39m [36mo.s.b.a.e.web.EndpointLinksResolver     [0;39m [2m:[0;39m Exposing 17 endpoint(s) beneath base path '/actuator'
[2m2020-10-17 17:12:30.246[0;39m [32m INFO [vt.qlkdtt-yte-ws,,,][0;39m [35m5736[0;39m [2m---[0;39m [2m[  restartedMain][0;39m [36mpertySourcedRequestMappingHandlerMapping[0;39m [2m:[0;39m Mapped URL path [/v2/api-docs] onto method [public org.springframework.http.ResponseEntity<springfox.documentation.spring.web.json.Json> springfox.documentation.swagger2.web.Swagger2Controller.getDocumentation(java.lang.String,javax.servlet.http.HttpServletRequest)]
[2m2020-10-17 17:12:30.848[0;39m [32m INFO [vt.qlkdtt-yte-ws,,,][0;39m [35m5736[0;39m [2m---[0;39m [2m[  restartedMain][0;39m [36mo.s.s.web.DefaultSecurityFilterChain    [0;39m [2m:[0;39m Creating filter chain: any request, [org.springframework.security.web.context.request.async.WebAsyncManagerIntegrationFilter@e367340, org.springframework.security.web.context.SecurityContextPersistenceFilter@72e58ab, org.springframework.security.web.header.HeaderWriterFilter@7a67ae7a, org.springframework.web.filter.CorsFilter@24b2b700, org.springframework.web.filter.CharacterEncodingFilter@6d0f301d, org.springframework.security.web.authentication.logout.LogoutFilter@3c4ee6f7, vt.qlkdtt.yte.security.jwt.JwtAuthenticationFilter@35930b63, org.springframework.security.web.savedrequest.RequestCacheAwareFilter@e8277e0, org.springframework.security.web.servletapi.SecurityContextHolderAwareRequestFilter@43d6d773, org.springframework.security.web.authentication.AnonymousAuthenticationFilter@707e4f8b, org.springframework.security.web.session.SessionManagementFilter@49483cbc, org.springframework.security.web.access.ExceptionTranslationFilter@700206e7, org.springframework.security.web.access.intercept.FilterSecurityInterceptor@72e27330]
[2m2020-10-17 17:12:30.868[0;39m [32m INFO [vt.qlkdtt-yte-ws,,,][0;39m [35m5736[0;39m [2m---[0;39m [2m[  restartedMain][0;39m [36mo.s.aop.framework.CglibAopProxy         [0;39m [2m:[0;39m Unable to proxy interface-implementing method [public final void org.springframework.web.filter.GenericFilterBean.init(javax.servlet.FilterConfig) throws javax.servlet.ServletException] because it is marked as final: Consider using interface-based JDK proxies instead!
[2m2020-10-17 17:12:31.290[0;39m [32m INFO [vt.qlkdtt-yte-ws,,,][0;39m [35m5736[0;39m [2m---[0;39m [2m[  restartedMain][0;39m [36mo.s.s.concurrent.ThreadPoolTaskExecutor [0;39m [2m:[0;39m Initializing ExecutorService 'applicationTaskExecutor'
[2m2020-10-17 17:12:33.209[0;39m [32m INFO [vt.qlkdtt-yte-ws,,,][0;39m [35m5736[0;39m [2m---[0;39m [2m[  restartedMain][0;39m [36md.s.w.p.DocumentationPluginsBootstrapper[0;39m [2m:[0;39m Context refreshed
[2m2020-10-17 17:12:33.270[0;39m [32m INFO [vt.qlkdtt-yte-ws,,,][0;39m [35m5736[0;39m [2m---[0;39m [2m[  restartedMain][0;39m [36md.s.w.p.DocumentationPluginsBootstrapper[0;39m [2m:[0;39m Found 1 custom documentation plugin(s)
[2m2020-10-17 17:12:33.341[0;39m [32m INFO [vt.qlkdtt-yte-ws,,,][0;39m [35m5736[0;39m [2m---[0;39m [2m[  restartedMain][0;39m [36ms.d.s.w.s.ApiListingReferenceScanner    [0;39m [2m:[0;39m Scanning for api listing references
[2m2020-10-17 17:12:33.647[0;39m [32m INFO [vt.qlkdtt-yte-ws,,,][0;39m [35m5736[0;39m [2m---[0;39m [2m[  restartedMain][0;39m [36m.d.s.w.r.o.CachingOperationNameGenerator[0;39m [2m:[0;39m Generating unique operation named: findByIdUsingGET_1
[2m2020-10-17 17:12:33.725[0;39m [32m INFO [vt.qlkdtt-yte-ws,,,][0;39m [35m5736[0;39m [2m---[0;39m [2m[  restartedMain][0;39m [36m.d.s.w.r.o.CachingOperationNameGenerator[0;39m [2m:[0;39m Generating unique operation named: findByIdUsingGET_2
[2m2020-10-17 17:12:33.730[0;39m [32m INFO [vt.qlkdtt-yte-ws,,,][0;39m [35m5736[0;39m [2m---[0;39m [2m[  restartedMain][0;39m [36m.d.s.w.r.o.CachingOperationNameGenerator[0;39m [2m:[0;39m Generating unique operation named: updateUsingPOST_1
[2m2020-10-17 17:12:33.770[0;39m [32m INFO [vt.qlkdtt-yte-ws,,,][0;39m [35m5736[0;39m [2m---[0;39m [2m[  restartedMain][0;39m [36m.d.s.w.r.o.CachingOperationNameGenerator[0;39m [2m:[0;39m Generating unique operation named: updateUsingPOST_2
[2m2020-10-17 17:12:33.773[0;39m [32m INFO [vt.qlkdtt-yte-ws,,,][0;39m [35m5736[0;39m [2m---[0;39m [2m[  restartedMain][0;39m [36m.d.s.w.r.o.CachingOperationNameGenerator[0;39m [2m:[0;39m Generating unique operation named: createUsingPOST_1
[2m2020-10-17 17:12:33.774[0;39m [32m INFO [vt.qlkdtt-yte-ws,,,][0;39m [35m5736[0;39m [2m---[0;39m [2m[  restartedMain][0;39m [36m.d.s.w.r.o.CachingOperationNameGenerator[0;39m [2m:[0;39m Generating unique operation named: deleteUsingDELETE_1
[2m2020-10-17 17:12:33.777[0;39m [32m INFO [vt.qlkdtt-yte-ws,,,][0;39m [35m5736[0;39m [2m---[0;39m [2m[  restartedMain][0;39m [36m.d.s.w.r.o.CachingOperationNameGenerator[0;39m [2m:[0;39m Generating unique operation named: updateUsingPOST_3
[2m2020-10-17 17:12:33.787[0;39m [32m INFO [vt.qlkdtt-yte-ws,,,][0;39m [35m5736[0;39m [2m---[0;39m [2m[  restartedMain][0;39m [36m.d.s.w.r.o.CachingOperationNameGenerator[0;39m [2m:[0;39m Generating unique operation named: findByCodeUsingGET_1
[2m2020-10-17 17:12:33.826[0;39m [32m INFO [vt.qlkdtt-yte-ws,,,][0;39m [35m5736[0;39m [2m---[0;39m [2m[  restartedMain][0;39m [36m.d.s.w.r.o.CachingOperationNameGenerator[0;39m [2m:[0;39m Generating unique operation named: findByIdUsingGET_3
[2m2020-10-17 17:12:33.855[0;39m [32m INFO [vt.qlkdtt-yte-ws,,,][0;39m [35m5736[0;39m [2m---[0;39m [2m[  restartedMain][0;39m [36m.d.s.w.r.o.CachingOperationNameGenerator[0;39m [2m:[0;39m Generating unique operation named: findByIdUsingGET_4
[2m2020-10-17 17:12:33.877[0;39m [32m INFO [vt.qlkdtt-yte-ws,,,][0;39m [35m5736[0;39m [2m---[0;39m [2m[  restartedMain][0;39m [36m.d.s.w.r.o.CachingOperationNameGenerator[0;39m [2m:[0;39m Generating unique operation named: changeProductStatusUsingPOST_1
[2m2020-10-17 17:12:33.899[0;39m [32m INFO [vt.qlkdtt-yte-ws,,,][0;39m [35m5736[0;39m [2m---[0;39m [2m[  restartedMain][0;39m [36m.d.s.w.r.o.CachingOperationNameGenerator[0;39m [2m:[0;39m Generating unique operation named: findByIdUsingGET_5
[2m2020-10-17 17:12:33.956[0;39m [32m INFO [vt.qlkdtt-yte-ws,,,][0;39m [35m5736[0;39m [2m---[0;39m [2m[  restartedMain][0;39m [36m.d.s.w.r.o.CachingOperationNameGenerator[0;39m [2m:[0;39m Generating unique operation named: deleteUsingDELETE_2
[2m2020-10-17 17:12:33.961[0;39m [32m INFO [vt.qlkdtt-yte-ws,,,][0;39m [35m5736[0;39m [2m---[0;39m [2m[  restartedMain][0;39m [36m.d.s.w.r.o.CachingOperationNameGenerator[0;39m [2m:[0;39m Generating unique operation named: deleteUsingDELETE_3
[2m2020-10-17 17:12:33.964[0;39m [32m INFO [vt.qlkdtt-yte-ws,,,][0;39m [35m5736[0;39m [2m---[0;39m [2m[  restartedMain][0;39m [36m.d.s.w.r.o.CachingOperationNameGenerator[0;39m [2m:[0;39m Generating unique operation named: insertUsingPOST_1
[2m2020-10-17 17:12:33.967[0;39m [32m INFO [vt.qlkdtt-yte-ws,,,][0;39m [35m5736[0;39m [2m---[0;39m [2m[  restartedMain][0;39m [36m.d.s.w.r.o.CachingOperationNameGenerator[0;39m [2m:[0;39m Generating unique operation named: updateUsingPUT_1
[2m2020-10-17 17:12:33.974[0;39m [32m INFO [vt.qlkdtt-yte-ws,,,][0;39m [35m5736[0;39m [2m---[0;39m [2m[  restartedMain][0;39m [36m.d.s.w.r.o.CachingOperationNameGenerator[0;39m [2m:[0;39m Generating unique operation named: findByIdUsingGET_6
[2m2020-10-17 17:12:34.058[0;39m [32m INFO [vt.qlkdtt-yte-ws,,,][0;39m [35m5736[0;39m [2m---[0;39m [2m[  restartedMain][0;39m [36mo.s.b.w.embedded.tomcat.TomcatWebServer [0;39m [2m:[0;39m Tomcat started on port(s): 8998 (http) with context path ''
[2m2020-10-17 17:12:34.392[0;39m [32m INFO [vt.qlkdtt-yte-ws,,,][0;39m [35m5736[0;39m [2m---[0;39m [2m[  restartedMain][0;39m [36mvt.qlkdtt.yte.Application               [0;39m [2m:[0;39m Started Application in 26.657 seconds (JVM running for 28.826)
[2m2020-10-17 17:12:34.816[0;39m [32m INFO [vt.qlkdtt-yte-ws,,,][0;39m [35m5736[0;39m [2m---[0;39m [2m[)-192.168.0.118][0;39m [36mo.a.c.c.C.[Tomcat].[localhost].[/]      [0;39m [2m:[0;39m Initializing Spring DispatcherServlet 'dispatcherServlet'
[2m2020-10-17 17:12:34.817[0;39m [32m INFO [vt.qlkdtt-yte-ws,,,][0;39m [35m5736[0;39m [2m---[0;39m [2m[)-192.168.0.118][0;39m [36mo.s.web.servlet.DispatcherServlet       [0;39m [2m:[0;39m Initializing Servlet 'dispatcherServlet'
[2m2020-10-17 17:12:34.850[0;39m [32m INFO [vt.qlkdtt-yte-ws,,,][0;39m [35m5736[0;39m [2m---[0;39m [2m[)-192.168.0.118][0;39m [36mo.s.web.servlet.DispatcherServlet       [0;39m [2m:[0;39m Completed initialization in 33 ms
[2m2020-10-17 17:13:18.249[0;39m [32mDEBUG [vt.qlkdtt-yte-ws,9b948f6012527607,9b948f6012527607,false][0;39m [35m5736[0;39m [2m---[0;39m [2m[nio-8998-exec-1][0;39m [36mme.coong.web.filter.WebTracingFilter    [0;39m [2m:[0;39m GET /swagger-ui.html
[2m2020-10-17 17:13:18.362[0;39m [32mDEBUG [vt.qlkdtt-yte-ws,9b948f6012527607,9b948f6012527607,false][0;39m [35m5736[0;39m [2m---[0;39m [2m[nio-8998-exec-1][0;39m [36mme.coong.web.filter.WebTracingFilter    [0;39m [2m:[0;39m 200//113 ms
[2m2020-10-17 17:13:18.825[0;39m [32mDEBUG [vt.qlkdtt-yte-ws,b147dbe27cb9195f,b147dbe27cb9195f,false][0;39m [35m5736[0;39m [2m---[0;39m [2m[io-8998-exec-10][0;39m [36mme.coong.web.filter.WebTracingFilter    [0;39m [2m:[0;39m GET /swagger-resources
[2m2020-10-17 17:13:18.829[0;39m [32mDEBUG [vt.qlkdtt-yte-ws,b147dbe27cb9195f,b147dbe27cb9195f,false][0;39m [35m5736[0;39m [2m---[0;39m [2m[io-8998-exec-10][0;39m [36mme.coong.web.filter.WebTracingFilter    [0;39m [2m:[0;39m 200//4 ms
[2m2020-10-17 17:13:18.861[0;39m [32mDEBUG [vt.qlkdtt-yte-ws,ecd5d93473b3b912,ecd5d93473b3b912,false][0;39m [35m5736[0;39m [2m---[0;39m [2m[nio-8998-exec-1][0;39m [36mme.coong.web.filter.WebTracingFilter    [0;39m [2m:[0;39m GET /v2/api-docs
[2m2020-10-17 17:13:18.861[0;39m [32mDEBUG [vt.qlkdtt-yte-ws,daf98719601621eb,daf98719601621eb,false][0;39m [35m5736[0;39m [2m---[0;39m [2m[nio-8998-exec-2][0;39m [36mme.coong.web.filter.WebTracingFilter    [0;39m [2m:[0;39m GET /
[2m2020-10-17 17:13:18.932[0;39m [32mDEBUG [vt.qlkdtt-yte-ws,daf98719601621eb,daf98719601621eb,false][0;39m [35m5736[0;39m [2m---[0;39m [2m[nio-8998-exec-2][0;39m [36mme.coong.web.filter.WebTracingFilter    [0;39m [2m:[0;39m 200//71 ms
[2m2020-10-17 17:13:18.935[0;39m [32mDEBUG [vt.qlkdtt-yte-ws,50ccbf2832709148,50ccbf2832709148,false][0;39m [35m5736[0;39m [2m---[0;39m [2m[nio-8998-exec-3][0;39m [36mme.coong.web.filter.WebTracingFilter    [0;39m [2m:[0;39m GET /csrf
[2m2020-10-17 17:13:18.940[0;39m [32mDEBUG [vt.qlkdtt-yte-ws,50ccbf2832709148,50ccbf2832709148,false][0;39m [35m5736[0;39m [2m---[0;39m [2m[nio-8998-exec-3][0;39m [36mme.coong.web.filter.WebTracingFilter    [0;39m [2m:[0;39m 404//5 ms
[2m2020-10-17 17:13:19.064[0;39m [32mDEBUG [vt.qlkdtt-yte-ws,ecd5d93473b3b912,ecd5d93473b3b912,false][0;39m [35m5736[0;39m [2m---[0;39m [2m[nio-8998-exec-1][0;39m [36mme.coong.web.filter.WebTracingFilter    [0;39m [2m:[0;39m 200//203 ms
[2m2020-10-17 17:13:54.742[0;39m [32mDEBUG [vt.qlkdtt-yte-ws,63fcd95eaa356730,63fcd95eaa356730,false][0;39m [35m5736[0;39m [2m---[0;39m [2m[nio-8998-exec-2][0;39m [36mme.coong.web.filter.WebTracingFilter    [0;39m [2m:[0;39m PUT /stock/readExcel
[2m2020-10-17 17:13:55.051[0;39m [32mDEBUG [vt.qlkdtt-yte-ws,63fcd95eaa356730,63fcd95eaa356730,false][0;39m [35m5736[0;39m [2m---[0;39m [2m[nio-8998-exec-2][0;39m [36mme.coong.web.filter.WebTracingFilter    [0;39m [2m:[0;39m 200//309 ms
[2m2020-10-17 17:17:40.857[0;39m [32mDEBUG [vt.qlkdtt-yte-ws,b3fc326105042d4d,b3fc326105042d4d,false][0;39m [35m5736[0;39m [2m---[0;39m [2m[nio-8998-exec-9][0;39m [36mme.coong.web.filter.WebTracingFilter    [0;39m [2m:[0;39m PUT /stock/readExcel
[2m2020-10-17 17:17:41.135[0;39m [32mDEBUG [vt.qlkdtt-yte-ws,b3fc326105042d4d,b3fc326105042d4d,false][0;39m [35m5736[0;39m [2m---[0;39m [2m[nio-8998-exec-9][0;39m [36mme.coong.web.filter.WebTracingFilter    [0;39m [2m:[0;39m 200//277 ms
[2m2020-10-17 17:18:03.270[0;39m [32mDEBUG [vt.qlkdtt-yte-ws,3cea0b6f7ee6ae77,3cea0b6f7ee6ae77,false][0;39m [35m5736[0;39m [2m---[0;39m [2m[nio-8998-exec-2][0;39m [36mme.coong.web.filter.WebTracingFilter    [0;39m [2m:[0;39m PUT /stock/writeToExcel
[2m2020-10-17 17:18:03.304[0;39m [33m WARN [vt.qlkdtt-yte-ws,3cea0b6f7ee6ae77,3cea0b6f7ee6ae77,false][0;39m [35m5736[0;39m [2m---[0;39m [2m[nio-8998-exec-2][0;39m [36m.m.m.a.ExceptionHandlerExceptionResolver[0;39m [2m:[0;39m Resolved [java.lang.NullPointerException]
[2m2020-10-17 17:18:03.305[0;39m [32mDEBUG [vt.qlkdtt-yte-ws,3cea0b6f7ee6ae77,3cea0b6f7ee6ae77,false][0;39m [35m5736[0;39m [2m---[0;39m [2m[nio-8998-exec-2][0;39m [36mme.coong.web.filter.WebTracingFilter    [0;39m [2m:[0;39m 500//34 ms
[2m2020-10-17 17:18:11.223[0;39m [32mDEBUG [vt.qlkdtt-yte-ws,efebda8c917cc8ee,efebda8c917cc8ee,false][0;39m [35m5736[0;39m [2m---[0;39m [2m[nio-8998-exec-3][0;39m [36mme.coong.web.filter.WebTracingFilter    [0;39m [2m:[0;39m PUT /stock/writeToExcel
[2m2020-10-17 17:18:11.233[0;39m [32mDEBUG [vt.qlkdtt-yte-ws,efebda8c917cc8ee,efebda8c917cc8ee,false][0;39m [35m5736[0;39m [2m---[0;39m [2m[nio-8998-exec-3][0;39m [36mme.coong.web.filter.WebTracingFilter    [0;39m [2m:[0;39m 200//10 ms
[2m2020-10-17 17:19:00.313[0;39m [32m INFO [vt.qlkdtt-yte-ws,,,][0;39m [35m5736[0;39m [2m---[0;39m [2m[      Thread-64][0;39m [36mo.s.s.concurrent.ThreadPoolTaskExecutor [0;39m [2m:[0;39m Shutting down ExecutorService 'applicationTaskExecutor'
[2m2020-10-17 17:19:00.326[0;39m [32m INFO [vt.qlkdtt-yte-ws,,,][0;39m [35m5736[0;39m [2m---[0;39m [2m[      Thread-64][0;39m [36mj.LocalContainerEntityManagerFactoryBean[0;39m [2m:[0;39m Closing JPA EntityManagerFactory for persistence unit 'default'
[2m2020-10-17 17:19:00.332[0;39m [32m INFO [vt.qlkdtt-yte-ws,,,][0;39m [35m5736[0;39m [2m---[0;39m [2m[      Thread-64][0;39m [36mcom.zaxxer.hikari.HikariDataSource      [0;39m [2m:[0;39m HikariPool-1 - Shutdown initiated...
[2m2020-10-17 17:19:00.337[0;39m [32m INFO [vt.qlkdtt-yte-ws,,,][0;39m [35m5736[0;39m [2m---[0;39m [2m[      Thread-64][0;39m [36mcom.zaxxer.hikari.HikariDataSource      [0;39m [2m:[0;39m HikariPool-1 - Shutdown completed.
